[  9%] Built target game__rosidl_generator_c
[ 12%] Built target game__cpp
[ 21%] Built target game__rosidl_typesupport_cpp
[ 21%] Built target ament_cmake_python_copy_game
[ 30%] Built target game__rosidl_typesupport_fastrtps_c
[ 39%] Built target game__rosidl_typesupport_introspection_c
[ 48%] Built target game__rosidl_typesupport_c
[ 57%] Built target game__rosidl_typesupport_fastrtps_cpp
[ 66%] Built target game__rosidl_typesupport_introspection_cpp
[35m[1mConsolidate compiler generated dependencies of target controller_publisher[0m
[ 69%] [32mBuilding CXX object CMakeFiles/controller_publisher.dir/src/controller_publisher.cpp.o[0m
running egg_info
writing game.egg-info/PKG-INFO
writing dependency_links to game.egg-info/dependency_links.txt
writing top-level names to game.egg-info/top_level.txt
reading manifest file 'game.egg-info/SOURCES.txt'
writing manifest file 'game.egg-info/SOURCES.txt'
[ 69%] Built target ament_cmake_python_build_game_egg
[ 69%] Built target game
[ 72%] Built target game__py
[ 78%] Built target game__rosidl_generator_py
[ 84%] Built target game__rosidl_typesupport_fastrtps_c__pyext
[ 90%] Built target game__rosidl_typesupport_introspection_c__pyext
[ 96%] Built target game__rosidl_typesupport_c__pyext
