[0.075s] Invoking command in '/home/g209/workspace/build/game': CMAKE_PREFIX_PATH=${CMAKE_PREFIX_PATH}:/opt/ros/humble /usr/bin/cmake --build /home/g209/workspace/build/game -- -j2 -l2
[0.174s] [  9%] Built target game__rosidl_generator_c
[0.179s] [ 12%] Built target game__cpp
[0.211s] [ 21%] Built target game__rosidl_typesupport_cpp
[0.221s] [ 21%] Built target ament_cmake_python_copy_game
[0.268s] [ 30%] Built target game__rosidl_typesupport_fastrtps_c
[0.288s] [ 39%] Built target game__rosidl_typesupport_introspection_c
[0.298s] [ 48%] Built target game__rosidl_typesupport_c
[0.313s] [ 57%] Built target game__rosidl_typesupport_fastrtps_cpp
[0.330s] [ 66%] Built target game__rosidl_typesupport_introspection_cpp
[0.350s] [35m[1mConsolidate compiler generated dependencies of target controller_publisher[0m
[0.425s] [ 69%] [32mBuilding CXX object CMakeFiles/controller_publisher.dir/src/controller_publisher.cpp.o[0m
[0.566s] running egg_info
[0.567s] writing game.egg-info/PKG-INFO
[0.577s] writing dependency_links to game.egg-info/dependency_links.txt
[0.578s] writing top-level names to game.egg-info/top_level.txt
[0.580s] reading manifest file 'game.egg-info/SOURCES.txt'
[0.581s] writing manifest file 'game.egg-info/SOURCES.txt'
[0.632s] [ 69%] Built target ament_cmake_python_build_game_egg
[0.672s] [ 69%] Built target game
[0.698s] [ 72%] Built target game__py
[0.754s] [ 78%] Built target game__rosidl_generator_py
[0.782s] [ 84%] Built target game__rosidl_typesupport_fastrtps_c__pyext
[0.899s] [ 90%] Built target game__rosidl_typesupport_introspection_c__pyext
[1.301s] [ 96%] Built target game__rosidl_typesupport_c__pyext
[2.374s] In file included from [01m[K/usr/include/c++/11/pstl/glue_algorithm_defs.h:13[m[K,
[2.375s]                  from [01m[K/usr/include/c++/11/algorithm:74[m[K,
[2.375s]                  from [01m[K/opt/ros/humble/include/rclcpp/rclcpp/executor.hpp:18[m[K,
[2.375s]                  from [01m[K/opt/ros/humble/include/rclcpp/rclcpp/executors/multi_threaded_executor.hpp:25[m[K,
[2.375s]                  from [01m[K/opt/ros/humble/include/rclcpp/rclcpp/executors.hpp:21[m[K,
[2.375s]                  from [01m[K/opt/ros/humble/include/rclcpp/rclcpp/rclcpp.hpp:155[m[K,
[2.375s]                  from [01m[K/home/g209/workspace/src/game/src/controller_publisher.cpp:4[m[K:
[2.375s] /usr/include/c++/11/functional: In instantiation of ‘[01m[Kstruct std::_Bind_check_arity<void (ControllerPublisher::*)(), ControllerPublisher*, const std::_Placeholder<1>&>[m[K’:
[2.375s] [01m[K/usr/include/c++/11/functional:768:12:[m[K   required from ‘[01m[Kstruct std::_Bind_helper<false, void (ControllerPublisher::*)(), ControllerPublisher*, const std::_Placeholder<1>&>[m[K’
[2.375s] [01m[K/usr/include/c++/11/functional:789:5:[m[K   required by substitution of ‘[01m[Ktemplate<class _Func, class ... _BoundArgs> typename std::_Bind_helper<std::__is_socketlike<_Func>::value, _Func, _BoundArgs ...>::type std::bind(_Func&&, _BoundArgs&& ...) [with _Func = void (ControllerPublisher::*)(); _BoundArgs = {ControllerPublisher*, const std::_Placeholder<1>&}][m[K’
[2.375s] [01m[K/home/g209/workspace/src/game/src/controller_publisher.cpp:14:111:[m[K   required from here
[2.375s] [01m[K/usr/include/c++/11/functional:756:21:[m[K [01;31m[Kerror: [m[Kstatic assertion failed: Wrong number of arguments for pointer-to-member
[2.375s]   755 |       static_assert(_Varargs::[01;31m[Kvalue[m[K
[2.375s]       |                               [01;31m[K~~~~~[m[K
[2.375s]   756 | [01;31m[K                    ? sizeof...(_BoundArgs) >= _Arity::value + 1[m[K
[2.375s]       |                     [01;31m[K^~~~~~~~~~~~~~~~~~~~~~~~~~~~~~~~~~~~~~~~~~~~[m[K
[2.375s]   757 | [01;31m[K                    : sizeof...(_BoundArgs) == _Arity::value + 1[m[K,
[2.375s]       |                     [01;31m[K~~~~~~~~~~~~~~~~~~~~~~~~~~~~~~~~~~~~~~~~~~~~[m[K
[2.375s] [01m[K/usr/include/c++/11/functional:756:21:[m[K [01;36m[Knote: [m[K‘[01m[K(false ? (2 >= (((long unsigned int)std::integral_constant<long unsigned int, 0>::value) + 1)) : (2 == (((long unsigned int)std::integral_constant<long unsigned int, 0>::value) + 1)))[m[K’ evaluates to false
[2.701s] In file included from [01m[K/opt/ros/humble/include/rclcpp/rclcpp/subscription_base.hpp:32[m[K,
[2.702s]                  from [01m[K/opt/ros/humble/include/rclcpp/rclcpp/callback_group.hpp:29[m[K,
[2.702s]                  from [01m[K/opt/ros/humble/include/rclcpp/rclcpp/any_executable.hpp:20[m[K,
[2.702s]                  from [01m[K/opt/ros/humble/include/rclcpp/rclcpp/memory_strategy.hpp:25[m[K,
[2.702s]                  from [01m[K/opt/ros/humble/include/rclcpp/rclcpp/memory_strategies.hpp:18[m[K,
[2.702s]                  from [01m[K/opt/ros/humble/include/rclcpp/rclcpp/executor_options.hpp:20[m[K,
[2.702s]                  from [01m[K/opt/ros/humble/include/rclcpp/rclcpp/executor.hpp:37[m[K,
[2.702s]                  from [01m[K/opt/ros/humble/include/rclcpp/rclcpp/executors/multi_threaded_executor.hpp:25[m[K,
[2.702s]                  from [01m[K/opt/ros/humble/include/rclcpp/rclcpp/executors.hpp:21[m[K,
[2.702s]                  from [01m[K/opt/ros/humble/include/rclcpp/rclcpp/rclcpp.hpp:155[m[K,
[2.702s]                  from [01m[K/home/g209/workspace/src/game/src/controller_publisher.cpp:4[m[K:
[2.702s] /opt/ros/humble/include/rclcpp/rclcpp/any_subscription_callback.hpp: In instantiation of ‘[01m[Krclcpp::AnySubscriptionCallback<MessageT, AllocatorT> rclcpp::AnySubscriptionCallback<MessageT, AllocatorT>::set(CallbackT) [with CallbackT = std::_Bind<void (ControllerPublisher::*(ControllerPublisher*, std::_Placeholder<1>))()>; MessageT = game::msg::GameStateMsg_<std::allocator<void> >; AllocatorT = std::allocator<void>][m[K’:
[2.702s] [01m[K/opt/ros/humble/include/rclcpp/rclcpp/subscription_factory.hpp:94:32:[m[K   required from ‘[01m[Krclcpp::SubscriptionFactory rclcpp::create_subscription_factory(CallbackT&&, const rclcpp::SubscriptionOptionsWithAllocator<AllocatorT>&, typename MessageMemoryStrategyT::SharedPtr, std::shared_ptr<rclcpp::topic_statistics::SubscriptionTopicStatistics<ROSMessageType> >) [with MessageT = game::msg::GameStateMsg_<std::allocator<void> >; CallbackT = std::_Bind<void (ControllerPublisher::*(ControllerPublisher*, std::_Placeholder<1>))()>; AllocatorT = std::allocator<void>; SubscriptionT = rclcpp::Subscription<game::msg::GameStateMsg_<std::allocator<void> > >; MessageMemoryStrategyT = rclcpp::message_memory_strategy::MessageMemoryStrategy<game::msg::GameStateMsg_<std::allocator<void> >, std::allocator<void> >; ROSMessageType = game::msg::GameStateMsg_<std::allocator<void> >; typename MessageMemoryStrategyT::SharedPtr = std::shared_ptr<rclcpp::message_memory_strategy::MessageMemoryStrategy<game::msg::GameStateMsg_<std::allocator<void> >, std::allocator<void> > >][m[K’
[2.702s] [01m[K/opt/ros/humble/include/rclcpp/rclcpp/create_subscription.hpp:122:63:[m[K   required from ‘[01m[Kstd::shared_ptr<ROSMessageT> rclcpp::detail::create_subscription(NodeParametersT&, NodeTopicsT&, const string&, const rclcpp::QoS&, CallbackT&&, const rclcpp::SubscriptionOptionsWithAllocator<AllocatorT>&, typename MessageMemoryStrategyT::SharedPtr) [with MessageT = game::msg::GameStateMsg_<std::allocator<void> >; CallbackT = std::_Bind<void (ControllerPublisher::*(ControllerPublisher*, std::_Placeholder<1>))()>; AllocatorT = std::allocator<void>; SubscriptionT = rclcpp::Subscription<game::msg::GameStateMsg_<std::allocator<void> > >; MessageMemoryStrategyT = rclcpp::message_memory_strategy::MessageMemoryStrategy<game::msg::GameStateMsg_<std::allocator<void> >, std::allocator<void> >; NodeParametersT = rclcpp::Node; NodeTopicsT = rclcpp::Node; ROSMessageType = game::msg::GameStateMsg_<std::allocator<void> >; std::string = std::__cxx11::basic_string<char>; typename MessageMemoryStrategyT::SharedPtr = std::shared_ptr<rclcpp::message_memory_strategy::MessageMemoryStrategy<game::msg::GameStateMsg_<std::allocator<void> >, std::allocator<void> > >][m[K’
[2.702s] [01m[K/opt/ros/humble/include/rclcpp/rclcpp/create_subscription.hpp:191:76:[m[K   required from ‘[01m[Kstd::shared_ptr<ROSMessageT> rclcpp::create_subscription(NodeT&, const string&, const rclcpp::QoS&, CallbackT&&, const rclcpp::SubscriptionOptionsWithAllocator<AllocatorT>&, typename MessageMemoryStrategyT::SharedPtr) [with MessageT = game::msg::GameStateMsg_<std::allocator<void> >; CallbackT = std::_Bind<void (ControllerPublisher::*(ControllerPublisher*, std::_Placeholder<1>))()>; AllocatorT = std::allocator<void>; SubscriptionT = rclcpp::Subscription<game::msg::GameStateMsg_<std::allocator<void> > >; MessageMemoryStrategyT = rclcpp::message_memory_strategy::MessageMemoryStrategy<game::msg::GameStateMsg_<std::allocator<void> >, std::allocator<void> >; NodeT = rclcpp::Node; std::string = std::__cxx11::basic_string<char>; typename MessageMemoryStrategyT::SharedPtr = std::shared_ptr<rclcpp::message_memory_strategy::MessageMemoryStrategy<game::msg::GameStateMsg_<std::allocator<void> >, std::allocator<void> > >][m[K’
[2.702s] [01m[K/opt/ros/humble/include/rclcpp/rclcpp/node_impl.hpp:99:47:[m[K   required from ‘[01m[Kstd::shared_ptr<ROSMessageT> rclcpp::Node::create_subscription(const string&, const rclcpp::QoS&, CallbackT&&, const rclcpp::SubscriptionOptionsWithAllocator<AllocatorT>&, typename MessageMemoryStrategyT::SharedPtr) [with MessageT = game::msg::GameStateMsg_<std::allocator<void> >; CallbackT = std::_Bind<void (ControllerPublisher::*(ControllerPublisher*, std::_Placeholder<1>))()>; AllocatorT = std::allocator<void>; SubscriptionT = rclcpp::Subscription<game::msg::GameStateMsg_<std::allocator<void> > >; MessageMemoryStrategyT = rclcpp::message_memory_strategy::MessageMemoryStrategy<game::msg::GameStateMsg_<std::allocator<void> >, std::allocator<void> >; std::string = std::__cxx11::basic_string<char>; typename MessageMemoryStrategyT::SharedPtr = std::shared_ptr<rclcpp::message_memory_strategy::MessageMemoryStrategy<game::msg::GameStateMsg_<std::allocator<void> >, std::allocator<void> > >][m[K’
[2.702s] [01m[K/home/g209/workspace/src/game/src/controller_publisher.cpp:14:82:[m[K   required from here
[2.703s] [01m[K/opt/ros/humble/include/rclcpp/rclcpp/any_subscription_callback.hpp:394:27:[m[K [01;31m[Kerror: [m[Kno matching function for call to ‘[01m[Kstd::function<void()>::function(std::_Bind<void (ControllerPublisher::*(ControllerPublisher*, std::_Placeholder<1>))()>&)[m[K’
[2.703s]   394 |       callback_variant_ = [01;31m[Kstatic_cast<typename scbth::callback_type>(callback)[m[K;
[2.703s]       |                           [01;31m[K^~~~~~~~~~~~~~~~~~~~~~~~~~~~~~~~~~~~~~~~~~~~~~~~~~~~[m[K
[2.703s] In file included from [01m[K/usr/include/c++/11/future:47[m[K,
[2.703s]                  from [01m[K/opt/ros/humble/include/rclcpp/rclcpp/executors.hpp:18[m[K,
[2.703s]                  from [01m[K/opt/ros/humble/include/rclcpp/rclcpp/rclcpp.hpp:155[m[K,
[2.703s]                  from [01m[K/home/g209/workspace/src/game/src/controller_publisher.cpp:4[m[K:
[2.703s] [01m[K/usr/include/c++/11/bits/std_function.h:435:9:[m[K [01;36m[Knote: [m[Kcandidate: ‘[01m[Ktemplate<class _Functor, class _Constraints> std::function<_Res(_ArgTypes ...)>::function(_Functor&&) [with _Functor = _Functor; _Constraints = _Constraints; _Res = void; _ArgTypes = {}][m[K’
[2.703s]   435 |         [01;36m[Kfunction[m[K(_Functor&& __f)
[2.703s]       |         [01;36m[K^~~~~~~~[m[K
[2.703s] [01m[K/usr/include/c++/11/bits/std_function.h:435:9:[m[K [01;36m[Knote: [m[K  template argument deduction/substitution failed:
[2.703s] In file included from [01m[K/usr/include/c++/11/bits/move.h:57[m[K,
[2.703s]                  from [01m[K/usr/include/c++/11/bits/stl_pair.h:59[m[K,
[2.703s]                  from [01m[K/usr/include/c++/11/bits/stl_algobase.h:64[m[K,
[2.703s]                  from [01m[K/usr/include/c++/11/bits/char_traits.h:39[m[K,
[2.703s]                  from [01m[K/usr/include/c++/11/string:40[m[K,
[2.703s]                  from [01m[K/home/g209/workspace/src/game/src/controller_publisher.cpp:1[m[K:
[2.703s] /usr/include/c++/11/type_traits: In substitution of ‘[01m[Ktemplate<bool _Cond, class _Tp> using __enable_if_t = typename std::enable_if::type [with bool _Cond = false; _Tp = void][m[K’:
[2.703s] [01m[K/usr/include/c++/11/bits/std_function.h:353:8:[m[K   required by substitution of ‘[01m[Ktemplate<class _Res, class ... _ArgTypes> template<class _Cond, class _Tp> using _Requires = std::__enable_if_t<_Cond::value, _Tp> [with _Cond = std::function<void()>::_Callable<std::_Bind<void (ControllerPublisher::*(ControllerPublisher*, std::_Placeholder<1>))()>&, std::_Bind<void (ControllerPublisher::*(ControllerPublisher*, std::_Placeholder<1>))()>, std::__invoke_result<std::_Bind<void (ControllerPublisher::*(ControllerPublisher*, std::_Placeholder<1>))()>&> >; _Tp = void; _Res = void; _ArgTypes = {}][m[K’
[2.703s] [01m[K/usr/include/c++/11/bits/std_function.h:434:9:[m[K   required from ‘[01m[Krclcpp::AnySubscriptionCallback<MessageT, AllocatorT> rclcpp::AnySubscriptionCallback<MessageT, AllocatorT>::set(CallbackT) [with CallbackT = std::_Bind<void (ControllerPublisher::*(ControllerPublisher*, std::_Placeholder<1>))()>; MessageT = game::msg::GameStateMsg_<std::allocator<void> >; AllocatorT = std::allocator<void>][m[K’
[2.703s] [01m[K/opt/ros/humble/include/rclcpp/rclcpp/subscription_factory.hpp:94:32:[m[K   required from ‘[01m[Krclcpp::SubscriptionFactory rclcpp::create_subscription_factory(CallbackT&&, const rclcpp::SubscriptionOptionsWithAllocator<AllocatorT>&, typename MessageMemoryStrategyT::SharedPtr, std::shared_ptr<rclcpp::topic_statistics::SubscriptionTopicStatistics<ROSMessageType> >) [with MessageT = game::msg::GameStateMsg_<std::allocator<void> >; CallbackT = std::_Bind<void (ControllerPublisher::*(ControllerPublisher*, std::_Placeholder<1>))()>; AllocatorT = std::allocator<void>; SubscriptionT = rclcpp::Subscription<game::msg::GameStateMsg_<std::allocator<void> > >; MessageMemoryStrategyT = rclcpp::message_memory_strategy::MessageMemoryStrategy<game::msg::GameStateMsg_<std::allocator<void> >, std::allocator<void> >; ROSMessageType = game::msg::GameStateMsg_<std::allocator<void> >; typename MessageMemoryStrategyT::SharedPtr = std::shared_ptr<rclcpp::message_memory_strategy::MessageMemoryStrategy<game::msg::GameStateMsg_<std::allocator<void> >, std::allocator<void> > >][m[K’
[2.703s] [01m[K/opt/ros/humble/include/rclcpp/rclcpp/create_subscription.hpp:122:63:[m[K   required from ‘[01m[Kstd::shared_ptr<ROSMessageT> rclcpp::detail::create_subscription(NodeParametersT&, NodeTopicsT&, const string&, const rclcpp::QoS&, CallbackT&&, const rclcpp::SubscriptionOptionsWithAllocator<AllocatorT>&, typename MessageMemoryStrategyT::SharedPtr) [with MessageT = game::msg::GameStateMsg_<std::allocator<void> >; CallbackT = std::_Bind<void (ControllerPublisher::*(ControllerPublisher*, std::_Placeholder<1>))()>; AllocatorT = std::allocator<void>; SubscriptionT = rclcpp::Subscription<game::msg::GameStateMsg_<std::allocator<void> > >; MessageMemoryStrategyT = rclcpp::message_memory_strategy::MessageMemoryStrategy<game::msg::GameStateMsg_<std::allocator<void> >, std::allocator<void> >; NodeParametersT = rclcpp::Node; NodeTopicsT = rclcpp::Node; ROSMessageType = game::msg::GameStateMsg_<std::allocator<void> >; std::string = std::__cxx11::basic_string<char>; typename MessageMemoryStrategyT::SharedPtr = std::shared_ptr<rclcpp::message_memory_strategy::MessageMemoryStrategy<game::msg::GameStateMsg_<std::allocator<void> >, std::allocator<void> > >][m[K’
[2.703s] [01m[K/opt/ros/humble/include/rclcpp/rclcpp/create_subscription.hpp:191:76:[m[K   required from ‘[01m[Kstd::shared_ptr<ROSMessageT> rclcpp::create_subscription(NodeT&, const string&, const rclcpp::QoS&, CallbackT&&, const rclcpp::SubscriptionOptionsWithAllocator<AllocatorT>&, typename MessageMemoryStrategyT::SharedPtr) [with MessageT = game::msg::GameStateMsg_<std::allocator<void> >; CallbackT = std::_Bind<void (ControllerPublisher::*(ControllerPublisher*, std::_Placeholder<1>))()>; AllocatorT = std::allocator<void>; SubscriptionT = rclcpp::Subscription<game::msg::GameStateMsg_<std::allocator<void> > >; MessageMemoryStrategyT = rclcpp::message_memory_strategy::MessageMemoryStrategy<game::msg::GameStateMsg_<std::allocator<void> >, std::allocator<void> >; NodeT = rclcpp::Node; std::string = std::__cxx11::basic_string<char>; typename MessageMemoryStrategyT::SharedPtr = std::shared_ptr<rclcpp::message_memory_strategy::MessageMemoryStrategy<game::msg::GameStateMsg_<std::allocator<void> >, std::allocator<void> > >][m[K’
[2.703s] [01m[K/opt/ros/humble/include/rclcpp/rclcpp/node_impl.hpp:99:47:[m[K   required from ‘[01m[Kstd::shared_ptr<ROSMessageT> rclcpp::Node::create_subscription(const string&, const rclcpp::QoS&, CallbackT&&, const rclcpp::SubscriptionOptionsWithAllocator<AllocatorT>&, typename MessageMemoryStrategyT::SharedPtr) [with MessageT = game::msg::GameStateMsg_<std::allocator<void> >; CallbackT = std::_Bind<void (ControllerPublisher::*(ControllerPublisher*, std::_Placeholder<1>))()>; AllocatorT = std::allocator<void>; SubscriptionT = rclcpp::Subscription<game::msg::GameStateMsg_<std::allocator<void> > >; MessageMemoryStrategyT = rclcpp::message_memory_strategy::MessageMemoryStrategy<game::msg::GameStateMsg_<std::allocator<void> >, std::allocator<void> >; std::string = std::__cxx11::basic_string<char>; typename MessageMemoryStrategyT::SharedPtr = std::shared_ptr<rclcpp::message_memory_strategy::MessageMemoryStrategy<game::msg::GameStateMsg_<std::allocator<void> >, std::allocator<void> > >][m[K’
[2.703s] [01m[K/home/g209/workspace/src/game/src/controller_publisher.cpp:14:82:[m[K   required from here
[2.703s] [01m[K/usr/include/c++/11/type_traits:2205:11:[m[K [01;31m[Kerror: [m[Kno type named ‘[01m[Ktype[m[K’ in ‘[01m[Kstruct std::enable_if<false, void>[m[K’
[2.703s]  2205 |     using [01;31m[K__enable_if_t[m[K = typename enable_if<_Cond, _Tp>::type;
[2.703s]       |           [01;31m[K^~~~~~~~~~~~~[m[K
[2.703s] In file included from [01m[K/usr/include/c++/11/future:47[m[K,
[2.703s]                  from [01m[K/opt/ros/humble/include/rclcpp/rclcpp/executors.hpp:18[m[K,
[2.703s]                  from [01m[K/opt/ros/humble/include/rclcpp/rclcpp/rclcpp.hpp:155[m[K,
[2.704s]                  from [01m[K/home/g209/workspace/src/game/src/controller_publisher.cpp:4[m[K:
[2.704s] /opt/ros/humble/include/rclcpp/rclcpp/any_subscription_callback.hpp: In instantiation of ‘[01m[Krclcpp::AnySubscriptionCallback<MessageT, AllocatorT> rclcpp::AnySubscriptionCallback<MessageT, AllocatorT>::set(CallbackT) [with CallbackT = std::_Bind<void (ControllerPublisher::*(ControllerPublisher*, std::_Placeholder<1>))()>; MessageT = game::msg::GameStateMsg_<std::allocator<void> >; AllocatorT = std::allocator<void>][m[K’:
[2.704s] [01m[K/opt/ros/humble/include/rclcpp/rclcpp/subscription_factory.hpp:94:32:[m[K   required from ‘[01m[Krclcpp::SubscriptionFactory rclcpp::create_subscription_factory(CallbackT&&, const rclcpp::SubscriptionOptionsWithAllocator<AllocatorT>&, typename MessageMemoryStrategyT::SharedPtr, std::shared_ptr<rclcpp::topic_statistics::SubscriptionTopicStatistics<ROSMessageType> >) [with MessageT = game::msg::GameStateMsg_<std::allocator<void> >; CallbackT = std::_Bind<void (ControllerPublisher::*(ControllerPublisher*, std::_Placeholder<1>))()>; AllocatorT = std::allocator<void>; SubscriptionT = rclcpp::Subscription<game::msg::GameStateMsg_<std::allocator<void> > >; MessageMemoryStrategyT = rclcpp::message_memory_strategy::MessageMemoryStrategy<game::msg::GameStateMsg_<std::allocator<void> >, std::allocator<void> >; ROSMessageType = game::msg::GameStateMsg_<std::allocator<void> >; typename MessageMemoryStrategyT::SharedPtr = std::shared_ptr<rclcpp::message_memory_strategy::MessageMemoryStrategy<game::msg::GameStateMsg_<std::allocator<void> >, std::allocator<void> > >][m[K’
[2.704s] [01m[K/opt/ros/humble/include/rclcpp/rclcpp/create_subscription.hpp:122:63:[m[K   required from ‘[01m[Kstd::shared_ptr<ROSMessageT> rclcpp::detail::create_subscription(NodeParametersT&, NodeTopicsT&, const string&, const rclcpp::QoS&, CallbackT&&, const rclcpp::SubscriptionOptionsWithAllocator<AllocatorT>&, typename MessageMemoryStrategyT::SharedPtr) [with MessageT = game::msg::GameStateMsg_<std::allocator<void> >; CallbackT = std::_Bind<void (ControllerPublisher::*(ControllerPublisher*, std::_Placeholder<1>))()>; AllocatorT = std::allocator<void>; SubscriptionT = rclcpp::Subscription<game::msg::GameStateMsg_<std::allocator<void> > >; MessageMemoryStrategyT = rclcpp::message_memory_strategy::MessageMemoryStrategy<game::msg::GameStateMsg_<std::allocator<void> >, std::allocator<void> >; NodeParametersT = rclcpp::Node; NodeTopicsT = rclcpp::Node; ROSMessageType = game::msg::GameStateMsg_<std::allocator<void> >; std::string = std::__cxx11::basic_string<char>; typename MessageMemoryStrategyT::SharedPtr = std::shared_ptr<rclcpp::message_memory_strategy::MessageMemoryStrategy<game::msg::GameStateMsg_<std::allocator<void> >, std::allocator<void> > >][m[K’
[2.704s] [01m[K/opt/ros/humble/include/rclcpp/rclcpp/create_subscription.hpp:191:76:[m[K   required from ‘[01m[Kstd::shared_ptr<ROSMessageT> rclcpp::create_subscription(NodeT&, const string&, const rclcpp::QoS&, CallbackT&&, const rclcpp::SubscriptionOptionsWithAllocator<AllocatorT>&, typename MessageMemoryStrategyT::SharedPtr) [with MessageT = game::msg::GameStateMsg_<std::allocator<void> >; CallbackT = std::_Bind<void (ControllerPublisher::*(ControllerPublisher*, std::_Placeholder<1>))()>; AllocatorT = std::allocator<void>; SubscriptionT = rclcpp::Subscription<game::msg::GameStateMsg_<std::allocator<void> > >; MessageMemoryStrategyT = rclcpp::message_memory_strategy::MessageMemoryStrategy<game::msg::GameStateMsg_<std::allocator<void> >, std::allocator<void> >; NodeT = rclcpp::Node; std::string = std::__cxx11::basic_string<char>; typename MessageMemoryStrategyT::SharedPtr = std::shared_ptr<rclcpp::message_memory_strategy::MessageMemoryStrategy<game::msg::GameStateMsg_<std::allocator<void> >, std::allocator<void> > >][m[K’
[2.704s] [01m[K/opt/ros/humble/include/rclcpp/rclcpp/node_impl.hpp:99:47:[m[K   required from ‘[01m[Kstd::shared_ptr<ROSMessageT> rclcpp::Node::create_subscription(const string&, const rclcpp::QoS&, CallbackT&&, const rclcpp::SubscriptionOptionsWithAllocator<AllocatorT>&, typename MessageMemoryStrategyT::SharedPtr) [with MessageT = game::msg::GameStateMsg_<std::allocator<void> >; CallbackT = std::_Bind<void (ControllerPublisher::*(ControllerPublisher*, std::_Placeholder<1>))()>; AllocatorT = std::allocator<void>; SubscriptionT = rclcpp::Subscription<game::msg::GameStateMsg_<std::allocator<void> > >; MessageMemoryStrategyT = rclcpp::message_memory_strategy::MessageMemoryStrategy<game::msg::GameStateMsg_<std::allocator<void> >, std::allocator<void> >; std::string = std::__cxx11::basic_string<char>; typename MessageMemoryStrategyT::SharedPtr = std::shared_ptr<rclcpp::message_memory_strategy::MessageMemoryStrategy<game::msg::GameStateMsg_<std::allocator<void> >, std::allocator<void> > >][m[K’
[2.704s] [01m[K/home/g209/workspace/src/game/src/controller_publisher.cpp:14:82:[m[K   required from here
[2.704s] [01m[K/usr/include/c++/11/bits/std_function.h:404:7:[m[K [01;36m[Knote: [m[Kcandidate: ‘[01m[Kstd::function<_Res(_ArgTypes ...)>::function(std::function<_Res(_ArgTypes ...)>&&) [with _Res = void; _ArgTypes = {}][m[K’
[2.704s]   404 |       [01;36m[Kfunction[m[K(function&& __x) noexcept
[2.704s]       |       [01;36m[K^~~~~~~~[m[K
[2.704s] [01m[K/usr/include/c++/11/bits/std_function.h:404:27:[m[K [01;36m[Knote: [m[K  no known conversion for argument 1 from ‘[01m[Kstd::_Bind<void (ControllerPublisher::*(ControllerPublisher*, std::_Placeholder<1>))()>[m[K’ to ‘[01m[Kstd::function<void()>&&[m[K’
[2.704s]   404 |       function([01;36m[Kfunction&& __x[m[K) noexcept
[2.704s]       |                [01;36m[K~~~~~~~~~~~^~~[m[K
[2.704s] [01m[K/usr/include/c++/11/bits/std_function.h:386:7:[m[K [01;36m[Knote: [m[Kcandidate: ‘[01m[Kstd::function<_Res(_ArgTypes ...)>::function(const std::function<_Res(_ArgTypes ...)>&) [with _Res = void; _ArgTypes = {}][m[K’
[2.704s]   386 |       [01;36m[Kfunction[m[K(const function& __x)
[2.704s]       |       [01;36m[K^~~~~~~~[m[K
[2.704s] [01m[K/usr/include/c++/11/bits/std_function.h:386:32:[m[K [01;36m[Knote: [m[K  no known conversion for argument 1 from ‘[01m[Kstd::_Bind<void (ControllerPublisher::*(ControllerPublisher*, std::_Placeholder<1>))()>[m[K’ to ‘[01m[Kconst std::function<void()>&[m[K’
[2.704s]   386 |       function([01;36m[Kconst function& __x[m[K)
[2.704s]       |                [01;36m[K~~~~~~~~~~~~~~~~^~~[m[K
[2.704s] [01m[K/usr/include/c++/11/bits/std_function.h:375:7:[m[K [01;36m[Knote: [m[Kcandidate: ‘[01m[Kstd::function<_Res(_ArgTypes ...)>::function(std::nullptr_t) [with _Res = void; _ArgTypes = {}; std::nullptr_t = std::nullptr_t][m[K’
[2.704s]   375 |       [01;36m[Kfunction[m[K(nullptr_t) noexcept
[2.704s]       |       [01;36m[K^~~~~~~~[m[K
[2.704s] [01m[K/usr/include/c++/11/bits/std_function.h:375:16:[m[K [01;36m[Knote: [m[K  no known conversion for argument 1 from ‘[01m[Kstd::_Bind<void (ControllerPublisher::*(ControllerPublisher*, std::_Placeholder<1>))()>[m[K’ to ‘[01m[Kstd::nullptr_t[m[K’
[2.704s]   375 |       function([01;36m[Knullptr_t[m[K) noexcept
[2.704s]       |                [01;36m[K^~~~~~~~~[m[K
[2.704s] [01m[K/usr/include/c++/11/bits/std_function.h:368:7:[m[K [01;36m[Knote: [m[Kcandidate: ‘[01m[Kstd::function<_Res(_ArgTypes ...)>::function() [with _Res = void; _ArgTypes = {}][m[K’
[2.704s]   368 |       [01;36m[Kfunction[m[K() noexcept
[2.704s]       |       [01;36m[K^~~~~~~~[m[K
[2.736s] [01m[K/usr/include/c++/11/bits/std_function.h:368:7:[m[K [01;36m[Knote: [m[K  candidate expects 0 arguments, 1 provided
[4.252s] gmake[2]: *** [CMakeFiles/controller_publisher.dir/build.make:76: CMakeFiles/controller_publisher.dir/src/controller_publisher.cpp.o] Fehler 1
[4.254s] gmake[1]: *** [CMakeFiles/Makefile2:593: CMakeFiles/controller_publisher.dir/all] Fehler 2
[4.254s] gmake: *** [Makefile:146: all] Fehler 2
[4.265s] Invoked command in '/home/g209/workspace/build/game' returned '2': CMAKE_PREFIX_PATH=${CMAKE_PREFIX_PATH}:/opt/ros/humble /usr/bin/cmake --build /home/g209/workspace/build/game -- -j2 -l2
