[0.635s] DEBUG:colcon:Command line arguments: ['/usr/bin/colcon', 'build']
[0.635s] DEBUG:colcon:Parsed command line arguments: Namespace(log_base=None, log_level=None, verb_name='build', build_base='build', install_base='install', merge_install=False, symlink_install=False, test_result_base=None, continue_on_error=False, executor='parallel', parallel_workers=2, event_handlers=None, ignore_user_meta=False, metas=['./colcon.meta'], base_paths=['.'], packages_ignore=None, packages_ignore_regex=None, paths=None, packages_up_to=None, packages_up_to_regex=None, packages_above=None, packages_above_and_dependencies=None, packages_above_depth=None, packages_select_by_dep=None, packages_skip_by_dep=None, packages_skip_up_to=None, packages_select_build_failed=False, packages_skip_build_finished=False, packages_select_test_failures=False, packages_skip_test_passed=False, packages_select=None, packages_skip=None, packages_select_regex=None, packages_skip_regex=None, packages_start=None, packages_end=None, allow_overriding=[], cmake_args=None, cmake_target=None, cmake_target_skip_unavailable=False, cmake_clean_cache=False, cmake_clean_first=False, cmake_force_configure=False, ament_cmake_args=None, catkin_cmake_args=None, catkin_skip_building_tests=False, verb_parser=<colcon_defaults.argument_parser.defaults.DefaultArgumentsDecorator object at 0x7f16539b1030>, verb_extension=<colcon_core.verb.build.BuildVerb object at 0x7f16547d2fb0>, main=<bound method BuildVerb.main of <colcon_core.verb.build.BuildVerb object at 0x7f16547d2fb0>>)
[0.663s] Level 1:colcon.colcon_core.package_discovery:discover_packages(colcon_meta) check parameters
[0.663s] Level 1:colcon.colcon_core.package_discovery:discover_packages(recursive) check parameters
[0.663s] Level 1:colcon.colcon_core.package_discovery:discover_packages(ignore) check parameters
[0.663s] Level 1:colcon.colcon_core.package_discovery:discover_packages(path) check parameters
[0.664s] Level 1:colcon.colcon_core.package_discovery:discover_packages(colcon_meta) discover
[0.664s] Level 1:colcon.colcon_core.package_discovery:discover_packages(recursive) discover
[0.664s] INFO:colcon.colcon_core.package_discovery:Crawling recursively for packages in '/home/g209/workspace'
[0.664s] Level 1:colcon.colcon_core.package_identification:_identify(.) by extensions ['ignore', 'ignore_ament_install']
[0.664s] Level 1:colcon.colcon_core.package_identification:_identify(.) by extension 'ignore'
[0.664s] Level 1:colcon.colcon_core.package_identification:_identify(.) by extension 'ignore_ament_install'
[0.664s] Level 1:colcon.colcon_core.package_identification:_identify(.) by extensions ['colcon_pkg']
[0.664s] Level 1:colcon.colcon_core.package_identification:_identify(.) by extension 'colcon_pkg'
[0.664s] Level 1:colcon.colcon_core.package_identification:_identify(.) by extensions ['colcon_meta']
[0.664s] Level 1:colcon.colcon_core.package_identification:_identify(.) by extension 'colcon_meta'
[0.664s] Level 1:colcon.colcon_core.package_identification:_identify(.) by extensions ['ros']
[0.664s] Level 1:colcon.colcon_core.package_identification:_identify(.) by extension 'ros'
[0.673s] Level 1:colcon.colcon_core.package_identification:_identify(.) by extensions ['cmake', 'python']
[0.673s] Level 1:colcon.colcon_core.package_identification:_identify(.) by extension 'cmake'
[0.674s] Level 1:colcon.colcon_core.package_identification:_identify(.) by extension 'python'
[0.674s] Level 1:colcon.colcon_core.package_identification:_identify(.) by extensions ['python_setup_py']
[0.674s] Level 1:colcon.colcon_core.package_identification:_identify(.) by extension 'python_setup_py'
[0.674s] Level 1:colcon.colcon_core.package_identification:_identify(build) by extensions ['ignore', 'ignore_ament_install']
[0.674s] Level 1:colcon.colcon_core.package_identification:_identify(build) by extension 'ignore'
[0.674s] Level 1:colcon.colcon_core.package_identification:_identify(build) ignored
[0.674s] Level 1:colcon.colcon_core.package_identification:_identify(install) by extensions ['ignore', 'ignore_ament_install']
[0.674s] Level 1:colcon.colcon_core.package_identification:_identify(install) by extension 'ignore'
[0.674s] Level 1:colcon.colcon_core.package_identification:_identify(install) ignored
[0.674s] Level 1:colcon.colcon_core.package_identification:_identify(log) by extensions ['ignore', 'ignore_ament_install']
[0.675s] Level 1:colcon.colcon_core.package_identification:_identify(log) by extension 'ignore'
[0.675s] Level 1:colcon.colcon_core.package_identification:_identify(log) ignored
[0.675s] Level 1:colcon.colcon_core.package_identification:_identify(src) by extensions ['ignore', 'ignore_ament_install']
[0.675s] Level 1:colcon.colcon_core.package_identification:_identify(src) by extension 'ignore'
[0.675s] Level 1:colcon.colcon_core.package_identification:_identify(src) by extension 'ignore_ament_install'
[0.675s] Level 1:colcon.colcon_core.package_identification:_identify(src) by extensions ['colcon_pkg']
[0.675s] Level 1:colcon.colcon_core.package_identification:_identify(src) by extension 'colcon_pkg'
[0.675s] Level 1:colcon.colcon_core.package_identification:_identify(src) by extensions ['colcon_meta']
[0.675s] Level 1:colcon.colcon_core.package_identification:_identify(src) by extension 'colcon_meta'
[0.675s] Level 1:colcon.colcon_core.package_identification:_identify(src) by extensions ['ros']
[0.675s] Level 1:colcon.colcon_core.package_identification:_identify(src) by extension 'ros'
[0.675s] Level 1:colcon.colcon_core.package_identification:_identify(src) by extensions ['cmake', 'python']
[0.675s] Level 1:colcon.colcon_core.package_identification:_identify(src) by extension 'cmake'
[0.675s] Level 1:colcon.colcon_core.package_identification:_identify(src) by extension 'python'
[0.675s] Level 1:colcon.colcon_core.package_identification:_identify(src) by extensions ['python_setup_py']
[0.676s] Level 1:colcon.colcon_core.package_identification:_identify(src) by extension 'python_setup_py'
[0.676s] Level 1:colcon.colcon_core.package_identification:_identify(src/game) by extensions ['ignore', 'ignore_ament_install']
[0.676s] Level 1:colcon.colcon_core.package_identification:_identify(src/game) by extension 'ignore'
[0.676s] Level 1:colcon.colcon_core.package_identification:_identify(src/game) by extension 'ignore_ament_install'
[0.676s] Level 1:colcon.colcon_core.package_identification:_identify(src/game) by extensions ['colcon_pkg']
[0.676s] Level 1:colcon.colcon_core.package_identification:_identify(src/game) by extension 'colcon_pkg'
[0.676s] Level 1:colcon.colcon_core.package_identification:_identify(src/game) by extensions ['colcon_meta']
[0.676s] Level 1:colcon.colcon_core.package_identification:_identify(src/game) by extension 'colcon_meta'
[0.676s] Level 1:colcon.colcon_core.package_identification:_identify(src/game) by extensions ['ros']
[0.676s] Level 1:colcon.colcon_core.package_identification:_identify(src/game) by extension 'ros'
[0.678s] DEBUG:colcon.colcon_core.package_identification:Package 'src/game' with type 'ros.ament_cmake' and name 'game'
[0.678s] Level 1:colcon.colcon_core.package_discovery:discover_packages(recursive) using defaults
[0.678s] Level 1:colcon.colcon_core.package_discovery:discover_packages(ignore) discover
[0.678s] Level 1:colcon.colcon_core.package_discovery:discover_packages(ignore) using defaults
[0.678s] Level 1:colcon.colcon_core.package_discovery:discover_packages(path) discover
[0.678s] Level 1:colcon.colcon_core.package_discovery:discover_packages(path) using defaults
[0.732s] Level 1:colcon.colcon_core.package_discovery:discover_packages(prefix_path) check parameters
[0.733s] Level 1:colcon.colcon_core.package_discovery:discover_packages(prefix_path) discover
[0.748s] DEBUG:colcon.colcon_installed_package_information.package_discovery:Found 1 installed packages in /home/g209/workspace/install
[0.756s] DEBUG:colcon.colcon_installed_package_information.package_discovery:Found 282 installed packages in /opt/ros/humble
[0.757s] Level 1:colcon.colcon_core.package_discovery:discover_packages(prefix_path) using defaults
[0.806s] Level 5:colcon.colcon_core.verb:set package 'game' build argument 'cmake_args' from command line to 'None'
[0.807s] Level 5:colcon.colcon_core.verb:set package 'game' build argument 'cmake_target' from command line to 'None'
[0.808s] Level 5:colcon.colcon_core.verb:set package 'game' build argument 'cmake_target_skip_unavailable' from command line to 'False'
[0.809s] Level 5:colcon.colcon_core.verb:set package 'game' build argument 'cmake_clean_cache' from command line to 'False'
[0.809s] Level 5:colcon.colcon_core.verb:set package 'game' build argument 'cmake_clean_first' from command line to 'False'
[0.810s] Level 5:colcon.colcon_core.verb:set package 'game' build argument 'cmake_force_configure' from command line to 'False'
[0.810s] Level 5:colcon.colcon_core.verb:set package 'game' build argument 'ament_cmake_args' from command line to 'None'
[0.810s] Level 5:colcon.colcon_core.verb:set package 'game' build argument 'catkin_cmake_args' from command line to 'None'
[0.810s] Level 5:colcon.colcon_core.verb:set package 'game' build argument 'catkin_skip_building_tests' from command line to 'False'
[0.810s] DEBUG:colcon.colcon_core.verb:Building package 'game' with the following arguments: {'ament_cmake_args': None, 'build_base': '/home/g209/workspace/build/game', 'catkin_cmake_args': None, 'catkin_skip_building_tests': False, 'cmake_args': None, 'cmake_clean_cache': False, 'cmake_clean_first': False, 'cmake_force_configure': False, 'cmake_target': None, 'cmake_target_skip_unavailable': False, 'install_base': '/home/g209/workspace/install/game', 'merge_install': False, 'path': '/home/g209/workspace/src/game', 'symlink_install': False, 'test_result_base': None}
[0.823s] INFO:colcon.colcon_core.executor:Executing jobs using 'parallel' executor
[0.840s] DEBUG:colcon.colcon_parallel_executor.executor.parallel:run_until_complete
[0.841s] INFO:colcon.colcon_ros.task.ament_cmake.build:Building ROS package in '/home/g209/workspace/src/game' with build type 'ament_cmake'
[0.842s] INFO:colcon.colcon_cmake.task.cmake.build:Building CMake package in '/home/g209/workspace/src/game'
[0.852s] INFO:colcon.colcon_core.plugin_system:Skipping extension 'colcon_core.shell.bat': Not used on non-Windows systems
[0.860s] INFO:colcon.colcon_core.shell:Skip shell extension 'powershell' for command environment: Not usable outside of PowerShell
[0.860s] DEBUG:colcon.colcon_core.shell:Skip shell extension 'dsv' for command environment
[0.919s] DEBUG:colcon.colcon_core.event_handler.log_command:Invoking command in '/home/g209/workspace/build/game': CMAKE_PREFIX_PATH=${CMAKE_PREFIX_PATH}:/opt/ros/humble /usr/bin/cmake --build /home/g209/workspace/build/game -- -j2 -l2
[8.378s] DEBUG:colcon.colcon_core.event_handler.log_command:Invoked command in '/home/g209/workspace/build/game' returned '0': CMAKE_PREFIX_PATH=${CMAKE_PREFIX_PATH}:/opt/ros/humble /usr/bin/cmake --build /home/g209/workspace/build/game -- -j2 -l2
[8.554s] DEBUG:colcon.colcon_core.event_handler.log_command:Invoking command in '/home/g209/workspace/build/game': CMAKE_PREFIX_PATH=${CMAKE_PREFIX_PATH}:/opt/ros/humble /usr/bin/cmake --install /home/g209/workspace/build/game
[8.660s] Level 1:colcon.colcon_core.environment:create_environment_scripts_only(game)
[8.677s] DEBUG:colcon.colcon_core.event_handler.log_command:Invoked command in '/home/g209/workspace/build/game' returned '0': CMAKE_PREFIX_PATH=${CMAKE_PREFIX_PATH}:/opt/ros/humble /usr/bin/cmake --install /home/g209/workspace/build/game
[8.687s] Level 1:colcon.colcon_core.environment:checking '/home/g209/workspace/install/game' for CMake module files
[8.688s] Level 1:colcon.colcon_core.environment:checking '/home/g209/workspace/install/game' for CMake config files
[8.689s] Level 1:colcon.colcon_core.shell:create_environment_hook('game', 'cmake_prefix_path')
[8.697s] INFO:colcon.colcon_core.shell:Creating environment hook '/home/g209/workspace/install/game/share/game/hook/cmake_prefix_path.ps1'
[8.698s] INFO:colcon.colcon_core.shell:Creating environment descriptor '/home/g209/workspace/install/game/share/game/hook/cmake_prefix_path.dsv'
[8.699s] INFO:colcon.colcon_core.shell:Creating environment hook '/home/g209/workspace/install/game/share/game/hook/cmake_prefix_path.sh'
[8.700s] Level 1:colcon.colcon_core.environment:checking '/home/g209/workspace/install/game/lib'
[8.700s] Level 1:colcon.colcon_core.shell:create_environment_hook('game', 'ld_library_path_lib')
[8.714s] INFO:colcon.colcon_core.shell:Creating environment hook '/home/g209/workspace/install/game/share/game/hook/ld_library_path_lib.ps1'
[8.716s] INFO:colcon.colcon_core.shell:Creating environment descriptor '/home/g209/workspace/install/game/share/game/hook/ld_library_path_lib.dsv'
[8.716s] INFO:colcon.colcon_core.shell:Creating environment hook '/home/g209/workspace/install/game/share/game/hook/ld_library_path_lib.sh'
[8.718s] Level 1:colcon.colcon_core.environment:checking '/home/g209/workspace/install/game/bin'
[8.718s] Level 1:colcon.colcon_core.environment:checking '/home/g209/workspace/install/game/lib/pkgconfig/game.pc'
[8.719s] Level 1:colcon.colcon_core.environment:checking '/home/g209/workspace/install/game/lib/python3.10/site-packages'
[8.719s] Level 1:colcon.colcon_core.environment:checking '/home/g209/workspace/install/game/bin'
[8.730s] INFO:colcon.colcon_core.shell:Creating package script '/home/g209/workspace/install/game/share/game/package.ps1'
[8.731s] INFO:colcon.colcon_core.shell:Creating package descriptor '/home/g209/workspace/install/game/share/game/package.dsv'
[8.733s] INFO:colcon.colcon_core.shell:Creating package script '/home/g209/workspace/install/game/share/game/package.sh'
[8.738s] INFO:colcon.colcon_core.shell:Creating package script '/home/g209/workspace/install/game/share/game/package.bash'
[8.739s] INFO:colcon.colcon_core.shell:Creating package script '/home/g209/workspace/install/game/share/game/package.zsh'
[8.740s] Level 1:colcon.colcon_core.environment:create_file_with_runtime_dependencies(/home/g209/workspace/install/game/share/colcon-core/packages/game)
[8.871s] Level 1:colcon.colcon_core.environment:create_environment_scripts_only(game)
[8.879s] Level 1:colcon.colcon_core.environment:checking '/home/g209/workspace/install/game' for CMake module files
[8.879s] Level 1:colcon.colcon_core.environment:checking '/home/g209/workspace/install/game' for CMake config files
[8.880s] Level 1:colcon.colcon_core.shell:create_environment_hook('game', 'cmake_prefix_path')
[8.891s] INFO:colcon.colcon_core.shell:Creating environment hook '/home/g209/workspace/install/game/share/game/hook/cmake_prefix_path.ps1'
[8.891s] INFO:colcon.colcon_core.shell:Creating environment descriptor '/home/g209/workspace/install/game/share/game/hook/cmake_prefix_path.dsv'
[8.892s] INFO:colcon.colcon_core.shell:Creating environment hook '/home/g209/workspace/install/game/share/game/hook/cmake_prefix_path.sh'
[8.893s] Level 1:colcon.colcon_core.environment:checking '/home/g209/workspace/install/game/lib'
[8.893s] Level 1:colcon.colcon_core.shell:create_environment_hook('game', 'ld_library_path_lib')
[8.900s] INFO:colcon.colcon_core.shell:Creating environment hook '/home/g209/workspace/install/game/share/game/hook/ld_library_path_lib.ps1'
[8.901s] INFO:colcon.colcon_core.shell:Creating environment descriptor '/home/g209/workspace/install/game/share/game/hook/ld_library_path_lib.dsv'
[8.901s] INFO:colcon.colcon_core.shell:Creating environment hook '/home/g209/workspace/install/game/share/game/hook/ld_library_path_lib.sh'
[8.901s] Level 1:colcon.colcon_core.environment:checking '/home/g209/workspace/install/game/bin'
[8.901s] Level 1:colcon.colcon_core.environment:checking '/home/g209/workspace/install/game/lib/pkgconfig/game.pc'
[8.902s] Level 1:colcon.colcon_core.environment:checking '/home/g209/workspace/install/game/lib/python3.10/site-packages'
[8.902s] Level 1:colcon.colcon_core.environment:checking '/home/g209/workspace/install/game/bin'
[8.910s] INFO:colcon.colcon_core.shell:Creating package script '/home/g209/workspace/install/game/share/game/package.ps1'
[8.911s] INFO:colcon.colcon_core.shell:Creating package descriptor '/home/g209/workspace/install/game/share/game/package.dsv'
[8.912s] INFO:colcon.colcon_core.shell:Creating package script '/home/g209/workspace/install/game/share/game/package.sh'
[8.912s] INFO:colcon.colcon_core.shell:Creating package script '/home/g209/workspace/install/game/share/game/package.bash'
[8.913s] INFO:colcon.colcon_core.shell:Creating package script '/home/g209/workspace/install/game/share/game/package.zsh'
[8.914s] Level 1:colcon.colcon_core.environment:create_file_with_runtime_dependencies(/home/g209/workspace/install/game/share/colcon-core/packages/game)
[8.914s] DEBUG:colcon.colcon_parallel_executor.executor.parallel:closing loop
[8.915s] DEBUG:colcon.colcon_parallel_executor.executor.parallel:loop closed
[8.915s] DEBUG:colcon.colcon_parallel_executor.executor.parallel:run_until_complete finished with '0'
[8.915s] DEBUG:colcon.colcon_core.event_reactor:joining thread
[8.936s] INFO:colcon.colcon_core.plugin_system:Skipping extension 'colcon_notification.desktop_notification.terminal_notifier': Not used on non-Darwin systems
[8.936s] INFO:colcon.colcon_core.plugin_system:Skipping extension 'colcon_notification.desktop_notification.win32': Not used on non-Windows systems
[8.936s] INFO:colcon.colcon_notification.desktop_notification:Sending desktop notification using 'notify2'
[8.959s] DEBUG:colcon.colcon_core.event_reactor:joined thread
[8.967s] INFO:colcon.colcon_core.shell:Creating prefix script '/home/g209/workspace/install/local_setup.ps1'
[8.975s] INFO:colcon.colcon_core.shell:Creating prefix util module '/home/g209/workspace/install/_local_setup_util_ps1.py'
[8.978s] INFO:colcon.colcon_core.shell:Creating prefix chain script '/home/g209/workspace/install/setup.ps1'
[8.993s] INFO:colcon.colcon_core.shell:Creating prefix script '/home/g209/workspace/install/local_setup.sh'
[8.994s] INFO:colcon.colcon_core.shell:Creating prefix util module '/home/g209/workspace/install/_local_setup_util_sh.py'
[8.995s] INFO:colcon.colcon_core.shell:Creating prefix chain script '/home/g209/workspace/install/setup.sh'
[9.008s] INFO:colcon.colcon_core.shell:Creating prefix script '/home/g209/workspace/install/local_setup.bash'
[9.009s] INFO:colcon.colcon_core.shell:Creating prefix chain script '/home/g209/workspace/install/setup.bash'
[9.018s] INFO:colcon.colcon_core.shell:Creating prefix script '/home/g209/workspace/install/local_setup.zsh'
[9.019s] INFO:colcon.colcon_core.shell:Creating prefix chain script '/home/g209/workspace/install/setup.zsh'
