-- Found ament_cmake: 1.3.5 (/opt/ros/humble/share/ament_cmake/cmake)
-- Found rosidl_default_generators: 1.2.0 (/opt/ros/humble/share/rosidl_default_generators/cmake)
-- Using all available rosidl_typesupport_c: rosidl_typesupport_fastrtps_c;rosidl_typesupport_introspection_c
-- Found rosidl_adapter: 3.1.5 (/opt/ros/humble/share/rosidl_adapter/cmake)
-- Using all available rosidl_typesupport_cpp: rosidl_typesupport_fastrtps_cpp;rosidl_typesupport_introspection_cpp
-- Found rclcpp: 16.0.6 (/opt/ros/humble/share/rclcpp/cmake)
-- Found rmw_implementation_cmake: 6.1.1 (/opt/ros/humble/share/rmw_implementation_cmake/cmake)
-- Found rmw_fastrtps_cpp: 6.2.4 (/opt/ros/humble/share/rmw_fastrtps_cpp/cmake)
-- Using RMW implementation 'rmw_fastrtps_cpp' as default
-- Found ament_cmake_ros: 0.10.0 (/opt/ros/humble/share/ament_cmake_ros/cmake)
-- Using all available rosidl_typesupport_c: rosidl_typesupport_fastrtps_c;rosidl_typesupport_introspection_c
-- Using all available rosidl_typesupport_cpp: rosidl_typesupport_fastrtps_cpp;rosidl_typesupport_introspection_cpp
-- Found python_cmake_module: 0.10.0 (/opt/ros/humble/share/python_cmake_module/cmake)
-- Using PYTHON_EXECUTABLE: /usr/bin/python3
-- Using PYTHON_INCLUDE_DIRS: /usr/include/python3.10
-- Using PYTHON_LIBRARIES: /usr/lib/x86_64-linux-gnu/libpython3.10.so
-- Found ament_lint_auto: 0.12.8 (/opt/ros/humble/share/ament_lint_auto/cmake)
-- Added test 'cppcheck' to perform static code analysis on C / C++ code
-- Configured cppcheck include dirs: 
-- Configured cppcheck exclude dirs and/or files: 
-- Added test 'flake8' to check Python code syntax and style conventions
-- Added test 'lint_cmake' to check CMake code style
-- Added test 'pep257' to check Python code against some of the docstring style conventions in PEP 257
-- Added test 'uncrustify' to check C / C++ code style
-- Configured uncrustify additional arguments: 
-- Added test 'xmllint' to check XML markup files
-- Configuring done
-- Generating done
-- Build files have been written to: /home/g209/workspace/build/game
[35m[1mConsolidate compiler generated dependencies of target game__rosidl_generator_c[0m
[  3%] Built target game__cpp
[ 12%] Built target game__rosidl_generator_c
[35m[1mConsolidate compiler generated dependencies of target game__rosidl_typesupport_cpp[0m
[ 21%] Built target game__rosidl_typesupport_cpp
[ 21%] Built target ament_cmake_python_copy_game
[35m[1mConsolidate compiler generated dependencies of target game__rosidl_typesupport_fastrtps_c[0m
[35m[1mConsolidate compiler generated dependencies of target game__rosidl_typesupport_introspection_c[0m
[ 30%] Built target game__rosidl_typesupport_fastrtps_c
[ 39%] Built target game__rosidl_typesupport_introspection_c
[35m[1mConsolidate compiler generated dependencies of target game__rosidl_typesupport_c[0m
[35m[1mConsolidate compiler generated dependencies of target game__rosidl_typesupport_fastrtps_cpp[0m
[ 48%] Built target game__rosidl_typesupport_c
[ 57%] Built target game__rosidl_typesupport_fastrtps_cpp
[35m[1mConsolidate compiler generated dependencies of target game__rosidl_typesupport_introspection_cpp[0m
[ 66%] Built target game__rosidl_typesupport_introspection_cpp
[35m[1mConsolidate compiler generated dependencies of target controller_publisher[0m
[ 69%] [32mBuilding CXX object CMakeFiles/controller_publisher.dir/src/controller_publisher.cpp.o[0m
running egg_info
writing game.egg-info/PKG-INFO
writing dependency_links to game.egg-info/dependency_links.txt
writing top-level names to game.egg-info/top_level.txt
reading manifest file 'game.egg-info/SOURCES.txt'
writing manifest file 'game.egg-info/SOURCES.txt'
[ 69%] Built target ament_cmake_python_build_game_egg
[ 69%] Built target game
[ 72%] Built target game__py
[35m[1mConsolidate compiler generated dependencies of target game__rosidl_generator_py[0m
[ 78%] Built target game__rosidl_generator_py
[35m[1mConsolidate compiler generated dependencies of target game__rosidl_typesupport_fastrtps_c__pyext[0m
[ 84%] Built target game__rosidl_typesupport_fastrtps_c__pyext
[35m[1mConsolidate compiler generated dependencies of target game__rosidl_typesupport_introspection_c__pyext[0m
[ 90%] Built target game__rosidl_typesupport_introspection_c__pyext
[35m[1mConsolidate compiler generated dependencies of target game__rosidl_typesupport_c__pyext[0m
[ 96%] Built target game__rosidl_typesupport_c__pyext
[100%] [32m[1mLinking CXX executable controller_publisher[0m
[100%] Built target controller_publisher
-- Install configuration: ""
-- Up-to-date: /home/g209/workspace/install/game/share/ament_index/resource_index/rosidl_interfaces/game
-- Up-to-date: /home/g209/workspace/install/game/include/game/game
-- Up-to-date: /home/g209/workspace/install/game/include/game/game/msg
-- Up-to-date: /home/g209/workspace/install/game/include/game/game/msg/detail
-- Up-to-date: /home/g209/workspace/install/game/include/game/game/msg/detail/game_state_msg__struct.h
-- Up-to-date: /home/g209/workspace/install/game/include/game/game/msg/detail/game_state_msg__functions.c
-- Up-to-date: /home/g209/workspace/install/game/include/game/game/msg/detail/game_state_msg__functions.h
-- Up-to-date: /home/g209/workspace/install/game/include/game/game/msg/detail/game_state_msg__type_support.h
-- Up-to-date: /home/g209/workspace/install/game/include/game/game/msg/rosidl_generator_c__visibility_control.h
-- Up-to-date: /home/g209/workspace/install/game/include/game/game/msg/game_state_msg.h
-- Up-to-date: /home/g209/workspace/install/game/share/game/environment/library_path.sh
-- Installing: /home/g209/workspace/install/game/share/game/environment/library_path.dsv
-- Up-to-date: /home/g209/workspace/install/game/lib/libgame__rosidl_generator_c.so
-- Up-to-date: /home/g209/workspace/install/game/include/game/game
-- Up-to-date: /home/g209/workspace/install/game/include/game/game/msg
-- Up-to-date: /home/g209/workspace/install/game/include/game/game/msg/detail
-- Up-to-date: /home/g209/workspace/install/game/include/game/game/msg/detail/game_state_msg__rosidl_typesupport_fastrtps_c.h
-- Up-to-date: /home/g209/workspace/install/game/include/game/game/msg/rosidl_typesupport_fastrtps_c__visibility_control.h
-- Up-to-date: /home/g209/workspace/install/game/lib/libgame__rosidl_typesupport_fastrtps_c.so
-- Up-to-date: /home/g209/workspace/install/game/include/game/game
-- Up-to-date: /home/g209/workspace/install/game/include/game/game/msg
-- Up-to-date: /home/g209/workspace/install/game/include/game/game/msg/detail
-- Up-to-date: /home/g209/workspace/install/game/include/game/game/msg/detail/game_state_msg__type_support.c
-- Up-to-date: /home/g209/workspace/install/game/include/game/game/msg/detail/game_state_msg__rosidl_typesupport_introspection_c.h
-- Up-to-date: /home/g209/workspace/install/game/include/game/game/msg/rosidl_typesupport_introspection_c__visibility_control.h
-- Up-to-date: /home/g209/workspace/install/game/lib/libgame__rosidl_typesupport_introspection_c.so
-- Up-to-date: /home/g209/workspace/install/game/lib/libgame__rosidl_typesupport_c.so
-- Up-to-date: /home/g209/workspace/install/game/include/game/game
-- Up-to-date: /home/g209/workspace/install/game/include/game/game/msg
-- Up-to-date: /home/g209/workspace/install/game/include/game/game/msg/detail
-- Up-to-date: /home/g209/workspace/install/game/include/game/game/msg/detail/game_state_msg__traits.hpp
-- Up-to-date: /home/g209/workspace/install/game/include/game/game/msg/detail/game_state_msg__builder.hpp
-- Up-to-date: /home/g209/workspace/install/game/include/game/game/msg/detail/game_state_msg__struct.hpp
-- Up-to-date: /home/g209/workspace/install/game/include/game/game/msg/game_state_msg.hpp
-- Up-to-date: /home/g209/workspace/install/game/include/game/game
-- Up-to-date: /home/g209/workspace/install/game/include/game/game/msg
-- Up-to-date: /home/g209/workspace/install/game/include/game/game/msg/detail
-- Up-to-date: /home/g209/workspace/install/game/include/game/game/msg/detail/game_state_msg__rosidl_typesupport_fastrtps_cpp.hpp
-- Up-to-date: /home/g209/workspace/install/game/include/game/game/msg/detail/dds_fastrtps
-- Up-to-date: /home/g209/workspace/install/game/include/game/game/msg/rosidl_typesupport_fastrtps_cpp__visibility_control.h
-- Up-to-date: /home/g209/workspace/install/game/lib/libgame__rosidl_typesupport_fastrtps_cpp.so
-- Up-to-date: /home/g209/workspace/install/game/include/game/game
-- Up-to-date: /home/g209/workspace/install/game/include/game/game/msg
-- Up-to-date: /home/g209/workspace/install/game/include/game/game/msg/detail
-- Up-to-date: /home/g209/workspace/install/game/include/game/game/msg/detail/game_state_msg__type_support.cpp
-- Up-to-date: /home/g209/workspace/install/game/include/game/game/msg/detail/game_state_msg__rosidl_typesupport_introspection_cpp.hpp
-- Up-to-date: /home/g209/workspace/install/game/lib/libgame__rosidl_typesupport_introspection_cpp.so
-- Up-to-date: /home/g209/workspace/install/game/lib/libgame__rosidl_typesupport_cpp.so
-- Up-to-date: /home/g209/workspace/install/game/share/game/environment/pythonpath.sh
-- Installing: /home/g209/workspace/install/game/share/game/environment/pythonpath.dsv
-- Up-to-date: /home/g209/workspace/install/game/local/lib/python3.10/dist-packages/game-0.0.0-py3.10.egg-info
-- Installing: /home/g209/workspace/install/game/local/lib/python3.10/dist-packages/game-0.0.0-py3.10.egg-info/SOURCES.txt
-- Installing: /home/g209/workspace/install/game/local/lib/python3.10/dist-packages/game-0.0.0-py3.10.egg-info/PKG-INFO
-- Installing: /home/g209/workspace/install/game/local/lib/python3.10/dist-packages/game-0.0.0-py3.10.egg-info/top_level.txt
-- Installing: /home/g209/workspace/install/game/local/lib/python3.10/dist-packages/game-0.0.0-py3.10.egg-info/dependency_links.txt
-- Up-to-date: /home/g209/workspace/install/game/local/lib/python3.10/dist-packages/game
-- Up-to-date: /home/g209/workspace/install/game/local/lib/python3.10/dist-packages/game/_game_s.ep.rosidl_typesupport_introspection_c.c
-- Up-to-date: /home/g209/workspace/install/game/local/lib/python3.10/dist-packages/game/msg
-- Up-to-date: /home/g209/workspace/install/game/local/lib/python3.10/dist-packages/game/msg/__init__.py
-- Up-to-date: /home/g209/workspace/install/game/local/lib/python3.10/dist-packages/game/msg/_game_state_msg.py
-- Up-to-date: /home/g209/workspace/install/game/local/lib/python3.10/dist-packages/game/msg/_game_state_msg_s.c
-- Up-to-date: /home/g209/workspace/install/game/local/lib/python3.10/dist-packages/game/game_s__rosidl_typesupport_introspection_c.cpython-310-x86_64-linux-gnu.so
-- Up-to-date: /home/g209/workspace/install/game/local/lib/python3.10/dist-packages/game/_game_s.ep.rosidl_typesupport_c.c
-- Installing: /home/g209/workspace/install/game/local/lib/python3.10/dist-packages/game/__init__.py
-- Up-to-date: /home/g209/workspace/install/game/local/lib/python3.10/dist-packages/game/game_s__rosidl_typesupport_fastrtps_c.cpython-310-x86_64-linux-gnu.so
-- Up-to-date: /home/g209/workspace/install/game/local/lib/python3.10/dist-packages/game/libgame__rosidl_generator_py.so
-- Up-to-date: /home/g209/workspace/install/game/local/lib/python3.10/dist-packages/game/game_s__rosidl_typesupport_c.cpython-310-x86_64-linux-gnu.so
-- Up-to-date: /home/g209/workspace/install/game/local/lib/python3.10/dist-packages/game/_game_s.ep.rosidl_typesupport_fastrtps_c.c
Listing '/home/g209/workspace/install/game/local/lib/python3.10/dist-packages/game'...
Compiling '/home/g209/workspace/install/game/local/lib/python3.10/dist-packages/game/__init__.py'...
Listing '/home/g209/workspace/install/game/local/lib/python3.10/dist-packages/game/msg'...
-- Up-to-date: /home/g209/workspace/install/game/local/lib/python3.10/dist-packages/game/game_s__rosidl_typesupport_fastrtps_c.cpython-310-x86_64-linux-gnu.so
-- Up-to-date: /home/g209/workspace/install/game/local/lib/python3.10/dist-packages/game/game_s__rosidl_typesupport_introspection_c.cpython-310-x86_64-linux-gnu.so
-- Up-to-date: /home/g209/workspace/install/game/local/lib/python3.10/dist-packages/game/game_s__rosidl_typesupport_c.cpython-310-x86_64-linux-gnu.so
-- Up-to-date: /home/g209/workspace/install/game/lib/libgame__rosidl_generator_py.so
-- Up-to-date: /home/g209/workspace/install/game/share/game/msg/GameStateMsg.idl
-- Installing: /home/g209/workspace/install/game/share/game/msg/GameStateMsg.msg
-- Installing: /home/g209/workspace/install/game/lib/game/controller_publisher
-- Set runtime path of "/home/g209/workspace/install/game/lib/game/controller_publisher" to ""
-- Up-to-date: /home/g209/workspace/install/game/share/ament_index/resource_index/package_run_dependencies/game
-- Up-to-date: /home/g209/workspace/install/game/share/ament_index/resource_index/parent_prefix_path/game
-- Up-to-date: /home/g209/workspace/install/game/share/game/environment/ament_prefix_path.sh
-- Installing: /home/g209/workspace/install/game/share/game/environment/ament_prefix_path.dsv
-- Up-to-date: /home/g209/workspace/install/game/share/game/environment/path.sh
-- Installing: /home/g209/workspace/install/game/share/game/environment/path.dsv
-- Up-to-date: /home/g209/workspace/install/game/share/game/local_setup.bash
-- Up-to-date: /home/g209/workspace/install/game/share/game/local_setup.sh
-- Up-to-date: /home/g209/workspace/install/game/share/game/local_setup.zsh
-- Installing: /home/g209/workspace/install/game/share/game/local_setup.dsv
-- Installing: /home/g209/workspace/install/game/share/game/package.dsv
-- Up-to-date: /home/g209/workspace/install/game/share/ament_index/resource_index/packages/game
-- Up-to-date: /home/g209/workspace/install/game/share/game/cmake/export_game__rosidl_generator_cExport.cmake
-- Up-to-date: /home/g209/workspace/install/game/share/game/cmake/export_game__rosidl_generator_cExport-noconfig.cmake
-- Up-to-date: /home/g209/workspace/install/game/share/game/cmake/export_game__rosidl_typesupport_fastrtps_cExport.cmake
-- Up-to-date: /home/g209/workspace/install/game/share/game/cmake/export_game__rosidl_typesupport_fastrtps_cExport-noconfig.cmake
-- Up-to-date: /home/g209/workspace/install/game/share/game/cmake/game__rosidl_typesupport_introspection_cExport.cmake
-- Up-to-date: /home/g209/workspace/install/game/share/game/cmake/game__rosidl_typesupport_introspection_cExport-noconfig.cmake
-- Up-to-date: /home/g209/workspace/install/game/share/game/cmake/game__rosidl_typesupport_cExport.cmake
-- Up-to-date: /home/g209/workspace/install/game/share/game/cmake/game__rosidl_typesupport_cExport-noconfig.cmake
-- Up-to-date: /home/g209/workspace/install/game/share/game/cmake/export_game__rosidl_generator_cppExport.cmake
-- Up-to-date: /home/g209/workspace/install/game/share/game/cmake/export_game__rosidl_typesupport_fastrtps_cppExport.cmake
-- Up-to-date: /home/g209/workspace/install/game/share/game/cmake/export_game__rosidl_typesupport_fastrtps_cppExport-noconfig.cmake
-- Up-to-date: /home/g209/workspace/install/game/share/game/cmake/game__rosidl_typesupport_introspection_cppExport.cmake
-- Up-to-date: /home/g209/workspace/install/game/share/game/cmake/game__rosidl_typesupport_introspection_cppExport-noconfig.cmake
-- Up-to-date: /home/g209/workspace/install/game/share/game/cmake/game__rosidl_typesupport_cppExport.cmake
-- Up-to-date: /home/g209/workspace/install/game/share/game/cmake/game__rosidl_typesupport_cppExport-noconfig.cmake
-- Up-to-date: /home/g209/workspace/install/game/share/game/cmake/export_game__rosidl_generator_pyExport.cmake
-- Up-to-date: /home/g209/workspace/install/game/share/game/cmake/export_game__rosidl_generator_pyExport-noconfig.cmake
-- Up-to-date: /home/g209/workspace/install/game/share/game/cmake/rosidl_cmake-extras.cmake
-- Up-to-date: /home/g209/workspace/install/game/share/game/cmake/ament_cmake_export_include_directories-extras.cmake
-- Up-to-date: /home/g209/workspace/install/game/share/game/cmake/ament_cmake_export_libraries-extras.cmake
-- Up-to-date: /home/g209/workspace/install/game/share/game/cmake/ament_cmake_export_targets-extras.cmake
-- Up-to-date: /home/g209/workspace/install/game/share/game/cmake/rosidl_cmake_export_typesupport_targets-extras.cmake
-- Up-to-date: /home/g209/workspace/install/game/share/game/cmake/ament_cmake_export_dependencies-extras.cmake
-- Up-to-date: /home/g209/workspace/install/game/share/game/cmake/rosidl_cmake_export_typesupport_libraries-extras.cmake
-- Up-to-date: /home/g209/workspace/install/game/share/game/cmake/gameConfig.cmake
-- Up-to-date: /home/g209/workspace/install/game/share/game/cmake/gameConfig-version.cmake
-- Up-to-date: /home/g209/workspace/install/game/share/game/package.xml
