[0.071s] Invoking command in '/home/g209/workspace/build/game': CMAKE_PREFIX_PATH=${CMAKE_PREFIX_PATH}:/opt/ros/humble /usr/bin/cmake --build /home/g209/workspace/build/game -- -j2 -l2
[0.182s] [  3%] Built target game__cpp
[0.183s] [ 12%] Built target game__rosidl_generator_c
[0.211s] [ 21%] Built target game__rosidl_typesupport_cpp
[0.227s] [ 21%] Built target ament_cmake_python_copy_game
[0.269s] [ 30%] Built target game__rosidl_typesupport_fastrtps_c
[0.302s] [ 39%] Built target game__rosidl_typesupport_introspection_c
[0.304s] [ 48%] Built target game__rosidl_typesupport_c
[0.329s] [ 57%] Built target game__rosidl_typesupport_introspection_cpp
[0.347s] [ 66%] Built target game__rosidl_typesupport_fastrtps_cpp
[0.381s] [35m[1mConsolidate compiler generated dependencies of target controller_publisher[0m
[0.412s] [ 69%] [32mBuilding CXX object CMakeFiles/controller_publisher.dir/src/controller_publisher.cpp.o[0m
[0.581s] running egg_info
[0.606s] writing game.egg-info/PKG-INFO
[0.608s] writing dependency_links to game.egg-info/dependency_links.txt
[0.610s] writing top-level names to game.egg-info/top_level.txt
[0.617s] reading manifest file 'game.egg-info/SOURCES.txt'
[0.623s] writing manifest file 'game.egg-info/SOURCES.txt'
[0.698s] [ 69%] Built target ament_cmake_python_build_game_egg
[0.719s] [ 69%] Built target game
[0.739s] [ 72%] Built target game__py
[0.760s] [ 78%] Built target game__rosidl_generator_py
[0.781s] [ 84%] Built target game__rosidl_typesupport_fastrtps_c__pyext
[0.803s] [ 90%] Built target game__rosidl_typesupport_introspection_c__pyext
[0.863s] [ 96%] Built target game__rosidl_typesupport_c__pyext
[2.546s] [01m[K/home/g209/workspace/src/game/src/controller_publisher.cpp:[m[K In member function ‘[01m[Kvoid ControllerPublisher::handlePlayerMove()[m[K’:
[2.546s] [01m[K/home/g209/workspace/src/game/src/controller_publisher.cpp:21:36:[m[K [01;31m[Kerror: [m[K‘[01m[Kplayer_state[m[K’ was not declared in this scope
[2.546s]    21 |                         position = [01;31m[Kplayer_state[m[K.player_position;
[2.546s]       |                                    [01;31m[K^~~~~~~~~~~~[m[K
[2.547s] [01m[K/home/g209/workspace/src/game/src/controller_publisher.cpp:[m[K In member function ‘[01m[Kvoid ControllerPublisher::receivedData(const GameStateMsg&) const[m[K’:
[2.547s] [01m[K/home/g209/workspace/src/game/src/controller_publisher.cpp:118:64:[m[K [01;31m[Kerror: [m[Kassignment of member ‘[01m[Kgame::msg::GameStateMsg_<std::allocator<void> >::player_position[m[K’ in read-only object
[2.547s]   118 |                                 [01;31m[Kgame_state_msg.player_position = player.player_position[m[K;
[2.547s]       |                                 [01;31m[K~~~~~~~~~~~~~~~~~~~~~~~~~~~~~~~^~~~~~~~~~~~~~~~~~~~~~~~[m[K
[4.540s] gmake[2]: *** [CMakeFiles/controller_publisher.dir/build.make:76: CMakeFiles/controller_publisher.dir/src/controller_publisher.cpp.o] Fehler 1
[4.543s] gmake[1]: *** [CMakeFiles/Makefile2:593: CMakeFiles/controller_publisher.dir/all] Fehler 2
[4.544s] gmake: *** [Makefile:146: all] Fehler 2
[4.547s] Invoked command in '/home/g209/workspace/build/game' returned '2': CMAKE_PREFIX_PATH=${CMAKE_PREFIX_PATH}:/opt/ros/humble /usr/bin/cmake --build /home/g209/workspace/build/game -- -j2 -l2
