[0.082s] Invoking command in '/home/g209/workspace/build/game': CMAKE_PREFIX_PATH=${CMAKE_PREFIX_PATH}:/opt/ros/humble /usr/bin/cmake /home/g209/workspace/src/game -DCMAKE_INSTALL_PREFIX=/home/g209/workspace/install/game
[0.238s] -- The C compiler identification is GNU 11.4.0
[0.308s] -- The CXX compiler identification is GNU 11.4.0
[0.318s] -- Detecting C compiler ABI info
[0.420s] -- Detecting C compiler ABI info - done
[0.421s] -- Check for working C compiler: /usr/bin/cc - skipped
[0.421s] -- Detecting C compile features
[0.422s] -- Detecting C compile features - done
[0.426s] -- Detecting CXX compiler ABI info
[0.530s] -- Detecting CXX compiler ABI info - done
[0.536s] -- Check for working CXX compiler: /usr/bin/c++ - skipped
[0.536s] -- Detecting CXX compile features
[0.537s] -- Detecting CXX compile features - done
[0.562s] -- Found ament_cmake: 1.3.5 (/opt/ros/humble/share/ament_cmake/cmake)
[0.710s] -- Found Python3: /usr/bin/python3.10 (found version "3.10.12") found components: Interpreter 
[0.785s] -- Found ament_lint_auto: 0.12.8 (/opt/ros/humble/share/ament_lint_auto/cmake)
[0.844s] -- Added test 'lint_cmake' to check CMake code style
[0.845s] -- Added test 'xmllint' to check XML markup files
[0.845s] -- Configuring done
[0.848s] -- Generating done
[0.848s] -- Build files have been written to: /home/g209/workspace/build/game
[0.864s] Invoked command in '/home/g209/workspace/build/game' returned '0': CMAKE_PREFIX_PATH=${CMAKE_PREFIX_PATH}:/opt/ros/humble /usr/bin/cmake /home/g209/workspace/src/game -DCMAKE_INSTALL_PREFIX=/home/g209/workspace/install/game
[0.864s] Invoking command in '/home/g209/workspace/build/game': CMAKE_PREFIX_PATH=${CMAKE_PREFIX_PATH}:/opt/ros/humble /usr/bin/cmake --build /home/g209/workspace/build/game -- -j2 -l2
[0.902s] Invoked command in '/home/g209/workspace/build/game' returned '0': CMAKE_PREFIX_PATH=${CMAKE_PREFIX_PATH}:/opt/ros/humble /usr/bin/cmake --build /home/g209/workspace/build/game -- -j2 -l2
[0.959s] Invoking command in '/home/g209/workspace/build/game': CMAKE_PREFIX_PATH=${CMAKE_PREFIX_PATH}:/opt/ros/humble /usr/bin/cmake --install /home/g209/workspace/build/game
[0.969s] -- Install configuration: ""
[0.969s] -- Installing: /home/g209/workspace/install/game/share/ament_index/resource_index/package_run_dependencies/game
[0.969s] -- Installing: /home/g209/workspace/install/game/share/ament_index/resource_index/parent_prefix_path/game
[0.970s] -- Installing: /home/g209/workspace/install/game/share/game/environment/ament_prefix_path.sh
[0.970s] -- Installing: /home/g209/workspace/install/game/share/game/environment/ament_prefix_path.dsv
[0.970s] -- Installing: /home/g209/workspace/install/game/share/game/environment/path.sh
[0.971s] -- Installing: /home/g209/workspace/install/game/share/game/environment/path.dsv
[0.971s] -- Installing: /home/g209/workspace/install/game/share/game/local_setup.bash
[0.972s] -- Installing: /home/g209/workspace/install/game/share/game/local_setup.sh
[0.972s] -- Installing: /home/g209/workspace/install/game/share/game/local_setup.zsh
[0.972s] -- Installing: /home/g209/workspace/install/game/share/game/local_setup.dsv
[0.972s] -- Installing: /home/g209/workspace/install/game/share/game/package.dsv
[0.972s] -- Installing: /home/g209/workspace/install/game/share/ament_index/resource_index/packages/game
[0.973s] -- Installing: /home/g209/workspace/install/game/share/game/cmake/gameConfig.cmake
[0.973s] -- Installing: /home/g209/workspace/install/game/share/game/cmake/gameConfig-version.cmake
[0.973s] -- Installing: /home/g209/workspace/install/game/share/game/package.xml
[0.975s] Invoked command in '/home/g209/workspace/build/game' returned '0': CMAKE_PREFIX_PATH=${CMAKE_PREFIX_PATH}:/opt/ros/humble /usr/bin/cmake --install /home/g209/workspace/build/game
