[0.078s] Invoking command in '/home/g209/workspace/build/game': CMAKE_PREFIX_PATH=${CMAKE_PREFIX_PATH}:/opt/ros/humble /usr/bin/cmake --build /home/g209/workspace/build/game -- -j2 -l2
[0.192s] [  3%] Built target game__cpp
[0.193s] [ 12%] Built target game__rosidl_generator_c
[0.222s] [ 21%] Built target game__rosidl_typesupport_cpp
[0.252s] [ 21%] Built target ament_cmake_python_copy_game
[0.283s] [ 30%] Built target game__rosidl_typesupport_introspection_c
[0.346s] [ 39%] Built target game__rosidl_typesupport_fastrtps_c
[0.364s] [ 48%] Built target game__rosidl_typesupport_c
[0.382s] [ 57%] Built target game__rosidl_typesupport_fastrtps_cpp
[0.392s] [ 66%] Built target game__rosidl_typesupport_introspection_cpp
[0.417s] [35m[1mConsolidate compiler generated dependencies of target controller_publisher[0m
[0.443s] [ 69%] [32mBuilding CXX object CMakeFiles/controller_publisher.dir/src/controller_publisher.cpp.o[0m
[0.584s] running egg_info
[0.589s] writing game.egg-info/PKG-INFO
[0.590s] writing dependency_links to game.egg-info/dependency_links.txt
[0.591s] writing top-level names to game.egg-info/top_level.txt
[0.593s] reading manifest file 'game.egg-info/SOURCES.txt'
[0.594s] writing manifest file 'game.egg-info/SOURCES.txt'
[0.617s] [ 69%] Built target ament_cmake_python_build_game_egg
[0.638s] [ 69%] Built target game
[0.685s] [ 72%] Built target game__py
[0.742s] [ 78%] Built target game__rosidl_generator_py
[1.284s] [ 84%] Built target game__rosidl_typesupport_fastrtps_c__pyext
[2.234s] [ 90%] Built target game__rosidl_typesupport_introspection_c__pyext
[2.329s] [ 96%] Built target game__rosidl_typesupport_c__pyext
[7.155s] [100%] [32m[1mLinking CXX executable controller_publisher[0m
[7.522s] [100%] Built target controller_publisher
[7.536s] Invoked command in '/home/g209/workspace/build/game' returned '0': CMAKE_PREFIX_PATH=${CMAKE_PREFIX_PATH}:/opt/ros/humble /usr/bin/cmake --build /home/g209/workspace/build/game -- -j2 -l2
[7.713s] Invoking command in '/home/g209/workspace/build/game': CMAKE_PREFIX_PATH=${CMAKE_PREFIX_PATH}:/opt/ros/humble /usr/bin/cmake --install /home/g209/workspace/build/game
[7.721s] -- Install configuration: ""
[7.721s] -- Up-to-date: /home/g209/workspace/install/game/share/ament_index/resource_index/rosidl_interfaces/game
[7.721s] -- Up-to-date: /home/g209/workspace/install/game/include/game/game
[7.721s] -- Up-to-date: /home/g209/workspace/install/game/include/game/game/msg
[7.722s] -- Up-to-date: /home/g209/workspace/install/game/include/game/game/msg/detail
[7.722s] -- Up-to-date: /home/g209/workspace/install/game/include/game/game/msg/detail/game_state_msg__struct.h
[7.736s] -- Up-to-date: /home/g209/workspace/install/game/include/game/game/msg/detail/game_state_msg__functions.c
[7.737s] -- Up-to-date: /home/g209/workspace/install/game/include/game/game/msg/detail/game_state_msg__functions.h
[7.737s] -- Up-to-date: /home/g209/workspace/install/game/include/game/game/msg/detail/game_state_msg__type_support.h
[7.737s] -- Up-to-date: /home/g209/workspace/install/game/include/game/game/msg/rosidl_generator_c__visibility_control.h
[7.737s] -- Up-to-date: /home/g209/workspace/install/game/include/game/game/msg/game_state_msg.h
[7.738s] -- Up-to-date: /home/g209/workspace/install/game/share/game/environment/library_path.sh
[7.738s] -- Up-to-date: /home/g209/workspace/install/game/share/game/environment/library_path.dsv
[7.738s] -- Up-to-date: /home/g209/workspace/install/game/lib/libgame__rosidl_generator_c.so
[7.738s] -- Up-to-date: /home/g209/workspace/install/game/include/game/game
[7.738s] -- Up-to-date: /home/g209/workspace/install/game/include/game/game/msg
[7.738s] -- Up-to-date: /home/g209/workspace/install/game/include/game/game/msg/detail
[7.738s] -- Up-to-date: /home/g209/workspace/install/game/include/game/game/msg/detail/game_state_msg__rosidl_typesupport_fastrtps_c.h
[7.738s] -- Up-to-date: /home/g209/workspace/install/game/include/game/game/msg/rosidl_typesupport_fastrtps_c__visibility_control.h
[7.738s] -- Up-to-date: /home/g209/workspace/install/game/lib/libgame__rosidl_typesupport_fastrtps_c.so
[7.738s] -- Up-to-date: /home/g209/workspace/install/game/include/game/game
[7.738s] -- Up-to-date: /home/g209/workspace/install/game/include/game/game/msg
[7.738s] -- Up-to-date: /home/g209/workspace/install/game/include/game/game/msg/detail
[7.738s] -- Up-to-date: /home/g209/workspace/install/game/include/game/game/msg/detail/game_state_msg__type_support.c
[7.738s] -- Up-to-date: /home/g209/workspace/install/game/include/game/game/msg/detail/game_state_msg__rosidl_typesupport_introspection_c.h
[7.738s] -- Up-to-date: /home/g209/workspace/install/game/include/game/game/msg/rosidl_typesupport_introspection_c__visibility_control.h
[7.738s] -- Up-to-date: /home/g209/workspace/install/game/lib/libgame__rosidl_typesupport_introspection_c.so
[7.738s] -- Up-to-date: /home/g209/workspace/install/game/lib/libgame__rosidl_typesupport_c.so
[7.738s] -- Up-to-date: /home/g209/workspace/install/game/include/game/game
[7.739s] -- Up-to-date: /home/g209/workspace/install/game/include/game/game/msg
[7.739s] -- Up-to-date: /home/g209/workspace/install/game/include/game/game/msg/detail
[7.739s] -- Up-to-date: /home/g209/workspace/install/game/include/game/game/msg/detail/game_state_msg__traits.hpp
[7.739s] -- Up-to-date: /home/g209/workspace/install/game/include/game/game/msg/detail/game_state_msg__builder.hpp
[7.739s] -- Up-to-date: /home/g209/workspace/install/game/include/game/game/msg/detail/game_state_msg__struct.hpp
[7.739s] -- Up-to-date: /home/g209/workspace/install/game/include/game/game/msg/game_state_msg.hpp
[7.739s] -- Up-to-date: /home/g209/workspace/install/game/include/game/game
[7.739s] -- Up-to-date: /home/g209/workspace/install/game/include/game/game/msg
[7.739s] -- Up-to-date: /home/g209/workspace/install/game/include/game/game/msg/detail
[7.739s] -- Up-to-date: /home/g209/workspace/install/game/include/game/game/msg/detail/game_state_msg__rosidl_typesupport_fastrtps_cpp.hpp
[7.739s] -- Up-to-date: /home/g209/workspace/install/game/include/game/game/msg/detail/dds_fastrtps
[7.739s] -- Up-to-date: /home/g209/workspace/install/game/include/game/game/msg/rosidl_typesupport_fastrtps_cpp__visibility_control.h
[7.739s] -- Up-to-date: /home/g209/workspace/install/game/lib/libgame__rosidl_typesupport_fastrtps_cpp.so
[7.739s] -- Up-to-date: /home/g209/workspace/install/game/include/game/game
[7.739s] -- Up-to-date: /home/g209/workspace/install/game/include/game/game/msg
[7.739s] -- Up-to-date: /home/g209/workspace/install/game/include/game/game/msg/detail
[7.739s] -- Up-to-date: /home/g209/workspace/install/game/include/game/game/msg/detail/game_state_msg__type_support.cpp
[7.739s] -- Up-to-date: /home/g209/workspace/install/game/include/game/game/msg/detail/game_state_msg__rosidl_typesupport_introspection_cpp.hpp
[7.739s] -- Up-to-date: /home/g209/workspace/install/game/lib/libgame__rosidl_typesupport_introspection_cpp.so
[7.740s] -- Up-to-date: /home/g209/workspace/install/game/lib/libgame__rosidl_typesupport_cpp.so
[7.740s] -- Up-to-date: /home/g209/workspace/install/game/share/game/environment/pythonpath.sh
[7.740s] -- Up-to-date: /home/g209/workspace/install/game/share/game/environment/pythonpath.dsv
[7.740s] -- Up-to-date: /home/g209/workspace/install/game/local/lib/python3.10/dist-packages/game-0.0.0-py3.10.egg-info
[7.740s] -- Installing: /home/g209/workspace/install/game/local/lib/python3.10/dist-packages/game-0.0.0-py3.10.egg-info/SOURCES.txt
[7.740s] -- Installing: /home/g209/workspace/install/game/local/lib/python3.10/dist-packages/game-0.0.0-py3.10.egg-info/PKG-INFO
[7.740s] -- Installing: /home/g209/workspace/install/game/local/lib/python3.10/dist-packages/game-0.0.0-py3.10.egg-info/top_level.txt
[7.740s] -- Installing: /home/g209/workspace/install/game/local/lib/python3.10/dist-packages/game-0.0.0-py3.10.egg-info/dependency_links.txt
[7.740s] -- Up-to-date: /home/g209/workspace/install/game/local/lib/python3.10/dist-packages/game
[7.740s] -- Up-to-date: /home/g209/workspace/install/game/local/lib/python3.10/dist-packages/game/_game_s.ep.rosidl_typesupport_introspection_c.c
[7.740s] -- Up-to-date: /home/g209/workspace/install/game/local/lib/python3.10/dist-packages/game/msg
[7.740s] -- Up-to-date: /home/g209/workspace/install/game/local/lib/python3.10/dist-packages/game/msg/__init__.py
[7.740s] -- Up-to-date: /home/g209/workspace/install/game/local/lib/python3.10/dist-packages/game/msg/_game_state_msg.py
[7.740s] -- Up-to-date: /home/g209/workspace/install/game/local/lib/python3.10/dist-packages/game/msg/_game_state_msg_s.c
[7.740s] -- Up-to-date: /home/g209/workspace/install/game/local/lib/python3.10/dist-packages/game/game_s__rosidl_typesupport_introspection_c.cpython-310-x86_64-linux-gnu.so
[7.740s] -- Up-to-date: /home/g209/workspace/install/game/local/lib/python3.10/dist-packages/game/_game_s.ep.rosidl_typesupport_c.c
[7.740s] -- Up-to-date: /home/g209/workspace/install/game/local/lib/python3.10/dist-packages/game/__init__.py
[7.740s] -- Up-to-date: /home/g209/workspace/install/game/local/lib/python3.10/dist-packages/game/game_s__rosidl_typesupport_fastrtps_c.cpython-310-x86_64-linux-gnu.so
[7.740s] -- Up-to-date: /home/g209/workspace/install/game/local/lib/python3.10/dist-packages/game/libgame__rosidl_generator_py.so
[7.740s] -- Up-to-date: /home/g209/workspace/install/game/local/lib/python3.10/dist-packages/game/game_s__rosidl_typesupport_c.cpython-310-x86_64-linux-gnu.so
[7.741s] -- Up-to-date: /home/g209/workspace/install/game/local/lib/python3.10/dist-packages/game/_game_s.ep.rosidl_typesupport_fastrtps_c.c
[7.784s] Listing '/home/g209/workspace/install/game/local/lib/python3.10/dist-packages/game'...
[7.784s] Listing '/home/g209/workspace/install/game/local/lib/python3.10/dist-packages/game/msg'...
[7.789s] -- Up-to-date: /home/g209/workspace/install/game/local/lib/python3.10/dist-packages/game/game_s__rosidl_typesupport_fastrtps_c.cpython-310-x86_64-linux-gnu.so
[7.790s] -- Up-to-date: /home/g209/workspace/install/game/local/lib/python3.10/dist-packages/game/game_s__rosidl_typesupport_introspection_c.cpython-310-x86_64-linux-gnu.so
[7.791s] -- Up-to-date: /home/g209/workspace/install/game/local/lib/python3.10/dist-packages/game/game_s__rosidl_typesupport_c.cpython-310-x86_64-linux-gnu.so
[7.793s] -- Up-to-date: /home/g209/workspace/install/game/lib/libgame__rosidl_generator_py.so
[7.793s] -- Up-to-date: /home/g209/workspace/install/game/share/game/msg/GameStateMsg.idl
[7.794s] -- Up-to-date: /home/g209/workspace/install/game/share/game/msg/GameStateMsg.msg
[7.794s] -- Installing: /home/g209/workspace/install/game/lib/game/controller_publisher
[7.802s] -- Set runtime path of "/home/g209/workspace/install/game/lib/game/controller_publisher" to ""
[7.802s] -- Up-to-date: /home/g209/workspace/install/game/share/ament_index/resource_index/package_run_dependencies/game
[7.802s] -- Up-to-date: /home/g209/workspace/install/game/share/ament_index/resource_index/parent_prefix_path/game
[7.802s] -- Up-to-date: /home/g209/workspace/install/game/share/game/environment/ament_prefix_path.sh
[7.803s] -- Up-to-date: /home/g209/workspace/install/game/share/game/environment/ament_prefix_path.dsv
[7.804s] -- Up-to-date: /home/g209/workspace/install/game/share/game/environment/path.sh
[7.804s] -- Up-to-date: /home/g209/workspace/install/game/share/game/environment/path.dsv
[7.804s] -- Up-to-date: /home/g209/workspace/install/game/share/game/local_setup.bash
[7.805s] -- Up-to-date: /home/g209/workspace/install/game/share/game/local_setup.sh
[7.805s] -- Up-to-date: /home/g209/workspace/install/game/share/game/local_setup.zsh
[7.805s] -- Up-to-date: /home/g209/workspace/install/game/share/game/local_setup.dsv
[7.805s] -- Installing: /home/g209/workspace/install/game/share/game/package.dsv
[7.806s] -- Up-to-date: /home/g209/workspace/install/game/share/ament_index/resource_index/packages/game
[7.807s] -- Up-to-date: /home/g209/workspace/install/game/share/game/cmake/export_game__rosidl_generator_cExport.cmake
[7.807s] -- Up-to-date: /home/g209/workspace/install/game/share/game/cmake/export_game__rosidl_generator_cExport-noconfig.cmake
[7.808s] -- Up-to-date: /home/g209/workspace/install/game/share/game/cmake/export_game__rosidl_typesupport_fastrtps_cExport.cmake
[7.808s] -- Up-to-date: /home/g209/workspace/install/game/share/game/cmake/export_game__rosidl_typesupport_fastrtps_cExport-noconfig.cmake
[7.809s] -- Up-to-date: /home/g209/workspace/install/game/share/game/cmake/game__rosidl_typesupport_introspection_cExport.cmake
[7.809s] -- Up-to-date: /home/g209/workspace/install/game/share/game/cmake/game__rosidl_typesupport_introspection_cExport-noconfig.cmake
[7.809s] -- Up-to-date: /home/g209/workspace/install/game/share/game/cmake/game__rosidl_typesupport_cExport.cmake
[7.810s] -- Up-to-date: /home/g209/workspace/install/game/share/game/cmake/game__rosidl_typesupport_cExport-noconfig.cmake
[7.810s] -- Up-to-date: /home/g209/workspace/install/game/share/game/cmake/export_game__rosidl_generator_cppExport.cmake
[7.810s] -- Up-to-date: /home/g209/workspace/install/game/share/game/cmake/export_game__rosidl_typesupport_fastrtps_cppExport.cmake
[7.811s] -- Up-to-date: /home/g209/workspace/install/game/share/game/cmake/export_game__rosidl_typesupport_fastrtps_cppExport-noconfig.cmake
[7.812s] -- Up-to-date: /home/g209/workspace/install/game/share/game/cmake/game__rosidl_typesupport_introspection_cppExport.cmake
[7.812s] -- Up-to-date: /home/g209/workspace/install/game/share/game/cmake/game__rosidl_typesupport_introspection_cppExport-noconfig.cmake
[7.813s] -- Up-to-date: /home/g209/workspace/install/game/share/game/cmake/game__rosidl_typesupport_cppExport.cmake
[7.813s] -- Up-to-date: /home/g209/workspace/install/game/share/game/cmake/game__rosidl_typesupport_cppExport-noconfig.cmake
[7.813s] -- Up-to-date: /home/g209/workspace/install/game/share/game/cmake/export_game__rosidl_generator_pyExport.cmake
[7.814s] -- Up-to-date: /home/g209/workspace/install/game/share/game/cmake/export_game__rosidl_generator_pyExport-noconfig.cmake
[7.814s] -- Up-to-date: /home/g209/workspace/install/game/share/game/cmake/rosidl_cmake-extras.cmake
[7.814s] -- Up-to-date: /home/g209/workspace/install/game/share/game/cmake/ament_cmake_export_include_directories-extras.cmake
[7.815s] -- Up-to-date: /home/g209/workspace/install/game/share/game/cmake/ament_cmake_export_libraries-extras.cmake
[7.815s] -- Up-to-date: /home/g209/workspace/install/game/share/game/cmake/ament_cmake_export_targets-extras.cmake
[7.815s] -- Up-to-date: /home/g209/workspace/install/game/share/game/cmake/rosidl_cmake_export_typesupport_targets-extras.cmake
[7.815s] -- Up-to-date: /home/g209/workspace/install/game/share/game/cmake/ament_cmake_export_dependencies-extras.cmake
[7.815s] -- Up-to-date: /home/g209/workspace/install/game/share/game/cmake/rosidl_cmake_export_typesupport_libraries-extras.cmake
[7.815s] -- Up-to-date: /home/g209/workspace/install/game/share/game/cmake/gameConfig.cmake
[7.815s] -- Up-to-date: /home/g209/workspace/install/game/share/game/cmake/gameConfig-version.cmake
[7.815s] -- Up-to-date: /home/g209/workspace/install/game/share/game/package.xml
[7.835s] Invoked command in '/home/g209/workspace/build/game' returned '0': CMAKE_PREFIX_PATH=${CMAKE_PREFIX_PATH}:/opt/ros/humble /usr/bin/cmake --install /home/g209/workspace/build/game
