[0.065s] Invoking command in '/home/g209/workspace/build/game': CMAKE_PREFIX_PATH=/opt/ros/humble /usr/bin/cmake --build /home/g209/workspace/build/game -- -j2 -l2
[0.335s] [  9%] Built target game__rosidl_generator_c
[0.352s] [ 12%] Built target game__cpp
[0.411s] [ 12%] Built target ament_cmake_python_copy_game
[0.431s] [ 21%] Built target game__rosidl_typesupport_cpp
[0.478s] [ 30%] Built target game__rosidl_typesupport_fastrtps_c
[0.489s] [ 39%] Built target game__rosidl_typesupport_introspection_c
[0.531s] [ 48%] Built target game__rosidl_typesupport_c
[0.569s] [ 57%] Built target game__rosidl_typesupport_introspection_cpp
[0.570s] [ 66%] Built target game__rosidl_typesupport_fastrtps_cpp
[0.602s] [35m[1mConsolidate compiler generated dependencies of target controller_publisher[0m
[0.654s] [ 69%] [32mBuilding CXX object CMakeFiles/controller_publisher.dir/src/controller_publisher.cpp.o[0m
[0.955s] running egg_info
[0.957s] writing game.egg-info/PKG-INFO
[0.958s] writing dependency_links to game.egg-info/dependency_links.txt
[0.958s] writing top-level names to game.egg-info/top_level.txt
[0.975s] reading manifest file 'game.egg-info/SOURCES.txt'
[0.978s] writing manifest file 'game.egg-info/SOURCES.txt'
[1.035s] [ 69%] Built target ament_cmake_python_build_game_egg
[1.101s] [ 69%] Built target game
[1.152s] [ 72%] Built target game__py
[1.205s] [ 78%] Built target game__rosidl_generator_py
[1.235s] [ 84%] Built target game__rosidl_typesupport_fastrtps_c__pyext
[1.302s] [ 90%] Built target game__rosidl_typesupport_introspection_c__pyext
[1.639s] [ 96%] Built target game__rosidl_typesupport_c__pyext
[8.870s] [100%] [32m[1mLinking CXX executable controller_publisher[0m
[9.330s] [100%] Built target controller_publisher
[9.356s] Invoked command in '/home/g209/workspace/build/game' returned '0': CMAKE_PREFIX_PATH=/opt/ros/humble /usr/bin/cmake --build /home/g209/workspace/build/game -- -j2 -l2
[9.562s] Invoking command in '/home/g209/workspace/build/game': CMAKE_PREFIX_PATH=/opt/ros/humble /usr/bin/cmake --install /home/g209/workspace/build/game
[9.581s] -- Install configuration: ""
[9.584s] -- Up-to-date: /home/g209/workspace/install/game/share/ament_index/resource_index/rosidl_interfaces/game
[9.587s] -- Up-to-date: /home/g209/workspace/install/game/include/game/game
[9.587s] -- Up-to-date: /home/g209/workspace/install/game/include/game/game/msg
[9.588s] -- Up-to-date: /home/g209/workspace/install/game/include/game/game/msg/detail
[9.588s] -- Up-to-date: /home/g209/workspace/install/game/include/game/game/msg/detail/game_state_msg__struct.h
[9.588s] -- Up-to-date: /home/g209/workspace/install/game/include/game/game/msg/detail/game_state_msg__functions.c
[9.588s] -- Up-to-date: /home/g209/workspace/install/game/include/game/game/msg/detail/game_state_msg__functions.h
[9.589s] -- Up-to-date: /home/g209/workspace/install/game/include/game/game/msg/detail/game_state_msg__type_support.h
[9.589s] -- Up-to-date: /home/g209/workspace/install/game/include/game/game/msg/rosidl_generator_c__visibility_control.h
[9.593s] -- Up-to-date: /home/g209/workspace/install/game/include/game/game/msg/game_state_msg.h
[9.593s] -- Up-to-date: /home/g209/workspace/install/game/share/game/environment/library_path.sh
[9.593s] -- Up-to-date: /home/g209/workspace/install/game/share/game/environment/library_path.dsv
[9.593s] -- Up-to-date: /home/g209/workspace/install/game/lib/libgame__rosidl_generator_c.so
[9.593s] -- Up-to-date: /home/g209/workspace/install/game/include/game/game
[9.593s] -- Up-to-date: /home/g209/workspace/install/game/include/game/game/msg
[9.593s] -- Up-to-date: /home/g209/workspace/install/game/include/game/game/msg/detail
[9.593s] -- Up-to-date: /home/g209/workspace/install/game/include/game/game/msg/detail/game_state_msg__rosidl_typesupport_fastrtps_c.h
[9.593s] -- Up-to-date: /home/g209/workspace/install/game/include/game/game/msg/rosidl_typesupport_fastrtps_c__visibility_control.h
[9.593s] -- Up-to-date: /home/g209/workspace/install/game/lib/libgame__rosidl_typesupport_fastrtps_c.so
[9.593s] -- Up-to-date: /home/g209/workspace/install/game/include/game/game
[9.593s] -- Up-to-date: /home/g209/workspace/install/game/include/game/game/msg
[9.593s] -- Up-to-date: /home/g209/workspace/install/game/include/game/game/msg/detail
[9.593s] -- Up-to-date: /home/g209/workspace/install/game/include/game/game/msg/detail/game_state_msg__type_support.c
[9.593s] -- Up-to-date: /home/g209/workspace/install/game/include/game/game/msg/detail/game_state_msg__rosidl_typesupport_introspection_c.h
[9.593s] -- Up-to-date: /home/g209/workspace/install/game/include/game/game/msg/rosidl_typesupport_introspection_c__visibility_control.h
[9.593s] -- Up-to-date: /home/g209/workspace/install/game/lib/libgame__rosidl_typesupport_introspection_c.so
[9.593s] -- Up-to-date: /home/g209/workspace/install/game/lib/libgame__rosidl_typesupport_c.so
[9.593s] -- Up-to-date: /home/g209/workspace/install/game/include/game/game
[9.593s] -- Up-to-date: /home/g209/workspace/install/game/include/game/game/msg
[9.593s] -- Up-to-date: /home/g209/workspace/install/game/include/game/game/msg/detail
[9.593s] -- Up-to-date: /home/g209/workspace/install/game/include/game/game/msg/detail/game_state_msg__traits.hpp
[9.593s] -- Up-to-date: /home/g209/workspace/install/game/include/game/game/msg/detail/game_state_msg__builder.hpp
[9.593s] -- Up-to-date: /home/g209/workspace/install/game/include/game/game/msg/detail/game_state_msg__struct.hpp
[9.593s] -- Up-to-date: /home/g209/workspace/install/game/include/game/game/msg/game_state_msg.hpp
[9.593s] -- Up-to-date: /home/g209/workspace/install/game/include/game/game
[9.593s] -- Up-to-date: /home/g209/workspace/install/game/include/game/game/msg
[9.593s] -- Up-to-date: /home/g209/workspace/install/game/include/game/game/msg/detail
[9.593s] -- Up-to-date: /home/g209/workspace/install/game/include/game/game/msg/detail/game_state_msg__rosidl_typesupport_fastrtps_cpp.hpp
[9.594s] -- Up-to-date: /home/g209/workspace/install/game/include/game/game/msg/detail/dds_fastrtps
[9.594s] -- Up-to-date: /home/g209/workspace/install/game/include/game/game/msg/rosidl_typesupport_fastrtps_cpp__visibility_control.h
[9.594s] -- Up-to-date: /home/g209/workspace/install/game/lib/libgame__rosidl_typesupport_fastrtps_cpp.so
[9.594s] -- Up-to-date: /home/g209/workspace/install/game/include/game/game
[9.594s] -- Up-to-date: /home/g209/workspace/install/game/include/game/game/msg
[9.594s] -- Up-to-date: /home/g209/workspace/install/game/include/game/game/msg/detail
[9.594s] -- Up-to-date: /home/g209/workspace/install/game/include/game/game/msg/detail/game_state_msg__type_support.cpp
[9.594s] -- Up-to-date: /home/g209/workspace/install/game/include/game/game/msg/detail/game_state_msg__rosidl_typesupport_introspection_cpp.hpp
[9.594s] -- Up-to-date: /home/g209/workspace/install/game/lib/libgame__rosidl_typesupport_introspection_cpp.so
[9.595s] -- Up-to-date: /home/g209/workspace/install/game/lib/libgame__rosidl_typesupport_cpp.so
[9.595s] -- Up-to-date: /home/g209/workspace/install/game/share/game/environment/pythonpath.sh
[9.595s] -- Up-to-date: /home/g209/workspace/install/game/share/game/environment/pythonpath.dsv
[9.595s] -- Up-to-date: /home/g209/workspace/install/game/local/lib/python3.10/dist-packages/game-0.0.0-py3.10.egg-info
[9.596s] -- Installing: /home/g209/workspace/install/game/local/lib/python3.10/dist-packages/game-0.0.0-py3.10.egg-info/SOURCES.txt
[9.596s] -- Installing: /home/g209/workspace/install/game/local/lib/python3.10/dist-packages/game-0.0.0-py3.10.egg-info/PKG-INFO
[9.597s] -- Installing: /home/g209/workspace/install/game/local/lib/python3.10/dist-packages/game-0.0.0-py3.10.egg-info/top_level.txt
[9.597s] -- Installing: /home/g209/workspace/install/game/local/lib/python3.10/dist-packages/game-0.0.0-py3.10.egg-info/dependency_links.txt
[9.598s] -- Up-to-date: /home/g209/workspace/install/game/local/lib/python3.10/dist-packages/game
[9.598s] -- Up-to-date: /home/g209/workspace/install/game/local/lib/python3.10/dist-packages/game/_game_s.ep.rosidl_typesupport_introspection_c.c
[9.598s] -- Up-to-date: /home/g209/workspace/install/game/local/lib/python3.10/dist-packages/game/msg
[9.598s] -- Up-to-date: /home/g209/workspace/install/game/local/lib/python3.10/dist-packages/game/msg/__init__.py
[9.598s] -- Up-to-date: /home/g209/workspace/install/game/local/lib/python3.10/dist-packages/game/msg/_game_state_msg.py
[9.598s] -- Up-to-date: /home/g209/workspace/install/game/local/lib/python3.10/dist-packages/game/msg/_game_state_msg_s.c
[9.599s] -- Up-to-date: /home/g209/workspace/install/game/local/lib/python3.10/dist-packages/game/game_s__rosidl_typesupport_introspection_c.cpython-310-x86_64-linux-gnu.so
[9.604s] -- Up-to-date: /home/g209/workspace/install/game/local/lib/python3.10/dist-packages/game/_game_s.ep.rosidl_typesupport_c.c
[9.604s] -- Up-to-date: /home/g209/workspace/install/game/local/lib/python3.10/dist-packages/game/__init__.py
[9.604s] -- Up-to-date: /home/g209/workspace/install/game/local/lib/python3.10/dist-packages/game/game_s__rosidl_typesupport_fastrtps_c.cpython-310-x86_64-linux-gnu.so
[9.604s] -- Up-to-date: /home/g209/workspace/install/game/local/lib/python3.10/dist-packages/game/libgame__rosidl_generator_py.so
[9.604s] -- Up-to-date: /home/g209/workspace/install/game/local/lib/python3.10/dist-packages/game/game_s__rosidl_typesupport_c.cpython-310-x86_64-linux-gnu.so
[9.604s] -- Up-to-date: /home/g209/workspace/install/game/local/lib/python3.10/dist-packages/game/_game_s.ep.rosidl_typesupport_fastrtps_c.c
[9.650s] Listing '/home/g209/workspace/install/game/local/lib/python3.10/dist-packages/game'...
[9.650s] Listing '/home/g209/workspace/install/game/local/lib/python3.10/dist-packages/game/msg'...
[9.657s] -- Up-to-date: /home/g209/workspace/install/game/local/lib/python3.10/dist-packages/game/game_s__rosidl_typesupport_fastrtps_c.cpython-310-x86_64-linux-gnu.so
[9.664s] -- Up-to-date: /home/g209/workspace/install/game/local/lib/python3.10/dist-packages/game/game_s__rosidl_typesupport_introspection_c.cpython-310-x86_64-linux-gnu.so
[9.666s] -- Up-to-date: /home/g209/workspace/install/game/local/lib/python3.10/dist-packages/game/game_s__rosidl_typesupport_c.cpython-310-x86_64-linux-gnu.so
[9.667s] -- Up-to-date: /home/g209/workspace/install/game/lib/libgame__rosidl_generator_py.so
[9.667s] -- Up-to-date: /home/g209/workspace/install/game/share/game/msg/GameStateMsg.idl
[9.667s] -- Up-to-date: /home/g209/workspace/install/game/share/game/msg/GameStateMsg.msg
[9.669s] -- Installing: /home/g209/workspace/install/game/lib/game/controller_publisher
[9.672s] -- Set runtime path of "/home/g209/workspace/install/game/lib/game/controller_publisher" to ""
[9.672s] -- Up-to-date: /home/g209/workspace/install/game/share/ament_index/resource_index/package_run_dependencies/game
[9.672s] -- Up-to-date: /home/g209/workspace/install/game/share/ament_index/resource_index/parent_prefix_path/game
[9.673s] -- Up-to-date: /home/g209/workspace/install/game/share/game/environment/ament_prefix_path.sh
[9.673s] -- Up-to-date: /home/g209/workspace/install/game/share/game/environment/ament_prefix_path.dsv
[9.673s] -- Up-to-date: /home/g209/workspace/install/game/share/game/environment/path.sh
[9.673s] -- Up-to-date: /home/g209/workspace/install/game/share/game/environment/path.dsv
[9.673s] -- Up-to-date: /home/g209/workspace/install/game/share/game/local_setup.bash
[9.673s] -- Up-to-date: /home/g209/workspace/install/game/share/game/local_setup.sh
[9.673s] -- Up-to-date: /home/g209/workspace/install/game/share/game/local_setup.zsh
[9.673s] -- Up-to-date: /home/g209/workspace/install/game/share/game/local_setup.dsv
[9.674s] -- Installing: /home/g209/workspace/install/game/share/game/package.dsv
[9.675s] -- Up-to-date: /home/g209/workspace/install/game/share/ament_index/resource_index/packages/game
[9.679s] -- Up-to-date: /home/g209/workspace/install/game/share/game/cmake/export_game__rosidl_generator_cExport.cmake
[9.679s] -- Up-to-date: /home/g209/workspace/install/game/share/game/cmake/export_game__rosidl_generator_cExport-noconfig.cmake
[9.680s] -- Up-to-date: /home/g209/workspace/install/game/share/game/cmake/export_game__rosidl_typesupport_fastrtps_cExport.cmake
[9.681s] -- Up-to-date: /home/g209/workspace/install/game/share/game/cmake/export_game__rosidl_typesupport_fastrtps_cExport-noconfig.cmake
[9.682s] -- Up-to-date: /home/g209/workspace/install/game/share/game/cmake/game__rosidl_typesupport_introspection_cExport.cmake
[9.682s] -- Up-to-date: /home/g209/workspace/install/game/share/game/cmake/game__rosidl_typesupport_introspection_cExport-noconfig.cmake
[9.683s] -- Up-to-date: /home/g209/workspace/install/game/share/game/cmake/game__rosidl_typesupport_cExport.cmake
[9.683s] -- Up-to-date: /home/g209/workspace/install/game/share/game/cmake/game__rosidl_typesupport_cExport-noconfig.cmake
[9.684s] -- Up-to-date: /home/g209/workspace/install/game/share/game/cmake/export_game__rosidl_generator_cppExport.cmake
[9.685s] -- Up-to-date: /home/g209/workspace/install/game/share/game/cmake/export_game__rosidl_typesupport_fastrtps_cppExport.cmake
[9.685s] -- Up-to-date: /home/g209/workspace/install/game/share/game/cmake/export_game__rosidl_typesupport_fastrtps_cppExport-noconfig.cmake
[9.686s] -- Up-to-date: /home/g209/workspace/install/game/share/game/cmake/game__rosidl_typesupport_introspection_cppExport.cmake
[9.686s] -- Up-to-date: /home/g209/workspace/install/game/share/game/cmake/game__rosidl_typesupport_introspection_cppExport-noconfig.cmake
[9.687s] -- Up-to-date: /home/g209/workspace/install/game/share/game/cmake/game__rosidl_typesupport_cppExport.cmake
[9.687s] -- Up-to-date: /home/g209/workspace/install/game/share/game/cmake/game__rosidl_typesupport_cppExport-noconfig.cmake
[9.688s] -- Up-to-date: /home/g209/workspace/install/game/share/game/cmake/export_game__rosidl_generator_pyExport.cmake
[9.688s] -- Up-to-date: /home/g209/workspace/install/game/share/game/cmake/export_game__rosidl_generator_pyExport-noconfig.cmake
[9.688s] -- Up-to-date: /home/g209/workspace/install/game/share/game/cmake/rosidl_cmake-extras.cmake
[9.689s] -- Up-to-date: /home/g209/workspace/install/game/share/game/cmake/ament_cmake_export_include_directories-extras.cmake
[9.689s] -- Up-to-date: /home/g209/workspace/install/game/share/game/cmake/ament_cmake_export_libraries-extras.cmake
[9.689s] -- Up-to-date: /home/g209/workspace/install/game/share/game/cmake/ament_cmake_export_targets-extras.cmake
[9.689s] -- Up-to-date: /home/g209/workspace/install/game/share/game/cmake/rosidl_cmake_export_typesupport_targets-extras.cmake
[9.689s] -- Up-to-date: /home/g209/workspace/install/game/share/game/cmake/ament_cmake_export_dependencies-extras.cmake
[9.689s] -- Up-to-date: /home/g209/workspace/install/game/share/game/cmake/rosidl_cmake_export_typesupport_libraries-extras.cmake
[9.689s] -- Up-to-date: /home/g209/workspace/install/game/share/game/cmake/gameConfig.cmake
[9.689s] -- Up-to-date: /home/g209/workspace/install/game/share/game/cmake/gameConfig-version.cmake
[9.689s] -- Up-to-date: /home/g209/workspace/install/game/share/game/package.xml
[9.696s] Invoked command in '/home/g209/workspace/build/game' returned '0': CMAKE_PREFIX_PATH=/opt/ros/humble /usr/bin/cmake --install /home/g209/workspace/build/game
