[0.056s] Invoking command in '/home/g209/workspace/build/game': CMAKE_PREFIX_PATH=${CMAKE_PREFIX_PATH}:/opt/ros/humble /usr/bin/cmake --build /home/g209/workspace/build/game -- -j2 -l2
[0.169s] -- Found ament_cmake: 1.3.5 (/opt/ros/humble/share/ament_cmake/cmake)
[0.463s] -- Found rosidl_default_generators: 1.2.0 (/opt/ros/humble/share/rosidl_default_generators/cmake)
[0.472s] -- Using all available rosidl_typesupport_c: rosidl_typesupport_fastrtps_c;rosidl_typesupport_introspection_c
[0.484s] -- Found rosidl_adapter: 3.1.5 (/opt/ros/humble/share/rosidl_adapter/cmake)
[0.572s] -- Using all available rosidl_typesupport_cpp: rosidl_typesupport_fastrtps_cpp;rosidl_typesupport_introspection_cpp
[0.625s] -- Found rclcpp: 16.0.6 (/opt/ros/humble/share/rclcpp/cmake)
[0.781s] -- Found rmw_implementation_cmake: 6.1.1 (/opt/ros/humble/share/rmw_implementation_cmake/cmake)
[0.787s] -- Found rmw_fastrtps_cpp: 6.2.4 (/opt/ros/humble/share/rmw_fastrtps_cpp/cmake)
[0.971s] -- Using RMW implementation 'rmw_fastrtps_cpp' as default
[1.332s] [31mCMake Error at /opt/ros/humble/share/rosidl_adapter/cmake/rosidl_adapt_interfaces.cmake:59 (message):
[1.333s]   execute_process(/usr/bin/python3.10 -m rosidl_adapter --package-name game
[1.333s]   --arguments-file
[1.334s]   /home/g209/workspace/build/game/rosidl_adapter__arguments__game.json
[1.334s]   --output-dir /home/g209/workspace/build/game/rosidl_adapter/game
[1.334s]   --output-file /home/g209/workspace/build/game/rosidl_adapter/game.idls)
[1.334s]   returned error code 1:
[1.334s] 
[1.334s]   Error processing 'int32 FirstPlayerID' of 'game/GameStateMsg':
[1.335s]   ''FirstPlayerID' is an invalid field name.  It should have the pattern
[1.335s]   '^(?!.*__)(?!.*_$)[a-z][a-z0-9_]*$''
[1.335s] 
[1.335s]   Traceback (most recent call last):
[1.335s] 
[1.335s]     File "/usr/lib/python3.10/runpy.py", line 196, in _run_module_as_main
[1.335s]       return _run_code(code, main_globals, None,
[1.335s]     File "/usr/lib/python3.10/runpy.py", line 86, in _run_code
[1.335s]       exec(code, run_globals)
[1.335s]     File "/opt/ros/humble/local/lib/python3.10/dist-packages/rosidl_adapter/__main__.py", line 19, in <module>
[1.335s]       sys.exit(main())
[1.335s]     File "/opt/ros/humble/local/lib/python3.10/dist-packages/rosidl_adapter/main.py", line 53, in main
[1.335s]       abs_idl_file = convert_to_idl(
[1.335s]     File "/opt/ros/humble/local/lib/python3.10/dist-packages/rosidl_adapter/__init__.py", line 19, in convert_to_idl
[1.335s]       return convert_msg_to_idl(
[1.335s]     File "/opt/ros/humble/local/lib/python3.10/dist-packages/rosidl_adapter/msg/__init__.py", line 28, in convert_msg_to_idl
[1.335s]       msg = parse_message_string(package_name, input_file.stem, content)
[1.335s]     File "/opt/ros/humble/local/lib/python3.10/dist-packages/rosidl_adapter/parser.py", line 519, in parse_message_string
[1.335s]       fields.append(Field(
[1.335s]     File "/opt/ros/humble/local/lib/python3.10/dist-packages/rosidl_adapter/parser.py", line 354, in __init__
[1.335s]       raise NameError(
[1.335s] 
[1.335s]   NameError: 'FirstPlayerID' is an invalid field name.  It should have the
[1.335s]   pattern '^(?!.*__)(?!.*_$)[a-z][a-z0-9_]*$'
[1.336s] 
[1.336s] Call Stack (most recent call first):
[1.336s]   /opt/ros/humble/share/rosidl_cmake/cmake/rosidl_generate_interfaces.cmake:130 (rosidl_adapt_interfaces)
[1.336s]   CMakeLists.txt:16 (rosidl_generate_interfaces)
[1.336s] 
[1.336s] [0m
[1.336s] -- Configuring incomplete, errors occurred!
[1.336s] See also "/home/g209/workspace/build/game/CMakeFiles/CMakeOutput.log".
[1.342s] gmake: *** [Makefile:788: cmake_check_build_system] Fehler 1
[1.345s] Invoked command in '/home/g209/workspace/build/game' returned '2': CMAKE_PREFIX_PATH=${CMAKE_PREFIX_PATH}:/opt/ros/humble /usr/bin/cmake --build /home/g209/workspace/build/game -- -j2 -l2
