-- Found ament_cmake: 1.3.5 (/opt/ros/humble/share/ament_cmake/cmake)
-- Found rosidl_default_generators: 1.2.0 (/opt/ros/humble/share/rosidl_default_generators/cmake)
-- Using all available rosidl_typesupport_c: rosidl_typesupport_fastrtps_c;rosidl_typesupport_introspection_c
-- Found rosidl_adapter: 3.1.5 (/opt/ros/humble/share/rosidl_adapter/cmake)
-- Using all available rosidl_typesupport_cpp: rosidl_typesupport_fastrtps_cpp;rosidl_typesupport_introspection_cpp
-- Found rclcpp: 16.0.6 (/opt/ros/humble/share/rclcpp/cmake)
-- Found rmw_implementation_cmake: 6.1.1 (/opt/ros/humble/share/rmw_implementation_cmake/cmake)
-- Found rmw_fastrtps_cpp: 6.2.4 (/opt/ros/humble/share/rmw_fastrtps_cpp/cmake)
-- Using RMW implementation 'rmw_fastrtps_cpp' as default
-- Found ament_cmake_ros: 0.10.0 (/opt/ros/humble/share/ament_cmake_ros/cmake)
-- Using all available rosidl_typesupport_c: rosidl_typesupport_fastrtps_c;rosidl_typesupport_introspection_c
-- Using all available rosidl_typesupport_cpp: rosidl_typesupport_fastrtps_cpp;rosidl_typesupport_introspection_cpp
-- Found python_cmake_module: 0.10.0 (/opt/ros/humble/share/python_cmake_module/cmake)
-- Using PYTHON_EXECUTABLE: /usr/bin/python3
-- Using PYTHON_INCLUDE_DIRS: /usr/include/python3.10
-- Using PYTHON_LIBRARIES: /usr/lib/x86_64-linux-gnu/libpython3.10.so
-- Found ament_lint_auto: 0.12.8 (/opt/ros/humble/share/ament_lint_auto/cmake)
-- Added test 'cppcheck' to perform static code analysis on C / C++ code
-- Configured cppcheck include dirs: 
-- Configured cppcheck exclude dirs and/or files: 
-- Added test 'flake8' to check Python code syntax and style conventions
-- Added test 'lint_cmake' to check CMake code style
-- Added test 'pep257' to check Python code against some of the docstring style conventions in PEP 257
-- Added test 'uncrustify' to check C / C++ code style
-- Configured uncrustify additional arguments: 
-- Added test 'xmllint' to check XML markup files
-- Configuring done
-- Generating done
-- Build files have been written to: /home/g209/workspace/build/game
[  3%] [34m[1mGenerating C code for ROS interfaces[0m
[  6%] [34m[1mGenerating C++ code for ROS interfaces[0m
[35m[1mConsolidate compiler generated dependencies of target game__rosidl_generator_c[0m
[  9%] [32mBuilding C object CMakeFiles/game__rosidl_generator_c.dir/rosidl_generator_c/game/msg/detail/game_state_msg__functions.c.o[0m
[  9%] Built target game__cpp
[  9%] Built target ament_cmake_python_copy_game
[ 12%] [34m[1mGenerating C++ type support dispatch for ROS interfaces[0m
[ 15%] [32m[1mLinking C shared library libgame__rosidl_generator_c.so[0m
[ 15%] Built target game__rosidl_generator_c
[ 18%] [34m[1mGenerating C++ type support for eProsima Fast-RTPS[0m
[35m[1mConsolidate compiler generated dependencies of target game__rosidl_typesupport_cpp[0m
[ 21%] [32mBuilding CXX object CMakeFiles/game__rosidl_typesupport_cpp.dir/rosidl_typesupport_cpp/game/msg/game_state_msg__type_support.cpp.o[0m
[35m[1mConsolidate compiler generated dependencies of target game__rosidl_typesupport_fastrtps_cpp[0m
[ 24%] [32m[1mLinking CXX shared library libgame__rosidl_typesupport_cpp.so[0m
[ 27%] [32mBuilding CXX object CMakeFiles/game__rosidl_typesupport_fastrtps_cpp.dir/rosidl_typesupport_fastrtps_cpp/game/msg/detail/dds_fastrtps/game_state_msg__type_support.cpp.o[0m
[ 27%] Built target game__rosidl_typesupport_cpp
[ 30%] [34m[1mGenerating C++ introspection for ROS interfaces[0m
[ 33%] [32m[1mLinking CXX shared library libgame__rosidl_typesupport_fastrtps_cpp.so[0m
[35m[1mConsolidate compiler generated dependencies of target game__rosidl_typesupport_introspection_cpp[0m
[ 33%] Built target game__rosidl_typesupport_fastrtps_cpp
[ 36%] [32mBuilding CXX object CMakeFiles/game__rosidl_typesupport_introspection_cpp.dir/rosidl_typesupport_introspection_cpp/game/msg/detail/game_state_msg__type_support.cpp.o[0m
running egg_info
writing game.egg-info/PKG-INFO
writing dependency_links to game.egg-info/dependency_links.txt
writing top-level names to game.egg-info/top_level.txt
reading manifest file 'game.egg-info/SOURCES.txt'
writing manifest file 'game.egg-info/SOURCES.txt'
[ 36%] Built target ament_cmake_python_build_game_egg
[ 39%] [32m[1mLinking CXX shared library libgame__rosidl_typesupport_introspection_cpp.so[0m
[35m[1mConsolidate compiler generated dependencies of target controller_publisher[0m
[ 42%] [32mBuilding CXX object CMakeFiles/controller_publisher.dir/src/controller_publisher.cpp.o[0m
[ 45%] [32m[1mLinking CXX executable controller_publisher[0m
[ 45%] Built target game__rosidl_typesupport_introspection_cpp
[ 48%] [34m[1mGenerating C type support for eProsima Fast-RTPS[0m
[35m[1mConsolidate compiler generated dependencies of target game__rosidl_typesupport_fastrtps_c[0m
[ 51%] [32mBuilding CXX object CMakeFiles/game__rosidl_typesupport_fastrtps_c.dir/rosidl_typesupport_fastrtps_c/game/msg/detail/game_state_msg__type_support_c.cpp.o[0m
[ 54%] [32m[1mLinking CXX shared library libgame__rosidl_typesupport_fastrtps_c.so[0m
[ 54%] Built target game__rosidl_typesupport_fastrtps_c
