[0.080s] Invoking command in '/home/g209/workspace/build/game': CMAKE_PREFIX_PATH=${CMAKE_PREFIX_PATH}:/opt/ros/humble /usr/bin/cmake --build /home/g209/workspace/build/game -- -j2 -l2
[0.088s] -- Found ament_cmake: 1.3.5 (/opt/ros/humble/share/ament_cmake/cmake)
[0.270s] -- Found rosidl_default_generators: 1.2.0 (/opt/ros/humble/share/rosidl_default_generators/cmake)
[0.273s] -- Using all available rosidl_typesupport_c: rosidl_typesupport_fastrtps_c;rosidl_typesupport_introspection_c
[0.275s] -- Found rosidl_adapter: 3.1.5 (/opt/ros/humble/share/rosidl_adapter/cmake)
[0.298s] -- Using all available rosidl_typesupport_cpp: rosidl_typesupport_fastrtps_cpp;rosidl_typesupport_introspection_cpp
[0.324s] -- Found rclcpp: 16.0.6 (/opt/ros/humble/share/rclcpp/cmake)
[0.396s] -- Found rmw_implementation_cmake: 6.1.1 (/opt/ros/humble/share/rmw_implementation_cmake/cmake)
[0.398s] -- Found rmw_fastrtps_cpp: 6.2.4 (/opt/ros/humble/share/rmw_fastrtps_cpp/cmake)
[0.486s] -- Using RMW implementation 'rmw_fastrtps_cpp' as default
[0.913s] -- Found ament_cmake_ros: 0.10.0 (/opt/ros/humble/share/ament_cmake_ros/cmake)
[1.082s] -- Using all available rosidl_typesupport_c: rosidl_typesupport_fastrtps_c;rosidl_typesupport_introspection_c
[1.292s] -- Using all available rosidl_typesupport_cpp: rosidl_typesupport_fastrtps_cpp;rosidl_typesupport_introspection_cpp
[1.313s] -- Found python_cmake_module: 0.10.0 (/opt/ros/humble/share/python_cmake_module/cmake)
[1.351s] -- Using PYTHON_EXECUTABLE: /usr/bin/python3
[1.353s] -- Using PYTHON_INCLUDE_DIRS: /usr/include/python3.10
[1.360s] -- Using PYTHON_LIBRARIES: /usr/lib/x86_64-linux-gnu/libpython3.10.so
[1.369s] -- Found ament_lint_auto: 0.12.8 (/opt/ros/humble/share/ament_lint_auto/cmake)
[1.415s] -- Added test 'cppcheck' to perform static code analysis on C / C++ code
[1.416s] -- Configured cppcheck include dirs: 
[1.416s] -- Configured cppcheck exclude dirs and/or files: 
[1.418s] -- Added test 'flake8' to check Python code syntax and style conventions
[1.421s] -- Added test 'lint_cmake' to check CMake code style
[1.424s] -- Added test 'pep257' to check Python code against some of the docstring style conventions in PEP 257
[1.433s] -- Added test 'uncrustify' to check C / C++ code style
[1.434s] -- Configured uncrustify additional arguments: 
[1.436s] -- Added test 'xmllint' to check XML markup files
[1.464s] -- Configuring done
[1.535s] -- Generating done
[1.550s] -- Build files have been written to: /home/g209/workspace/build/game
[1.594s] [  3%] [34m[1mGenerating C code for ROS interfaces[0m
[1.599s] [  6%] [34m[1mGenerating C++ code for ROS interfaces[0m
[1.916s] [35m[1mConsolidate compiler generated dependencies of target game__rosidl_generator_c[0m
[1.944s] [  9%] [32mBuilding C object CMakeFiles/game__rosidl_generator_c.dir/rosidl_generator_c/game/msg/detail/game_state_msg__functions.c.o[0m
[1.961s] [  9%] Built target game__cpp
[2.016s] [  9%] Built target ament_cmake_python_copy_game
[2.031s] [ 12%] [34m[1mGenerating C++ type support dispatch for ROS interfaces[0m
[2.070s] [ 15%] [32m[1mLinking C shared library libgame__rosidl_generator_c.so[0m
[2.144s] [ 15%] Built target game__rosidl_generator_c
[2.161s] [ 18%] [34m[1mGenerating C++ type support for eProsima Fast-RTPS[0m
[2.294s] [35m[1mConsolidate compiler generated dependencies of target game__rosidl_typesupport_cpp[0m
[2.311s] [ 21%] [32mBuilding CXX object CMakeFiles/game__rosidl_typesupport_cpp.dir/rosidl_typesupport_cpp/game/msg/game_state_msg__type_support.cpp.o[0m
[2.631s] [35m[1mConsolidate compiler generated dependencies of target game__rosidl_typesupport_fastrtps_cpp[0m
[2.642s] [ 24%] [32m[1mLinking CXX shared library libgame__rosidl_typesupport_cpp.so[0m
[2.670s] [ 27%] [32mBuilding CXX object CMakeFiles/game__rosidl_typesupport_fastrtps_cpp.dir/rosidl_typesupport_fastrtps_cpp/game/msg/detail/dds_fastrtps/game_state_msg__type_support.cpp.o[0m
[2.714s] [ 27%] Built target game__rosidl_typesupport_cpp
[2.732s] [ 30%] [34m[1mGenerating C++ introspection for ROS interfaces[0m
[3.152s] [ 33%] [32m[1mLinking CXX shared library libgame__rosidl_typesupport_fastrtps_cpp.so[0m
[3.253s] [35m[1mConsolidate compiler generated dependencies of target game__rosidl_typesupport_introspection_cpp[0m
[3.276s] [ 33%] Built target game__rosidl_typesupport_fastrtps_cpp
[3.328s] [ 36%] [32mBuilding CXX object CMakeFiles/game__rosidl_typesupport_introspection_cpp.dir/rosidl_typesupport_introspection_cpp/game/msg/detail/game_state_msg__type_support.cpp.o[0m
[3.774s] running egg_info
[3.779s] writing game.egg-info/PKG-INFO
[3.782s] writing dependency_links to game.egg-info/dependency_links.txt
[3.782s] writing top-level names to game.egg-info/top_level.txt
[3.789s] reading manifest file 'game.egg-info/SOURCES.txt'
[3.789s] writing manifest file 'game.egg-info/SOURCES.txt'
[3.847s] [ 36%] Built target ament_cmake_python_build_game_egg
[3.872s] [ 39%] [32m[1mLinking CXX shared library libgame__rosidl_typesupport_introspection_cpp.so[0m
[3.875s] [35m[1mConsolidate compiler generated dependencies of target controller_publisher[0m
[3.965s] [ 42%] [32mBuilding CXX object CMakeFiles/controller_publisher.dir/src/controller_publisher.cpp.o[0m
[3.994s] [ 45%] [32m[1mLinking CXX executable controller_publisher[0m
[4.016s] [ 45%] Built target game__rosidl_typesupport_introspection_cpp
[4.051s] [ 48%] [34m[1mGenerating C type support for eProsima Fast-RTPS[0m
[4.105s] /usr/bin/ld: /usr/lib/gcc/x86_64-linux-gnu/11/../../../x86_64-linux-gnu/Scrt1.o: in function `_start':
[4.105s] (.text+0x1b): undefined reference to `main'
[4.125s] collect2: error: ld returned 1 exit status
[4.128s] gmake[2]: *** [CMakeFiles/controller_publisher.dir/build.make:152: controller_publisher] Fehler 1
[4.128s] gmake[1]: *** [CMakeFiles/Makefile2:593: CMakeFiles/controller_publisher.dir/all] Fehler 2
[4.128s] gmake[1]: *** Auf noch nicht beendete Prozesse wird gewartet …
[4.400s] [35m[1mConsolidate compiler generated dependencies of target game__rosidl_typesupport_fastrtps_c[0m
[4.444s] [ 51%] [32mBuilding CXX object CMakeFiles/game__rosidl_typesupport_fastrtps_c.dir/rosidl_typesupport_fastrtps_c/game/msg/detail/game_state_msg__type_support_c.cpp.o[0m
[4.804s] [ 54%] [32m[1mLinking CXX shared library libgame__rosidl_typesupport_fastrtps_c.so[0m
[5.026s] [ 54%] Built target game__rosidl_typesupport_fastrtps_c
[5.032s] gmake: *** [Makefile:146: all] Fehler 2
[5.033s] Invoked command in '/home/g209/workspace/build/game' returned '2': CMAKE_PREFIX_PATH=${CMAKE_PREFIX_PATH}:/opt/ros/humble /usr/bin/cmake --build /home/g209/workspace/build/game -- -j2 -l2
