[0.098s] Invoking command in '/home/g209/workspace/build/game': CMAKE_PREFIX_PATH=${CMAKE_PREFIX_PATH}:/opt/ros/humble /usr/bin/cmake --build /home/g209/workspace/build/game -- -j2 -l2
[0.209s] [  3%] Built target game__cpp
[0.213s] [ 12%] Built target game__rosidl_generator_c
[0.284s] [ 12%] Built target ament_cmake_python_copy_game
[0.295s] [ 21%] Built target game__rosidl_typesupport_cpp
[0.324s] [ 30%] Built target game__rosidl_typesupport_fastrtps_c
[0.347s] [ 39%] Built target game__rosidl_typesupport_c
[0.347s] [ 48%] Built target game__rosidl_typesupport_introspection_c
[0.383s] [ 57%] Built target game__rosidl_typesupport_fastrtps_cpp
[0.393s] [ 66%] Built target game__rosidl_typesupport_introspection_cpp
[0.410s] [35m[1mConsolidate compiler generated dependencies of target controller_publisher[0m
[0.477s] [ 69%] [32mBuilding CXX object CMakeFiles/controller_publisher.dir/src/controller_publisher.cpp.o[0m
[0.584s] running egg_info
[0.584s] writing game.egg-info/PKG-INFO
[0.584s] writing dependency_links to game.egg-info/dependency_links.txt
[0.584s] writing top-level names to game.egg-info/top_level.txt
[0.585s] reading manifest file 'game.egg-info/SOURCES.txt'
[0.586s] writing manifest file 'game.egg-info/SOURCES.txt'
[0.631s] [ 69%] Built target ament_cmake_python_build_game_egg
[0.652s] [ 69%] Built target game
[0.679s] [ 72%] Built target game__py
[0.702s] [ 78%] Built target game__rosidl_generator_py
[0.743s] [ 84%] Built target game__rosidl_typesupport_fastrtps_c__pyext
[0.771s] [ 90%] Built target game__rosidl_typesupport_introspection_c__pyext
[1.369s] [ 96%] Built target game__rosidl_typesupport_c__pyext
[3.067s] [100%] [32m[1mLinking CXX executable controller_publisher[0m
[3.204s] [100%] Built target controller_publisher
[3.215s] Invoked command in '/home/g209/workspace/build/game' returned '0': CMAKE_PREFIX_PATH=${CMAKE_PREFIX_PATH}:/opt/ros/humble /usr/bin/cmake --build /home/g209/workspace/build/game -- -j2 -l2
[3.400s] Invoking command in '/home/g209/workspace/build/game': CMAKE_PREFIX_PATH=${CMAKE_PREFIX_PATH}:/opt/ros/humble /usr/bin/cmake --install /home/g209/workspace/build/game
[3.409s] -- Install configuration: ""
[3.409s] -- Up-to-date: /home/g209/workspace/install/game/share/ament_index/resource_index/rosidl_interfaces/game
[3.410s] -- Up-to-date: /home/g209/workspace/install/game/include/game/game
[3.410s] -- Up-to-date: /home/g209/workspace/install/game/include/game/game/msg
[3.410s] -- Up-to-date: /home/g209/workspace/install/game/include/game/game/msg/detail
[3.410s] -- Up-to-date: /home/g209/workspace/install/game/include/game/game/msg/detail/game_state_msg__struct.h
[3.410s] -- Up-to-date: /home/g209/workspace/install/game/include/game/game/msg/detail/game_state_msg__functions.c
[3.410s] -- Up-to-date: /home/g209/workspace/install/game/include/game/game/msg/detail/game_state_msg__functions.h
[3.410s] -- Up-to-date: /home/g209/workspace/install/game/include/game/game/msg/detail/game_state_msg__type_support.h
[3.410s] -- Up-to-date: /home/g209/workspace/install/game/include/game/game/msg/rosidl_generator_c__visibility_control.h
[3.410s] -- Up-to-date: /home/g209/workspace/install/game/include/game/game/msg/game_state_msg.h
[3.419s] -- Up-to-date: /home/g209/workspace/install/game/share/game/environment/library_path.sh
[3.419s] -- Up-to-date: /home/g209/workspace/install/game/share/game/environment/library_path.dsv
[3.419s] -- Up-to-date: /home/g209/workspace/install/game/lib/libgame__rosidl_generator_c.so
[3.419s] -- Up-to-date: /home/g209/workspace/install/game/include/game/game
[3.419s] -- Up-to-date: /home/g209/workspace/install/game/include/game/game/msg
[3.419s] -- Up-to-date: /home/g209/workspace/install/game/include/game/game/msg/detail
[3.419s] -- Up-to-date: /home/g209/workspace/install/game/include/game/game/msg/detail/game_state_msg__rosidl_typesupport_fastrtps_c.h
[3.419s] -- Up-to-date: /home/g209/workspace/install/game/include/game/game/msg/rosidl_typesupport_fastrtps_c__visibility_control.h
[3.419s] -- Up-to-date: /home/g209/workspace/install/game/lib/libgame__rosidl_typesupport_fastrtps_c.so
[3.419s] -- Up-to-date: /home/g209/workspace/install/game/include/game/game
[3.419s] -- Up-to-date: /home/g209/workspace/install/game/include/game/game/msg
[3.419s] -- Up-to-date: /home/g209/workspace/install/game/include/game/game/msg/detail
[3.419s] -- Up-to-date: /home/g209/workspace/install/game/include/game/game/msg/detail/game_state_msg__type_support.c
[3.419s] -- Up-to-date: /home/g209/workspace/install/game/include/game/game/msg/detail/game_state_msg__rosidl_typesupport_introspection_c.h
[3.419s] -- Up-to-date: /home/g209/workspace/install/game/include/game/game/msg/rosidl_typesupport_introspection_c__visibility_control.h
[3.419s] -- Up-to-date: /home/g209/workspace/install/game/lib/libgame__rosidl_typesupport_introspection_c.so
[3.419s] -- Up-to-date: /home/g209/workspace/install/game/lib/libgame__rosidl_typesupport_c.so
[3.419s] -- Up-to-date: /home/g209/workspace/install/game/include/game/game
[3.419s] -- Up-to-date: /home/g209/workspace/install/game/include/game/game/msg
[3.419s] -- Up-to-date: /home/g209/workspace/install/game/include/game/game/msg/detail
[3.419s] -- Up-to-date: /home/g209/workspace/install/game/include/game/game/msg/detail/game_state_msg__traits.hpp
[3.419s] -- Up-to-date: /home/g209/workspace/install/game/include/game/game/msg/detail/game_state_msg__builder.hpp
[3.419s] -- Up-to-date: /home/g209/workspace/install/game/include/game/game/msg/detail/game_state_msg__struct.hpp
[3.419s] -- Up-to-date: /home/g209/workspace/install/game/include/game/game/msg/game_state_msg.hpp
[3.419s] -- Up-to-date: /home/g209/workspace/install/game/include/game/game
[3.419s] -- Up-to-date: /home/g209/workspace/install/game/include/game/game/msg
[3.419s] -- Up-to-date: /home/g209/workspace/install/game/include/game/game/msg/detail
[3.419s] -- Up-to-date: /home/g209/workspace/install/game/include/game/game/msg/detail/game_state_msg__rosidl_typesupport_fastrtps_cpp.hpp
[3.419s] -- Up-to-date: /home/g209/workspace/install/game/include/game/game/msg/detail/dds_fastrtps
[3.420s] -- Up-to-date: /home/g209/workspace/install/game/include/game/game/msg/rosidl_typesupport_fastrtps_cpp__visibility_control.h
[3.420s] -- Up-to-date: /home/g209/workspace/install/game/lib/libgame__rosidl_typesupport_fastrtps_cpp.so
[3.420s] -- Up-to-date: /home/g209/workspace/install/game/include/game/game
[3.420s] -- Up-to-date: /home/g209/workspace/install/game/include/game/game/msg
[3.420s] -- Up-to-date: /home/g209/workspace/install/game/include/game/game/msg/detail
[3.420s] -- Up-to-date: /home/g209/workspace/install/game/include/game/game/msg/detail/game_state_msg__type_support.cpp
[3.420s] -- Up-to-date: /home/g209/workspace/install/game/include/game/game/msg/detail/game_state_msg__rosidl_typesupport_introspection_cpp.hpp
[3.420s] -- Up-to-date: /home/g209/workspace/install/game/lib/libgame__rosidl_typesupport_introspection_cpp.so
[3.420s] -- Up-to-date: /home/g209/workspace/install/game/lib/libgame__rosidl_typesupport_cpp.so
[3.420s] -- Up-to-date: /home/g209/workspace/install/game/share/game/environment/pythonpath.sh
[3.420s] -- Up-to-date: /home/g209/workspace/install/game/share/game/environment/pythonpath.dsv
[3.420s] -- Up-to-date: /home/g209/workspace/install/game/local/lib/python3.10/dist-packages/game-0.0.0-py3.10.egg-info
[3.420s] -- Installing: /home/g209/workspace/install/game/local/lib/python3.10/dist-packages/game-0.0.0-py3.10.egg-info/SOURCES.txt
[3.420s] -- Installing: /home/g209/workspace/install/game/local/lib/python3.10/dist-packages/game-0.0.0-py3.10.egg-info/PKG-INFO
[3.420s] -- Installing: /home/g209/workspace/install/game/local/lib/python3.10/dist-packages/game-0.0.0-py3.10.egg-info/top_level.txt
[3.420s] -- Installing: /home/g209/workspace/install/game/local/lib/python3.10/dist-packages/game-0.0.0-py3.10.egg-info/dependency_links.txt
[3.420s] -- Up-to-date: /home/g209/workspace/install/game/local/lib/python3.10/dist-packages/game
[3.420s] -- Up-to-date: /home/g209/workspace/install/game/local/lib/python3.10/dist-packages/game/_game_s.ep.rosidl_typesupport_introspection_c.c
[3.420s] -- Up-to-date: /home/g209/workspace/install/game/local/lib/python3.10/dist-packages/game/msg
[3.420s] -- Up-to-date: /home/g209/workspace/install/game/local/lib/python3.10/dist-packages/game/msg/__init__.py
[3.420s] -- Up-to-date: /home/g209/workspace/install/game/local/lib/python3.10/dist-packages/game/msg/_game_state_msg.py
[3.420s] -- Up-to-date: /home/g209/workspace/install/game/local/lib/python3.10/dist-packages/game/msg/_game_state_msg_s.c
[3.420s] -- Up-to-date: /home/g209/workspace/install/game/local/lib/python3.10/dist-packages/game/game_s__rosidl_typesupport_introspection_c.cpython-310-x86_64-linux-gnu.so
[3.420s] -- Up-to-date: /home/g209/workspace/install/game/local/lib/python3.10/dist-packages/game/_game_s.ep.rosidl_typesupport_c.c
[3.420s] -- Up-to-date: /home/g209/workspace/install/game/local/lib/python3.10/dist-packages/game/__init__.py
[3.420s] -- Up-to-date: /home/g209/workspace/install/game/local/lib/python3.10/dist-packages/game/game_s__rosidl_typesupport_fastrtps_c.cpython-310-x86_64-linux-gnu.so
[3.420s] -- Up-to-date: /home/g209/workspace/install/game/local/lib/python3.10/dist-packages/game/libgame__rosidl_generator_py.so
[3.420s] -- Up-to-date: /home/g209/workspace/install/game/local/lib/python3.10/dist-packages/game/game_s__rosidl_typesupport_c.cpython-310-x86_64-linux-gnu.so
[3.420s] -- Up-to-date: /home/g209/workspace/install/game/local/lib/python3.10/dist-packages/game/_game_s.ep.rosidl_typesupport_fastrtps_c.c
[3.443s] Listing '/home/g209/workspace/install/game/local/lib/python3.10/dist-packages/game'...
[3.443s] Listing '/home/g209/workspace/install/game/local/lib/python3.10/dist-packages/game/msg'...
[3.446s] -- Up-to-date: /home/g209/workspace/install/game/local/lib/python3.10/dist-packages/game/game_s__rosidl_typesupport_fastrtps_c.cpython-310-x86_64-linux-gnu.so
[3.446s] -- Up-to-date: /home/g209/workspace/install/game/local/lib/python3.10/dist-packages/game/game_s__rosidl_typesupport_introspection_c.cpython-310-x86_64-linux-gnu.so
[3.446s] -- Up-to-date: /home/g209/workspace/install/game/local/lib/python3.10/dist-packages/game/game_s__rosidl_typesupport_c.cpython-310-x86_64-linux-gnu.so
[3.446s] -- Up-to-date: /home/g209/workspace/install/game/lib/libgame__rosidl_generator_py.so
[3.446s] -- Up-to-date: /home/g209/workspace/install/game/share/game/msg/GameStateMsg.idl
[3.446s] -- Up-to-date: /home/g209/workspace/install/game/share/game/msg/GameStateMsg.msg
[3.446s] -- Installing: /home/g209/workspace/install/game/lib/game/controller_publisher
[3.447s] -- Set runtime path of "/home/g209/workspace/install/game/lib/game/controller_publisher" to ""
[3.447s] -- Up-to-date: /home/g209/workspace/install/game/share/ament_index/resource_index/package_run_dependencies/game
[3.447s] -- Up-to-date: /home/g209/workspace/install/game/share/ament_index/resource_index/parent_prefix_path/game
[3.447s] -- Up-to-date: /home/g209/workspace/install/game/share/game/environment/ament_prefix_path.sh
[3.447s] -- Up-to-date: /home/g209/workspace/install/game/share/game/environment/ament_prefix_path.dsv
[3.447s] -- Up-to-date: /home/g209/workspace/install/game/share/game/environment/path.sh
[3.447s] -- Up-to-date: /home/g209/workspace/install/game/share/game/environment/path.dsv
[3.447s] -- Up-to-date: /home/g209/workspace/install/game/share/game/local_setup.bash
[3.448s] -- Up-to-date: /home/g209/workspace/install/game/share/game/local_setup.sh
[3.448s] -- Up-to-date: /home/g209/workspace/install/game/share/game/local_setup.zsh
[3.448s] -- Up-to-date: /home/g209/workspace/install/game/share/game/local_setup.dsv
[3.448s] -- Installing: /home/g209/workspace/install/game/share/game/package.dsv
[3.448s] -- Up-to-date: /home/g209/workspace/install/game/share/ament_index/resource_index/packages/game
[3.448s] -- Up-to-date: /home/g209/workspace/install/game/share/game/cmake/export_game__rosidl_generator_cExport.cmake
[3.448s] -- Up-to-date: /home/g209/workspace/install/game/share/game/cmake/export_game__rosidl_generator_cExport-noconfig.cmake
[3.449s] -- Up-to-date: /home/g209/workspace/install/game/share/game/cmake/export_game__rosidl_typesupport_fastrtps_cExport.cmake
[3.449s] -- Up-to-date: /home/g209/workspace/install/game/share/game/cmake/export_game__rosidl_typesupport_fastrtps_cExport-noconfig.cmake
[3.449s] -- Up-to-date: /home/g209/workspace/install/game/share/game/cmake/game__rosidl_typesupport_introspection_cExport.cmake
[3.449s] -- Up-to-date: /home/g209/workspace/install/game/share/game/cmake/game__rosidl_typesupport_introspection_cExport-noconfig.cmake
[3.449s] -- Up-to-date: /home/g209/workspace/install/game/share/game/cmake/game__rosidl_typesupport_cExport.cmake
[3.449s] -- Up-to-date: /home/g209/workspace/install/game/share/game/cmake/game__rosidl_typesupport_cExport-noconfig.cmake
[3.449s] -- Up-to-date: /home/g209/workspace/install/game/share/game/cmake/export_game__rosidl_generator_cppExport.cmake
[3.449s] -- Up-to-date: /home/g209/workspace/install/game/share/game/cmake/export_game__rosidl_typesupport_fastrtps_cppExport.cmake
[3.449s] -- Up-to-date: /home/g209/workspace/install/game/share/game/cmake/export_game__rosidl_typesupport_fastrtps_cppExport-noconfig.cmake
[3.449s] -- Up-to-date: /home/g209/workspace/install/game/share/game/cmake/game__rosidl_typesupport_introspection_cppExport.cmake
[3.449s] -- Up-to-date: /home/g209/workspace/install/game/share/game/cmake/game__rosidl_typesupport_introspection_cppExport-noconfig.cmake
[3.449s] -- Up-to-date: /home/g209/workspace/install/game/share/game/cmake/game__rosidl_typesupport_cppExport.cmake
[3.449s] -- Up-to-date: /home/g209/workspace/install/game/share/game/cmake/game__rosidl_typesupport_cppExport-noconfig.cmake
[3.450s] -- Up-to-date: /home/g209/workspace/install/game/share/game/cmake/export_game__rosidl_generator_pyExport.cmake
[3.450s] -- Up-to-date: /home/g209/workspace/install/game/share/game/cmake/export_game__rosidl_generator_pyExport-noconfig.cmake
[3.451s] -- Up-to-date: /home/g209/workspace/install/game/share/game/cmake/rosidl_cmake-extras.cmake
[3.451s] -- Up-to-date: /home/g209/workspace/install/game/share/game/cmake/ament_cmake_export_include_directories-extras.cmake
[3.451s] -- Up-to-date: /home/g209/workspace/install/game/share/game/cmake/ament_cmake_export_libraries-extras.cmake
[3.451s] -- Up-to-date: /home/g209/workspace/install/game/share/game/cmake/ament_cmake_export_targets-extras.cmake
[3.451s] -- Up-to-date: /home/g209/workspace/install/game/share/game/cmake/rosidl_cmake_export_typesupport_targets-extras.cmake
[3.451s] -- Up-to-date: /home/g209/workspace/install/game/share/game/cmake/ament_cmake_export_dependencies-extras.cmake
[3.469s] -- Up-to-date: /home/g209/workspace/install/game/share/game/cmake/rosidl_cmake_export_typesupport_libraries-extras.cmake
[3.469s] -- Up-to-date: /home/g209/workspace/install/game/share/game/cmake/gameConfig.cmake
[3.472s] -- Up-to-date: /home/g209/workspace/install/game/share/game/cmake/gameConfig-version.cmake
[3.476s] -- Up-to-date: /home/g209/workspace/install/game/share/game/package.xml
[3.476s] Invoked command in '/home/g209/workspace/build/game' returned '0': CMAKE_PREFIX_PATH=${CMAKE_PREFIX_PATH}:/opt/ros/humble /usr/bin/cmake --install /home/g209/workspace/build/game
