[0.080s] Invoking command in '/home/g209/Spicy-Snakes-and-Ladders/build/snakes_and_ladders': /usr/bin/cmake --build /home/g209/Spicy-Snakes-and-Ladders/build/snakes_and_ladders -- -j2 -l2
[0.099s] -- Found ament_cmake: 1.3.5 (/opt/ros/humble/share/ament_cmake/cmake)
[0.252s] -- Found rosidl_default_generators: 1.2.0 (/opt/ros/humble/share/rosidl_default_generators/cmake)
[0.255s] -- Using all available rosidl_typesupport_c: rosidl_typesupport_fastrtps_c;rosidl_typesupport_introspection_c
[0.257s] -- Found rosidl_adapter: 3.1.5 (/opt/ros/humble/share/rosidl_adapter/cmake)
[0.298s] -- Using all available rosidl_typesupport_cpp: rosidl_typesupport_fastrtps_cpp;rosidl_typesupport_introspection_cpp
[0.316s] -- Found rclcpp: 16.0.6 (/opt/ros/humble/share/rclcpp/cmake)
[0.360s] -- Found rmw_implementation_cmake: 6.1.1 (/opt/ros/humble/share/rmw_implementation_cmake/cmake)
[0.361s] -- Found rmw_fastrtps_cpp: 6.2.4 (/opt/ros/humble/share/rmw_fastrtps_cpp/cmake)
[0.469s] -- Using RMW implementation 'rmw_fastrtps_cpp' as default
[0.575s] [31mCMake Error at /opt/ros/humble/share/rosidl_cmake/cmake/rosidl_generate_interfaces.cmake:59 (message):
[0.577s]   rosidl_generate_interfaces() called without any interface files
[0.577s] Call Stack (most recent call first):
[0.578s]   CMakeLists.txt:14 (rosidl_generate_interfaces)
[0.578s] 
[0.578s] [0m
[0.578s] -- Configuring incomplete, errors occurred!
[0.578s] See also "/home/g209/Spicy-Snakes-and-Ladders/build/snakes_and_ladders/CMakeFiles/CMakeOutput.log".
[0.580s] gmake: *** [Makefile:226: cmake_check_build_system] Fehler 1
[0.584s] Invoked command in '/home/g209/Spicy-Snakes-and-Ladders/build/snakes_and_ladders' returned '2': /usr/bin/cmake --build /home/g209/Spicy-Snakes-and-Ladders/build/snakes_and_ladders -- -j2 -l2
