-- The C compiler identification is GNU 11.4.0
-- The CXX compiler identification is GNU 11.4.0
-- Detecting C compiler ABI info
-- Detecting C compiler ABI info - done
-- Check for working C compiler: /usr/bin/cc - skipped
-- Detecting C compile features
-- Detecting C compile features - done
-- Detecting CXX compiler ABI info
-- Detecting CXX compiler ABI info - done
-- Check for working CXX compiler: /usr/bin/c++ - skipped
-- Detecting CXX compile features
-- Detecting CXX compile features - done
-- Found ament_cmake: 1.3.5 (/opt/ros/humble/share/ament_cmake/cmake)
-- Found Python3: /usr/bin/python3.10 (found version "3.10.12") found components: Interpreter 
-- Found rosidl_default_generators: 1.2.0 (/opt/ros/humble/share/rosidl_default_generators/cmake)
-- Using all available rosidl_typesupport_c: rosidl_typesupport_fastrtps_c;rosidl_typesupport_introspection_c
-- Found rosidl_adapter: 3.1.5 (/opt/ros/humble/share/rosidl_adapter/cmake)
-- Using all available rosidl_typesupport_cpp: rosidl_typesupport_fastrtps_cpp;rosidl_typesupport_introspection_cpp
-- Found ament_cmake_ros: 0.10.0 (/opt/ros/humble/share/ament_cmake_ros/cmake)
-- Using all available rosidl_typesupport_c: rosidl_typesupport_fastrtps_c;rosidl_typesupport_introspection_c
-- Using all available rosidl_typesupport_cpp: rosidl_typesupport_fastrtps_cpp;rosidl_typesupport_introspection_cpp
-- Found PythonInterp: /usr/bin/python3 (found suitable version "3.10.12", minimum required is "3.6") 
-- Found python_cmake_module: 0.10.0 (/opt/ros/humble/share/python_cmake_module/cmake)
-- Found PythonLibs: /usr/lib/x86_64-linux-gnu/libpython3.10.so (found suitable version "3.10.12", minimum required is "3.5") 
-- Using PYTHON_EXECUTABLE: /usr/bin/python3
-- Using PYTHON_INCLUDE_DIRS: /usr/include/python3.10
-- Using PYTHON_LIBRARIES: /usr/lib/x86_64-linux-gnu/libpython3.10.so
-- Found PythonExtra: .so  
-- Found ament_lint_auto: 0.12.8 (/opt/ros/humble/share/ament_lint_auto/cmake)
-- Added test 'cppcheck' to perform static code analysis on C / C++ code
-- Configured cppcheck include dirs: 
-- Configured cppcheck exclude dirs and/or files: 
-- Added test 'lint_cmake' to check CMake code style
-- Added test 'uncrustify' to check C / C++ code style
-- Configured uncrustify additional arguments: 
-- Added test 'xmllint' to check XML markup files
-- Configuring done
-- Generating done
-- Build files have been written to: /home/g209/ros2_ws/build/custom_msgs
[  2%] [34m[1mGenerating C code for ROS interfaces[0m
[  5%] [34m[1mGenerating C++ code for ROS interfaces[0m
[  5%] Built target custom_msgs__cpp
[  7%] [32mBuilding C object CMakeFiles/custom_msgs__rosidl_generator_c.dir/rosidl_generator_c/custom_msgs/msg/detail/game_state_msg__functions.c.o[0m
[  7%] Built target ament_cmake_python_copy_custom_msgs
[ 10%] [32mBuilding C object CMakeFiles/custom_msgs__rosidl_generator_c.dir/rosidl_generator_c/custom_msgs/srv/detail/player_move__functions.c.o[0m
[ 12%] [34m[1mGenerating C++ type support dispatch for ROS interfaces[0m
[ 15%] [32m[1mLinking C shared library libcustom_msgs__rosidl_generator_c.so[0m
[ 15%] Built target custom_msgs__rosidl_generator_c
[ 17%] [34m[1mGenerating C++ type support for eProsima Fast-RTPS[0m
[ 20%] [32mBuilding CXX object CMakeFiles/custom_msgs__rosidl_typesupport_cpp.dir/rosidl_typesupport_cpp/custom_msgs/msg/game_state_msg__type_support.cpp.o[0m
[ 23%] [32mBuilding CXX object CMakeFiles/custom_msgs__rosidl_typesupport_cpp.dir/rosidl_typesupport_cpp/custom_msgs/srv/player_move__type_support.cpp.o[0m
[ 25%] [32mBuilding CXX object CMakeFiles/custom_msgs__rosidl_typesupport_fastrtps_cpp.dir/rosidl_typesupport_fastrtps_cpp/custom_msgs/msg/detail/dds_fastrtps/game_state_msg__type_support.cpp.o[0m
[ 28%] [32m[1mLinking CXX shared library libcustom_msgs__rosidl_typesupport_cpp.so[0m
[ 28%] Built target custom_msgs__rosidl_typesupport_cpp
[ 30%] [34m[1mGenerating C++ introspection for ROS interfaces[0m
[ 33%] [32mBuilding CXX object CMakeFiles/custom_msgs__rosidl_typesupport_fastrtps_cpp.dir/rosidl_typesupport_fastrtps_cpp/custom_msgs/srv/detail/dds_fastrtps/player_move__type_support.cpp.o[0m
[ 35%] [32m[1mLinking CXX shared library libcustom_msgs__rosidl_typesupport_fastrtps_cpp.so[0m
[ 38%] [32mBuilding CXX object CMakeFiles/custom_msgs__rosidl_typesupport_introspection_cpp.dir/rosidl_typesupport_introspection_cpp/custom_msgs/msg/detail/game_state_msg__type_support.cpp.o[0m
[ 38%] Built target custom_msgs__rosidl_typesupport_fastrtps_cpp
[ 41%] [32mBuilding CXX object CMakeFiles/custom_msgs__rosidl_typesupport_introspection_cpp.dir/rosidl_typesupport_introspection_cpp/custom_msgs/srv/detail/player_move__type_support.cpp.o[0m
running egg_info
creating custom_msgs.egg-info
writing custom_msgs.egg-info/PKG-INFO
writing dependency_links to custom_msgs.egg-info/dependency_links.txt
writing top-level names to custom_msgs.egg-info/top_level.txt
writing manifest file 'custom_msgs.egg-info/SOURCES.txt'
reading manifest file 'custom_msgs.egg-info/SOURCES.txt'
writing manifest file 'custom_msgs.egg-info/SOURCES.txt'
[ 41%] Built target ament_cmake_python_build_custom_msgs_egg
[ 43%] [34m[1mGenerating C type support for eProsima Fast-RTPS[0m
[ 46%] [32m[1mLinking CXX shared library libcustom_msgs__rosidl_typesupport_introspection_cpp.so[0m
[ 46%] Built target custom_msgs__rosidl_typesupport_introspection_cpp
[ 48%] [34m[1mGenerating C introspection for ROS interfaces[0m
[ 51%] [32mBuilding CXX object CMakeFiles/custom_msgs__rosidl_typesupport_fastrtps_c.dir/rosidl_typesupport_fastrtps_c/custom_msgs/msg/detail/game_state_msg__type_support_c.cpp.o[0m
[ 53%] [32mBuilding CXX object CMakeFiles/custom_msgs__rosidl_typesupport_fastrtps_c.dir/rosidl_typesupport_fastrtps_c/custom_msgs/srv/detail/player_move__type_support_c.cpp.o[0m
[ 56%] [32mBuilding C object CMakeFiles/custom_msgs__rosidl_typesupport_introspection_c.dir/rosidl_typesupport_introspection_c/custom_msgs/msg/detail/game_state_msg__type_support.c.o[0m
[ 58%] [32mBuilding C object CMakeFiles/custom_msgs__rosidl_typesupport_introspection_c.dir/rosidl_typesupport_introspection_c/custom_msgs/srv/detail/player_move__type_support.c.o[0m
[ 61%] [32m[1mLinking CXX shared library libcustom_msgs__rosidl_typesupport_fastrtps_c.so[0m
[ 64%] [32m[1mLinking C shared library libcustom_msgs__rosidl_typesupport_introspection_c.so[0m
[ 64%] Built target custom_msgs__rosidl_typesupport_introspection_c
[ 64%] Built target custom_msgs__rosidl_typesupport_fastrtps_c
[ 66%] [34m[1mGenerating C type support dispatch for ROS interfaces[0m
[ 69%] [32mBuilding CXX object CMakeFiles/custom_msgs__rosidl_typesupport_c.dir/rosidl_typesupport_c/custom_msgs/msg/game_state_msg__type_support.cpp.o[0m
[ 71%] [32mBuilding CXX object CMakeFiles/custom_msgs__rosidl_typesupport_c.dir/rosidl_typesupport_c/custom_msgs/srv/player_move__type_support.cpp.o[0m
[ 74%] [32m[1mLinking CXX shared library libcustom_msgs__rosidl_typesupport_c.so[0m
[ 74%] Built target custom_msgs__rosidl_typesupport_c
[ 74%] Built target custom_msgs
[ 76%] [34m[1mGenerating Python code for ROS interfaces[0m
[ 76%] Built target custom_msgs__py
[ 79%] [32mBuilding C object CMakeFiles/custom_msgs__rosidl_generator_py.dir/rosidl_generator_py/custom_msgs/msg/_game_state_msg_s.c.o[0m
[ 82%] [32mBuilding C object CMakeFiles/custom_msgs__rosidl_generator_py.dir/rosidl_generator_py/custom_msgs/srv/_player_move_s.c.o[0m
[ 84%] [32m[1mLinking C shared library rosidl_generator_py/custom_msgs/libcustom_msgs__rosidl_generator_py.so[0m
[ 84%] Built target custom_msgs__rosidl_generator_py
[ 87%] [32mBuilding C object CMakeFiles/custom_msgs__rosidl_typesupport_fastrtps_c__pyext.dir/rosidl_generator_py/custom_msgs/_custom_msgs_s.ep.rosidl_typesupport_fastrtps_c.c.o[0m
[ 89%] [32m[1mLinking C shared library rosidl_generator_py/custom_msgs/custom_msgs_s__rosidl_typesupport_fastrtps_c.cpython-310-x86_64-linux-gnu.so[0m
[ 89%] Built target custom_msgs__rosidl_typesupport_fastrtps_c__pyext
[ 92%] [32mBuilding C object CMakeFiles/custom_msgs__rosidl_typesupport_introspection_c__pyext.dir/rosidl_generator_py/custom_msgs/_custom_msgs_s.ep.rosidl_typesupport_introspection_c.c.o[0m
[ 94%] [32m[1mLinking C shared library rosidl_generator_py/custom_msgs/custom_msgs_s__rosidl_typesupport_introspection_c.cpython-310-x86_64-linux-gnu.so[0m
[ 94%] Built target custom_msgs__rosidl_typesupport_introspection_c__pyext
[ 97%] [32mBuilding C object CMakeFiles/custom_msgs__rosidl_typesupport_c__pyext.dir/rosidl_generator_py/custom_msgs/_custom_msgs_s.ep.rosidl_typesupport_c.c.o[0m
[100%] [32m[1mLinking C shared library rosidl_generator_py/custom_msgs/custom_msgs_s__rosidl_typesupport_c.cpython-310-x86_64-linux-gnu.so[0m
[100%] Built target custom_msgs__rosidl_typesupport_c__pyext
-- Install configuration: ""
-- Installing: /home/g209/ros2_ws/install/custom_msgs/share/ament_index/resource_index/rosidl_interfaces/custom_msgs
-- Installing: /home/g209/ros2_ws/install/custom_msgs/include/custom_msgs/custom_msgs
-- Installing: /home/g209/ros2_ws/install/custom_msgs/include/custom_msgs/custom_msgs/srv
-- Installing: /home/g209/ros2_ws/install/custom_msgs/include/custom_msgs/custom_msgs/srv/player_move.h
-- Installing: /home/g209/ros2_ws/install/custom_msgs/include/custom_msgs/custom_msgs/srv/detail
-- Installing: /home/g209/ros2_ws/install/custom_msgs/include/custom_msgs/custom_msgs/srv/detail/player_move__functions.h
-- Installing: /home/g209/ros2_ws/install/custom_msgs/include/custom_msgs/custom_msgs/srv/detail/player_move__functions.c
-- Installing: /home/g209/ros2_ws/install/custom_msgs/include/custom_msgs/custom_msgs/srv/detail/player_move__struct.h
-- Installing: /home/g209/ros2_ws/install/custom_msgs/include/custom_msgs/custom_msgs/srv/detail/player_move__type_support.h
-- Installing: /home/g209/ros2_ws/install/custom_msgs/include/custom_msgs/custom_msgs/msg
-- Installing: /home/g209/ros2_ws/install/custom_msgs/include/custom_msgs/custom_msgs/msg/detail
-- Installing: /home/g209/ros2_ws/install/custom_msgs/include/custom_msgs/custom_msgs/msg/detail/game_state_msg__struct.h
-- Installing: /home/g209/ros2_ws/install/custom_msgs/include/custom_msgs/custom_msgs/msg/detail/game_state_msg__functions.c
-- Installing: /home/g209/ros2_ws/install/custom_msgs/include/custom_msgs/custom_msgs/msg/detail/game_state_msg__functions.h
-- Installing: /home/g209/ros2_ws/install/custom_msgs/include/custom_msgs/custom_msgs/msg/detail/game_state_msg__type_support.h
-- Installing: /home/g209/ros2_ws/install/custom_msgs/include/custom_msgs/custom_msgs/msg/rosidl_generator_c__visibility_control.h
-- Installing: /home/g209/ros2_ws/install/custom_msgs/include/custom_msgs/custom_msgs/msg/game_state_msg.h
-- Installing: /home/g209/ros2_ws/install/custom_msgs/share/custom_msgs/environment/library_path.sh
-- Installing: /home/g209/ros2_ws/install/custom_msgs/share/custom_msgs/environment/library_path.dsv
-- Installing: /home/g209/ros2_ws/install/custom_msgs/lib/libcustom_msgs__rosidl_generator_c.so
-- Set runtime path of "/home/g209/ros2_ws/install/custom_msgs/lib/libcustom_msgs__rosidl_generator_c.so" to ""
-- Up-to-date: /home/g209/ros2_ws/install/custom_msgs/include/custom_msgs/custom_msgs
-- Up-to-date: /home/g209/ros2_ws/install/custom_msgs/include/custom_msgs/custom_msgs/srv
-- Up-to-date: /home/g209/ros2_ws/install/custom_msgs/include/custom_msgs/custom_msgs/srv/detail
-- Installing: /home/g209/ros2_ws/install/custom_msgs/include/custom_msgs/custom_msgs/srv/detail/player_move__rosidl_typesupport_fastrtps_c.h
-- Up-to-date: /home/g209/ros2_ws/install/custom_msgs/include/custom_msgs/custom_msgs/msg
-- Up-to-date: /home/g209/ros2_ws/install/custom_msgs/include/custom_msgs/custom_msgs/msg/detail
-- Installing: /home/g209/ros2_ws/install/custom_msgs/include/custom_msgs/custom_msgs/msg/detail/game_state_msg__rosidl_typesupport_fastrtps_c.h
-- Installing: /home/g209/ros2_ws/install/custom_msgs/include/custom_msgs/custom_msgs/msg/rosidl_typesupport_fastrtps_c__visibility_control.h
-- Installing: /home/g209/ros2_ws/install/custom_msgs/lib/libcustom_msgs__rosidl_typesupport_fastrtps_c.so
-- Set runtime path of "/home/g209/ros2_ws/install/custom_msgs/lib/libcustom_msgs__rosidl_typesupport_fastrtps_c.so" to ""
-- Up-to-date: /home/g209/ros2_ws/install/custom_msgs/include/custom_msgs/custom_msgs
-- Up-to-date: /home/g209/ros2_ws/install/custom_msgs/include/custom_msgs/custom_msgs/srv
-- Up-to-date: /home/g209/ros2_ws/install/custom_msgs/include/custom_msgs/custom_msgs/srv/detail
-- Installing: /home/g209/ros2_ws/install/custom_msgs/include/custom_msgs/custom_msgs/srv/detail/player_move__rosidl_typesupport_introspection_c.h
-- Installing: /home/g209/ros2_ws/install/custom_msgs/include/custom_msgs/custom_msgs/srv/detail/player_move__type_support.c
-- Up-to-date: /home/g209/ros2_ws/install/custom_msgs/include/custom_msgs/custom_msgs/msg
-- Up-to-date: /home/g209/ros2_ws/install/custom_msgs/include/custom_msgs/custom_msgs/msg/detail
-- Installing: /home/g209/ros2_ws/install/custom_msgs/include/custom_msgs/custom_msgs/msg/detail/game_state_msg__type_support.c
-- Installing: /home/g209/ros2_ws/install/custom_msgs/include/custom_msgs/custom_msgs/msg/detail/game_state_msg__rosidl_typesupport_introspection_c.h
-- Installing: /home/g209/ros2_ws/install/custom_msgs/include/custom_msgs/custom_msgs/msg/rosidl_typesupport_introspection_c__visibility_control.h
-- Installing: /home/g209/ros2_ws/install/custom_msgs/lib/libcustom_msgs__rosidl_typesupport_introspection_c.so
-- Set runtime path of "/home/g209/ros2_ws/install/custom_msgs/lib/libcustom_msgs__rosidl_typesupport_introspection_c.so" to ""
-- Installing: /home/g209/ros2_ws/install/custom_msgs/lib/libcustom_msgs__rosidl_typesupport_c.so
-- Set runtime path of "/home/g209/ros2_ws/install/custom_msgs/lib/libcustom_msgs__rosidl_typesupport_c.so" to ""
-- Up-to-date: /home/g209/ros2_ws/install/custom_msgs/include/custom_msgs/custom_msgs
-- Up-to-date: /home/g209/ros2_ws/install/custom_msgs/include/custom_msgs/custom_msgs/srv
-- Up-to-date: /home/g209/ros2_ws/install/custom_msgs/include/custom_msgs/custom_msgs/srv/detail
-- Installing: /home/g209/ros2_ws/install/custom_msgs/include/custom_msgs/custom_msgs/srv/detail/player_move__struct.hpp
-- Installing: /home/g209/ros2_ws/install/custom_msgs/include/custom_msgs/custom_msgs/srv/detail/player_move__traits.hpp
-- Installing: /home/g209/ros2_ws/install/custom_msgs/include/custom_msgs/custom_msgs/srv/detail/player_move__builder.hpp
-- Installing: /home/g209/ros2_ws/install/custom_msgs/include/custom_msgs/custom_msgs/srv/player_move.hpp
-- Up-to-date: /home/g209/ros2_ws/install/custom_msgs/include/custom_msgs/custom_msgs/msg
-- Up-to-date: /home/g209/ros2_ws/install/custom_msgs/include/custom_msgs/custom_msgs/msg/detail
-- Installing: /home/g209/ros2_ws/install/custom_msgs/include/custom_msgs/custom_msgs/msg/detail/game_state_msg__traits.hpp
-- Installing: /home/g209/ros2_ws/install/custom_msgs/include/custom_msgs/custom_msgs/msg/detail/game_state_msg__builder.hpp
-- Installing: /home/g209/ros2_ws/install/custom_msgs/include/custom_msgs/custom_msgs/msg/detail/game_state_msg__struct.hpp
-- Installing: /home/g209/ros2_ws/install/custom_msgs/include/custom_msgs/custom_msgs/msg/game_state_msg.hpp
-- Up-to-date: /home/g209/ros2_ws/install/custom_msgs/include/custom_msgs/custom_msgs
-- Up-to-date: /home/g209/ros2_ws/install/custom_msgs/include/custom_msgs/custom_msgs/srv
-- Up-to-date: /home/g209/ros2_ws/install/custom_msgs/include/custom_msgs/custom_msgs/srv/detail
-- Installing: /home/g209/ros2_ws/install/custom_msgs/include/custom_msgs/custom_msgs/srv/detail/dds_fastrtps
-- Installing: /home/g209/ros2_ws/install/custom_msgs/include/custom_msgs/custom_msgs/srv/detail/player_move__rosidl_typesupport_fastrtps_cpp.hpp
-- Up-to-date: /home/g209/ros2_ws/install/custom_msgs/include/custom_msgs/custom_msgs/msg
-- Up-to-date: /home/g209/ros2_ws/install/custom_msgs/include/custom_msgs/custom_msgs/msg/detail
-- Installing: /home/g209/ros2_ws/install/custom_msgs/include/custom_msgs/custom_msgs/msg/detail/game_state_msg__rosidl_typesupport_fastrtps_cpp.hpp
-- Installing: /home/g209/ros2_ws/install/custom_msgs/include/custom_msgs/custom_msgs/msg/detail/dds_fastrtps
-- Installing: /home/g209/ros2_ws/install/custom_msgs/include/custom_msgs/custom_msgs/msg/rosidl_typesupport_fastrtps_cpp__visibility_control.h
-- Installing: /home/g209/ros2_ws/install/custom_msgs/lib/libcustom_msgs__rosidl_typesupport_fastrtps_cpp.so
-- Set runtime path of "/home/g209/ros2_ws/install/custom_msgs/lib/libcustom_msgs__rosidl_typesupport_fastrtps_cpp.so" to ""
-- Up-to-date: /home/g209/ros2_ws/install/custom_msgs/include/custom_msgs/custom_msgs
-- Up-to-date: /home/g209/ros2_ws/install/custom_msgs/include/custom_msgs/custom_msgs/srv
-- Up-to-date: /home/g209/ros2_ws/install/custom_msgs/include/custom_msgs/custom_msgs/srv/detail
-- Installing: /home/g209/ros2_ws/install/custom_msgs/include/custom_msgs/custom_msgs/srv/detail/player_move__type_support.cpp
-- Installing: /home/g209/ros2_ws/install/custom_msgs/include/custom_msgs/custom_msgs/srv/detail/player_move__rosidl_typesupport_introspection_cpp.hpp
-- Up-to-date: /home/g209/ros2_ws/install/custom_msgs/include/custom_msgs/custom_msgs/msg
-- Up-to-date: /home/g209/ros2_ws/install/custom_msgs/include/custom_msgs/custom_msgs/msg/detail
-- Installing: /home/g209/ros2_ws/install/custom_msgs/include/custom_msgs/custom_msgs/msg/detail/game_state_msg__type_support.cpp
-- Installing: /home/g209/ros2_ws/install/custom_msgs/include/custom_msgs/custom_msgs/msg/detail/game_state_msg__rosidl_typesupport_introspection_cpp.hpp
-- Installing: /home/g209/ros2_ws/install/custom_msgs/lib/libcustom_msgs__rosidl_typesupport_introspection_cpp.so
-- Set runtime path of "/home/g209/ros2_ws/install/custom_msgs/lib/libcustom_msgs__rosidl_typesupport_introspection_cpp.so" to ""
-- Installing: /home/g209/ros2_ws/install/custom_msgs/lib/libcustom_msgs__rosidl_typesupport_cpp.so
-- Set runtime path of "/home/g209/ros2_ws/install/custom_msgs/lib/libcustom_msgs__rosidl_typesupport_cpp.so" to ""
-- Installing: /home/g209/ros2_ws/install/custom_msgs/share/custom_msgs/environment/pythonpath.sh
-- Installing: /home/g209/ros2_ws/install/custom_msgs/share/custom_msgs/environment/pythonpath.dsv
-- Installing: /home/g209/ros2_ws/install/custom_msgs/local/lib/python3.10/dist-packages/custom_msgs-0.0.0-py3.10.egg-info
-- Installing: /home/g209/ros2_ws/install/custom_msgs/local/lib/python3.10/dist-packages/custom_msgs-0.0.0-py3.10.egg-info/SOURCES.txt
-- Installing: /home/g209/ros2_ws/install/custom_msgs/local/lib/python3.10/dist-packages/custom_msgs-0.0.0-py3.10.egg-info/PKG-INFO
-- Installing: /home/g209/ros2_ws/install/custom_msgs/local/lib/python3.10/dist-packages/custom_msgs-0.0.0-py3.10.egg-info/top_level.txt
-- Installing: /home/g209/ros2_ws/install/custom_msgs/local/lib/python3.10/dist-packages/custom_msgs-0.0.0-py3.10.egg-info/dependency_links.txt
-- Installing: /home/g209/ros2_ws/install/custom_msgs/local/lib/python3.10/dist-packages/custom_msgs
-- Installing: /home/g209/ros2_ws/install/custom_msgs/local/lib/python3.10/dist-packages/custom_msgs/srv
-- Installing: /home/g209/ros2_ws/install/custom_msgs/local/lib/python3.10/dist-packages/custom_msgs/srv/__init__.py
-- Installing: /home/g209/ros2_ws/install/custom_msgs/local/lib/python3.10/dist-packages/custom_msgs/srv/_player_move_s.c
-- Installing: /home/g209/ros2_ws/install/custom_msgs/local/lib/python3.10/dist-packages/custom_msgs/srv/_player_move.py
-- Installing: /home/g209/ros2_ws/install/custom_msgs/local/lib/python3.10/dist-packages/custom_msgs/custom_msgs_s__rosidl_typesupport_fastrtps_c.cpython-310-x86_64-linux-gnu.so
-- Installing: /home/g209/ros2_ws/install/custom_msgs/local/lib/python3.10/dist-packages/custom_msgs/_custom_msgs_s.ep.rosidl_typesupport_c.c
-- Installing: /home/g209/ros2_ws/install/custom_msgs/local/lib/python3.10/dist-packages/custom_msgs/msg
-- Installing: /home/g209/ros2_ws/install/custom_msgs/local/lib/python3.10/dist-packages/custom_msgs/msg/__init__.py
-- Installing: /home/g209/ros2_ws/install/custom_msgs/local/lib/python3.10/dist-packages/custom_msgs/msg/_game_state_msg.py
-- Installing: /home/g209/ros2_ws/install/custom_msgs/local/lib/python3.10/dist-packages/custom_msgs/msg/_game_state_msg_s.c
-- Installing: /home/g209/ros2_ws/install/custom_msgs/local/lib/python3.10/dist-packages/custom_msgs/__init__.py
-- Installing: /home/g209/ros2_ws/install/custom_msgs/local/lib/python3.10/dist-packages/custom_msgs/_custom_msgs_s.ep.rosidl_typesupport_introspection_c.c
-- Installing: /home/g209/ros2_ws/install/custom_msgs/local/lib/python3.10/dist-packages/custom_msgs/_custom_msgs_s.ep.rosidl_typesupport_fastrtps_c.c
-- Installing: /home/g209/ros2_ws/install/custom_msgs/local/lib/python3.10/dist-packages/custom_msgs/custom_msgs_s__rosidl_typesupport_c.cpython-310-x86_64-linux-gnu.so
-- Installing: /home/g209/ros2_ws/install/custom_msgs/local/lib/python3.10/dist-packages/custom_msgs/custom_msgs_s__rosidl_typesupport_introspection_c.cpython-310-x86_64-linux-gnu.so
-- Installing: /home/g209/ros2_ws/install/custom_msgs/local/lib/python3.10/dist-packages/custom_msgs/libcustom_msgs__rosidl_generator_py.so
Listing '/home/g209/ros2_ws/install/custom_msgs/local/lib/python3.10/dist-packages/custom_msgs'...
Compiling '/home/g209/ros2_ws/install/custom_msgs/local/lib/python3.10/dist-packages/custom_msgs/__init__.py'...
Listing '/home/g209/ros2_ws/install/custom_msgs/local/lib/python3.10/dist-packages/custom_msgs/msg'...
Compiling '/home/g209/ros2_ws/install/custom_msgs/local/lib/python3.10/dist-packages/custom_msgs/msg/__init__.py'...
Compiling '/home/g209/ros2_ws/install/custom_msgs/local/lib/python3.10/dist-packages/custom_msgs/msg/_game_state_msg.py'...
Listing '/home/g209/ros2_ws/install/custom_msgs/local/lib/python3.10/dist-packages/custom_msgs/srv'...
Compiling '/home/g209/ros2_ws/install/custom_msgs/local/lib/python3.10/dist-packages/custom_msgs/srv/__init__.py'...
Compiling '/home/g209/ros2_ws/install/custom_msgs/local/lib/python3.10/dist-packages/custom_msgs/srv/_player_move.py'...
-- Installing: /home/g209/ros2_ws/install/custom_msgs/local/lib/python3.10/dist-packages/custom_msgs/custom_msgs_s__rosidl_typesupport_fastrtps_c.cpython-310-x86_64-linux-gnu.so
-- Set runtime path of "/home/g209/ros2_ws/install/custom_msgs/local/lib/python3.10/dist-packages/custom_msgs/custom_msgs_s__rosidl_typesupport_fastrtps_c.cpython-310-x86_64-linux-gnu.so" to ""
-- Installing: /home/g209/ros2_ws/install/custom_msgs/local/lib/python3.10/dist-packages/custom_msgs/custom_msgs_s__rosidl_typesupport_introspection_c.cpython-310-x86_64-linux-gnu.so
-- Set runtime path of "/home/g209/ros2_ws/install/custom_msgs/local/lib/python3.10/dist-packages/custom_msgs/custom_msgs_s__rosidl_typesupport_introspection_c.cpython-310-x86_64-linux-gnu.so" to ""
-- Installing: /home/g209/ros2_ws/install/custom_msgs/local/lib/python3.10/dist-packages/custom_msgs/custom_msgs_s__rosidl_typesupport_c.cpython-310-x86_64-linux-gnu.so
-- Set runtime path of "/home/g209/ros2_ws/install/custom_msgs/local/lib/python3.10/dist-packages/custom_msgs/custom_msgs_s__rosidl_typesupport_c.cpython-310-x86_64-linux-gnu.so" to ""
-- Installing: /home/g209/ros2_ws/install/custom_msgs/lib/libcustom_msgs__rosidl_generator_py.so
-- Set runtime path of "/home/g209/ros2_ws/install/custom_msgs/lib/libcustom_msgs__rosidl_generator_py.so" to ""
-- Installing: /home/g209/ros2_ws/install/custom_msgs/share/custom_msgs/msg/GameStateMsg.idl
-- Installing: /home/g209/ros2_ws/install/custom_msgs/share/custom_msgs/srv/PlayerMove.idl
-- Installing: /home/g209/ros2_ws/install/custom_msgs/share/custom_msgs/msg/GameStateMsg.msg
-- Installing: /home/g209/ros2_ws/install/custom_msgs/share/custom_msgs/srv/PlayerMove.srv
-- Installing: /home/g209/ros2_ws/install/custom_msgs/share/custom_msgs/srv/PlayerMove_Request.msg
-- Installing: /home/g209/ros2_ws/install/custom_msgs/share/custom_msgs/srv/PlayerMove_Response.msg
-- Installing: /home/g209/ros2_ws/install/custom_msgs/share/ament_index/resource_index/package_run_dependencies/custom_msgs
-- Installing: /home/g209/ros2_ws/install/custom_msgs/share/ament_index/resource_index/parent_prefix_path/custom_msgs
-- Installing: /home/g209/ros2_ws/install/custom_msgs/share/custom_msgs/environment/ament_prefix_path.sh
-- Installing: /home/g209/ros2_ws/install/custom_msgs/share/custom_msgs/environment/ament_prefix_path.dsv
-- Installing: /home/g209/ros2_ws/install/custom_msgs/share/custom_msgs/environment/path.sh
-- Installing: /home/g209/ros2_ws/install/custom_msgs/share/custom_msgs/environment/path.dsv
-- Installing: /home/g209/ros2_ws/install/custom_msgs/share/custom_msgs/local_setup.bash
-- Installing: /home/g209/ros2_ws/install/custom_msgs/share/custom_msgs/local_setup.sh
-- Installing: /home/g209/ros2_ws/install/custom_msgs/share/custom_msgs/local_setup.zsh
-- Installing: /home/g209/ros2_ws/install/custom_msgs/share/custom_msgs/local_setup.dsv
-- Installing: /home/g209/ros2_ws/install/custom_msgs/share/custom_msgs/package.dsv
-- Installing: /home/g209/ros2_ws/install/custom_msgs/share/ament_index/resource_index/packages/custom_msgs
-- Installing: /home/g209/ros2_ws/install/custom_msgs/share/custom_msgs/cmake/export_custom_msgs__rosidl_generator_cExport.cmake
-- Installing: /home/g209/ros2_ws/install/custom_msgs/share/custom_msgs/cmake/export_custom_msgs__rosidl_generator_cExport-noconfig.cmake
-- Installing: /home/g209/ros2_ws/install/custom_msgs/share/custom_msgs/cmake/export_custom_msgs__rosidl_typesupport_fastrtps_cExport.cmake
-- Installing: /home/g209/ros2_ws/install/custom_msgs/share/custom_msgs/cmake/export_custom_msgs__rosidl_typesupport_fastrtps_cExport-noconfig.cmake
-- Installing: /home/g209/ros2_ws/install/custom_msgs/share/custom_msgs/cmake/custom_msgs__rosidl_typesupport_introspection_cExport.cmake
-- Installing: /home/g209/ros2_ws/install/custom_msgs/share/custom_msgs/cmake/custom_msgs__rosidl_typesupport_introspection_cExport-noconfig.cmake
-- Installing: /home/g209/ros2_ws/install/custom_msgs/share/custom_msgs/cmake/custom_msgs__rosidl_typesupport_cExport.cmake
-- Installing: /home/g209/ros2_ws/install/custom_msgs/share/custom_msgs/cmake/custom_msgs__rosidl_typesupport_cExport-noconfig.cmake
-- Installing: /home/g209/ros2_ws/install/custom_msgs/share/custom_msgs/cmake/export_custom_msgs__rosidl_generator_cppExport.cmake
-- Installing: /home/g209/ros2_ws/install/custom_msgs/share/custom_msgs/cmake/export_custom_msgs__rosidl_typesupport_fastrtps_cppExport.cmake
-- Installing: /home/g209/ros2_ws/install/custom_msgs/share/custom_msgs/cmake/export_custom_msgs__rosidl_typesupport_fastrtps_cppExport-noconfig.cmake
-- Installing: /home/g209/ros2_ws/install/custom_msgs/share/custom_msgs/cmake/custom_msgs__rosidl_typesupport_introspection_cppExport.cmake
-- Installing: /home/g209/ros2_ws/install/custom_msgs/share/custom_msgs/cmake/custom_msgs__rosidl_typesupport_introspection_cppExport-noconfig.cmake
-- Installing: /home/g209/ros2_ws/install/custom_msgs/share/custom_msgs/cmake/custom_msgs__rosidl_typesupport_cppExport.cmake
-- Installing: /home/g209/ros2_ws/install/custom_msgs/share/custom_msgs/cmake/custom_msgs__rosidl_typesupport_cppExport-noconfig.cmake
-- Installing: /home/g209/ros2_ws/install/custom_msgs/share/custom_msgs/cmake/export_custom_msgs__rosidl_generator_pyExport.cmake
-- Installing: /home/g209/ros2_ws/install/custom_msgs/share/custom_msgs/cmake/export_custom_msgs__rosidl_generator_pyExport-noconfig.cmake
-- Installing: /home/g209/ros2_ws/install/custom_msgs/share/custom_msgs/cmake/rosidl_cmake-extras.cmake
-- Installing: /home/g209/ros2_ws/install/custom_msgs/share/custom_msgs/cmake/ament_cmake_export_include_directories-extras.cmake
-- Installing: /home/g209/ros2_ws/install/custom_msgs/share/custom_msgs/cmake/ament_cmake_export_libraries-extras.cmake
-- Installing: /home/g209/ros2_ws/install/custom_msgs/share/custom_msgs/cmake/ament_cmake_export_targets-extras.cmake
-- Installing: /home/g209/ros2_ws/install/custom_msgs/share/custom_msgs/cmake/rosidl_cmake_export_typesupport_targets-extras.cmake
-- Installing: /home/g209/ros2_ws/install/custom_msgs/share/custom_msgs/cmake/ament_cmake_export_dependencies-extras.cmake
-- Installing: /home/g209/ros2_ws/install/custom_msgs/share/custom_msgs/cmake/rosidl_cmake_export_typesupport_libraries-extras.cmake
-- Installing: /home/g209/ros2_ws/install/custom_msgs/share/custom_msgs/cmake/custom_msgsConfig.cmake
-- Installing: /home/g209/ros2_ws/install/custom_msgs/share/custom_msgs/cmake/custom_msgsConfig-version.cmake
-- Installing: /home/g209/ros2_ws/install/custom_msgs/share/custom_msgs/package.xml
