[0.075s] Invoking command in '/home/g209/ros2_ws/build/custom_msgs': CMAKE_PREFIX_PATH=/opt/ros/humble /usr/bin/cmake /home/g209/ros2_ws/src/custom_msgs -DCMAKE_INSTALL_PREFIX=/home/g209/ros2_ws/install/custom_msgs
[0.294s] -- The C compiler identification is GNU 11.4.0
[0.424s] -- The CXX compiler identification is GNU 11.4.0
[0.463s] -- Detecting C compiler ABI info
[0.711s] -- Detecting C compiler ABI info - done
[0.719s] -- Check for working C compiler: /usr/bin/cc - skipped
[0.719s] -- Detecting C compile features
[0.720s] -- Detecting C compile features - done
[0.723s] -- Detecting CXX compiler ABI info
[0.826s] -- Detecting CXX compiler ABI info - done
[0.848s] -- Check for working CXX compiler: /usr/bin/c++ - skipped
[0.848s] -- Detecting CXX compile features
[0.849s] -- Detecting CXX compile features - done
[0.851s] -- Found ament_cmake: 1.3.5 (/opt/ros/humble/share/ament_cmake/cmake)
[1.190s] -- Found Python3: /usr/bin/python3.10 (found version "3.10.12") found components: Interpreter 
[1.294s] -- Found rosidl_default_generators: 1.2.0 (/opt/ros/humble/share/rosidl_default_generators/cmake)
[1.297s] -- Using all available rosidl_typesupport_c: rosidl_typesupport_fastrtps_c;rosidl_typesupport_introspection_c
[1.314s] -- Found rosidl_adapter: 3.1.5 (/opt/ros/humble/share/rosidl_adapter/cmake)
[1.355s] -- Using all available rosidl_typesupport_cpp: rosidl_typesupport_fastrtps_cpp;rosidl_typesupport_introspection_cpp
[1.720s] -- Found ament_cmake_ros: 0.10.0 (/opt/ros/humble/share/ament_cmake_ros/cmake)
[1.952s] -- Using all available rosidl_typesupport_c: rosidl_typesupport_fastrtps_c;rosidl_typesupport_introspection_c
[2.214s] -- Using all available rosidl_typesupport_cpp: rosidl_typesupport_fastrtps_cpp;rosidl_typesupport_introspection_cpp
[2.235s] -- Found PythonInterp: /usr/bin/python3 (found suitable version "3.10.12", minimum required is "3.6") 
[2.237s] -- Found python_cmake_module: 0.10.0 (/opt/ros/humble/share/python_cmake_module/cmake)
[2.262s] -- Found PythonLibs: /usr/lib/x86_64-linux-gnu/libpython3.10.so (found suitable version "3.10.12", minimum required is "3.5") 
[2.262s] -- Using PYTHON_EXECUTABLE: /usr/bin/python3
[2.262s] -- Using PYTHON_INCLUDE_DIRS: /usr/include/python3.10
[2.262s] -- Using PYTHON_LIBRARIES: /usr/lib/x86_64-linux-gnu/libpython3.10.so
[2.295s] -- Found PythonExtra: .so  
[2.343s] -- Found ament_lint_auto: 0.12.8 (/opt/ros/humble/share/ament_lint_auto/cmake)
[2.377s] -- Added test 'cppcheck' to perform static code analysis on C / C++ code
[2.379s] -- Configured cppcheck include dirs: 
[2.379s] -- Configured cppcheck exclude dirs and/or files: 
[2.385s] -- Added test 'lint_cmake' to check CMake code style
[2.385s] -- Added test 'uncrustify' to check C / C++ code style
[2.386s] -- Configured uncrustify additional arguments: 
[2.386s] -- Added test 'xmllint' to check XML markup files
[2.393s] -- Configuring done
[2.460s] -- Generating done
[2.467s] -- Build files have been written to: /home/g209/ros2_ws/build/custom_msgs
[2.474s] Invoked command in '/home/g209/ros2_ws/build/custom_msgs' returned '0': CMAKE_PREFIX_PATH=/opt/ros/humble /usr/bin/cmake /home/g209/ros2_ws/src/custom_msgs -DCMAKE_INSTALL_PREFIX=/home/g209/ros2_ws/install/custom_msgs
[2.475s] Invoking command in '/home/g209/ros2_ws/build/custom_msgs': CMAKE_PREFIX_PATH=/opt/ros/humble /usr/bin/cmake --build /home/g209/ros2_ws/build/custom_msgs -- -j2 -l2
[2.571s] [  2%] [34m[1mGenerating C code for ROS interfaces[0m
[2.596s] [  5%] [34m[1mGenerating C++ code for ROS interfaces[0m
[3.280s] [  5%] Built target custom_msgs__cpp
[3.283s] [  7%] [32mBuilding C object CMakeFiles/custom_msgs__rosidl_generator_c.dir/rosidl_generator_c/custom_msgs/msg/detail/game_state_msg__functions.c.o[0m
[3.399s] [  7%] Built target ament_cmake_python_copy_custom_msgs
[3.403s] [ 10%] [32mBuilding C object CMakeFiles/custom_msgs__rosidl_generator_c.dir/rosidl_generator_c/custom_msgs/srv/detail/player_move__functions.c.o[0m
[3.425s] [ 12%] [34m[1mGenerating C++ type support dispatch for ROS interfaces[0m
[3.574s] [ 15%] [32m[1mLinking C shared library libcustom_msgs__rosidl_generator_c.so[0m
[3.781s] [ 15%] Built target custom_msgs__rosidl_generator_c
[3.847s] [ 17%] [34m[1mGenerating C++ type support for eProsima Fast-RTPS[0m
[4.027s] [ 20%] [32mBuilding CXX object CMakeFiles/custom_msgs__rosidl_typesupport_cpp.dir/rosidl_typesupport_cpp/custom_msgs/msg/game_state_msg__type_support.cpp.o[0m
[4.520s] [ 23%] [32mBuilding CXX object CMakeFiles/custom_msgs__rosidl_typesupport_cpp.dir/rosidl_typesupport_cpp/custom_msgs/srv/player_move__type_support.cpp.o[0m
[4.568s] [ 25%] [32mBuilding CXX object CMakeFiles/custom_msgs__rosidl_typesupport_fastrtps_cpp.dir/rosidl_typesupport_fastrtps_cpp/custom_msgs/msg/detail/dds_fastrtps/game_state_msg__type_support.cpp.o[0m
[5.285s] [ 28%] [32m[1mLinking CXX shared library libcustom_msgs__rosidl_typesupport_cpp.so[0m
[5.576s] [ 28%] Built target custom_msgs__rosidl_typesupport_cpp
[5.680s] [ 30%] [34m[1mGenerating C++ introspection for ROS interfaces[0m
[5.736s] [ 33%] [32mBuilding CXX object CMakeFiles/custom_msgs__rosidl_typesupport_fastrtps_cpp.dir/rosidl_typesupport_fastrtps_cpp/custom_msgs/srv/detail/dds_fastrtps/player_move__type_support.cpp.o[0m
[7.281s] [ 35%] [32m[1mLinking CXX shared library libcustom_msgs__rosidl_typesupport_fastrtps_cpp.so[0m
[7.319s] [ 38%] [32mBuilding CXX object CMakeFiles/custom_msgs__rosidl_typesupport_introspection_cpp.dir/rosidl_typesupport_introspection_cpp/custom_msgs/msg/detail/game_state_msg__type_support.cpp.o[0m
[7.803s] [ 38%] Built target custom_msgs__rosidl_typesupport_fastrtps_cpp
[7.840s] [ 41%] [32mBuilding CXX object CMakeFiles/custom_msgs__rosidl_typesupport_introspection_cpp.dir/rosidl_typesupport_introspection_cpp/custom_msgs/srv/detail/player_move__type_support.cpp.o[0m
[8.025s] running egg_info
[8.026s] creating custom_msgs.egg-info
[8.026s] writing custom_msgs.egg-info/PKG-INFO
[8.026s] writing dependency_links to custom_msgs.egg-info/dependency_links.txt
[8.026s] writing top-level names to custom_msgs.egg-info/top_level.txt
[8.026s] writing manifest file 'custom_msgs.egg-info/SOURCES.txt'
[8.038s] reading manifest file 'custom_msgs.egg-info/SOURCES.txt'
[8.039s] writing manifest file 'custom_msgs.egg-info/SOURCES.txt'
[8.098s] [ 41%] Built target ament_cmake_python_build_custom_msgs_egg
[8.183s] [ 43%] [34m[1mGenerating C type support for eProsima Fast-RTPS[0m
[8.691s] [ 46%] [32m[1mLinking CXX shared library libcustom_msgs__rosidl_typesupport_introspection_cpp.so[0m
[8.917s] [ 46%] Built target custom_msgs__rosidl_typesupport_introspection_cpp
[8.976s] [ 48%] [34m[1mGenerating C introspection for ROS interfaces[0m
[9.051s] [ 51%] [32mBuilding CXX object CMakeFiles/custom_msgs__rosidl_typesupport_fastrtps_c.dir/rosidl_typesupport_fastrtps_c/custom_msgs/msg/detail/game_state_msg__type_support_c.cpp.o[0m
[9.660s] [ 53%] [32mBuilding CXX object CMakeFiles/custom_msgs__rosidl_typesupport_fastrtps_c.dir/rosidl_typesupport_fastrtps_c/custom_msgs/srv/detail/player_move__type_support_c.cpp.o[0m
[9.697s] [ 56%] [32mBuilding C object CMakeFiles/custom_msgs__rosidl_typesupport_introspection_c.dir/rosidl_typesupport_introspection_c/custom_msgs/msg/detail/game_state_msg__type_support.c.o[0m
[10.033s] [ 58%] [32mBuilding C object CMakeFiles/custom_msgs__rosidl_typesupport_introspection_c.dir/rosidl_typesupport_introspection_c/custom_msgs/srv/detail/player_move__type_support.c.o[0m
[10.081s] [ 61%] [32m[1mLinking CXX shared library libcustom_msgs__rosidl_typesupport_fastrtps_c.so[0m
[10.102s] [ 64%] [32m[1mLinking C shared library libcustom_msgs__rosidl_typesupport_introspection_c.so[0m
[10.368s] [ 64%] Built target custom_msgs__rosidl_typesupport_introspection_c
[10.384s] [ 64%] Built target custom_msgs__rosidl_typesupport_fastrtps_c
[10.397s] [ 66%] [34m[1mGenerating C type support dispatch for ROS interfaces[0m
[11.092s] [ 69%] [32mBuilding CXX object CMakeFiles/custom_msgs__rosidl_typesupport_c.dir/rosidl_typesupport_c/custom_msgs/msg/game_state_msg__type_support.cpp.o[0m
[11.167s] [ 71%] [32mBuilding CXX object CMakeFiles/custom_msgs__rosidl_typesupport_c.dir/rosidl_typesupport_c/custom_msgs/srv/player_move__type_support.cpp.o[0m
[11.257s] [ 74%] [32m[1mLinking CXX shared library libcustom_msgs__rosidl_typesupport_c.so[0m
[11.522s] [ 74%] Built target custom_msgs__rosidl_typesupport_c
[11.676s] [ 74%] Built target custom_msgs
[11.818s] [ 76%] [34m[1mGenerating Python code for ROS interfaces[0m
[12.465s] [ 76%] Built target custom_msgs__py
[12.531s] [ 79%] [32mBuilding C object CMakeFiles/custom_msgs__rosidl_generator_py.dir/rosidl_generator_py/custom_msgs/msg/_game_state_msg_s.c.o[0m
[12.701s] [ 82%] [32mBuilding C object CMakeFiles/custom_msgs__rosidl_generator_py.dir/rosidl_generator_py/custom_msgs/srv/_player_move_s.c.o[0m
[12.955s] [ 84%] [32m[1mLinking C shared library rosidl_generator_py/custom_msgs/libcustom_msgs__rosidl_generator_py.so[0m
[13.144s] [ 84%] Built target custom_msgs__rosidl_generator_py
[13.307s] [ 87%] [32mBuilding C object CMakeFiles/custom_msgs__rosidl_typesupport_fastrtps_c__pyext.dir/rosidl_generator_py/custom_msgs/_custom_msgs_s.ep.rosidl_typesupport_fastrtps_c.c.o[0m
[13.604s] [ 89%] [32m[1mLinking C shared library rosidl_generator_py/custom_msgs/custom_msgs_s__rosidl_typesupport_fastrtps_c.cpython-310-x86_64-linux-gnu.so[0m
[13.857s] [ 89%] Built target custom_msgs__rosidl_typesupport_fastrtps_c__pyext
[14.171s] [ 92%] [32mBuilding C object CMakeFiles/custom_msgs__rosidl_typesupport_introspection_c__pyext.dir/rosidl_generator_py/custom_msgs/_custom_msgs_s.ep.rosidl_typesupport_introspection_c.c.o[0m
[14.283s] [ 94%] [32m[1mLinking C shared library rosidl_generator_py/custom_msgs/custom_msgs_s__rosidl_typesupport_introspection_c.cpython-310-x86_64-linux-gnu.so[0m
[14.318s] [ 94%] Built target custom_msgs__rosidl_typesupport_introspection_c__pyext
[14.338s] [ 97%] [32mBuilding C object CMakeFiles/custom_msgs__rosidl_typesupport_c__pyext.dir/rosidl_generator_py/custom_msgs/_custom_msgs_s.ep.rosidl_typesupport_c.c.o[0m
[14.505s] [100%] [32m[1mLinking C shared library rosidl_generator_py/custom_msgs/custom_msgs_s__rosidl_typesupport_c.cpython-310-x86_64-linux-gnu.so[0m
[14.566s] [100%] Built target custom_msgs__rosidl_typesupport_c__pyext
[14.580s] Invoked command in '/home/g209/ros2_ws/build/custom_msgs' returned '0': CMAKE_PREFIX_PATH=/opt/ros/humble /usr/bin/cmake --build /home/g209/ros2_ws/build/custom_msgs -- -j2 -l2
[14.742s] Invoking command in '/home/g209/ros2_ws/build/custom_msgs': CMAKE_PREFIX_PATH=/opt/ros/humble /usr/bin/cmake --install /home/g209/ros2_ws/build/custom_msgs
[14.750s] -- Install configuration: ""
[14.751s] -- Installing: /home/g209/ros2_ws/install/custom_msgs/share/ament_index/resource_index/rosidl_interfaces/custom_msgs
[14.765s] -- Installing: /home/g209/ros2_ws/install/custom_msgs/include/custom_msgs/custom_msgs
[14.765s] -- Installing: /home/g209/ros2_ws/install/custom_msgs/include/custom_msgs/custom_msgs/srv
[14.765s] -- Installing: /home/g209/ros2_ws/install/custom_msgs/include/custom_msgs/custom_msgs/srv/player_move.h
[14.767s] -- Installing: /home/g209/ros2_ws/install/custom_msgs/include/custom_msgs/custom_msgs/srv/detail
[14.767s] -- Installing: /home/g209/ros2_ws/install/custom_msgs/include/custom_msgs/custom_msgs/srv/detail/player_move__functions.h
[14.768s] -- Installing: /home/g209/ros2_ws/install/custom_msgs/include/custom_msgs/custom_msgs/srv/detail/player_move__functions.c
[14.769s] -- Installing: /home/g209/ros2_ws/install/custom_msgs/include/custom_msgs/custom_msgs/srv/detail/player_move__struct.h
[14.778s] -- Installing: /home/g209/ros2_ws/install/custom_msgs/include/custom_msgs/custom_msgs/srv/detail/player_move__type_support.h
[14.778s] -- Installing: /home/g209/ros2_ws/install/custom_msgs/include/custom_msgs/custom_msgs/msg
[14.778s] -- Installing: /home/g209/ros2_ws/install/custom_msgs/include/custom_msgs/custom_msgs/msg/detail
[14.778s] -- Installing: /home/g209/ros2_ws/install/custom_msgs/include/custom_msgs/custom_msgs/msg/detail/game_state_msg__struct.h
[14.778s] -- Installing: /home/g209/ros2_ws/install/custom_msgs/include/custom_msgs/custom_msgs/msg/detail/game_state_msg__functions.c
[14.779s] -- Installing: /home/g209/ros2_ws/install/custom_msgs/include/custom_msgs/custom_msgs/msg/detail/game_state_msg__functions.h
[14.779s] -- Installing: /home/g209/ros2_ws/install/custom_msgs/include/custom_msgs/custom_msgs/msg/detail/game_state_msg__type_support.h
[14.779s] -- Installing: /home/g209/ros2_ws/install/custom_msgs/include/custom_msgs/custom_msgs/msg/rosidl_generator_c__visibility_control.h
[14.779s] -- Installing: /home/g209/ros2_ws/install/custom_msgs/include/custom_msgs/custom_msgs/msg/game_state_msg.h
[14.792s] -- Installing: /home/g209/ros2_ws/install/custom_msgs/share/custom_msgs/environment/library_path.sh
[14.792s] -- Installing: /home/g209/ros2_ws/install/custom_msgs/share/custom_msgs/environment/library_path.dsv
[14.792s] -- Installing: /home/g209/ros2_ws/install/custom_msgs/lib/libcustom_msgs__rosidl_generator_c.so
[14.793s] -- Set runtime path of "/home/g209/ros2_ws/install/custom_msgs/lib/libcustom_msgs__rosidl_generator_c.so" to ""
[14.793s] -- Up-to-date: /home/g209/ros2_ws/install/custom_msgs/include/custom_msgs/custom_msgs
[14.793s] -- Up-to-date: /home/g209/ros2_ws/install/custom_msgs/include/custom_msgs/custom_msgs/srv
[14.793s] -- Up-to-date: /home/g209/ros2_ws/install/custom_msgs/include/custom_msgs/custom_msgs/srv/detail
[14.793s] -- Installing: /home/g209/ros2_ws/install/custom_msgs/include/custom_msgs/custom_msgs/srv/detail/player_move__rosidl_typesupport_fastrtps_c.h
[14.793s] -- Up-to-date: /home/g209/ros2_ws/install/custom_msgs/include/custom_msgs/custom_msgs/msg
[14.793s] -- Up-to-date: /home/g209/ros2_ws/install/custom_msgs/include/custom_msgs/custom_msgs/msg/detail
[14.793s] -- Installing: /home/g209/ros2_ws/install/custom_msgs/include/custom_msgs/custom_msgs/msg/detail/game_state_msg__rosidl_typesupport_fastrtps_c.h
[14.793s] -- Installing: /home/g209/ros2_ws/install/custom_msgs/include/custom_msgs/custom_msgs/msg/rosidl_typesupport_fastrtps_c__visibility_control.h
[14.793s] -- Installing: /home/g209/ros2_ws/install/custom_msgs/lib/libcustom_msgs__rosidl_typesupport_fastrtps_c.so
[14.794s] -- Set runtime path of "/home/g209/ros2_ws/install/custom_msgs/lib/libcustom_msgs__rosidl_typesupport_fastrtps_c.so" to ""
[14.794s] -- Up-to-date: /home/g209/ros2_ws/install/custom_msgs/include/custom_msgs/custom_msgs
[14.794s] -- Up-to-date: /home/g209/ros2_ws/install/custom_msgs/include/custom_msgs/custom_msgs/srv
[14.794s] -- Up-to-date: /home/g209/ros2_ws/install/custom_msgs/include/custom_msgs/custom_msgs/srv/detail
[14.794s] -- Installing: /home/g209/ros2_ws/install/custom_msgs/include/custom_msgs/custom_msgs/srv/detail/player_move__rosidl_typesupport_introspection_c.h
[14.794s] -- Installing: /home/g209/ros2_ws/install/custom_msgs/include/custom_msgs/custom_msgs/srv/detail/player_move__type_support.c
[14.794s] -- Up-to-date: /home/g209/ros2_ws/install/custom_msgs/include/custom_msgs/custom_msgs/msg
[14.794s] -- Up-to-date: /home/g209/ros2_ws/install/custom_msgs/include/custom_msgs/custom_msgs/msg/detail
[14.795s] -- Installing: /home/g209/ros2_ws/install/custom_msgs/include/custom_msgs/custom_msgs/msg/detail/game_state_msg__type_support.c
[14.795s] -- Installing: /home/g209/ros2_ws/install/custom_msgs/include/custom_msgs/custom_msgs/msg/detail/game_state_msg__rosidl_typesupport_introspection_c.h
[14.800s] -- Installing: /home/g209/ros2_ws/install/custom_msgs/include/custom_msgs/custom_msgs/msg/rosidl_typesupport_introspection_c__visibility_control.h
[14.800s] -- Installing: /home/g209/ros2_ws/install/custom_msgs/lib/libcustom_msgs__rosidl_typesupport_introspection_c.so
[14.801s] -- Set runtime path of "/home/g209/ros2_ws/install/custom_msgs/lib/libcustom_msgs__rosidl_typesupport_introspection_c.so" to ""
[14.801s] -- Installing: /home/g209/ros2_ws/install/custom_msgs/lib/libcustom_msgs__rosidl_typesupport_c.so
[14.802s] -- Set runtime path of "/home/g209/ros2_ws/install/custom_msgs/lib/libcustom_msgs__rosidl_typesupport_c.so" to ""
[14.802s] -- Up-to-date: /home/g209/ros2_ws/install/custom_msgs/include/custom_msgs/custom_msgs
[14.802s] -- Up-to-date: /home/g209/ros2_ws/install/custom_msgs/include/custom_msgs/custom_msgs/srv
[14.802s] -- Up-to-date: /home/g209/ros2_ws/install/custom_msgs/include/custom_msgs/custom_msgs/srv/detail
[14.807s] -- Installing: /home/g209/ros2_ws/install/custom_msgs/include/custom_msgs/custom_msgs/srv/detail/player_move__struct.hpp
[14.807s] -- Installing: /home/g209/ros2_ws/install/custom_msgs/include/custom_msgs/custom_msgs/srv/detail/player_move__traits.hpp
[14.807s] -- Installing: /home/g209/ros2_ws/install/custom_msgs/include/custom_msgs/custom_msgs/srv/detail/player_move__builder.hpp
[14.807s] -- Installing: /home/g209/ros2_ws/install/custom_msgs/include/custom_msgs/custom_msgs/srv/player_move.hpp
[14.808s] -- Up-to-date: /home/g209/ros2_ws/install/custom_msgs/include/custom_msgs/custom_msgs/msg
[14.808s] -- Up-to-date: /home/g209/ros2_ws/install/custom_msgs/include/custom_msgs/custom_msgs/msg/detail
[14.808s] -- Installing: /home/g209/ros2_ws/install/custom_msgs/include/custom_msgs/custom_msgs/msg/detail/game_state_msg__traits.hpp
[14.809s] -- Installing: /home/g209/ros2_ws/install/custom_msgs/include/custom_msgs/custom_msgs/msg/detail/game_state_msg__builder.hpp
[14.809s] -- Installing: /home/g209/ros2_ws/install/custom_msgs/include/custom_msgs/custom_msgs/msg/detail/game_state_msg__struct.hpp
[14.809s] -- Installing: /home/g209/ros2_ws/install/custom_msgs/include/custom_msgs/custom_msgs/msg/game_state_msg.hpp
[14.809s] -- Up-to-date: /home/g209/ros2_ws/install/custom_msgs/include/custom_msgs/custom_msgs
[14.809s] -- Up-to-date: /home/g209/ros2_ws/install/custom_msgs/include/custom_msgs/custom_msgs/srv
[14.809s] -- Up-to-date: /home/g209/ros2_ws/install/custom_msgs/include/custom_msgs/custom_msgs/srv/detail
[14.809s] -- Installing: /home/g209/ros2_ws/install/custom_msgs/include/custom_msgs/custom_msgs/srv/detail/dds_fastrtps
[14.809s] -- Installing: /home/g209/ros2_ws/install/custom_msgs/include/custom_msgs/custom_msgs/srv/detail/player_move__rosidl_typesupport_fastrtps_cpp.hpp
[14.809s] -- Up-to-date: /home/g209/ros2_ws/install/custom_msgs/include/custom_msgs/custom_msgs/msg
[14.809s] -- Up-to-date: /home/g209/ros2_ws/install/custom_msgs/include/custom_msgs/custom_msgs/msg/detail
[14.809s] -- Installing: /home/g209/ros2_ws/install/custom_msgs/include/custom_msgs/custom_msgs/msg/detail/game_state_msg__rosidl_typesupport_fastrtps_cpp.hpp
[14.809s] -- Installing: /home/g209/ros2_ws/install/custom_msgs/include/custom_msgs/custom_msgs/msg/detail/dds_fastrtps
[14.809s] -- Installing: /home/g209/ros2_ws/install/custom_msgs/include/custom_msgs/custom_msgs/msg/rosidl_typesupport_fastrtps_cpp__visibility_control.h
[14.809s] -- Installing: /home/g209/ros2_ws/install/custom_msgs/lib/libcustom_msgs__rosidl_typesupport_fastrtps_cpp.so
[14.809s] -- Set runtime path of "/home/g209/ros2_ws/install/custom_msgs/lib/libcustom_msgs__rosidl_typesupport_fastrtps_cpp.so" to ""
[14.809s] -- Up-to-date: /home/g209/ros2_ws/install/custom_msgs/include/custom_msgs/custom_msgs
[14.818s] -- Up-to-date: /home/g209/ros2_ws/install/custom_msgs/include/custom_msgs/custom_msgs/srv
[14.818s] -- Up-to-date: /home/g209/ros2_ws/install/custom_msgs/include/custom_msgs/custom_msgs/srv/detail
[14.818s] -- Installing: /home/g209/ros2_ws/install/custom_msgs/include/custom_msgs/custom_msgs/srv/detail/player_move__type_support.cpp
[14.818s] -- Installing: /home/g209/ros2_ws/install/custom_msgs/include/custom_msgs/custom_msgs/srv/detail/player_move__rosidl_typesupport_introspection_cpp.hpp
[14.819s] -- Up-to-date: /home/g209/ros2_ws/install/custom_msgs/include/custom_msgs/custom_msgs/msg
[14.819s] -- Up-to-date: /home/g209/ros2_ws/install/custom_msgs/include/custom_msgs/custom_msgs/msg/detail
[14.819s] -- Installing: /home/g209/ros2_ws/install/custom_msgs/include/custom_msgs/custom_msgs/msg/detail/game_state_msg__type_support.cpp
[14.819s] -- Installing: /home/g209/ros2_ws/install/custom_msgs/include/custom_msgs/custom_msgs/msg/detail/game_state_msg__rosidl_typesupport_introspection_cpp.hpp
[14.819s] -- Installing: /home/g209/ros2_ws/install/custom_msgs/lib/libcustom_msgs__rosidl_typesupport_introspection_cpp.so
[14.819s] -- Set runtime path of "/home/g209/ros2_ws/install/custom_msgs/lib/libcustom_msgs__rosidl_typesupport_introspection_cpp.so" to ""
[14.819s] -- Installing: /home/g209/ros2_ws/install/custom_msgs/lib/libcustom_msgs__rosidl_typesupport_cpp.so
[14.820s] -- Set runtime path of "/home/g209/ros2_ws/install/custom_msgs/lib/libcustom_msgs__rosidl_typesupport_cpp.so" to ""
[14.820s] -- Installing: /home/g209/ros2_ws/install/custom_msgs/share/custom_msgs/environment/pythonpath.sh
[14.820s] -- Installing: /home/g209/ros2_ws/install/custom_msgs/share/custom_msgs/environment/pythonpath.dsv
[14.820s] -- Installing: /home/g209/ros2_ws/install/custom_msgs/local/lib/python3.10/dist-packages/custom_msgs-0.0.0-py3.10.egg-info
[14.820s] -- Installing: /home/g209/ros2_ws/install/custom_msgs/local/lib/python3.10/dist-packages/custom_msgs-0.0.0-py3.10.egg-info/SOURCES.txt
[14.820s] -- Installing: /home/g209/ros2_ws/install/custom_msgs/local/lib/python3.10/dist-packages/custom_msgs-0.0.0-py3.10.egg-info/PKG-INFO
[14.820s] -- Installing: /home/g209/ros2_ws/install/custom_msgs/local/lib/python3.10/dist-packages/custom_msgs-0.0.0-py3.10.egg-info/top_level.txt
[14.821s] -- Installing: /home/g209/ros2_ws/install/custom_msgs/local/lib/python3.10/dist-packages/custom_msgs-0.0.0-py3.10.egg-info/dependency_links.txt
[14.821s] -- Installing: /home/g209/ros2_ws/install/custom_msgs/local/lib/python3.10/dist-packages/custom_msgs
[14.821s] -- Installing: /home/g209/ros2_ws/install/custom_msgs/local/lib/python3.10/dist-packages/custom_msgs/srv
[14.822s] -- Installing: /home/g209/ros2_ws/install/custom_msgs/local/lib/python3.10/dist-packages/custom_msgs/srv/__init__.py
[14.822s] -- Installing: /home/g209/ros2_ws/install/custom_msgs/local/lib/python3.10/dist-packages/custom_msgs/srv/_player_move_s.c
[14.822s] -- Installing: /home/g209/ros2_ws/install/custom_msgs/local/lib/python3.10/dist-packages/custom_msgs/srv/_player_move.py
[14.822s] -- Installing: /home/g209/ros2_ws/install/custom_msgs/local/lib/python3.10/dist-packages/custom_msgs/custom_msgs_s__rosidl_typesupport_fastrtps_c.cpython-310-x86_64-linux-gnu.so
[14.822s] -- Installing: /home/g209/ros2_ws/install/custom_msgs/local/lib/python3.10/dist-packages/custom_msgs/_custom_msgs_s.ep.rosidl_typesupport_c.c
[14.822s] -- Installing: /home/g209/ros2_ws/install/custom_msgs/local/lib/python3.10/dist-packages/custom_msgs/msg
[14.822s] -- Installing: /home/g209/ros2_ws/install/custom_msgs/local/lib/python3.10/dist-packages/custom_msgs/msg/__init__.py
[14.822s] -- Installing: /home/g209/ros2_ws/install/custom_msgs/local/lib/python3.10/dist-packages/custom_msgs/msg/_game_state_msg.py
[14.829s] -- Installing: /home/g209/ros2_ws/install/custom_msgs/local/lib/python3.10/dist-packages/custom_msgs/msg/_game_state_msg_s.c
[14.829s] -- Installing: /home/g209/ros2_ws/install/custom_msgs/local/lib/python3.10/dist-packages/custom_msgs/__init__.py
[14.829s] -- Installing: /home/g209/ros2_ws/install/custom_msgs/local/lib/python3.10/dist-packages/custom_msgs/_custom_msgs_s.ep.rosidl_typesupport_introspection_c.c
[14.829s] -- Installing: /home/g209/ros2_ws/install/custom_msgs/local/lib/python3.10/dist-packages/custom_msgs/_custom_msgs_s.ep.rosidl_typesupport_fastrtps_c.c
[14.829s] -- Installing: /home/g209/ros2_ws/install/custom_msgs/local/lib/python3.10/dist-packages/custom_msgs/custom_msgs_s__rosidl_typesupport_c.cpython-310-x86_64-linux-gnu.so
[14.829s] -- Installing: /home/g209/ros2_ws/install/custom_msgs/local/lib/python3.10/dist-packages/custom_msgs/custom_msgs_s__rosidl_typesupport_introspection_c.cpython-310-x86_64-linux-gnu.so
[14.829s] -- Installing: /home/g209/ros2_ws/install/custom_msgs/local/lib/python3.10/dist-packages/custom_msgs/libcustom_msgs__rosidl_generator_py.so
[14.932s] Listing '/home/g209/ros2_ws/install/custom_msgs/local/lib/python3.10/dist-packages/custom_msgs'...
[14.934s] Compiling '/home/g209/ros2_ws/install/custom_msgs/local/lib/python3.10/dist-packages/custom_msgs/__init__.py'...
[14.934s] Listing '/home/g209/ros2_ws/install/custom_msgs/local/lib/python3.10/dist-packages/custom_msgs/msg'...
[14.935s] Compiling '/home/g209/ros2_ws/install/custom_msgs/local/lib/python3.10/dist-packages/custom_msgs/msg/__init__.py'...
[14.935s] Compiling '/home/g209/ros2_ws/install/custom_msgs/local/lib/python3.10/dist-packages/custom_msgs/msg/_game_state_msg.py'...
[14.935s] Listing '/home/g209/ros2_ws/install/custom_msgs/local/lib/python3.10/dist-packages/custom_msgs/srv'...
[14.935s] Compiling '/home/g209/ros2_ws/install/custom_msgs/local/lib/python3.10/dist-packages/custom_msgs/srv/__init__.py'...
[14.936s] Compiling '/home/g209/ros2_ws/install/custom_msgs/local/lib/python3.10/dist-packages/custom_msgs/srv/_player_move.py'...
[14.937s] -- Installing: /home/g209/ros2_ws/install/custom_msgs/local/lib/python3.10/dist-packages/custom_msgs/custom_msgs_s__rosidl_typesupport_fastrtps_c.cpython-310-x86_64-linux-gnu.so
[14.938s] -- Set runtime path of "/home/g209/ros2_ws/install/custom_msgs/local/lib/python3.10/dist-packages/custom_msgs/custom_msgs_s__rosidl_typesupport_fastrtps_c.cpython-310-x86_64-linux-gnu.so" to ""
[14.938s] -- Installing: /home/g209/ros2_ws/install/custom_msgs/local/lib/python3.10/dist-packages/custom_msgs/custom_msgs_s__rosidl_typesupport_introspection_c.cpython-310-x86_64-linux-gnu.so
[14.938s] -- Set runtime path of "/home/g209/ros2_ws/install/custom_msgs/local/lib/python3.10/dist-packages/custom_msgs/custom_msgs_s__rosidl_typesupport_introspection_c.cpython-310-x86_64-linux-gnu.so" to ""
[14.939s] -- Installing: /home/g209/ros2_ws/install/custom_msgs/local/lib/python3.10/dist-packages/custom_msgs/custom_msgs_s__rosidl_typesupport_c.cpython-310-x86_64-linux-gnu.so
[14.940s] -- Set runtime path of "/home/g209/ros2_ws/install/custom_msgs/local/lib/python3.10/dist-packages/custom_msgs/custom_msgs_s__rosidl_typesupport_c.cpython-310-x86_64-linux-gnu.so" to ""
[14.940s] -- Installing: /home/g209/ros2_ws/install/custom_msgs/lib/libcustom_msgs__rosidl_generator_py.so
[14.942s] -- Set runtime path of "/home/g209/ros2_ws/install/custom_msgs/lib/libcustom_msgs__rosidl_generator_py.so" to ""
[14.943s] -- Installing: /home/g209/ros2_ws/install/custom_msgs/share/custom_msgs/msg/GameStateMsg.idl
[14.945s] -- Installing: /home/g209/ros2_ws/install/custom_msgs/share/custom_msgs/srv/PlayerMove.idl
[14.946s] -- Installing: /home/g209/ros2_ws/install/custom_msgs/share/custom_msgs/msg/GameStateMsg.msg
[14.947s] -- Installing: /home/g209/ros2_ws/install/custom_msgs/share/custom_msgs/srv/PlayerMove.srv
[14.948s] -- Installing: /home/g209/ros2_ws/install/custom_msgs/share/custom_msgs/srv/PlayerMove_Request.msg
[14.950s] -- Installing: /home/g209/ros2_ws/install/custom_msgs/share/custom_msgs/srv/PlayerMove_Response.msg
[14.951s] -- Installing: /home/g209/ros2_ws/install/custom_msgs/share/ament_index/resource_index/package_run_dependencies/custom_msgs
[14.952s] -- Installing: /home/g209/ros2_ws/install/custom_msgs/share/ament_index/resource_index/parent_prefix_path/custom_msgs
[14.954s] -- Installing: /home/g209/ros2_ws/install/custom_msgs/share/custom_msgs/environment/ament_prefix_path.sh
[14.954s] -- Installing: /home/g209/ros2_ws/install/custom_msgs/share/custom_msgs/environment/ament_prefix_path.dsv
[14.955s] -- Installing: /home/g209/ros2_ws/install/custom_msgs/share/custom_msgs/environment/path.sh
[14.956s] -- Installing: /home/g209/ros2_ws/install/custom_msgs/share/custom_msgs/environment/path.dsv
[14.956s] -- Installing: /home/g209/ros2_ws/install/custom_msgs/share/custom_msgs/local_setup.bash
[14.958s] -- Installing: /home/g209/ros2_ws/install/custom_msgs/share/custom_msgs/local_setup.sh
[14.959s] -- Installing: /home/g209/ros2_ws/install/custom_msgs/share/custom_msgs/local_setup.zsh
[14.973s] -- Installing: /home/g209/ros2_ws/install/custom_msgs/share/custom_msgs/local_setup.dsv
[14.973s] -- Installing: /home/g209/ros2_ws/install/custom_msgs/share/custom_msgs/package.dsv
[14.974s] -- Installing: /home/g209/ros2_ws/install/custom_msgs/share/ament_index/resource_index/packages/custom_msgs
[14.975s] -- Installing: /home/g209/ros2_ws/install/custom_msgs/share/custom_msgs/cmake/export_custom_msgs__rosidl_generator_cExport.cmake
[14.987s] -- Installing: /home/g209/ros2_ws/install/custom_msgs/share/custom_msgs/cmake/export_custom_msgs__rosidl_generator_cExport-noconfig.cmake
[14.987s] -- Installing: /home/g209/ros2_ws/install/custom_msgs/share/custom_msgs/cmake/export_custom_msgs__rosidl_typesupport_fastrtps_cExport.cmake
[14.989s] -- Installing: /home/g209/ros2_ws/install/custom_msgs/share/custom_msgs/cmake/export_custom_msgs__rosidl_typesupport_fastrtps_cExport-noconfig.cmake
[14.990s] -- Installing: /home/g209/ros2_ws/install/custom_msgs/share/custom_msgs/cmake/custom_msgs__rosidl_typesupport_introspection_cExport.cmake
[14.992s] -- Installing: /home/g209/ros2_ws/install/custom_msgs/share/custom_msgs/cmake/custom_msgs__rosidl_typesupport_introspection_cExport-noconfig.cmake
[15.004s] -- Installing: /home/g209/ros2_ws/install/custom_msgs/share/custom_msgs/cmake/custom_msgs__rosidl_typesupport_cExport.cmake
[15.006s] -- Installing: /home/g209/ros2_ws/install/custom_msgs/share/custom_msgs/cmake/custom_msgs__rosidl_typesupport_cExport-noconfig.cmake
[15.008s] -- Installing: /home/g209/ros2_ws/install/custom_msgs/share/custom_msgs/cmake/export_custom_msgs__rosidl_generator_cppExport.cmake
[15.012s] -- Installing: /home/g209/ros2_ws/install/custom_msgs/share/custom_msgs/cmake/export_custom_msgs__rosidl_typesupport_fastrtps_cppExport.cmake
[15.012s] -- Installing: /home/g209/ros2_ws/install/custom_msgs/share/custom_msgs/cmake/export_custom_msgs__rosidl_typesupport_fastrtps_cppExport-noconfig.cmake
[15.012s] -- Installing: /home/g209/ros2_ws/install/custom_msgs/share/custom_msgs/cmake/custom_msgs__rosidl_typesupport_introspection_cppExport.cmake
[15.018s] -- Installing: /home/g209/ros2_ws/install/custom_msgs/share/custom_msgs/cmake/custom_msgs__rosidl_typesupport_introspection_cppExport-noconfig.cmake
[15.019s] -- Installing: /home/g209/ros2_ws/install/custom_msgs/share/custom_msgs/cmake/custom_msgs__rosidl_typesupport_cppExport.cmake
[15.019s] -- Installing: /home/g209/ros2_ws/install/custom_msgs/share/custom_msgs/cmake/custom_msgs__rosidl_typesupport_cppExport-noconfig.cmake
[15.019s] -- Installing: /home/g209/ros2_ws/install/custom_msgs/share/custom_msgs/cmake/export_custom_msgs__rosidl_generator_pyExport.cmake
[15.027s] -- Installing: /home/g209/ros2_ws/install/custom_msgs/share/custom_msgs/cmake/export_custom_msgs__rosidl_generator_pyExport-noconfig.cmake
[15.027s] -- Installing: /home/g209/ros2_ws/install/custom_msgs/share/custom_msgs/cmake/rosidl_cmake-extras.cmake
[15.027s] -- Installing: /home/g209/ros2_ws/install/custom_msgs/share/custom_msgs/cmake/ament_cmake_export_include_directories-extras.cmake
[15.027s] -- Installing: /home/g209/ros2_ws/install/custom_msgs/share/custom_msgs/cmake/ament_cmake_export_libraries-extras.cmake
[15.027s] -- Installing: /home/g209/ros2_ws/install/custom_msgs/share/custom_msgs/cmake/ament_cmake_export_targets-extras.cmake
[15.027s] -- Installing: /home/g209/ros2_ws/install/custom_msgs/share/custom_msgs/cmake/rosidl_cmake_export_typesupport_targets-extras.cmake
[15.027s] -- Installing: /home/g209/ros2_ws/install/custom_msgs/share/custom_msgs/cmake/ament_cmake_export_dependencies-extras.cmake
[15.027s] -- Installing: /home/g209/ros2_ws/install/custom_msgs/share/custom_msgs/cmake/rosidl_cmake_export_typesupport_libraries-extras.cmake
[15.027s] -- Installing: /home/g209/ros2_ws/install/custom_msgs/share/custom_msgs/cmake/custom_msgsConfig.cmake
[15.029s] -- Installing: /home/g209/ros2_ws/install/custom_msgs/share/custom_msgs/cmake/custom_msgsConfig-version.cmake
[15.029s] -- Installing: /home/g209/ros2_ws/install/custom_msgs/share/custom_msgs/package.xml
[15.040s] Invoked command in '/home/g209/ros2_ws/build/custom_msgs' returned '0': CMAKE_PREFIX_PATH=/opt/ros/humble /usr/bin/cmake --install /home/g209/ros2_ws/build/custom_msgs
