[0.076s] Invoking command in '/home/g209/workspace/build/game': CMAKE_PREFIX_PATH=${CMAKE_PREFIX_PATH}:/opt/ros/humble /usr/bin/cmake --build /home/g209/workspace/build/game -- -j2 -l2
[0.184s] [  3%] Built target game__cpp
[0.202s] [ 12%] Built target game__rosidl_generator_c
[0.258s] [ 21%] Built target game__rosidl_typesupport_cpp
[0.289s] [ 21%] Built target ament_cmake_python_copy_game
[0.296s] [ 30%] Built target game__rosidl_typesupport_fastrtps_c
[0.324s] [ 39%] Built target game__rosidl_typesupport_introspection_c
[0.346s] [ 48%] Built target game__rosidl_typesupport_c
[0.373s] [ 57%] Built target game__rosidl_typesupport_fastrtps_cpp
[0.384s] [ 66%] Built target game__rosidl_typesupport_introspection_cpp
[0.410s] [35m[1mConsolidate compiler generated dependencies of target controller_publisher[0m
[0.483s] [ 69%] [32mBuilding CXX object CMakeFiles/controller_publisher.dir/src/controller_publisher.cpp.o[0m
[0.591s] running egg_info
[0.596s] writing game.egg-info/PKG-INFO
[0.598s] writing dependency_links to game.egg-info/dependency_links.txt
[0.607s] writing top-level names to game.egg-info/top_level.txt
[0.607s] reading manifest file 'game.egg-info/SOURCES.txt'
[0.607s] writing manifest file 'game.egg-info/SOURCES.txt'
[0.635s] [ 69%] Built target ament_cmake_python_build_game_egg
[0.672s] [ 69%] Built target game
[0.724s] [ 72%] Built target game__py
[0.763s] [ 78%] Built target game__rosidl_generator_py
[0.772s] [ 84%] Built target game__rosidl_typesupport_fastrtps_c__pyext
[1.268s] [ 90%] Built target game__rosidl_typesupport_introspection_c__pyext
[1.321s] [ 96%] Built target game__rosidl_typesupport_c__pyext
[3.525s] [01m[K/home/g209/workspace/src/game/src/controller_publisher.cpp:[m[K In constructor ‘[01m[KControllerPublisher::ControllerPublisher()[m[K’:
[3.534s] [01m[K/home/g209/workspace/src/game/src/controller_publisher.cpp:14:25:[m[K [01;31m[Kerror: [m[K‘[01m[Kplayer_move_subscription_[m[K’ was not declared in this scope
[3.540s]    14 |                         [01;31m[Kplayer_move_subscription_[m[K = this->create_subscription<game::msg::GameStateMsg>("player_info", 10, std::bind(&GUIPublisher::handlePlayerMove, this, _1));
[3.540s]       |                         [01;31m[K^~~~~~~~~~~~~~~~~~~~~~~~~[m[K
[3.547s] [01m[K/home/g209/workspace/src/game/src/controller_publisher.cpp:14:134:[m[K [01;31m[Kerror: [m[K‘[01m[KGUIPublisher[m[K’ has not been declared
[3.547s]    14 |                         player_move_subscription_ = this->create_subscription<game::msg::GameStateMsg>("player_info", 10, std::bind(&[01;31m[KGUIPublisher[m[K::handlePlayerMove, this, _1));
[3.548s]       |                                                                                                                                      [01;31m[K^~~~~~~~~~~~[m[K
[4.644s] gmake[2]: *** [CMakeFiles/controller_publisher.dir/build.make:76: CMakeFiles/controller_publisher.dir/src/controller_publisher.cpp.o] Fehler 1
[4.644s] gmake[1]: *** [CMakeFiles/Makefile2:593: CMakeFiles/controller_publisher.dir/all] Fehler 2
[4.644s] gmake: *** [Makefile:146: all] Fehler 2
[4.648s] Invoked command in '/home/g209/workspace/build/game' returned '2': CMAKE_PREFIX_PATH=${CMAKE_PREFIX_PATH}:/opt/ros/humble /usr/bin/cmake --build /home/g209/workspace/build/game -- -j2 -l2
