[0.092s] Invoking command in '/home/g209/workspace/build/game': CMAKE_PREFIX_PATH=/opt/ros/humble /usr/bin/cmake --build /home/g209/workspace/build/game -- -j2 -l2
[0.236s] [  3%] Built target game__cpp
[0.241s] [ 12%] Built target game__rosidl_generator_c
[0.297s] [ 21%] Built target game__rosidl_typesupport_cpp
[0.325s] [ 21%] Built target ament_cmake_python_copy_game
[0.378s] [ 30%] Built target game__rosidl_typesupport_fastrtps_c
[0.380s] [ 39%] Built target game__rosidl_typesupport_introspection_c
[0.415s] [ 48%] Built target game__rosidl_typesupport_c
[0.490s] [ 57%] Built target game__rosidl_typesupport_introspection_cpp
[0.504s] [ 66%] Built target game__rosidl_typesupport_fastrtps_cpp
[0.579s] [35m[1mConsolidate compiler generated dependencies of target controller_publisher[0m
[0.731s] [ 69%] [32mBuilding CXX object CMakeFiles/controller_publisher.dir/src/controller_publisher.cpp.o[0m
[0.913s] running egg_info
[0.913s] writing game.egg-info/PKG-INFO
[0.913s] writing dependency_links to game.egg-info/dependency_links.txt
[0.913s] writing top-level names to game.egg-info/top_level.txt
[0.913s] reading manifest file 'game.egg-info/SOURCES.txt'
[0.913s] writing manifest file 'game.egg-info/SOURCES.txt'
[0.993s] [ 69%] Built target ament_cmake_python_build_game_egg
[1.048s] [ 69%] Built target game
[1.162s] [ 72%] Built target game__py
[1.257s] [ 78%] Built target game__rosidl_generator_py
[1.340s] [ 84%] Built target game__rosidl_typesupport_fastrtps_c__pyext
[1.442s] [ 90%] Built target game__rosidl_typesupport_introspection_c__pyext
[1.537s] [ 96%] Built target game__rosidl_typesupport_c__pyext
[9.602s] [100%] [32m[1mLinking CXX executable controller_publisher[0m
[10.053s] [100%] Built target controller_publisher
[10.151s] Invoked command in '/home/g209/workspace/build/game' returned '0': CMAKE_PREFIX_PATH=/opt/ros/humble /usr/bin/cmake --build /home/g209/workspace/build/game -- -j2 -l2
[10.458s] Invoking command in '/home/g209/workspace/build/game': CMAKE_PREFIX_PATH=/opt/ros/humble /usr/bin/cmake --install /home/g209/workspace/build/game
[10.472s] -- Install configuration: ""
[10.472s] -- Up-to-date: /home/g209/workspace/install/game/share/ament_index/resource_index/rosidl_interfaces/game
[10.472s] -- Up-to-date: /home/g209/workspace/install/game/include/game/game
[10.473s] -- Up-to-date: /home/g209/workspace/install/game/include/game/game/msg
[10.473s] -- Up-to-date: /home/g209/workspace/install/game/include/game/game/msg/detail
[10.473s] -- Up-to-date: /home/g209/workspace/install/game/include/game/game/msg/detail/game_state_msg__struct.h
[10.473s] -- Up-to-date: /home/g209/workspace/install/game/include/game/game/msg/detail/game_state_msg__functions.c
[10.473s] -- Up-to-date: /home/g209/workspace/install/game/include/game/game/msg/detail/game_state_msg__functions.h
[10.473s] -- Up-to-date: /home/g209/workspace/install/game/include/game/game/msg/detail/game_state_msg__type_support.h
[10.473s] -- Up-to-date: /home/g209/workspace/install/game/include/game/game/msg/rosidl_generator_c__visibility_control.h
[10.473s] -- Up-to-date: /home/g209/workspace/install/game/include/game/game/msg/game_state_msg.h
[10.473s] -- Up-to-date: /home/g209/workspace/install/game/share/game/environment/library_path.sh
[10.474s] -- Up-to-date: /home/g209/workspace/install/game/share/game/environment/library_path.dsv
[10.474s] -- Up-to-date: /home/g209/workspace/install/game/lib/libgame__rosidl_generator_c.so
[10.474s] -- Up-to-date: /home/g209/workspace/install/game/include/game/game
[10.474s] -- Up-to-date: /home/g209/workspace/install/game/include/game/game/msg
[10.475s] -- Up-to-date: /home/g209/workspace/install/game/include/game/game/msg/detail
[10.476s] -- Up-to-date: /home/g209/workspace/install/game/include/game/game/msg/detail/game_state_msg__rosidl_typesupport_fastrtps_c.h
[10.476s] -- Up-to-date: /home/g209/workspace/install/game/include/game/game/msg/rosidl_typesupport_fastrtps_c__visibility_control.h
[10.477s] -- Up-to-date: /home/g209/workspace/install/game/lib/libgame__rosidl_typesupport_fastrtps_c.so
[10.477s] -- Up-to-date: /home/g209/workspace/install/game/include/game/game
[10.477s] -- Up-to-date: /home/g209/workspace/install/game/include/game/game/msg
[10.477s] -- Up-to-date: /home/g209/workspace/install/game/include/game/game/msg/detail
[10.477s] -- Up-to-date: /home/g209/workspace/install/game/include/game/game/msg/detail/game_state_msg__type_support.c
[10.477s] -- Up-to-date: /home/g209/workspace/install/game/include/game/game/msg/detail/game_state_msg__rosidl_typesupport_introspection_c.h
[10.477s] -- Up-to-date: /home/g209/workspace/install/game/include/game/game/msg/rosidl_typesupport_introspection_c__visibility_control.h
[10.477s] -- Up-to-date: /home/g209/workspace/install/game/lib/libgame__rosidl_typesupport_introspection_c.so
[10.477s] -- Up-to-date: /home/g209/workspace/install/game/lib/libgame__rosidl_typesupport_c.so
[10.477s] -- Up-to-date: /home/g209/workspace/install/game/include/game/game
[10.477s] -- Up-to-date: /home/g209/workspace/install/game/include/game/game/msg
[10.477s] -- Up-to-date: /home/g209/workspace/install/game/include/game/game/msg/detail
[10.478s] -- Up-to-date: /home/g209/workspace/install/game/include/game/game/msg/detail/game_state_msg__traits.hpp
[10.478s] -- Up-to-date: /home/g209/workspace/install/game/include/game/game/msg/detail/game_state_msg__builder.hpp
[10.478s] -- Up-to-date: /home/g209/workspace/install/game/include/game/game/msg/detail/game_state_msg__struct.hpp
[10.478s] -- Up-to-date: /home/g209/workspace/install/game/include/game/game/msg/game_state_msg.hpp
[10.478s] -- Up-to-date: /home/g209/workspace/install/game/include/game/game
[10.478s] -- Up-to-date: /home/g209/workspace/install/game/include/game/game/msg
[10.478s] -- Up-to-date: /home/g209/workspace/install/game/include/game/game/msg/detail
[10.478s] -- Up-to-date: /home/g209/workspace/install/game/include/game/game/msg/detail/game_state_msg__rosidl_typesupport_fastrtps_cpp.hpp
[10.478s] -- Up-to-date: /home/g209/workspace/install/game/include/game/game/msg/detail/dds_fastrtps
[10.478s] -- Up-to-date: /home/g209/workspace/install/game/include/game/game/msg/rosidl_typesupport_fastrtps_cpp__visibility_control.h
[10.478s] -- Up-to-date: /home/g209/workspace/install/game/lib/libgame__rosidl_typesupport_fastrtps_cpp.so
[10.478s] -- Up-to-date: /home/g209/workspace/install/game/include/game/game
[10.478s] -- Up-to-date: /home/g209/workspace/install/game/include/game/game/msg
[10.478s] -- Up-to-date: /home/g209/workspace/install/game/include/game/game/msg/detail
[10.478s] -- Up-to-date: /home/g209/workspace/install/game/include/game/game/msg/detail/game_state_msg__type_support.cpp
[10.478s] -- Up-to-date: /home/g209/workspace/install/game/include/game/game/msg/detail/game_state_msg__rosidl_typesupport_introspection_cpp.hpp
[10.478s] -- Up-to-date: /home/g209/workspace/install/game/lib/libgame__rosidl_typesupport_introspection_cpp.so
[10.478s] -- Up-to-date: /home/g209/workspace/install/game/lib/libgame__rosidl_typesupport_cpp.so
[10.478s] -- Up-to-date: /home/g209/workspace/install/game/share/game/environment/pythonpath.sh
[10.478s] -- Up-to-date: /home/g209/workspace/install/game/share/game/environment/pythonpath.dsv
[10.478s] -- Up-to-date: /home/g209/workspace/install/game/local/lib/python3.10/dist-packages/game-0.0.0-py3.10.egg-info
[10.479s] -- Installing: /home/g209/workspace/install/game/local/lib/python3.10/dist-packages/game-0.0.0-py3.10.egg-info/SOURCES.txt
[10.523s] -- Installing: /home/g209/workspace/install/game/local/lib/python3.10/dist-packages/game-0.0.0-py3.10.egg-info/PKG-INFO
[10.524s] -- Installing: /home/g209/workspace/install/game/local/lib/python3.10/dist-packages/game-0.0.0-py3.10.egg-info/top_level.txt
[10.525s] -- Installing: /home/g209/workspace/install/game/local/lib/python3.10/dist-packages/game-0.0.0-py3.10.egg-info/dependency_links.txt
[10.525s] -- Up-to-date: /home/g209/workspace/install/game/local/lib/python3.10/dist-packages/game
[10.526s] -- Up-to-date: /home/g209/workspace/install/game/local/lib/python3.10/dist-packages/game/_game_s.ep.rosidl_typesupport_introspection_c.c
[10.526s] -- Up-to-date: /home/g209/workspace/install/game/local/lib/python3.10/dist-packages/game/msg
[10.526s] -- Up-to-date: /home/g209/workspace/install/game/local/lib/python3.10/dist-packages/game/msg/__init__.py
[10.526s] -- Up-to-date: /home/g209/workspace/install/game/local/lib/python3.10/dist-packages/game/msg/_game_state_msg.py
[10.526s] -- Up-to-date: /home/g209/workspace/install/game/local/lib/python3.10/dist-packages/game/msg/_game_state_msg_s.c
[10.526s] -- Up-to-date: /home/g209/workspace/install/game/local/lib/python3.10/dist-packages/game/game_s__rosidl_typesupport_introspection_c.cpython-310-x86_64-linux-gnu.so
[10.526s] -- Up-to-date: /home/g209/workspace/install/game/local/lib/python3.10/dist-packages/game/_game_s.ep.rosidl_typesupport_c.c
[10.526s] -- Up-to-date: /home/g209/workspace/install/game/local/lib/python3.10/dist-packages/game/__init__.py
[10.526s] -- Up-to-date: /home/g209/workspace/install/game/local/lib/python3.10/dist-packages/game/game_s__rosidl_typesupport_fastrtps_c.cpython-310-x86_64-linux-gnu.so
[10.526s] -- Up-to-date: /home/g209/workspace/install/game/local/lib/python3.10/dist-packages/game/libgame__rosidl_generator_py.so
[10.526s] -- Up-to-date: /home/g209/workspace/install/game/local/lib/python3.10/dist-packages/game/game_s__rosidl_typesupport_c.cpython-310-x86_64-linux-gnu.so
[10.526s] -- Up-to-date: /home/g209/workspace/install/game/local/lib/python3.10/dist-packages/game/_game_s.ep.rosidl_typesupport_fastrtps_c.c
[10.584s] Listing '/home/g209/workspace/install/game/local/lib/python3.10/dist-packages/game'...
[10.584s] Listing '/home/g209/workspace/install/game/local/lib/python3.10/dist-packages/game/msg'...
[10.590s] -- Up-to-date: /home/g209/workspace/install/game/local/lib/python3.10/dist-packages/game/game_s__rosidl_typesupport_fastrtps_c.cpython-310-x86_64-linux-gnu.so
[10.590s] -- Up-to-date: /home/g209/workspace/install/game/local/lib/python3.10/dist-packages/game/game_s__rosidl_typesupport_introspection_c.cpython-310-x86_64-linux-gnu.so
[10.591s] -- Up-to-date: /home/g209/workspace/install/game/local/lib/python3.10/dist-packages/game/game_s__rosidl_typesupport_c.cpython-310-x86_64-linux-gnu.so
[10.591s] -- Up-to-date: /home/g209/workspace/install/game/lib/libgame__rosidl_generator_py.so
[10.591s] -- Up-to-date: /home/g209/workspace/install/game/share/game/msg/GameStateMsg.idl
[10.591s] -- Up-to-date: /home/g209/workspace/install/game/share/game/msg/GameStateMsg.msg
[10.591s] -- Installing: /home/g209/workspace/install/game/lib/game/controller_publisher
[10.597s] -- Set runtime path of "/home/g209/workspace/install/game/lib/game/controller_publisher" to ""
[10.597s] -- Up-to-date: /home/g209/workspace/install/game/share/ament_index/resource_index/package_run_dependencies/game
[10.597s] -- Up-to-date: /home/g209/workspace/install/game/share/ament_index/resource_index/parent_prefix_path/game
[10.597s] -- Up-to-date: /home/g209/workspace/install/game/share/game/environment/ament_prefix_path.sh
[10.598s] -- Up-to-date: /home/g209/workspace/install/game/share/game/environment/ament_prefix_path.dsv
[10.598s] -- Up-to-date: /home/g209/workspace/install/game/share/game/environment/path.sh
[10.598s] -- Up-to-date: /home/g209/workspace/install/game/share/game/environment/path.dsv
[10.598s] -- Up-to-date: /home/g209/workspace/install/game/share/game/local_setup.bash
[10.598s] -- Up-to-date: /home/g209/workspace/install/game/share/game/local_setup.sh
[10.598s] -- Up-to-date: /home/g209/workspace/install/game/share/game/local_setup.zsh
[10.598s] -- Up-to-date: /home/g209/workspace/install/game/share/game/local_setup.dsv
[10.598s] -- Installing: /home/g209/workspace/install/game/share/game/package.dsv
[10.598s] -- Up-to-date: /home/g209/workspace/install/game/share/ament_index/resource_index/packages/game
[10.598s] -- Up-to-date: /home/g209/workspace/install/game/share/game/cmake/export_game__rosidl_generator_cExport.cmake
[10.599s] -- Up-to-date: /home/g209/workspace/install/game/share/game/cmake/export_game__rosidl_generator_cExport-noconfig.cmake
[10.599s] -- Up-to-date: /home/g209/workspace/install/game/share/game/cmake/export_game__rosidl_typesupport_fastrtps_cExport.cmake
[10.599s] -- Up-to-date: /home/g209/workspace/install/game/share/game/cmake/export_game__rosidl_typesupport_fastrtps_cExport-noconfig.cmake
[10.600s] -- Up-to-date: /home/g209/workspace/install/game/share/game/cmake/game__rosidl_typesupport_introspection_cExport.cmake
[10.601s] -- Up-to-date: /home/g209/workspace/install/game/share/game/cmake/game__rosidl_typesupport_introspection_cExport-noconfig.cmake
[10.601s] -- Up-to-date: /home/g209/workspace/install/game/share/game/cmake/game__rosidl_typesupport_cExport.cmake
[10.601s] -- Up-to-date: /home/g209/workspace/install/game/share/game/cmake/game__rosidl_typesupport_cExport-noconfig.cmake
[10.601s] -- Up-to-date: /home/g209/workspace/install/game/share/game/cmake/export_game__rosidl_generator_cppExport.cmake
[10.601s] -- Up-to-date: /home/g209/workspace/install/game/share/game/cmake/export_game__rosidl_typesupport_fastrtps_cppExport.cmake
[10.601s] -- Up-to-date: /home/g209/workspace/install/game/share/game/cmake/export_game__rosidl_typesupport_fastrtps_cppExport-noconfig.cmake
[10.601s] -- Up-to-date: /home/g209/workspace/install/game/share/game/cmake/game__rosidl_typesupport_introspection_cppExport.cmake
[10.601s] -- Up-to-date: /home/g209/workspace/install/game/share/game/cmake/game__rosidl_typesupport_introspection_cppExport-noconfig.cmake
[10.601s] -- Up-to-date: /home/g209/workspace/install/game/share/game/cmake/game__rosidl_typesupport_cppExport.cmake
[10.611s] -- Up-to-date: /home/g209/workspace/install/game/share/game/cmake/game__rosidl_typesupport_cppExport-noconfig.cmake
[10.612s] -- Up-to-date: /home/g209/workspace/install/game/share/game/cmake/export_game__rosidl_generator_pyExport.cmake
[10.612s] -- Up-to-date: /home/g209/workspace/install/game/share/game/cmake/export_game__rosidl_generator_pyExport-noconfig.cmake
[10.612s] -- Up-to-date: /home/g209/workspace/install/game/share/game/cmake/rosidl_cmake-extras.cmake
[10.612s] -- Up-to-date: /home/g209/workspace/install/game/share/game/cmake/ament_cmake_export_include_directories-extras.cmake
[10.612s] -- Up-to-date: /home/g209/workspace/install/game/share/game/cmake/ament_cmake_export_libraries-extras.cmake
[10.612s] -- Up-to-date: /home/g209/workspace/install/game/share/game/cmake/ament_cmake_export_targets-extras.cmake
[10.612s] -- Up-to-date: /home/g209/workspace/install/game/share/game/cmake/rosidl_cmake_export_typesupport_targets-extras.cmake
[10.612s] -- Up-to-date: /home/g209/workspace/install/game/share/game/cmake/ament_cmake_export_dependencies-extras.cmake
[10.612s] -- Up-to-date: /home/g209/workspace/install/game/share/game/cmake/rosidl_cmake_export_typesupport_libraries-extras.cmake
[10.612s] -- Up-to-date: /home/g209/workspace/install/game/share/game/cmake/gameConfig.cmake
[10.612s] -- Up-to-date: /home/g209/workspace/install/game/share/game/cmake/gameConfig-version.cmake
[10.612s] -- Up-to-date: /home/g209/workspace/install/game/share/game/package.xml
[10.619s] Invoked command in '/home/g209/workspace/build/game' returned '0': CMAKE_PREFIX_PATH=/opt/ros/humble /usr/bin/cmake --install /home/g209/workspace/build/game
