[0.086s] Invoking command in '/home/g209/workspace/build/game': CMAKE_PREFIX_PATH=${CMAKE_PREFIX_PATH}:/opt/ros/humble /usr/bin/cmake --build /home/g209/workspace/build/game -- -j2 -l2
[0.196s] [  3%] Built target game__cpp
[0.214s] [ 12%] Built target game__rosidl_generator_c
[0.252s] [ 21%] Built target game__rosidl_typesupport_cpp
[0.277s] [ 21%] Built target ament_cmake_python_copy_game
[0.320s] [ 30%] Built target game__rosidl_typesupport_fastrtps_c
[0.361s] [ 39%] Built target game__rosidl_typesupport_introspection_c
[0.384s] [ 48%] Built target game__rosidl_typesupport_c
[0.423s] [ 57%] Built target game__rosidl_typesupport_fastrtps_cpp
[0.457s] [ 66%] Built target game__rosidl_typesupport_introspection_cpp
[0.478s] [35m[1mConsolidate compiler generated dependencies of target controller_publisher[0m
[0.499s] [ 69%] [32mBuilding CXX object CMakeFiles/controller_publisher.dir/src/controller_publisher.cpp.o[0m
[0.616s] running egg_info
[0.624s] writing game.egg-info/PKG-INFO
[0.627s] writing dependency_links to game.egg-info/dependency_links.txt
[0.630s] writing top-level names to game.egg-info/top_level.txt
[0.633s] reading manifest file 'game.egg-info/SOURCES.txt'
[0.634s] writing manifest file 'game.egg-info/SOURCES.txt'
[0.701s] [ 69%] Built target ament_cmake_python_build_game_egg
[1.447s] [ 69%] Built target game
[1.476s] [ 72%] Built target game__py
[1.770s] [ 78%] Built target game__rosidl_generator_py
[1.770s] [35m[1mConsolidate compiler generated dependencies of target game__rosidl_typesupport_fastrtps_c__pyext[0m
[2.239s] [ 84%] Built target game__rosidl_typesupport_fastrtps_c__pyext
[2.419s] [35m[1mConsolidate compiler generated dependencies of target game__rosidl_typesupport_introspection_c__pyext[0m
[2.801s] [ 90%] Built target game__rosidl_typesupport_introspection_c__pyext
[2.858s] [35m[1mConsolidate compiler generated dependencies of target game__rosidl_typesupport_c__pyext[0m
[2.921s] [ 96%] Built target game__rosidl_typesupport_c__pyext
[4.146s] [100%] [32m[1mLinking CXX executable controller_publisher[0m
[4.314s] [100%] Built target controller_publisher
[4.342s] Invoked command in '/home/g209/workspace/build/game' returned '0': CMAKE_PREFIX_PATH=${CMAKE_PREFIX_PATH}:/opt/ros/humble /usr/bin/cmake --build /home/g209/workspace/build/game -- -j2 -l2
[4.486s] Invoking command in '/home/g209/workspace/build/game': CMAKE_PREFIX_PATH=${CMAKE_PREFIX_PATH}:/opt/ros/humble /usr/bin/cmake --install /home/g209/workspace/build/game
[4.517s] -- Install configuration: ""
[4.517s] -- Up-to-date: /home/g209/workspace/install/game/share/ament_index/resource_index/rosidl_interfaces/game
[4.517s] -- Up-to-date: /home/g209/workspace/install/game/include/game/game
[4.517s] -- Up-to-date: /home/g209/workspace/install/game/include/game/game/msg
[4.517s] -- Up-to-date: /home/g209/workspace/install/game/include/game/game/msg/detail
[4.517s] -- Up-to-date: /home/g209/workspace/install/game/include/game/game/msg/detail/game_state_msg__struct.h
[4.517s] -- Up-to-date: /home/g209/workspace/install/game/include/game/game/msg/detail/game_state_msg__functions.c
[4.517s] -- Up-to-date: /home/g209/workspace/install/game/include/game/game/msg/detail/game_state_msg__functions.h
[4.517s] -- Up-to-date: /home/g209/workspace/install/game/include/game/game/msg/detail/game_state_msg__type_support.h
[4.517s] -- Up-to-date: /home/g209/workspace/install/game/include/game/game/msg/rosidl_generator_c__visibility_control.h
[4.517s] -- Up-to-date: /home/g209/workspace/install/game/include/game/game/msg/game_state_msg.h
[4.518s] -- Up-to-date: /home/g209/workspace/install/game/share/game/environment/library_path.sh
[4.518s] -- Up-to-date: /home/g209/workspace/install/game/share/game/environment/library_path.dsv
[4.518s] -- Up-to-date: /home/g209/workspace/install/game/lib/libgame__rosidl_generator_c.so
[4.518s] -- Up-to-date: /home/g209/workspace/install/game/include/game/game
[4.518s] -- Up-to-date: /home/g209/workspace/install/game/include/game/game/msg
[4.518s] -- Up-to-date: /home/g209/workspace/install/game/include/game/game/msg/detail
[4.518s] -- Up-to-date: /home/g209/workspace/install/game/include/game/game/msg/detail/game_state_msg__rosidl_typesupport_fastrtps_c.h
[4.518s] -- Up-to-date: /home/g209/workspace/install/game/include/game/game/msg/rosidl_typesupport_fastrtps_c__visibility_control.h
[4.518s] -- Up-to-date: /home/g209/workspace/install/game/lib/libgame__rosidl_typesupport_fastrtps_c.so
[4.518s] -- Up-to-date: /home/g209/workspace/install/game/include/game/game
[4.518s] -- Up-to-date: /home/g209/workspace/install/game/include/game/game/msg
[4.518s] -- Up-to-date: /home/g209/workspace/install/game/include/game/game/msg/detail
[4.518s] -- Up-to-date: /home/g209/workspace/install/game/include/game/game/msg/detail/game_state_msg__type_support.c
[4.518s] -- Up-to-date: /home/g209/workspace/install/game/include/game/game/msg/detail/game_state_msg__rosidl_typesupport_introspection_c.h
[4.518s] -- Up-to-date: /home/g209/workspace/install/game/include/game/game/msg/rosidl_typesupport_introspection_c__visibility_control.h
[4.518s] -- Up-to-date: /home/g209/workspace/install/game/lib/libgame__rosidl_typesupport_introspection_c.so
[4.518s] -- Up-to-date: /home/g209/workspace/install/game/lib/libgame__rosidl_typesupport_c.so
[4.519s] -- Up-to-date: /home/g209/workspace/install/game/include/game/game
[4.519s] -- Up-to-date: /home/g209/workspace/install/game/include/game/game/msg
[4.519s] -- Up-to-date: /home/g209/workspace/install/game/include/game/game/msg/detail
[4.519s] -- Up-to-date: /home/g209/workspace/install/game/include/game/game/msg/detail/game_state_msg__traits.hpp
[4.519s] -- Up-to-date: /home/g209/workspace/install/game/include/game/game/msg/detail/game_state_msg__builder.hpp
[4.519s] -- Up-to-date: /home/g209/workspace/install/game/include/game/game/msg/detail/game_state_msg__struct.hpp
[4.519s] -- Up-to-date: /home/g209/workspace/install/game/include/game/game/msg/game_state_msg.hpp
[4.519s] -- Up-to-date: /home/g209/workspace/install/game/include/game/game
[4.519s] -- Up-to-date: /home/g209/workspace/install/game/include/game/game/msg
[4.519s] -- Up-to-date: /home/g209/workspace/install/game/include/game/game/msg/detail
[4.519s] -- Up-to-date: /home/g209/workspace/install/game/include/game/game/msg/detail/game_state_msg__rosidl_typesupport_fastrtps_cpp.hpp
[4.519s] -- Up-to-date: /home/g209/workspace/install/game/include/game/game/msg/detail/dds_fastrtps
[4.519s] -- Up-to-date: /home/g209/workspace/install/game/include/game/game/msg/rosidl_typesupport_fastrtps_cpp__visibility_control.h
[4.519s] -- Up-to-date: /home/g209/workspace/install/game/lib/libgame__rosidl_typesupport_fastrtps_cpp.so
[4.519s] -- Up-to-date: /home/g209/workspace/install/game/include/game/game
[4.519s] -- Up-to-date: /home/g209/workspace/install/game/include/game/game/msg
[4.519s] -- Up-to-date: /home/g209/workspace/install/game/include/game/game/msg/detail
[4.519s] -- Up-to-date: /home/g209/workspace/install/game/include/game/game/msg/detail/game_state_msg__type_support.cpp
[4.519s] -- Up-to-date: /home/g209/workspace/install/game/include/game/game/msg/detail/game_state_msg__rosidl_typesupport_introspection_cpp.hpp
[4.519s] -- Up-to-date: /home/g209/workspace/install/game/lib/libgame__rosidl_typesupport_introspection_cpp.so
[4.519s] -- Up-to-date: /home/g209/workspace/install/game/lib/libgame__rosidl_typesupport_cpp.so
[4.520s] -- Up-to-date: /home/g209/workspace/install/game/share/game/environment/pythonpath.sh
[4.520s] -- Up-to-date: /home/g209/workspace/install/game/share/game/environment/pythonpath.dsv
[4.520s] -- Up-to-date: /home/g209/workspace/install/game/local/lib/python3.10/dist-packages/game-0.0.0-py3.10.egg-info
[4.520s] -- Installing: /home/g209/workspace/install/game/local/lib/python3.10/dist-packages/game-0.0.0-py3.10.egg-info/SOURCES.txt
[4.520s] -- Installing: /home/g209/workspace/install/game/local/lib/python3.10/dist-packages/game-0.0.0-py3.10.egg-info/PKG-INFO
[4.520s] -- Installing: /home/g209/workspace/install/game/local/lib/python3.10/dist-packages/game-0.0.0-py3.10.egg-info/top_level.txt
[4.520s] -- Installing: /home/g209/workspace/install/game/local/lib/python3.10/dist-packages/game-0.0.0-py3.10.egg-info/dependency_links.txt
[4.520s] -- Up-to-date: /home/g209/workspace/install/game/local/lib/python3.10/dist-packages/game
[4.520s] -- Up-to-date: /home/g209/workspace/install/game/local/lib/python3.10/dist-packages/game/_game_s.ep.rosidl_typesupport_introspection_c.c
[4.520s] -- Up-to-date: /home/g209/workspace/install/game/local/lib/python3.10/dist-packages/game/msg
[4.520s] -- Up-to-date: /home/g209/workspace/install/game/local/lib/python3.10/dist-packages/game/msg/__init__.py
[4.520s] -- Up-to-date: /home/g209/workspace/install/game/local/lib/python3.10/dist-packages/game/msg/_game_state_msg.py
[4.520s] -- Up-to-date: /home/g209/workspace/install/game/local/lib/python3.10/dist-packages/game/msg/_game_state_msg_s.c
[4.520s] -- Up-to-date: /home/g209/workspace/install/game/local/lib/python3.10/dist-packages/game/game_s__rosidl_typesupport_introspection_c.cpython-310-x86_64-linux-gnu.so
[4.520s] -- Up-to-date: /home/g209/workspace/install/game/local/lib/python3.10/dist-packages/game/_game_s.ep.rosidl_typesupport_c.c
[4.520s] -- Up-to-date: /home/g209/workspace/install/game/local/lib/python3.10/dist-packages/game/__init__.py
[4.520s] -- Up-to-date: /home/g209/workspace/install/game/local/lib/python3.10/dist-packages/game/game_s__rosidl_typesupport_fastrtps_c.cpython-310-x86_64-linux-gnu.so
[4.520s] -- Up-to-date: /home/g209/workspace/install/game/local/lib/python3.10/dist-packages/game/libgame__rosidl_generator_py.so
[4.520s] -- Up-to-date: /home/g209/workspace/install/game/local/lib/python3.10/dist-packages/game/game_s__rosidl_typesupport_c.cpython-310-x86_64-linux-gnu.so
[4.521s] -- Up-to-date: /home/g209/workspace/install/game/local/lib/python3.10/dist-packages/game/_game_s.ep.rosidl_typesupport_fastrtps_c.c
[4.551s] Listing '/home/g209/workspace/install/game/local/lib/python3.10/dist-packages/game'...
[4.551s] Listing '/home/g209/workspace/install/game/local/lib/python3.10/dist-packages/game/msg'...
[4.555s] -- Up-to-date: /home/g209/workspace/install/game/local/lib/python3.10/dist-packages/game/game_s__rosidl_typesupport_fastrtps_c.cpython-310-x86_64-linux-gnu.so
[4.555s] -- Up-to-date: /home/g209/workspace/install/game/local/lib/python3.10/dist-packages/game/game_s__rosidl_typesupport_introspection_c.cpython-310-x86_64-linux-gnu.so
[4.555s] -- Up-to-date: /home/g209/workspace/install/game/local/lib/python3.10/dist-packages/game/game_s__rosidl_typesupport_c.cpython-310-x86_64-linux-gnu.so
[4.556s] -- Up-to-date: /home/g209/workspace/install/game/lib/libgame__rosidl_generator_py.so
[4.556s] -- Up-to-date: /home/g209/workspace/install/game/share/game/msg/GameStateMsg.idl
[4.556s] -- Up-to-date: /home/g209/workspace/install/game/share/game/msg/GameStateMsg.msg
[4.556s] -- Installing: /home/g209/workspace/install/game/lib/game/controller_publisher
[4.557s] -- Set runtime path of "/home/g209/workspace/install/game/lib/game/controller_publisher" to ""
[4.557s] -- Up-to-date: /home/g209/workspace/install/game/share/ament_index/resource_index/package_run_dependencies/game
[4.557s] -- Up-to-date: /home/g209/workspace/install/game/share/ament_index/resource_index/parent_prefix_path/game
[4.557s] -- Up-to-date: /home/g209/workspace/install/game/share/game/environment/ament_prefix_path.sh
[4.557s] -- Up-to-date: /home/g209/workspace/install/game/share/game/environment/ament_prefix_path.dsv
[4.557s] -- Up-to-date: /home/g209/workspace/install/game/share/game/environment/path.sh
[4.558s] -- Up-to-date: /home/g209/workspace/install/game/share/game/environment/path.dsv
[4.558s] -- Up-to-date: /home/g209/workspace/install/game/share/game/local_setup.bash
[4.558s] -- Up-to-date: /home/g209/workspace/install/game/share/game/local_setup.sh
[4.558s] -- Up-to-date: /home/g209/workspace/install/game/share/game/local_setup.zsh
[4.558s] -- Up-to-date: /home/g209/workspace/install/game/share/game/local_setup.dsv
[4.558s] -- Installing: /home/g209/workspace/install/game/share/game/package.dsv
[4.558s] -- Up-to-date: /home/g209/workspace/install/game/share/ament_index/resource_index/packages/game
[4.558s] -- Up-to-date: /home/g209/workspace/install/game/share/game/cmake/export_game__rosidl_generator_cExport.cmake
[4.558s] -- Up-to-date: /home/g209/workspace/install/game/share/game/cmake/export_game__rosidl_generator_cExport-noconfig.cmake
[4.558s] -- Up-to-date: /home/g209/workspace/install/game/share/game/cmake/export_game__rosidl_typesupport_fastrtps_cExport.cmake
[4.558s] -- Up-to-date: /home/g209/workspace/install/game/share/game/cmake/export_game__rosidl_typesupport_fastrtps_cExport-noconfig.cmake
[4.558s] -- Up-to-date: /home/g209/workspace/install/game/share/game/cmake/game__rosidl_typesupport_introspection_cExport.cmake
[4.558s] -- Up-to-date: /home/g209/workspace/install/game/share/game/cmake/game__rosidl_typesupport_introspection_cExport-noconfig.cmake
[4.559s] -- Up-to-date: /home/g209/workspace/install/game/share/game/cmake/game__rosidl_typesupport_cExport.cmake
[4.559s] -- Up-to-date: /home/g209/workspace/install/game/share/game/cmake/game__rosidl_typesupport_cExport-noconfig.cmake
[4.559s] -- Up-to-date: /home/g209/workspace/install/game/share/game/cmake/export_game__rosidl_generator_cppExport.cmake
[4.559s] -- Up-to-date: /home/g209/workspace/install/game/share/game/cmake/export_game__rosidl_typesupport_fastrtps_cppExport.cmake
[4.559s] -- Up-to-date: /home/g209/workspace/install/game/share/game/cmake/export_game__rosidl_typesupport_fastrtps_cppExport-noconfig.cmake
[4.559s] -- Up-to-date: /home/g209/workspace/install/game/share/game/cmake/game__rosidl_typesupport_introspection_cppExport.cmake
[4.559s] -- Up-to-date: /home/g209/workspace/install/game/share/game/cmake/game__rosidl_typesupport_introspection_cppExport-noconfig.cmake
[4.559s] -- Up-to-date: /home/g209/workspace/install/game/share/game/cmake/game__rosidl_typesupport_cppExport.cmake
[4.559s] -- Up-to-date: /home/g209/workspace/install/game/share/game/cmake/game__rosidl_typesupport_cppExport-noconfig.cmake
[4.559s] -- Up-to-date: /home/g209/workspace/install/game/share/game/cmake/export_game__rosidl_generator_pyExport.cmake
[4.559s] -- Up-to-date: /home/g209/workspace/install/game/share/game/cmake/export_game__rosidl_generator_pyExport-noconfig.cmake
[4.559s] -- Up-to-date: /home/g209/workspace/install/game/share/game/cmake/rosidl_cmake-extras.cmake
[4.559s] -- Up-to-date: /home/g209/workspace/install/game/share/game/cmake/ament_cmake_export_include_directories-extras.cmake
[4.559s] -- Up-to-date: /home/g209/workspace/install/game/share/game/cmake/ament_cmake_export_libraries-extras.cmake
[4.559s] -- Up-to-date: /home/g209/workspace/install/game/share/game/cmake/ament_cmake_export_targets-extras.cmake
[4.559s] -- Up-to-date: /home/g209/workspace/install/game/share/game/cmake/rosidl_cmake_export_typesupport_targets-extras.cmake
[4.570s] -- Up-to-date: /home/g209/workspace/install/game/share/game/cmake/ament_cmake_export_dependencies-extras.cmake
[4.570s] -- Up-to-date: /home/g209/workspace/install/game/share/game/cmake/rosidl_cmake_export_typesupport_libraries-extras.cmake
[4.570s] -- Up-to-date: /home/g209/workspace/install/game/share/game/cmake/gameConfig.cmake
[4.570s] -- Up-to-date: /home/g209/workspace/install/game/share/game/cmake/gameConfig-version.cmake
[4.570s] -- Up-to-date: /home/g209/workspace/install/game/share/game/package.xml
[4.570s] Invoked command in '/home/g209/workspace/build/game' returned '0': CMAKE_PREFIX_PATH=${CMAKE_PREFIX_PATH}:/opt/ros/humble /usr/bin/cmake --install /home/g209/workspace/build/game
