[  3%] Built target game__cpp
[ 12%] Built target game__rosidl_generator_c
[35m[1mConsolidate compiler generated dependencies of target snakes_and_ladders_game[0m
[ 12%] Built target ament_cmake_python_copy_game
[ 15%] [32mBuilding CXX object CMakeFiles/snakes_and_ladders_game.dir/src/board_controller.cpp.o[0m
[35m[1mConsolidate compiler generated dependencies of target game__rosidl_typesupport_cpp[0m
[ 24%] Built target game__rosidl_typesupport_cpp
[35m[1mConsolidate compiler generated dependencies of target game__rosidl_typesupport_fastrtps_c[0m
[ 33%] Built target game__rosidl_typesupport_fastrtps_c
[35m[1mConsolidate compiler generated dependencies of target game__rosidl_typesupport_introspection_c[0m
[ 42%] Built target game__rosidl_typesupport_introspection_c
[35m[1mConsolidate compiler generated dependencies of target game__rosidl_typesupport_c[0m
[ 51%] Built target game__rosidl_typesupport_c
[35m[1mConsolidate compiler generated dependencies of target game__rosidl_typesupport_fastrtps_cpp[0m
[ 60%] Built target game__rosidl_typesupport_fastrtps_cpp
[35m[1mConsolidate compiler generated dependencies of target game__rosidl_typesupport_introspection_cpp[0m
[ 69%] Built target game__rosidl_typesupport_introspection_cpp
running egg_info
writing game.egg-info/PKG-INFO
writing dependency_links to game.egg-info/dependency_links.txt
writing top-level names to game.egg-info/top_level.txt
reading manifest file 'game.egg-info/SOURCES.txt'
writing manifest file 'game.egg-info/SOURCES.txt'
[ 69%] Built target ament_cmake_python_build_game_egg
[ 69%] Built target game
[ 72%] Built target game__py
[ 75%] [32mBuilding C object CMakeFiles/game__rosidl_generator_py.dir/rosidl_generator_py/game/msg/_game_state_msg_s.c.o[0m
[ 78%] [32m[1mLinking C shared library rosidl_generator_py/game/libgame__rosidl_generator_py.so[0m
[ 78%] Built target game__rosidl_generator_py
[ 81%] [32mBuilding C object CMakeFiles/game__rosidl_typesupport_fastrtps_c__pyext.dir/rosidl_generator_py/game/_game_s.ep.rosidl_typesupport_fastrtps_c.c.o[0m
[ 84%] [32m[1mLinking C shared library rosidl_generator_py/game/game_s__rosidl_typesupport_fastrtps_c.cpython-310-x86_64-linux-gnu.so[0m
[ 84%] Built target game__rosidl_typesupport_fastrtps_c__pyext
[ 87%] [32mBuilding C object CMakeFiles/game__rosidl_typesupport_introspection_c__pyext.dir/rosidl_generator_py/game/_game_s.ep.rosidl_typesupport_introspection_c.c.o[0m
[ 90%] [32m[1mLinking C shared library rosidl_generator_py/game/game_s__rosidl_typesupport_introspection_c.cpython-310-x86_64-linux-gnu.so[0m
[ 90%] Built target game__rosidl_typesupport_introspection_c__pyext
[ 93%] [32mBuilding C object CMakeFiles/game__rosidl_typesupport_c__pyext.dir/rosidl_generator_py/game/_game_s.ep.rosidl_typesupport_c.c.o[0m
[ 96%] [32m[1mLinking C shared library rosidl_generator_py/game/game_s__rosidl_typesupport_c.cpython-310-x86_64-linux-gnu.so[0m
[ 96%] Built target game__rosidl_typesupport_c__pyext
