[0.058s] Invoking command in '/home/g209/workspace/build/game': CMAKE_PREFIX_PATH=${CMAKE_PREFIX_PATH}:/opt/ros/humble /usr/bin/cmake --build /home/g209/workspace/build/game -- -j2 -l2
[0.144s] [  3%] Built target game__cpp
[0.173s] [  3%] Built target ament_cmake_python_copy_game
[0.173s] [ 12%] Built target game__rosidl_generator_c
[0.218s] [ 21%] Built target game__rosidl_typesupport_cpp
[0.220s] [ 30%] Built target game__rosidl_typesupport_fastrtps_cpp
[0.284s] [ 39%] Built target game__rosidl_typesupport_introspection_cpp
[0.303s] [35m[1mConsolidate compiler generated dependencies of target controller_publisher[0m
[0.375s] [ 42%] [32mBuilding CXX object CMakeFiles/controller_publisher.dir/src/controller_publisher.cpp.o[0m
[0.482s] running egg_info
[0.588s] writing game.egg-info/PKG-INFO
[0.588s] writing dependency_links to game.egg-info/dependency_links.txt
[0.589s] writing top-level names to game.egg-info/top_level.txt
[0.597s] reading manifest file 'game.egg-info/SOURCES.txt'
[0.598s] writing manifest file 'game.egg-info/SOURCES.txt'
[0.684s] [ 42%] Built target ament_cmake_python_build_game_egg
[0.815s] [ 51%] Built target game__rosidl_typesupport_fastrtps_c
[1.484s] [ 60%] Built target game__rosidl_typesupport_introspection_c
[1.568s] [ 69%] Built target game__rosidl_typesupport_c
[1.646s] [ 69%] Built target game
[2.488s] [ 72%] Built target game__py
[2.888s] [ 78%] Built target game__rosidl_generator_py
[3.080s] [ 84%] Built target game__rosidl_typesupport_fastrtps_c__pyext
[3.194s] [ 90%] Built target game__rosidl_typesupport_introspection_c__pyext
[3.259s] [ 96%] Built target game__rosidl_typesupport_c__pyext
[7.653s] [100%] [32m[1mLinking CXX executable controller_publisher[0m
[7.947s] [100%] Built target controller_publisher
[7.972s] Invoked command in '/home/g209/workspace/build/game' returned '0': CMAKE_PREFIX_PATH=${CMAKE_PREFIX_PATH}:/opt/ros/humble /usr/bin/cmake --build /home/g209/workspace/build/game -- -j2 -l2
[8.125s] Invoking command in '/home/g209/workspace/build/game': CMAKE_PREFIX_PATH=${CMAKE_PREFIX_PATH}:/opt/ros/humble /usr/bin/cmake --install /home/g209/workspace/build/game
[8.141s] -- Install configuration: ""
[8.142s] -- Up-to-date: /home/g209/workspace/install/game/share/ament_index/resource_index/rosidl_interfaces/game
[8.142s] -- Up-to-date: /home/g209/workspace/install/game/include/game/game
[8.142s] -- Up-to-date: /home/g209/workspace/install/game/include/game/game/msg
[8.142s] -- Up-to-date: /home/g209/workspace/install/game/include/game/game/msg/detail
[8.142s] -- Up-to-date: /home/g209/workspace/install/game/include/game/game/msg/detail/game_state_msg__struct.h
[8.142s] -- Up-to-date: /home/g209/workspace/install/game/include/game/game/msg/detail/game_state_msg__functions.c
[8.142s] -- Up-to-date: /home/g209/workspace/install/game/include/game/game/msg/detail/game_state_msg__functions.h
[8.142s] -- Up-to-date: /home/g209/workspace/install/game/include/game/game/msg/detail/game_state_msg__type_support.h
[8.142s] -- Up-to-date: /home/g209/workspace/install/game/include/game/game/msg/rosidl_generator_c__visibility_control.h
[8.142s] -- Up-to-date: /home/g209/workspace/install/game/include/game/game/msg/game_state_msg.h
[8.142s] -- Up-to-date: /home/g209/workspace/install/game/share/game/environment/library_path.sh
[8.142s] -- Up-to-date: /home/g209/workspace/install/game/share/game/environment/library_path.dsv
[8.142s] -- Up-to-date: /home/g209/workspace/install/game/lib/libgame__rosidl_generator_c.so
[8.142s] -- Up-to-date: /home/g209/workspace/install/game/include/game/game
[8.142s] -- Up-to-date: /home/g209/workspace/install/game/include/game/game/msg
[8.142s] -- Up-to-date: /home/g209/workspace/install/game/include/game/game/msg/detail
[8.142s] -- Up-to-date: /home/g209/workspace/install/game/include/game/game/msg/detail/game_state_msg__rosidl_typesupport_fastrtps_c.h
[8.142s] -- Up-to-date: /home/g209/workspace/install/game/include/game/game/msg/rosidl_typesupport_fastrtps_c__visibility_control.h
[8.142s] -- Up-to-date: /home/g209/workspace/install/game/lib/libgame__rosidl_typesupport_fastrtps_c.so
[8.142s] -- Up-to-date: /home/g209/workspace/install/game/include/game/game
[8.142s] -- Up-to-date: /home/g209/workspace/install/game/include/game/game/msg
[8.143s] -- Up-to-date: /home/g209/workspace/install/game/include/game/game/msg/detail
[8.143s] -- Up-to-date: /home/g209/workspace/install/game/include/game/game/msg/detail/game_state_msg__type_support.c
[8.143s] -- Up-to-date: /home/g209/workspace/install/game/include/game/game/msg/detail/game_state_msg__rosidl_typesupport_introspection_c.h
[8.143s] -- Up-to-date: /home/g209/workspace/install/game/include/game/game/msg/rosidl_typesupport_introspection_c__visibility_control.h
[8.143s] -- Up-to-date: /home/g209/workspace/install/game/lib/libgame__rosidl_typesupport_introspection_c.so
[8.143s] -- Up-to-date: /home/g209/workspace/install/game/lib/libgame__rosidl_typesupport_c.so
[8.143s] -- Up-to-date: /home/g209/workspace/install/game/include/game/game
[8.143s] -- Up-to-date: /home/g209/workspace/install/game/include/game/game/msg
[8.143s] -- Up-to-date: /home/g209/workspace/install/game/include/game/game/msg/detail
[8.143s] -- Up-to-date: /home/g209/workspace/install/game/include/game/game/msg/detail/game_state_msg__traits.hpp
[8.143s] -- Up-to-date: /home/g209/workspace/install/game/include/game/game/msg/detail/game_state_msg__builder.hpp
[8.143s] -- Up-to-date: /home/g209/workspace/install/game/include/game/game/msg/detail/game_state_msg__struct.hpp
[8.143s] -- Up-to-date: /home/g209/workspace/install/game/include/game/game/msg/game_state_msg.hpp
[8.143s] -- Up-to-date: /home/g209/workspace/install/game/include/game/game
[8.143s] -- Up-to-date: /home/g209/workspace/install/game/include/game/game/msg
[8.143s] -- Up-to-date: /home/g209/workspace/install/game/include/game/game/msg/detail
[8.143s] -- Up-to-date: /home/g209/workspace/install/game/include/game/game/msg/detail/game_state_msg__rosidl_typesupport_fastrtps_cpp.hpp
[8.143s] -- Up-to-date: /home/g209/workspace/install/game/include/game/game/msg/detail/dds_fastrtps
[8.143s] -- Up-to-date: /home/g209/workspace/install/game/include/game/game/msg/rosidl_typesupport_fastrtps_cpp__visibility_control.h
[8.143s] -- Up-to-date: /home/g209/workspace/install/game/lib/libgame__rosidl_typesupport_fastrtps_cpp.so
[8.143s] -- Up-to-date: /home/g209/workspace/install/game/include/game/game
[8.143s] -- Up-to-date: /home/g209/workspace/install/game/include/game/game/msg
[8.143s] -- Up-to-date: /home/g209/workspace/install/game/include/game/game/msg/detail
[8.143s] -- Up-to-date: /home/g209/workspace/install/game/include/game/game/msg/detail/game_state_msg__type_support.cpp
[8.143s] -- Up-to-date: /home/g209/workspace/install/game/include/game/game/msg/detail/game_state_msg__rosidl_typesupport_introspection_cpp.hpp
[8.143s] -- Up-to-date: /home/g209/workspace/install/game/lib/libgame__rosidl_typesupport_introspection_cpp.so
[8.143s] -- Up-to-date: /home/g209/workspace/install/game/lib/libgame__rosidl_typesupport_cpp.so
[8.143s] -- Up-to-date: /home/g209/workspace/install/game/share/game/environment/pythonpath.sh
[8.143s] -- Up-to-date: /home/g209/workspace/install/game/share/game/environment/pythonpath.dsv
[8.143s] -- Up-to-date: /home/g209/workspace/install/game/local/lib/python3.10/dist-packages/game-0.0.0-py3.10.egg-info
[8.143s] -- Installing: /home/g209/workspace/install/game/local/lib/python3.10/dist-packages/game-0.0.0-py3.10.egg-info/SOURCES.txt
[8.144s] -- Installing: /home/g209/workspace/install/game/local/lib/python3.10/dist-packages/game-0.0.0-py3.10.egg-info/PKG-INFO
[8.144s] -- Installing: /home/g209/workspace/install/game/local/lib/python3.10/dist-packages/game-0.0.0-py3.10.egg-info/top_level.txt
[8.144s] -- Installing: /home/g209/workspace/install/game/local/lib/python3.10/dist-packages/game-0.0.0-py3.10.egg-info/dependency_links.txt
[8.144s] -- Up-to-date: /home/g209/workspace/install/game/local/lib/python3.10/dist-packages/game
[8.144s] -- Up-to-date: /home/g209/workspace/install/game/local/lib/python3.10/dist-packages/game/_game_s.ep.rosidl_typesupport_introspection_c.c
[8.144s] -- Up-to-date: /home/g209/workspace/install/game/local/lib/python3.10/dist-packages/game/msg
[8.144s] -- Up-to-date: /home/g209/workspace/install/game/local/lib/python3.10/dist-packages/game/msg/__init__.py
[8.144s] -- Up-to-date: /home/g209/workspace/install/game/local/lib/python3.10/dist-packages/game/msg/_game_state_msg.py
[8.144s] -- Up-to-date: /home/g209/workspace/install/game/local/lib/python3.10/dist-packages/game/msg/_game_state_msg_s.c
[8.144s] -- Up-to-date: /home/g209/workspace/install/game/local/lib/python3.10/dist-packages/game/game_s__rosidl_typesupport_introspection_c.cpython-310-x86_64-linux-gnu.so
[8.144s] -- Up-to-date: /home/g209/workspace/install/game/local/lib/python3.10/dist-packages/game/_game_s.ep.rosidl_typesupport_c.c
[8.144s] -- Up-to-date: /home/g209/workspace/install/game/local/lib/python3.10/dist-packages/game/__init__.py
[8.144s] -- Up-to-date: /home/g209/workspace/install/game/local/lib/python3.10/dist-packages/game/game_s__rosidl_typesupport_fastrtps_c.cpython-310-x86_64-linux-gnu.so
[8.144s] -- Up-to-date: /home/g209/workspace/install/game/local/lib/python3.10/dist-packages/game/libgame__rosidl_generator_py.so
[8.144s] -- Up-to-date: /home/g209/workspace/install/game/local/lib/python3.10/dist-packages/game/game_s__rosidl_typesupport_c.cpython-310-x86_64-linux-gnu.so
[8.144s] -- Up-to-date: /home/g209/workspace/install/game/local/lib/python3.10/dist-packages/game/_game_s.ep.rosidl_typesupport_fastrtps_c.c
[8.166s] Listing '/home/g209/workspace/install/game/local/lib/python3.10/dist-packages/game'...
[8.166s] Listing '/home/g209/workspace/install/game/local/lib/python3.10/dist-packages/game/msg'...
[8.177s] -- Up-to-date: /home/g209/workspace/install/game/local/lib/python3.10/dist-packages/game/game_s__rosidl_typesupport_fastrtps_c.cpython-310-x86_64-linux-gnu.so
[8.177s] -- Up-to-date: /home/g209/workspace/install/game/local/lib/python3.10/dist-packages/game/game_s__rosidl_typesupport_introspection_c.cpython-310-x86_64-linux-gnu.so
[8.177s] -- Up-to-date: /home/g209/workspace/install/game/local/lib/python3.10/dist-packages/game/game_s__rosidl_typesupport_c.cpython-310-x86_64-linux-gnu.so
[8.177s] -- Up-to-date: /home/g209/workspace/install/game/lib/libgame__rosidl_generator_py.so
[8.177s] -- Up-to-date: /home/g209/workspace/install/game/share/game/msg/GameStateMsg.idl
[8.177s] -- Up-to-date: /home/g209/workspace/install/game/share/game/msg/GameStateMsg.msg
[8.177s] -- Installing: /home/g209/workspace/install/game/lib/game/controller_publisher
[8.181s] -- Set runtime path of "/home/g209/workspace/install/game/lib/game/controller_publisher" to ""
[8.181s] -- Up-to-date: /home/g209/workspace/install/game/share/ament_index/resource_index/package_run_dependencies/game
[8.181s] -- Up-to-date: /home/g209/workspace/install/game/share/ament_index/resource_index/parent_prefix_path/game
[8.181s] -- Up-to-date: /home/g209/workspace/install/game/share/game/environment/ament_prefix_path.sh
[8.181s] -- Up-to-date: /home/g209/workspace/install/game/share/game/environment/ament_prefix_path.dsv
[8.181s] -- Up-to-date: /home/g209/workspace/install/game/share/game/environment/path.sh
[8.181s] -- Up-to-date: /home/g209/workspace/install/game/share/game/environment/path.dsv
[8.181s] -- Up-to-date: /home/g209/workspace/install/game/share/game/local_setup.bash
[8.181s] -- Up-to-date: /home/g209/workspace/install/game/share/game/local_setup.sh
[8.182s] -- Up-to-date: /home/g209/workspace/install/game/share/game/local_setup.zsh
[8.182s] -- Up-to-date: /home/g209/workspace/install/game/share/game/local_setup.dsv
[8.182s] -- Installing: /home/g209/workspace/install/game/share/game/package.dsv
[8.182s] -- Up-to-date: /home/g209/workspace/install/game/share/ament_index/resource_index/packages/game
[8.182s] -- Up-to-date: /home/g209/workspace/install/game/share/game/cmake/export_game__rosidl_generator_cExport.cmake
[8.182s] -- Up-to-date: /home/g209/workspace/install/game/share/game/cmake/export_game__rosidl_generator_cExport-noconfig.cmake
[8.183s] -- Up-to-date: /home/g209/workspace/install/game/share/game/cmake/export_game__rosidl_typesupport_fastrtps_cExport.cmake
[8.183s] -- Up-to-date: /home/g209/workspace/install/game/share/game/cmake/export_game__rosidl_typesupport_fastrtps_cExport-noconfig.cmake
[8.183s] -- Up-to-date: /home/g209/workspace/install/game/share/game/cmake/game__rosidl_typesupport_introspection_cExport.cmake
[8.183s] -- Up-to-date: /home/g209/workspace/install/game/share/game/cmake/game__rosidl_typesupport_introspection_cExport-noconfig.cmake
[8.183s] -- Up-to-date: /home/g209/workspace/install/game/share/game/cmake/game__rosidl_typesupport_cExport.cmake
[8.183s] -- Up-to-date: /home/g209/workspace/install/game/share/game/cmake/game__rosidl_typesupport_cExport-noconfig.cmake
[8.184s] -- Up-to-date: /home/g209/workspace/install/game/share/game/cmake/export_game__rosidl_generator_cppExport.cmake
[8.184s] -- Up-to-date: /home/g209/workspace/install/game/share/game/cmake/export_game__rosidl_typesupport_fastrtps_cppExport.cmake
[8.184s] -- Up-to-date: /home/g209/workspace/install/game/share/game/cmake/export_game__rosidl_typesupport_fastrtps_cppExport-noconfig.cmake
[8.184s] -- Up-to-date: /home/g209/workspace/install/game/share/game/cmake/game__rosidl_typesupport_introspection_cppExport.cmake
[8.184s] -- Up-to-date: /home/g209/workspace/install/game/share/game/cmake/game__rosidl_typesupport_introspection_cppExport-noconfig.cmake
[8.184s] -- Up-to-date: /home/g209/workspace/install/game/share/game/cmake/game__rosidl_typesupport_cppExport.cmake
[8.185s] -- Up-to-date: /home/g209/workspace/install/game/share/game/cmake/game__rosidl_typesupport_cppExport-noconfig.cmake
[8.185s] -- Up-to-date: /home/g209/workspace/install/game/share/game/cmake/export_game__rosidl_generator_pyExport.cmake
[8.185s] -- Up-to-date: /home/g209/workspace/install/game/share/game/cmake/export_game__rosidl_generator_pyExport-noconfig.cmake
[8.185s] -- Up-to-date: /home/g209/workspace/install/game/share/game/cmake/rosidl_cmake-extras.cmake
[8.186s] -- Up-to-date: /home/g209/workspace/install/game/share/game/cmake/ament_cmake_export_include_directories-extras.cmake
[8.186s] -- Up-to-date: /home/g209/workspace/install/game/share/game/cmake/ament_cmake_export_libraries-extras.cmake
[8.186s] -- Up-to-date: /home/g209/workspace/install/game/share/game/cmake/ament_cmake_export_targets-extras.cmake
[8.186s] -- Up-to-date: /home/g209/workspace/install/game/share/game/cmake/rosidl_cmake_export_typesupport_targets-extras.cmake
[8.186s] -- Up-to-date: /home/g209/workspace/install/game/share/game/cmake/ament_cmake_export_dependencies-extras.cmake
[8.186s] -- Up-to-date: /home/g209/workspace/install/game/share/game/cmake/rosidl_cmake_export_typesupport_libraries-extras.cmake
[8.186s] -- Up-to-date: /home/g209/workspace/install/game/share/game/cmake/gameConfig.cmake
[8.186s] -- Up-to-date: /home/g209/workspace/install/game/share/game/cmake/gameConfig-version.cmake
[8.187s] -- Up-to-date: /home/g209/workspace/install/game/share/game/package.xml
[8.202s] Invoked command in '/home/g209/workspace/build/game' returned '0': CMAKE_PREFIX_PATH=${CMAKE_PREFIX_PATH}:/opt/ros/humble /usr/bin/cmake --install /home/g209/workspace/build/game
