[35m[1mConsolidate compiler generated dependencies of target game__rosidl_generator_c[0m
[  3%] Built target game__cpp
[ 12%] Built target game__rosidl_generator_c
[ 12%] Built target ament_cmake_python_copy_game
[35m[1mConsolidate compiler generated dependencies of target game__rosidl_typesupport_cpp[0m
[35m[1mConsolidate compiler generated dependencies of target game__rosidl_typesupport_fastrtps_cpp[0m
[ 21%] Built target game__rosidl_typesupport_cpp
[ 30%] Built target game__rosidl_typesupport_fastrtps_cpp
[35m[1mConsolidate compiler generated dependencies of target game__rosidl_typesupport_introspection_cpp[0m
[ 39%] Built target game__rosidl_typesupport_introspection_cpp
[35m[1mConsolidate compiler generated dependencies of target controller_publisher[0m
[ 42%] [32mBuilding CXX object CMakeFiles/controller_publisher.dir/src/controller_publisher.cpp.o[0m
running egg_info
writing game.egg-info/PKG-INFO
writing dependency_links to game.egg-info/dependency_links.txt
writing top-level names to game.egg-info/top_level.txt
reading manifest file 'game.egg-info/SOURCES.txt'
writing manifest file 'game.egg-info/SOURCES.txt'
[ 42%] Built target ament_cmake_python_build_game_egg
[35m[1mConsolidate compiler generated dependencies of target game__rosidl_typesupport_fastrtps_c[0m
[ 51%] Built target game__rosidl_typesupport_fastrtps_c
[ 54%] [34m[1mGenerating C introspection for ROS interfaces[0m
[35m[1mConsolidate compiler generated dependencies of target game__rosidl_typesupport_introspection_c[0m
[ 57%] [32mBuilding C object CMakeFiles/game__rosidl_typesupport_introspection_c.dir/rosidl_typesupport_introspection_c/game/msg/detail/game_state_msg__type_support.c.o[0m
[ 60%] [32m[1mLinking C shared library libgame__rosidl_typesupport_introspection_c.so[0m
[ 60%] Built target game__rosidl_typesupport_introspection_c
[ 63%] [34m[1mGenerating C type support dispatch for ROS interfaces[0m
[35m[1mConsolidate compiler generated dependencies of target game__rosidl_typesupport_c[0m
[ 66%] [32mBuilding CXX object CMakeFiles/game__rosidl_typesupport_c.dir/rosidl_typesupport_c/game/msg/game_state_msg__type_support.cpp.o[0m
[ 69%] [32m[1mLinking CXX shared library libgame__rosidl_typesupport_c.so[0m
[ 69%] Built target game__rosidl_typesupport_c
[ 69%] Built target game
[ 72%] [34m[1mGenerating Python code for ROS interfaces[0m
[ 72%] Built target game__py
[35m[1mConsolidate compiler generated dependencies of target game__rosidl_generator_py[0m
[ 75%] [32mBuilding C object CMakeFiles/game__rosidl_generator_py.dir/rosidl_generator_py/game/msg/_game_state_msg_s.c.o[0m
[ 78%] [32m[1mLinking C shared library rosidl_generator_py/game/libgame__rosidl_generator_py.so[0m
[ 78%] Built target game__rosidl_generator_py
