[0.523s] DEBUG:colcon:Command line arguments: ['/usr/bin/colcon', 'build']
[0.523s] DEBUG:colcon:Parsed command line arguments: Namespace(log_base=None, log_level=None, verb_name='build', build_base='build', install_base='install', merge_install=False, symlink_install=False, test_result_base=None, continue_on_error=False, executor='parallel', parallel_workers=2, event_handlers=None, ignore_user_meta=False, metas=['./colcon.meta'], base_paths=['.'], packages_ignore=None, packages_ignore_regex=None, paths=None, packages_up_to=None, packages_up_to_regex=None, packages_above=None, packages_above_and_dependencies=None, packages_above_depth=None, packages_select_by_dep=None, packages_skip_by_dep=None, packages_skip_up_to=None, packages_select_build_failed=False, packages_skip_build_finished=False, packages_select_test_failures=False, packages_skip_test_passed=False, packages_select=None, packages_skip=None, packages_select_regex=None, packages_skip_regex=None, packages_start=None, packages_end=None, allow_overriding=[], cmake_args=None, cmake_target=None, cmake_target_skip_unavailable=False, cmake_clean_cache=False, cmake_clean_first=False, cmake_force_configure=False, ament_cmake_args=None, catkin_cmake_args=None, catkin_skip_building_tests=False, verb_parser=<colcon_defaults.argument_parser.defaults.DefaultArgumentsDecorator object at 0x7fe21c826980>, verb_extension=<colcon_core.verb.build.BuildVerb object at 0x7fe21c89ac20>, main=<bound method BuildVerb.main of <colcon_core.verb.build.BuildVerb object at 0x7fe21c89ac20>>)
[0.551s] Level 1:colcon.colcon_core.package_discovery:discover_packages(colcon_meta) check parameters
[0.551s] Level 1:colcon.colcon_core.package_discovery:discover_packages(recursive) check parameters
[0.552s] Level 1:colcon.colcon_core.package_discovery:discover_packages(ignore) check parameters
[0.552s] Level 1:colcon.colcon_core.package_discovery:discover_packages(path) check parameters
[0.552s] Level 1:colcon.colcon_core.package_discovery:discover_packages(colcon_meta) discover
[0.552s] Level 1:colcon.colcon_core.package_discovery:discover_packages(recursive) discover
[0.552s] INFO:colcon.colcon_core.package_discovery:Crawling recursively for packages in '/home/g209/workspace'
[0.552s] Level 1:colcon.colcon_core.package_identification:_identify(.) by extensions ['ignore', 'ignore_ament_install']
[0.552s] Level 1:colcon.colcon_core.package_identification:_identify(.) by extension 'ignore'
[0.552s] Level 1:colcon.colcon_core.package_identification:_identify(.) by extension 'ignore_ament_install'
[0.553s] Level 1:colcon.colcon_core.package_identification:_identify(.) by extensions ['colcon_pkg']
[0.553s] Level 1:colcon.colcon_core.package_identification:_identify(.) by extension 'colcon_pkg'
[0.553s] Level 1:colcon.colcon_core.package_identification:_identify(.) by extensions ['colcon_meta']
[0.553s] Level 1:colcon.colcon_core.package_identification:_identify(.) by extension 'colcon_meta'
[0.553s] Level 1:colcon.colcon_core.package_identification:_identify(.) by extensions ['ros']
[0.553s] Level 1:colcon.colcon_core.package_identification:_identify(.) by extension 'ros'
[0.561s] Level 1:colcon.colcon_core.package_identification:_identify(.) by extensions ['cmake', 'python']
[0.563s] Level 1:colcon.colcon_core.package_identification:_identify(.) by extension 'cmake'
[0.563s] Level 1:colcon.colcon_core.package_identification:_identify(.) by extension 'python'
[0.563s] Level 1:colcon.colcon_core.package_identification:_identify(.) by extensions ['python_setup_py']
[0.563s] Level 1:colcon.colcon_core.package_identification:_identify(.) by extension 'python_setup_py'
[0.564s] Level 1:colcon.colcon_core.package_identification:_identify(build) by extensions ['ignore', 'ignore_ament_install']
[0.564s] Level 1:colcon.colcon_core.package_identification:_identify(build) by extension 'ignore'
[0.564s] Level 1:colcon.colcon_core.package_identification:_identify(build) ignored
[0.564s] Level 1:colcon.colcon_core.package_identification:_identify(install) by extensions ['ignore', 'ignore_ament_install']
[0.565s] Level 1:colcon.colcon_core.package_identification:_identify(install) by extension 'ignore'
[0.565s] Level 1:colcon.colcon_core.package_identification:_identify(install) ignored
[0.565s] Level 1:colcon.colcon_core.package_identification:_identify(log) by extensions ['ignore', 'ignore_ament_install']
[0.565s] Level 1:colcon.colcon_core.package_identification:_identify(log) by extension 'ignore'
[0.566s] Level 1:colcon.colcon_core.package_identification:_identify(log) ignored
[0.566s] Level 1:colcon.colcon_core.package_identification:_identify(src) by extensions ['ignore', 'ignore_ament_install']
[0.566s] Level 1:colcon.colcon_core.package_identification:_identify(src) by extension 'ignore'
[0.566s] Level 1:colcon.colcon_core.package_identification:_identify(src) by extension 'ignore_ament_install'
[0.566s] Level 1:colcon.colcon_core.package_identification:_identify(src) by extensions ['colcon_pkg']
[0.566s] Level 1:colcon.colcon_core.package_identification:_identify(src) by extension 'colcon_pkg'
[0.566s] Level 1:colcon.colcon_core.package_identification:_identify(src) by extensions ['colcon_meta']
[0.566s] Level 1:colcon.colcon_core.package_identification:_identify(src) by extension 'colcon_meta'
[0.566s] Level 1:colcon.colcon_core.package_identification:_identify(src) by extensions ['ros']
[0.566s] Level 1:colcon.colcon_core.package_identification:_identify(src) by extension 'ros'
[0.566s] Level 1:colcon.colcon_core.package_identification:_identify(src) by extensions ['cmake', 'python']
[0.566s] Level 1:colcon.colcon_core.package_identification:_identify(src) by extension 'cmake'
[0.566s] Level 1:colcon.colcon_core.package_identification:_identify(src) by extension 'python'
[0.566s] Level 1:colcon.colcon_core.package_identification:_identify(src) by extensions ['python_setup_py']
[0.566s] Level 1:colcon.colcon_core.package_identification:_identify(src) by extension 'python_setup_py'
[0.566s] Level 1:colcon.colcon_core.package_identification:_identify(src/game) by extensions ['ignore', 'ignore_ament_install']
[0.567s] Level 1:colcon.colcon_core.package_identification:_identify(src/game) by extension 'ignore'
[0.567s] Level 1:colcon.colcon_core.package_identification:_identify(src/game) by extension 'ignore_ament_install'
[0.567s] Level 1:colcon.colcon_core.package_identification:_identify(src/game) by extensions ['colcon_pkg']
[0.567s] Level 1:colcon.colcon_core.package_identification:_identify(src/game) by extension 'colcon_pkg'
[0.567s] Level 1:colcon.colcon_core.package_identification:_identify(src/game) by extensions ['colcon_meta']
[0.567s] Level 1:colcon.colcon_core.package_identification:_identify(src/game) by extension 'colcon_meta'
[0.568s] Level 1:colcon.colcon_core.package_identification:_identify(src/game) by extensions ['ros']
[0.568s] Level 1:colcon.colcon_core.package_identification:_identify(src/game) by extension 'ros'
[0.571s] DEBUG:colcon.colcon_core.package_identification:Package 'src/game' with type 'ros.ament_cmake' and name 'game'
[0.571s] Level 1:colcon.colcon_core.package_discovery:discover_packages(recursive) using defaults
[0.572s] Level 1:colcon.colcon_core.package_discovery:discover_packages(ignore) discover
[0.572s] Level 1:colcon.colcon_core.package_discovery:discover_packages(ignore) using defaults
[0.572s] Level 1:colcon.colcon_core.package_discovery:discover_packages(path) discover
[0.572s] Level 1:colcon.colcon_core.package_discovery:discover_packages(path) using defaults
[0.617s] Level 1:colcon.colcon_core.package_discovery:discover_packages(prefix_path) check parameters
[0.618s] Level 1:colcon.colcon_core.package_discovery:discover_packages(prefix_path) discover
[0.655s] DEBUG:colcon.colcon_installed_package_information.package_discovery:Found 1 installed packages in /home/g209/workspace/install
[0.662s] DEBUG:colcon.colcon_installed_package_information.package_discovery:Found 282 installed packages in /opt/ros/humble
[0.665s] Level 1:colcon.colcon_core.package_discovery:discover_packages(prefix_path) using defaults
[0.712s] Level 5:colcon.colcon_core.verb:set package 'game' build argument 'cmake_args' from command line to 'None'
[0.713s] Level 5:colcon.colcon_core.verb:set package 'game' build argument 'cmake_target' from command line to 'None'
[0.713s] Level 5:colcon.colcon_core.verb:set package 'game' build argument 'cmake_target_skip_unavailable' from command line to 'False'
[0.713s] Level 5:colcon.colcon_core.verb:set package 'game' build argument 'cmake_clean_cache' from command line to 'False'
[0.713s] Level 5:colcon.colcon_core.verb:set package 'game' build argument 'cmake_clean_first' from command line to 'False'
[0.713s] Level 5:colcon.colcon_core.verb:set package 'game' build argument 'cmake_force_configure' from command line to 'False'
[0.713s] Level 5:colcon.colcon_core.verb:set package 'game' build argument 'ament_cmake_args' from command line to 'None'
[0.713s] Level 5:colcon.colcon_core.verb:set package 'game' build argument 'catkin_cmake_args' from command line to 'None'
[0.713s] Level 5:colcon.colcon_core.verb:set package 'game' build argument 'catkin_skip_building_tests' from command line to 'False'
[0.713s] DEBUG:colcon.colcon_core.verb:Building package 'game' with the following arguments: {'ament_cmake_args': None, 'build_base': '/home/g209/workspace/build/game', 'catkin_cmake_args': None, 'catkin_skip_building_tests': False, 'cmake_args': None, 'cmake_clean_cache': False, 'cmake_clean_first': False, 'cmake_force_configure': False, 'cmake_target': None, 'cmake_target_skip_unavailable': False, 'install_base': '/home/g209/workspace/install/game', 'merge_install': False, 'path': '/home/g209/workspace/src/game', 'symlink_install': False, 'test_result_base': None}
[0.720s] INFO:colcon.colcon_core.executor:Executing jobs using 'parallel' executor
[0.729s] DEBUG:colcon.colcon_parallel_executor.executor.parallel:run_until_complete
[0.729s] INFO:colcon.colcon_ros.task.ament_cmake.build:Building ROS package in '/home/g209/workspace/src/game' with build type 'ament_cmake'
[0.730s] INFO:colcon.colcon_cmake.task.cmake.build:Building CMake package in '/home/g209/workspace/src/game'
[0.739s] INFO:colcon.colcon_core.plugin_system:Skipping extension 'colcon_core.shell.bat': Not used on non-Windows systems
[0.740s] INFO:colcon.colcon_core.shell:Skip shell extension 'powershell' for command environment: Not usable outside of PowerShell
[0.741s] DEBUG:colcon.colcon_core.shell:Skip shell extension 'dsv' for command environment
[0.818s] DEBUG:colcon.colcon_core.event_handler.log_command:Invoking command in '/home/g209/workspace/build/game': CMAKE_PREFIX_PATH=${CMAKE_PREFIX_PATH}:/opt/ros/humble /usr/bin/cmake --build /home/g209/workspace/build/game -- -j2 -l2
[5.073s] DEBUG:colcon.colcon_core.event_handler.log_command:Invoked command in '/home/g209/workspace/build/game' returned '0': CMAKE_PREFIX_PATH=${CMAKE_PREFIX_PATH}:/opt/ros/humble /usr/bin/cmake --build /home/g209/workspace/build/game -- -j2 -l2
[5.217s] DEBUG:colcon.colcon_core.event_handler.log_command:Invoking command in '/home/g209/workspace/build/game': CMAKE_PREFIX_PATH=${CMAKE_PREFIX_PATH}:/opt/ros/humble /usr/bin/cmake --install /home/g209/workspace/build/game
[5.299s] Level 1:colcon.colcon_core.environment:create_environment_scripts_only(game)
[5.302s] DEBUG:colcon.colcon_core.event_handler.log_command:Invoked command in '/home/g209/workspace/build/game' returned '0': CMAKE_PREFIX_PATH=${CMAKE_PREFIX_PATH}:/opt/ros/humble /usr/bin/cmake --install /home/g209/workspace/build/game
[5.317s] Level 1:colcon.colcon_core.environment:checking '/home/g209/workspace/install/game' for CMake module files
[5.317s] Level 1:colcon.colcon_core.environment:checking '/home/g209/workspace/install/game' for CMake config files
[5.318s] Level 1:colcon.colcon_core.shell:create_environment_hook('game', 'cmake_prefix_path')
[5.326s] INFO:colcon.colcon_core.shell:Creating environment hook '/home/g209/workspace/install/game/share/game/hook/cmake_prefix_path.ps1'
[5.327s] INFO:colcon.colcon_core.shell:Creating environment descriptor '/home/g209/workspace/install/game/share/game/hook/cmake_prefix_path.dsv'
[5.328s] INFO:colcon.colcon_core.shell:Creating environment hook '/home/g209/workspace/install/game/share/game/hook/cmake_prefix_path.sh'
[5.330s] Level 1:colcon.colcon_core.environment:checking '/home/g209/workspace/install/game/lib'
[5.330s] Level 1:colcon.colcon_core.shell:create_environment_hook('game', 'ld_library_path_lib')
[5.337s] INFO:colcon.colcon_core.shell:Creating environment hook '/home/g209/workspace/install/game/share/game/hook/ld_library_path_lib.ps1'
[5.338s] INFO:colcon.colcon_core.shell:Creating environment descriptor '/home/g209/workspace/install/game/share/game/hook/ld_library_path_lib.dsv'
[5.338s] INFO:colcon.colcon_core.shell:Creating environment hook '/home/g209/workspace/install/game/share/game/hook/ld_library_path_lib.sh'
[5.341s] Level 1:colcon.colcon_core.environment:checking '/home/g209/workspace/install/game/bin'
[5.342s] Level 1:colcon.colcon_core.environment:checking '/home/g209/workspace/install/game/lib/pkgconfig/game.pc'
[5.342s] Level 1:colcon.colcon_core.environment:checking '/home/g209/workspace/install/game/lib/python3.10/site-packages'
[5.343s] Level 1:colcon.colcon_core.environment:checking '/home/g209/workspace/install/game/bin'
[5.370s] INFO:colcon.colcon_core.shell:Creating package script '/home/g209/workspace/install/game/share/game/package.ps1'
[5.373s] INFO:colcon.colcon_core.shell:Creating package descriptor '/home/g209/workspace/install/game/share/game/package.dsv'
[5.375s] INFO:colcon.colcon_core.shell:Creating package script '/home/g209/workspace/install/game/share/game/package.sh'
[5.376s] INFO:colcon.colcon_core.shell:Creating package script '/home/g209/workspace/install/game/share/game/package.bash'
[5.377s] INFO:colcon.colcon_core.shell:Creating package script '/home/g209/workspace/install/game/share/game/package.zsh'
[5.378s] Level 1:colcon.colcon_core.environment:create_file_with_runtime_dependencies(/home/g209/workspace/install/game/share/colcon-core/packages/game)
[5.526s] Level 1:colcon.colcon_core.environment:create_environment_scripts_only(game)
[5.533s] Level 1:colcon.colcon_core.environment:checking '/home/g209/workspace/install/game' for CMake module files
[5.534s] Level 1:colcon.colcon_core.environment:checking '/home/g209/workspace/install/game' for CMake config files
[5.535s] Level 1:colcon.colcon_core.shell:create_environment_hook('game', 'cmake_prefix_path')
[5.546s] INFO:colcon.colcon_core.shell:Creating environment hook '/home/g209/workspace/install/game/share/game/hook/cmake_prefix_path.ps1'
[5.553s] INFO:colcon.colcon_core.shell:Creating environment descriptor '/home/g209/workspace/install/game/share/game/hook/cmake_prefix_path.dsv'
[5.554s] INFO:colcon.colcon_core.shell:Creating environment hook '/home/g209/workspace/install/game/share/game/hook/cmake_prefix_path.sh'
[5.555s] Level 1:colcon.colcon_core.environment:checking '/home/g209/workspace/install/game/lib'
[5.555s] Level 1:colcon.colcon_core.shell:create_environment_hook('game', 'ld_library_path_lib')
[5.566s] INFO:colcon.colcon_core.shell:Creating environment hook '/home/g209/workspace/install/game/share/game/hook/ld_library_path_lib.ps1'
[5.568s] INFO:colcon.colcon_core.shell:Creating environment descriptor '/home/g209/workspace/install/game/share/game/hook/ld_library_path_lib.dsv'
[5.574s] INFO:colcon.colcon_core.shell:Creating environment hook '/home/g209/workspace/install/game/share/game/hook/ld_library_path_lib.sh'
[5.575s] Level 1:colcon.colcon_core.environment:checking '/home/g209/workspace/install/game/bin'
[5.576s] Level 1:colcon.colcon_core.environment:checking '/home/g209/workspace/install/game/lib/pkgconfig/game.pc'
[5.576s] Level 1:colcon.colcon_core.environment:checking '/home/g209/workspace/install/game/lib/python3.10/site-packages'
[5.576s] Level 1:colcon.colcon_core.environment:checking '/home/g209/workspace/install/game/bin'
[5.590s] INFO:colcon.colcon_core.shell:Creating package script '/home/g209/workspace/install/game/share/game/package.ps1'
[5.593s] INFO:colcon.colcon_core.shell:Creating package descriptor '/home/g209/workspace/install/game/share/game/package.dsv'
[5.594s] INFO:colcon.colcon_core.shell:Creating package script '/home/g209/workspace/install/game/share/game/package.sh'
[5.594s] INFO:colcon.colcon_core.shell:Creating package script '/home/g209/workspace/install/game/share/game/package.bash'
[5.595s] INFO:colcon.colcon_core.shell:Creating package script '/home/g209/workspace/install/game/share/game/package.zsh'
[5.595s] Level 1:colcon.colcon_core.environment:create_file_with_runtime_dependencies(/home/g209/workspace/install/game/share/colcon-core/packages/game)
[5.597s] DEBUG:colcon.colcon_parallel_executor.executor.parallel:closing loop
[5.597s] DEBUG:colcon.colcon_parallel_executor.executor.parallel:loop closed
[5.597s] DEBUG:colcon.colcon_parallel_executor.executor.parallel:run_until_complete finished with '0'
[5.597s] DEBUG:colcon.colcon_core.event_reactor:joining thread
[5.609s] INFO:colcon.colcon_core.plugin_system:Skipping extension 'colcon_notification.desktop_notification.terminal_notifier': Not used on non-Darwin systems
[5.610s] INFO:colcon.colcon_core.plugin_system:Skipping extension 'colcon_notification.desktop_notification.win32': Not used on non-Windows systems
[5.610s] INFO:colcon.colcon_notification.desktop_notification:Sending desktop notification using 'notify2'
[5.646s] DEBUG:colcon.colcon_core.event_reactor:joined thread
[5.654s] INFO:colcon.colcon_core.shell:Creating prefix script '/home/g209/workspace/install/local_setup.ps1'
[5.660s] INFO:colcon.colcon_core.shell:Creating prefix util module '/home/g209/workspace/install/_local_setup_util_ps1.py'
[5.677s] INFO:colcon.colcon_core.shell:Creating prefix chain script '/home/g209/workspace/install/setup.ps1'
[5.687s] INFO:colcon.colcon_core.shell:Creating prefix script '/home/g209/workspace/install/local_setup.sh'
[5.689s] INFO:colcon.colcon_core.shell:Creating prefix util module '/home/g209/workspace/install/_local_setup_util_sh.py'
[5.690s] INFO:colcon.colcon_core.shell:Creating prefix chain script '/home/g209/workspace/install/setup.sh'
[5.700s] INFO:colcon.colcon_core.shell:Creating prefix script '/home/g209/workspace/install/local_setup.bash'
[5.702s] INFO:colcon.colcon_core.shell:Creating prefix chain script '/home/g209/workspace/install/setup.bash'
[5.739s] INFO:colcon.colcon_core.shell:Creating prefix script '/home/g209/workspace/install/local_setup.zsh'
[5.740s] INFO:colcon.colcon_core.shell:Creating prefix chain script '/home/g209/workspace/install/setup.zsh'
