[0.054s] Invoking command in '/home/g209/workspace/build/game': CMAKE_PREFIX_PATH=/opt/ros/humble /usr/bin/cmake --build /home/g209/workspace/build/game -- -j2 -l2
[0.113s] [  3%] Built target game__cpp
[0.115s] [ 12%] Built target game__rosidl_generator_c
[0.167s] [ 21%] Built target game__rosidl_typesupport_cpp
[0.176s] [ 21%] Built target ament_cmake_python_copy_game
[0.197s] [ 30%] Built target game__rosidl_typesupport_fastrtps_c
[0.207s] [ 39%] Built target game__rosidl_typesupport_introspection_c
[0.222s] [ 48%] Built target game__rosidl_typesupport_c
[0.244s] [ 57%] Built target game__rosidl_typesupport_fastrtps_cpp
[0.259s] [ 66%] Built target game__rosidl_typesupport_introspection_cpp
[0.274s] [35m[1mConsolidate compiler generated dependencies of target controller_publisher[0m
[0.292s] [ 72%] Built target controller_publisher
[0.323s] [ 72%] Built target game
[0.360s] [ 75%] Built target game__py
[0.383s] [ 81%] Built target game__rosidl_generator_py
[0.422s] [ 87%] Built target game__rosidl_typesupport_fastrtps_c__pyext
[0.464s] [ 93%] Built target game__rosidl_typesupport_introspection_c__pyext
[0.486s] running egg_info
[0.487s] writing game.egg-info/PKG-INFO
[0.488s] writing dependency_links to game.egg-info/dependency_links.txt
[0.489s] writing top-level names to game.egg-info/top_level.txt
[0.491s] reading manifest file 'game.egg-info/SOURCES.txt'
[0.492s] writing manifest file 'game.egg-info/SOURCES.txt'
[0.503s] [100%] Built target game__rosidl_typesupport_c__pyext
[0.515s] [100%] Built target ament_cmake_python_build_game_egg
[0.526s] Invoked command in '/home/g209/workspace/build/game' returned '0': CMAKE_PREFIX_PATH=/opt/ros/humble /usr/bin/cmake --build /home/g209/workspace/build/game -- -j2 -l2
[0.666s] Invoking command in '/home/g209/workspace/build/game': CMAKE_PREFIX_PATH=/opt/ros/humble /usr/bin/cmake --install /home/g209/workspace/build/game
[0.674s] -- Install configuration: ""
[0.693s] -- Up-to-date: /home/g209/workspace/install/game/share/ament_index/resource_index/rosidl_interfaces/game
[0.694s] -- Up-to-date: /home/g209/workspace/install/game/include/game/game
[0.694s] -- Up-to-date: /home/g209/workspace/install/game/include/game/game/msg
[0.694s] -- Up-to-date: /home/g209/workspace/install/game/include/game/game/msg/detail
[0.694s] -- Up-to-date: /home/g209/workspace/install/game/include/game/game/msg/detail/game_state_msg__struct.h
[0.696s] -- Up-to-date: /home/g209/workspace/install/game/include/game/game/msg/detail/game_state_msg__functions.c
[0.697s] -- Up-to-date: /home/g209/workspace/install/game/include/game/game/msg/detail/game_state_msg__functions.h
[0.697s] -- Up-to-date: /home/g209/workspace/install/game/include/game/game/msg/detail/game_state_msg__type_support.h
[0.697s] -- Up-to-date: /home/g209/workspace/install/game/include/game/game/msg/rosidl_generator_c__visibility_control.h
[0.697s] -- Up-to-date: /home/g209/workspace/install/game/include/game/game/msg/game_state_msg.h
[0.697s] -- Up-to-date: /home/g209/workspace/install/game/share/game/environment/library_path.sh
[0.697s] -- Up-to-date: /home/g209/workspace/install/game/share/game/environment/library_path.dsv
[0.709s] -- Up-to-date: /home/g209/workspace/install/game/lib/libgame__rosidl_generator_c.so
[0.710s] -- Up-to-date: /home/g209/workspace/install/game/include/game/game
[0.710s] -- Up-to-date: /home/g209/workspace/install/game/include/game/game/msg
[0.710s] -- Up-to-date: /home/g209/workspace/install/game/include/game/game/msg/detail
[0.710s] -- Up-to-date: /home/g209/workspace/install/game/include/game/game/msg/detail/game_state_msg__rosidl_typesupport_fastrtps_c.h
[0.710s] -- Up-to-date: /home/g209/workspace/install/game/include/game/game/msg/rosidl_typesupport_fastrtps_c__visibility_control.h
[0.710s] -- Up-to-date: /home/g209/workspace/install/game/lib/libgame__rosidl_typesupport_fastrtps_c.so
[0.710s] -- Up-to-date: /home/g209/workspace/install/game/include/game/game
[0.710s] -- Up-to-date: /home/g209/workspace/install/game/include/game/game/msg
[0.710s] -- Up-to-date: /home/g209/workspace/install/game/include/game/game/msg/detail
[0.710s] -- Up-to-date: /home/g209/workspace/install/game/include/game/game/msg/detail/game_state_msg__type_support.c
[0.710s] -- Up-to-date: /home/g209/workspace/install/game/include/game/game/msg/detail/game_state_msg__rosidl_typesupport_introspection_c.h
[0.711s] -- Up-to-date: /home/g209/workspace/install/game/include/game/game/msg/rosidl_typesupport_introspection_c__visibility_control.h
[0.711s] -- Up-to-date: /home/g209/workspace/install/game/lib/libgame__rosidl_typesupport_introspection_c.so
[0.711s] -- Up-to-date: /home/g209/workspace/install/game/lib/libgame__rosidl_typesupport_c.so
[0.711s] -- Up-to-date: /home/g209/workspace/install/game/include/game/game
[0.711s] -- Up-to-date: /home/g209/workspace/install/game/include/game/game/msg
[0.711s] -- Up-to-date: /home/g209/workspace/install/game/include/game/game/msg/detail
[0.711s] -- Up-to-date: /home/g209/workspace/install/game/include/game/game/msg/detail/game_state_msg__traits.hpp
[0.711s] -- Up-to-date: /home/g209/workspace/install/game/include/game/game/msg/detail/game_state_msg__builder.hpp
[0.711s] -- Up-to-date: /home/g209/workspace/install/game/include/game/game/msg/detail/game_state_msg__struct.hpp
[0.711s] -- Up-to-date: /home/g209/workspace/install/game/include/game/game/msg/game_state_msg.hpp
[0.711s] -- Up-to-date: /home/g209/workspace/install/game/include/game/game
[0.711s] -- Up-to-date: /home/g209/workspace/install/game/include/game/game/msg
[0.711s] -- Up-to-date: /home/g209/workspace/install/game/include/game/game/msg/detail
[0.711s] -- Up-to-date: /home/g209/workspace/install/game/include/game/game/msg/detail/game_state_msg__rosidl_typesupport_fastrtps_cpp.hpp
[0.711s] -- Up-to-date: /home/g209/workspace/install/game/include/game/game/msg/detail/dds_fastrtps
[0.711s] -- Up-to-date: /home/g209/workspace/install/game/include/game/game/msg/rosidl_typesupport_fastrtps_cpp__visibility_control.h
[0.711s] -- Up-to-date: /home/g209/workspace/install/game/lib/libgame__rosidl_typesupport_fastrtps_cpp.so
[0.711s] -- Up-to-date: /home/g209/workspace/install/game/include/game/game
[0.711s] -- Up-to-date: /home/g209/workspace/install/game/include/game/game/msg
[0.711s] -- Up-to-date: /home/g209/workspace/install/game/include/game/game/msg/detail
[0.711s] -- Up-to-date: /home/g209/workspace/install/game/include/game/game/msg/detail/game_state_msg__type_support.cpp
[0.712s] -- Up-to-date: /home/g209/workspace/install/game/include/game/game/msg/detail/game_state_msg__rosidl_typesupport_introspection_cpp.hpp
[0.712s] -- Up-to-date: /home/g209/workspace/install/game/lib/libgame__rosidl_typesupport_introspection_cpp.so
[0.712s] -- Up-to-date: /home/g209/workspace/install/game/lib/libgame__rosidl_typesupport_cpp.so
[0.712s] -- Up-to-date: /home/g209/workspace/install/game/share/game/environment/pythonpath.sh
[0.712s] -- Up-to-date: /home/g209/workspace/install/game/share/game/environment/pythonpath.dsv
[0.712s] -- Up-to-date: /home/g209/workspace/install/game/local/lib/python3.10/dist-packages/game-0.0.0-py3.10.egg-info
[0.712s] -- Installing: /home/g209/workspace/install/game/local/lib/python3.10/dist-packages/game-0.0.0-py3.10.egg-info/SOURCES.txt
[0.712s] -- Installing: /home/g209/workspace/install/game/local/lib/python3.10/dist-packages/game-0.0.0-py3.10.egg-info/PKG-INFO
[0.712s] -- Installing: /home/g209/workspace/install/game/local/lib/python3.10/dist-packages/game-0.0.0-py3.10.egg-info/top_level.txt
[0.712s] -- Installing: /home/g209/workspace/install/game/local/lib/python3.10/dist-packages/game-0.0.0-py3.10.egg-info/dependency_links.txt
[0.712s] -- Up-to-date: /home/g209/workspace/install/game/local/lib/python3.10/dist-packages/game
[0.712s] -- Up-to-date: /home/g209/workspace/install/game/local/lib/python3.10/dist-packages/game/_game_s.ep.rosidl_typesupport_introspection_c.c
[0.712s] -- Up-to-date: /home/g209/workspace/install/game/local/lib/python3.10/dist-packages/game/msg
[0.712s] -- Up-to-date: /home/g209/workspace/install/game/local/lib/python3.10/dist-packages/game/msg/__init__.py
[0.712s] -- Up-to-date: /home/g209/workspace/install/game/local/lib/python3.10/dist-packages/game/msg/_game_state_msg.py
[0.712s] -- Up-to-date: /home/g209/workspace/install/game/local/lib/python3.10/dist-packages/game/msg/_game_state_msg_s.c
[0.712s] -- Up-to-date: /home/g209/workspace/install/game/local/lib/python3.10/dist-packages/game/game_s__rosidl_typesupport_introspection_c.cpython-310-x86_64-linux-gnu.so
[0.712s] -- Up-to-date: /home/g209/workspace/install/game/local/lib/python3.10/dist-packages/game/_game_s.ep.rosidl_typesupport_c.c
[0.712s] -- Up-to-date: /home/g209/workspace/install/game/local/lib/python3.10/dist-packages/game/__init__.py
[0.712s] -- Up-to-date: /home/g209/workspace/install/game/local/lib/python3.10/dist-packages/game/game_s__rosidl_typesupport_fastrtps_c.cpython-310-x86_64-linux-gnu.so
[0.712s] -- Up-to-date: /home/g209/workspace/install/game/local/lib/python3.10/dist-packages/game/libgame__rosidl_generator_py.so
[0.712s] -- Up-to-date: /home/g209/workspace/install/game/local/lib/python3.10/dist-packages/game/game_s__rosidl_typesupport_c.cpython-310-x86_64-linux-gnu.so
[0.713s] -- Up-to-date: /home/g209/workspace/install/game/local/lib/python3.10/dist-packages/game/_game_s.ep.rosidl_typesupport_fastrtps_c.c
[0.731s] Listing '/home/g209/workspace/install/game/local/lib/python3.10/dist-packages/game'...
[0.731s] Listing '/home/g209/workspace/install/game/local/lib/python3.10/dist-packages/game/msg'...
[0.734s] -- Up-to-date: /home/g209/workspace/install/game/local/lib/python3.10/dist-packages/game/game_s__rosidl_typesupport_fastrtps_c.cpython-310-x86_64-linux-gnu.so
[0.735s] -- Up-to-date: /home/g209/workspace/install/game/local/lib/python3.10/dist-packages/game/game_s__rosidl_typesupport_introspection_c.cpython-310-x86_64-linux-gnu.so
[0.735s] -- Up-to-date: /home/g209/workspace/install/game/local/lib/python3.10/dist-packages/game/game_s__rosidl_typesupport_c.cpython-310-x86_64-linux-gnu.so
[0.736s] -- Up-to-date: /home/g209/workspace/install/game/lib/libgame__rosidl_generator_py.so
[0.736s] -- Up-to-date: /home/g209/workspace/install/game/share/game/msg/GameStateMsg.idl
[0.736s] -- Up-to-date: /home/g209/workspace/install/game/share/game/msg/GameStateMsg.msg
[0.736s] -- Up-to-date: /home/g209/workspace/install/game/lib/game/controller_publisher
[0.737s] -- Up-to-date: /home/g209/workspace/install/game/share/ament_index/resource_index/package_run_dependencies/game
[0.737s] -- Up-to-date: /home/g209/workspace/install/game/share/ament_index/resource_index/parent_prefix_path/game
[0.737s] -- Up-to-date: /home/g209/workspace/install/game/share/game/environment/ament_prefix_path.sh
[0.737s] -- Up-to-date: /home/g209/workspace/install/game/share/game/environment/ament_prefix_path.dsv
[0.737s] -- Up-to-date: /home/g209/workspace/install/game/share/game/environment/path.sh
[0.738s] -- Up-to-date: /home/g209/workspace/install/game/share/game/environment/path.dsv
[0.738s] -- Up-to-date: /home/g209/workspace/install/game/share/game/local_setup.bash
[0.739s] -- Up-to-date: /home/g209/workspace/install/game/share/game/local_setup.sh
[0.739s] -- Up-to-date: /home/g209/workspace/install/game/share/game/local_setup.zsh
[0.739s] -- Up-to-date: /home/g209/workspace/install/game/share/game/local_setup.dsv
[0.739s] -- Installing: /home/g209/workspace/install/game/share/game/package.dsv
[0.739s] -- Up-to-date: /home/g209/workspace/install/game/share/ament_index/resource_index/packages/game
[0.747s] -- Up-to-date: /home/g209/workspace/install/game/share/game/cmake/export_game__rosidl_generator_cExport.cmake
[0.747s] -- Up-to-date: /home/g209/workspace/install/game/share/game/cmake/export_game__rosidl_generator_cExport-noconfig.cmake
[0.747s] -- Up-to-date: /home/g209/workspace/install/game/share/game/cmake/export_game__rosidl_typesupport_fastrtps_cExport.cmake
[0.747s] -- Up-to-date: /home/g209/workspace/install/game/share/game/cmake/export_game__rosidl_typesupport_fastrtps_cExport-noconfig.cmake
[0.747s] -- Up-to-date: /home/g209/workspace/install/game/share/game/cmake/game__rosidl_typesupport_introspection_cExport.cmake
[0.747s] -- Up-to-date: /home/g209/workspace/install/game/share/game/cmake/game__rosidl_typesupport_introspection_cExport-noconfig.cmake
[0.747s] -- Up-to-date: /home/g209/workspace/install/game/share/game/cmake/game__rosidl_typesupport_cExport.cmake
[0.747s] -- Up-to-date: /home/g209/workspace/install/game/share/game/cmake/game__rosidl_typesupport_cExport-noconfig.cmake
[0.747s] -- Up-to-date: /home/g209/workspace/install/game/share/game/cmake/export_game__rosidl_generator_cppExport.cmake
[0.747s] -- Up-to-date: /home/g209/workspace/install/game/share/game/cmake/export_game__rosidl_typesupport_fastrtps_cppExport.cmake
[0.748s] -- Up-to-date: /home/g209/workspace/install/game/share/game/cmake/export_game__rosidl_typesupport_fastrtps_cppExport-noconfig.cmake
[0.748s] -- Up-to-date: /home/g209/workspace/install/game/share/game/cmake/game__rosidl_typesupport_introspection_cppExport.cmake
[0.748s] -- Up-to-date: /home/g209/workspace/install/game/share/game/cmake/game__rosidl_typesupport_introspection_cppExport-noconfig.cmake
[0.748s] -- Up-to-date: /home/g209/workspace/install/game/share/game/cmake/game__rosidl_typesupport_cppExport.cmake
[0.748s] -- Up-to-date: /home/g209/workspace/install/game/share/game/cmake/game__rosidl_typesupport_cppExport-noconfig.cmake
[0.748s] -- Up-to-date: /home/g209/workspace/install/game/share/game/cmake/export_game__rosidl_generator_pyExport.cmake
[0.748s] -- Up-to-date: /home/g209/workspace/install/game/share/game/cmake/export_game__rosidl_generator_pyExport-noconfig.cmake
[0.748s] -- Up-to-date: /home/g209/workspace/install/game/share/game/cmake/rosidl_cmake-extras.cmake
[0.748s] -- Up-to-date: /home/g209/workspace/install/game/share/game/cmake/ament_cmake_export_include_directories-extras.cmake
[0.748s] -- Up-to-date: /home/g209/workspace/install/game/share/game/cmake/ament_cmake_export_libraries-extras.cmake
[0.748s] -- Up-to-date: /home/g209/workspace/install/game/share/game/cmake/ament_cmake_export_targets-extras.cmake
[0.748s] -- Up-to-date: /home/g209/workspace/install/game/share/game/cmake/rosidl_cmake_export_typesupport_targets-extras.cmake
[0.748s] -- Up-to-date: /home/g209/workspace/install/game/share/game/cmake/ament_cmake_export_dependencies-extras.cmake
[0.748s] -- Up-to-date: /home/g209/workspace/install/game/share/game/cmake/rosidl_cmake_export_typesupport_libraries-extras.cmake
[0.748s] -- Up-to-date: /home/g209/workspace/install/game/share/game/cmake/gameConfig.cmake
[0.748s] -- Up-to-date: /home/g209/workspace/install/game/share/game/cmake/gameConfig-version.cmake
[0.748s] -- Up-to-date: /home/g209/workspace/install/game/share/game/package.xml
[0.748s] Invoked command in '/home/g209/workspace/build/game' returned '0': CMAKE_PREFIX_PATH=/opt/ros/humble /usr/bin/cmake --install /home/g209/workspace/build/game
