[  3%] Built target game__cpp
[ 12%] Built target game__rosidl_generator_c
[ 21%] Built target game__rosidl_typesupport_cpp
[ 21%] Built target ament_cmake_python_copy_game
[35m[1mConsolidate compiler generated dependencies of target game__rosidl_typesupport_introspection_c[0m
[ 30%] Built target game__rosidl_typesupport_fastrtps_c
[35m[1mConsolidate compiler generated dependencies of target game__rosidl_typesupport_c[0m
[ 39%] Built target game__rosidl_typesupport_introspection_c
[ 48%] Built target game__rosidl_typesupport_c
[ 60%] Built target game__rosidl_typesupport_fastrtps_cpp
[ 66%] Built target game__rosidl_typesupport_introspection_cpp
[35m[1mConsolidate compiler generated dependencies of target controller_publisher[0m
running egg_info
[ 69%] [32mBuilding CXX object CMakeFiles/controller_publisher.dir/src/controller_publisher.cpp.o[0m
writing game.egg-info/PKG-INFO
writing dependency_links to game.egg-info/dependency_links.txt
writing top-level names to game.egg-info/top_level.txt
reading manifest file 'game.egg-info/SOURCES.txt'
writing manifest file 'game.egg-info/SOURCES.txt'
[ 69%] Built target ament_cmake_python_build_game_egg
[ 69%] Built target game
[ 72%] Built target game__py
[35m[1mConsolidate compiler generated dependencies of target game__rosidl_generator_py[0m
[ 78%] Built target game__rosidl_generator_py
[35m[1mConsolidate compiler generated dependencies of target game__rosidl_typesupport_fastrtps_c__pyext[0m
[ 81%] [32mBuilding C object CMakeFiles/game__rosidl_typesupport_fastrtps_c__pyext.dir/rosidl_generator_py/game/_game_s.ep.rosidl_typesupport_fastrtps_c.c.o[0m
[ 84%] [32m[1mLinking C shared library rosidl_generator_py/game/game_s__rosidl_typesupport_fastrtps_c.cpython-310-x86_64-linux-gnu.so[0m
[ 84%] Built target game__rosidl_typesupport_fastrtps_c__pyext
[35m[1mConsolidate compiler generated dependencies of target game__rosidl_typesupport_introspection_c__pyext[0m
[ 87%] [32mBuilding C object CMakeFiles/game__rosidl_typesupport_introspection_c__pyext.dir/rosidl_generator_py/game/_game_s.ep.rosidl_typesupport_introspection_c.c.o[0m
[ 90%] [32m[1mLinking C shared library rosidl_generator_py/game/game_s__rosidl_typesupport_introspection_c.cpython-310-x86_64-linux-gnu.so[0m
[ 90%] Built target game__rosidl_typesupport_introspection_c__pyext
[35m[1mConsolidate compiler generated dependencies of target game__rosidl_typesupport_c__pyext[0m
[ 93%] [32mBuilding C object CMakeFiles/game__rosidl_typesupport_c__pyext.dir/rosidl_generator_py/game/_game_s.ep.rosidl_typesupport_c.c.o[0m
[ 96%] [32m[1mLinking C shared library rosidl_generator_py/game/game_s__rosidl_typesupport_c.cpython-310-x86_64-linux-gnu.so[0m
[ 96%] Built target game__rosidl_typesupport_c__pyext
[100%] [32m[1mLinking CXX executable controller_publisher[0m
[100%] Built target controller_publisher
-- Install configuration: ""
-- Up-to-date: /home/g209/workspace/install/game/share/ament_index/resource_index/rosidl_interfaces/game
-- Up-to-date: /home/g209/workspace/install/game/include/game/game
-- Up-to-date: /home/g209/workspace/install/game/include/game/game/msg
-- Up-to-date: /home/g209/workspace/install/game/include/game/game/msg/detail
-- Installing: /home/g209/workspace/install/game/include/game/game/msg/detail/game_state_msg__struct.h
-- Installing: /home/g209/workspace/install/game/include/game/game/msg/detail/game_state_msg__functions.c
-- Installing: /home/g209/workspace/install/game/include/game/game/msg/detail/game_state_msg__functions.h
-- Installing: /home/g209/workspace/install/game/include/game/game/msg/detail/game_state_msg__type_support.h
-- Up-to-date: /home/g209/workspace/install/game/include/game/game/msg/rosidl_generator_c__visibility_control.h
-- Installing: /home/g209/workspace/install/game/include/game/game/msg/game_state_msg.h
-- Up-to-date: /home/g209/workspace/install/game/share/game/environment/library_path.sh
-- Installing: /home/g209/workspace/install/game/share/game/environment/library_path.dsv
-- Installing: /home/g209/workspace/install/game/lib/libgame__rosidl_generator_c.so
-- Set runtime path of "/home/g209/workspace/install/game/lib/libgame__rosidl_generator_c.so" to ""
-- Up-to-date: /home/g209/workspace/install/game/include/game/game
-- Up-to-date: /home/g209/workspace/install/game/include/game/game/msg
-- Up-to-date: /home/g209/workspace/install/game/include/game/game/msg/detail
-- Installing: /home/g209/workspace/install/game/include/game/game/msg/detail/game_state_msg__rosidl_typesupport_fastrtps_c.h
-- Up-to-date: /home/g209/workspace/install/game/include/game/game/msg/rosidl_typesupport_fastrtps_c__visibility_control.h
-- Installing: /home/g209/workspace/install/game/lib/libgame__rosidl_typesupport_fastrtps_c.so
-- Set runtime path of "/home/g209/workspace/install/game/lib/libgame__rosidl_typesupport_fastrtps_c.so" to ""
-- Up-to-date: /home/g209/workspace/install/game/include/game/game
-- Up-to-date: /home/g209/workspace/install/game/include/game/game/msg
-- Up-to-date: /home/g209/workspace/install/game/include/game/game/msg/detail
-- Installing: /home/g209/workspace/install/game/include/game/game/msg/detail/game_state_msg__type_support.c
-- Installing: /home/g209/workspace/install/game/include/game/game/msg/detail/game_state_msg__rosidl_typesupport_introspection_c.h
-- Up-to-date: /home/g209/workspace/install/game/include/game/game/msg/rosidl_typesupport_introspection_c__visibility_control.h
-- Installing: /home/g209/workspace/install/game/lib/libgame__rosidl_typesupport_introspection_c.so
-- Set runtime path of "/home/g209/workspace/install/game/lib/libgame__rosidl_typesupport_introspection_c.so" to ""
-- Installing: /home/g209/workspace/install/game/lib/libgame__rosidl_typesupport_c.so
-- Set runtime path of "/home/g209/workspace/install/game/lib/libgame__rosidl_typesupport_c.so" to ""
-- Up-to-date: /home/g209/workspace/install/game/include/game/game
-- Up-to-date: /home/g209/workspace/install/game/include/game/game/msg
-- Up-to-date: /home/g209/workspace/install/game/include/game/game/msg/detail
-- Installing: /home/g209/workspace/install/game/include/game/game/msg/detail/game_state_msg__traits.hpp
-- Installing: /home/g209/workspace/install/game/include/game/game/msg/detail/game_state_msg__builder.hpp
-- Installing: /home/g209/workspace/install/game/include/game/game/msg/detail/game_state_msg__struct.hpp
-- Installing: /home/g209/workspace/install/game/include/game/game/msg/game_state_msg.hpp
-- Up-to-date: /home/g209/workspace/install/game/include/game/game
-- Up-to-date: /home/g209/workspace/install/game/include/game/game/msg
-- Up-to-date: /home/g209/workspace/install/game/include/game/game/msg/detail
-- Installing: /home/g209/workspace/install/game/include/game/game/msg/detail/game_state_msg__rosidl_typesupport_fastrtps_cpp.hpp
-- Up-to-date: /home/g209/workspace/install/game/include/game/game/msg/detail/dds_fastrtps
-- Up-to-date: /home/g209/workspace/install/game/include/game/game/msg/rosidl_typesupport_fastrtps_cpp__visibility_control.h
-- Installing: /home/g209/workspace/install/game/lib/libgame__rosidl_typesupport_fastrtps_cpp.so
-- Set runtime path of "/home/g209/workspace/install/game/lib/libgame__rosidl_typesupport_fastrtps_cpp.so" to ""
-- Up-to-date: /home/g209/workspace/install/game/include/game/game
-- Up-to-date: /home/g209/workspace/install/game/include/game/game/msg
-- Up-to-date: /home/g209/workspace/install/game/include/game/game/msg/detail
-- Installing: /home/g209/workspace/install/game/include/game/game/msg/detail/game_state_msg__type_support.cpp
-- Installing: /home/g209/workspace/install/game/include/game/game/msg/detail/game_state_msg__rosidl_typesupport_introspection_cpp.hpp
-- Installing: /home/g209/workspace/install/game/lib/libgame__rosidl_typesupport_introspection_cpp.so
-- Set runtime path of "/home/g209/workspace/install/game/lib/libgame__rosidl_typesupport_introspection_cpp.so" to ""
-- Installing: /home/g209/workspace/install/game/lib/libgame__rosidl_typesupport_cpp.so
-- Set runtime path of "/home/g209/workspace/install/game/lib/libgame__rosidl_typesupport_cpp.so" to ""
-- Up-to-date: /home/g209/workspace/install/game/share/game/environment/pythonpath.sh
-- Installing: /home/g209/workspace/install/game/share/game/environment/pythonpath.dsv
-- Up-to-date: /home/g209/workspace/install/game/local/lib/python3.10/dist-packages/game-0.0.0-py3.10.egg-info
-- Installing: /home/g209/workspace/install/game/local/lib/python3.10/dist-packages/game-0.0.0-py3.10.egg-info/SOURCES.txt
-- Installing: /home/g209/workspace/install/game/local/lib/python3.10/dist-packages/game-0.0.0-py3.10.egg-info/PKG-INFO
-- Installing: /home/g209/workspace/install/game/local/lib/python3.10/dist-packages/game-0.0.0-py3.10.egg-info/top_level.txt
-- Installing: /home/g209/workspace/install/game/local/lib/python3.10/dist-packages/game-0.0.0-py3.10.egg-info/dependency_links.txt
-- Up-to-date: /home/g209/workspace/install/game/local/lib/python3.10/dist-packages/game
-- Installing: /home/g209/workspace/install/game/local/lib/python3.10/dist-packages/game/_game_s.ep.rosidl_typesupport_introspection_c.c
-- Up-to-date: /home/g209/workspace/install/game/local/lib/python3.10/dist-packages/game/msg
-- Installing: /home/g209/workspace/install/game/local/lib/python3.10/dist-packages/game/msg/__init__.py
-- Installing: /home/g209/workspace/install/game/local/lib/python3.10/dist-packages/game/msg/_game_state_msg.py
-- Installing: /home/g209/workspace/install/game/local/lib/python3.10/dist-packages/game/msg/_game_state_msg_s.c
-- Installing: /home/g209/workspace/install/game/local/lib/python3.10/dist-packages/game/game_s__rosidl_typesupport_introspection_c.cpython-310-x86_64-linux-gnu.so
-- Installing: /home/g209/workspace/install/game/local/lib/python3.10/dist-packages/game/_game_s.ep.rosidl_typesupport_c.c
-- Installing: /home/g209/workspace/install/game/local/lib/python3.10/dist-packages/game/__init__.py
-- Installing: /home/g209/workspace/install/game/local/lib/python3.10/dist-packages/game/game_s__rosidl_typesupport_fastrtps_c.cpython-310-x86_64-linux-gnu.so
-- Installing: /home/g209/workspace/install/game/local/lib/python3.10/dist-packages/game/libgame__rosidl_generator_py.so
-- Installing: /home/g209/workspace/install/game/local/lib/python3.10/dist-packages/game/game_s__rosidl_typesupport_c.cpython-310-x86_64-linux-gnu.so
-- Installing: /home/g209/workspace/install/game/local/lib/python3.10/dist-packages/game/_game_s.ep.rosidl_typesupport_fastrtps_c.c
Listing '/home/g209/workspace/install/game/local/lib/python3.10/dist-packages/game'...
Compiling '/home/g209/workspace/install/game/local/lib/python3.10/dist-packages/game/__init__.py'...
Listing '/home/g209/workspace/install/game/local/lib/python3.10/dist-packages/game/msg'...
Compiling '/home/g209/workspace/install/game/local/lib/python3.10/dist-packages/game/msg/__init__.py'...
Compiling '/home/g209/workspace/install/game/local/lib/python3.10/dist-packages/game/msg/_game_state_msg.py'...
-- Installing: /home/g209/workspace/install/game/local/lib/python3.10/dist-packages/game/game_s__rosidl_typesupport_fastrtps_c.cpython-310-x86_64-linux-gnu.so
-- Set runtime path of "/home/g209/workspace/install/game/local/lib/python3.10/dist-packages/game/game_s__rosidl_typesupport_fastrtps_c.cpython-310-x86_64-linux-gnu.so" to ""
-- Installing: /home/g209/workspace/install/game/local/lib/python3.10/dist-packages/game/game_s__rosidl_typesupport_introspection_c.cpython-310-x86_64-linux-gnu.so
-- Set runtime path of "/home/g209/workspace/install/game/local/lib/python3.10/dist-packages/game/game_s__rosidl_typesupport_introspection_c.cpython-310-x86_64-linux-gnu.so" to ""
-- Installing: /home/g209/workspace/install/game/local/lib/python3.10/dist-packages/game/game_s__rosidl_typesupport_c.cpython-310-x86_64-linux-gnu.so
-- Set runtime path of "/home/g209/workspace/install/game/local/lib/python3.10/dist-packages/game/game_s__rosidl_typesupport_c.cpython-310-x86_64-linux-gnu.so" to ""
-- Installing: /home/g209/workspace/install/game/lib/libgame__rosidl_generator_py.so
-- Set runtime path of "/home/g209/workspace/install/game/lib/libgame__rosidl_generator_py.so" to ""
-- Installing: /home/g209/workspace/install/game/share/game/msg/GameStateMsg.idl
-- Installing: /home/g209/workspace/install/game/share/game/msg/GameStateMsg.msg
-- Installing: /home/g209/workspace/install/game/lib/game/controller_publisher
-- Set runtime path of "/home/g209/workspace/install/game/lib/game/controller_publisher" to ""
-- Up-to-date: /home/g209/workspace/install/game/share/ament_index/resource_index/package_run_dependencies/game
-- Up-to-date: /home/g209/workspace/install/game/share/ament_index/resource_index/parent_prefix_path/game
-- Up-to-date: /home/g209/workspace/install/game/share/game/environment/ament_prefix_path.sh
-- Installing: /home/g209/workspace/install/game/share/game/environment/ament_prefix_path.dsv
-- Up-to-date: /home/g209/workspace/install/game/share/game/environment/path.sh
-- Installing: /home/g209/workspace/install/game/share/game/environment/path.dsv
-- Up-to-date: /home/g209/workspace/install/game/share/game/local_setup.bash
-- Up-to-date: /home/g209/workspace/install/game/share/game/local_setup.sh
-- Up-to-date: /home/g209/workspace/install/game/share/game/local_setup.zsh
-- Installing: /home/g209/workspace/install/game/share/game/local_setup.dsv
-- Installing: /home/g209/workspace/install/game/share/game/package.dsv
-- Up-to-date: /home/g209/workspace/install/game/share/ament_index/resource_index/packages/game
-- Up-to-date: /home/g209/workspace/install/game/share/game/cmake/export_game__rosidl_generator_cExport.cmake
-- Up-to-date: /home/g209/workspace/install/game/share/game/cmake/export_game__rosidl_generator_cExport-noconfig.cmake
-- Up-to-date: /home/g209/workspace/install/game/share/game/cmake/export_game__rosidl_typesupport_fastrtps_cExport.cmake
-- Up-to-date: /home/g209/workspace/install/game/share/game/cmake/export_game__rosidl_typesupport_fastrtps_cExport-noconfig.cmake
-- Up-to-date: /home/g209/workspace/install/game/share/game/cmake/game__rosidl_typesupport_introspection_cExport.cmake
-- Up-to-date: /home/g209/workspace/install/game/share/game/cmake/game__rosidl_typesupport_introspection_cExport-noconfig.cmake
-- Up-to-date: /home/g209/workspace/install/game/share/game/cmake/game__rosidl_typesupport_cExport.cmake
-- Up-to-date: /home/g209/workspace/install/game/share/game/cmake/game__rosidl_typesupport_cExport-noconfig.cmake
-- Up-to-date: /home/g209/workspace/install/game/share/game/cmake/export_game__rosidl_generator_cppExport.cmake
-- Up-to-date: /home/g209/workspace/install/game/share/game/cmake/export_game__rosidl_typesupport_fastrtps_cppExport.cmake
-- Up-to-date: /home/g209/workspace/install/game/share/game/cmake/export_game__rosidl_typesupport_fastrtps_cppExport-noconfig.cmake
-- Up-to-date: /home/g209/workspace/install/game/share/game/cmake/game__rosidl_typesupport_introspection_cppExport.cmake
-- Up-to-date: /home/g209/workspace/install/game/share/game/cmake/game__rosidl_typesupport_introspection_cppExport-noconfig.cmake
-- Up-to-date: /home/g209/workspace/install/game/share/game/cmake/game__rosidl_typesupport_cppExport.cmake
-- Up-to-date: /home/g209/workspace/install/game/share/game/cmake/game__rosidl_typesupport_cppExport-noconfig.cmake
-- Up-to-date: /home/g209/workspace/install/game/share/game/cmake/export_game__rosidl_generator_pyExport.cmake
-- Up-to-date: /home/g209/workspace/install/game/share/game/cmake/export_game__rosidl_generator_pyExport-noconfig.cmake
-- Up-to-date: /home/g209/workspace/install/game/share/game/cmake/rosidl_cmake-extras.cmake
-- Up-to-date: /home/g209/workspace/install/game/share/game/cmake/ament_cmake_export_include_directories-extras.cmake
-- Up-to-date: /home/g209/workspace/install/game/share/game/cmake/ament_cmake_export_libraries-extras.cmake
-- Up-to-date: /home/g209/workspace/install/game/share/game/cmake/ament_cmake_export_targets-extras.cmake
-- Up-to-date: /home/g209/workspace/install/game/share/game/cmake/rosidl_cmake_export_typesupport_targets-extras.cmake
-- Up-to-date: /home/g209/workspace/install/game/share/game/cmake/ament_cmake_export_dependencies-extras.cmake
-- Up-to-date: /home/g209/workspace/install/game/share/game/cmake/rosidl_cmake_export_typesupport_libraries-extras.cmake
-- Up-to-date: /home/g209/workspace/install/game/share/game/cmake/gameConfig.cmake
-- Up-to-date: /home/g209/workspace/install/game/share/game/cmake/gameConfig-version.cmake
-- Up-to-date: /home/g209/workspace/install/game/share/game/package.xml
