[0.076s] Invoking command in '/home/g209/workspace/build/game': CMAKE_PREFIX_PATH=${CMAKE_PREFIX_PATH}:/opt/ros/humble /usr/bin/cmake --build /home/g209/workspace/build/game -- -j2 -l2
[0.092s] -- Found ament_cmake: 1.3.5 (/opt/ros/humble/share/ament_cmake/cmake)
[0.292s] -- Found rosidl_default_generators: 1.2.0 (/opt/ros/humble/share/rosidl_default_generators/cmake)
[0.293s] -- Using all available rosidl_typesupport_c: rosidl_typesupport_fastrtps_c;rosidl_typesupport_introspection_c
[0.296s] -- Found rosidl_adapter: 3.1.5 (/opt/ros/humble/share/rosidl_adapter/cmake)
[0.316s] -- Using all available rosidl_typesupport_cpp: rosidl_typesupport_fastrtps_cpp;rosidl_typesupport_introspection_cpp
[0.356s] -- Found rclcpp: 16.0.6 (/opt/ros/humble/share/rclcpp/cmake)
[0.415s] -- Found rmw_implementation_cmake: 6.1.1 (/opt/ros/humble/share/rmw_implementation_cmake/cmake)
[0.418s] -- Found rmw_fastrtps_cpp: 6.2.4 (/opt/ros/humble/share/rmw_fastrtps_cpp/cmake)
[0.557s] -- Using RMW implementation 'rmw_fastrtps_cpp' as default
[0.908s] -- Found ament_cmake_ros: 0.10.0 (/opt/ros/humble/share/ament_cmake_ros/cmake)
[1.100s] -- Using all available rosidl_typesupport_c: rosidl_typesupport_fastrtps_c;rosidl_typesupport_introspection_c
[1.317s] -- Using all available rosidl_typesupport_cpp: rosidl_typesupport_fastrtps_cpp;rosidl_typesupport_introspection_cpp
[1.335s] -- Found python_cmake_module: 0.10.0 (/opt/ros/humble/share/python_cmake_module/cmake)
[1.357s] -- Using PYTHON_EXECUTABLE: /usr/bin/python3
[1.357s] -- Using PYTHON_INCLUDE_DIRS: /usr/include/python3.10
[1.357s] -- Using PYTHON_LIBRARIES: /usr/lib/x86_64-linux-gnu/libpython3.10.so
[1.397s] -- Found ament_lint_auto: 0.12.8 (/opt/ros/humble/share/ament_lint_auto/cmake)
[1.463s] -- Added test 'cppcheck' to perform static code analysis on C / C++ code
[1.468s] -- Configured cppcheck include dirs: 
[1.468s] -- Configured cppcheck exclude dirs and/or files: 
[1.470s] -- Added test 'flake8' to check Python code syntax and style conventions
[1.475s] -- Added test 'lint_cmake' to check CMake code style
[1.478s] -- Added test 'pep257' to check Python code against some of the docstring style conventions in PEP 257
[1.492s] -- Added test 'uncrustify' to check C / C++ code style
[1.492s] -- Configured uncrustify additional arguments: 
[1.494s] -- Added test 'xmllint' to check XML markup files
[1.503s] -- Configuring done
[1.617s] -- Generating done
[1.625s] -- Build files have been written to: /home/g209/workspace/build/game
[1.675s] [35m[1mConsolidate compiler generated dependencies of target game__rosidl_generator_c[0m
[1.701s] [  3%] Built target game__cpp
[1.701s] [ 12%] Built target game__rosidl_generator_c
[1.716s] [35m[1mConsolidate compiler generated dependencies of target game__rosidl_typesupport_cpp[0m
[1.729s] [ 21%] Built target game__rosidl_typesupport_cpp
[1.739s] [ 21%] Built target ament_cmake_python_copy_game
[1.745s] [35m[1mConsolidate compiler generated dependencies of target game__rosidl_typesupport_fastrtps_c[0m
[1.770s] [35m[1mConsolidate compiler generated dependencies of target game__rosidl_typesupport_introspection_c[0m
[1.778s] [ 30%] Built target game__rosidl_typesupport_fastrtps_c
[1.791s] [35m[1mConsolidate compiler generated dependencies of target game__rosidl_typesupport_c[0m
[1.792s] [ 39%] Built target game__rosidl_typesupport_introspection_c
[1.806s] [ 48%] Built target game__rosidl_typesupport_c
[1.807s] [35m[1mConsolidate compiler generated dependencies of target game__rosidl_typesupport_fastrtps_cpp[0m
[1.819s] [ 57%] Built target game__rosidl_typesupport_fastrtps_cpp
[1.821s] [35m[1mConsolidate compiler generated dependencies of target game__rosidl_typesupport_introspection_cpp[0m
[1.849s] [ 66%] Built target game__rosidl_typesupport_introspection_cpp
[1.913s] [35m[1mConsolidate compiler generated dependencies of target controller_publisher[0m
[2.032s] [ 69%] [32mBuilding CXX object CMakeFiles/controller_publisher.dir/src/controller_publisher.cpp.o[0m
[2.488s] running egg_info
[2.488s] writing game.egg-info/PKG-INFO
[2.489s] writing dependency_links to game.egg-info/dependency_links.txt
[2.489s] writing top-level names to game.egg-info/top_level.txt
[2.508s] reading manifest file 'game.egg-info/SOURCES.txt'
[2.508s] writing manifest file 'game.egg-info/SOURCES.txt'
[3.176s] [ 69%] Built target ament_cmake_python_build_game_egg
[3.841s] [ 69%] Built target game
[3.924s] [ 72%] Built target game__py
[3.990s] [35m[1mConsolidate compiler generated dependencies of target game__rosidl_generator_py[0m
[4.034s] [ 78%] Built target game__rosidl_generator_py
[4.256s] [01m[K/home/g209/workspace/src/game/src/controller_publisher.cpp:[m[K In member function ‘[01m[Kvoid ControllerPublisher::handlePlayerMove(game::msg::GameStateMsg_<std::allocator<void> >::SharedPtr)[m[K’:
[4.256s] [01m[K/home/g209/workspace/src/game/src/controller_publisher.cpp:41:64:[m[K [01;31m[Kerror: [m[K‘[01m[Kconst SharedPtr[m[K’ {aka ‘[01m[Kconst class std::shared_ptr<game::msg::GameStateMsg_<std::allocator<void> > >[m[K’} has no member named ‘[01m[Kfirst_player_id[m[K’
[4.256s]    41 |                                                 game_state_msg.[01;31m[Kfirst_player_id[m[K = player1;
[4.256s]       |                                                                [01;31m[K^~~~~~~~~~~~~~~[m[K
[4.258s] [01m[K/home/g209/workspace/src/game/src/controller_publisher.cpp:46:64:[m[K [01;31m[Kerror: [m[K‘[01m[Kconst SharedPtr[m[K’ {aka ‘[01m[Kconst class std::shared_ptr<game::msg::GameStateMsg_<std::allocator<void> > >[m[K’} has no member named ‘[01m[Kfirst_player_id[m[K’
[4.258s]    46 |                                                 game_state_msg.[01;31m[Kfirst_player_id[m[K = player2;
[4.258s]       |                                                                [01;31m[K^~~~~~~~~~~~~~~[m[K
[4.258s] [01m[K/home/g209/workspace/src/game/src/controller_publisher.cpp:49:48:[m[K [01;31m[Kerror: [m[K‘[01m[Kconst SharedPtr[m[K’ {aka ‘[01m[Kconst class std::shared_ptr<game::msg::GameStateMsg_<std::allocator<void> > >[m[K’} has no member named ‘[01m[Kdice_result[m[K’
[4.259s]    49 |                                 game_state_msg.[01;31m[Kdice_result[m[K = rollDice();
[4.259s]       |                                                [01;31m[K^~~~~~~~~~~[m[K
[4.259s] [01m[K/home/g209/workspace/src/game/src/controller_publisher.cpp:56:48:[m[K [01;31m[Kerror: [m[K‘[01m[Kconst SharedPtr[m[K’ {aka ‘[01m[Kconst class std::shared_ptr<game::msg::GameStateMsg_<std::allocator<void> > >[m[K’} has no member named ‘[01m[Kdice_result[m[K’
[4.259s]    56 |                                 game_state_msg.[01;31m[Kdice_result[m[K = 0; // Game already won
[4.259s]       |                                                [01;31m[K^~~~~~~~~~~[m[K
[4.280s] [01m[K/home/g209/workspace/src/game/src/controller_publisher.cpp:57:48:[m[K [01;31m[Kerror: [m[K‘[01m[Kconst SharedPtr[m[K’ {aka ‘[01m[Kconst class std::shared_ptr<game::msg::GameStateMsg_<std::allocator<void> > >[m[K’} has no member named ‘[01m[Kgame_message[m[K’
[4.280s]    57 |                                 game_state_msg.[01;31m[Kgame_message[m[K =  "Player " + std::to_string(game_state_msg.first_player_id)  + "won the game";
[4.280s]       |                                                [01;31m[K^~~~~~~~~~~~[m[K
[4.280s] [01m[K/home/g209/workspace/src/game/src/controller_publisher.cpp:57:106:[m[K [01;31m[Kerror: [m[K‘[01m[Kconst SharedPtr[m[K’ {aka ‘[01m[Kconst class std::shared_ptr<game::msg::GameStateMsg_<std::allocator<void> > >[m[K’} has no member named ‘[01m[Kfirst_player_id[m[K’
[4.280s]    57 |                                 game_state_msg.game_message =  "Player " + std::to_string(game_state_msg.[01;31m[Kfirst_player_id[m[K)  + "won the game";
[4.280s]       |                                                                                                          [01;31m[K^~~~~~~~~~~~~~~[m[K
[4.280s] [01m[K/home/g209/workspace/src/game/src/controller_publisher.cpp:60:55:[m[K [01;31m[Kerror: [m[Kno matching function for call to ‘[01m[Krclcpp::Publisher<game::msg::GameStateMsg_<std::allocator<void> > >::publish(const SharedPtr&)[m[K’
[4.281s]    60 |                         [01;31m[Kgame_state_publisher_->publish(game_state_msg)[m[K;
[4.281s]       |                         [01;31m[K~~~~~~~~~~~~~~~~~~~~~~~~~~~~~~^~~~~~~~~~~~~~~~[m[K
[4.281s] In file included from [01m[K/opt/ros/humble/include/rclcpp/rclcpp/topic_statistics/subscription_topic_statistics.hpp:31[m[K,
[4.281s]                  from [01m[K/opt/ros/humble/include/rclcpp/rclcpp/subscription.hpp:50[m[K,
[4.281s]                  from [01m[K/opt/ros/humble/include/rclcpp/rclcpp/any_executable.hpp:25[m[K,
[4.281s]                  from [01m[K/opt/ros/humble/include/rclcpp/rclcpp/memory_strategy.hpp:25[m[K,
[4.281s]                  from [01m[K/opt/ros/humble/include/rclcpp/rclcpp/memory_strategies.hpp:18[m[K,
[4.281s]                  from [01m[K/opt/ros/humble/include/rclcpp/rclcpp/executor_options.hpp:20[m[K,
[4.281s]                  from [01m[K/opt/ros/humble/include/rclcpp/rclcpp/executor.hpp:37[m[K,
[4.281s]                  from [01m[K/opt/ros/humble/include/rclcpp/rclcpp/executors/multi_threaded_executor.hpp:25[m[K,
[4.281s]                  from [01m[K/opt/ros/humble/include/rclcpp/rclcpp/executors.hpp:21[m[K,
[4.281s]                  from [01m[K/opt/ros/humble/include/rclcpp/rclcpp/rclcpp.hpp:155[m[K,
[4.281s]                  from [01m[K/home/g209/workspace/src/game/src/controller_publisher.cpp:4[m[K:
[4.281s] [01m[K/opt/ros/humble/include/rclcpp/rclcpp/publisher.hpp:251:3:[m[K [01;36m[Knote: [m[Kcandidate: ‘[01m[Ktemplate<class T> std::enable_if_t<(rosidl_generator_traits::is_message<T>::value && std::is_same<T, typename rclcpp::TypeAdapter<MessageT>::ros_message_type>::value)> rclcpp::Publisher<MessageT, AllocatorT>::publish(std::unique_ptr<T, typename std::conditional<std::is_same<typename std::allocator_traits<typename std::allocator_traits<_Allocator>::rebind_traits<typename rclcpp::TypeAdapter<MessageT, void, void>::ros_message_type>::allocator_type>::rebind_alloc<typename rclcpp::TypeAdapter<MessageT, void, void>::ros_message_type>, std::allocator<typename rclcpp::TypeAdapter<MessageT>::ros_message_type> >::value, std::default_delete<typename rclcpp::TypeAdapter<MessageT>::ros_message_type>, rclcpp::allocator::AllocatorDeleter<typename std::allocator_traits<_Allocator>::rebind_traits<typename rclcpp::TypeAdapter<MessageT, void, void>::ros_message_type>::allocator_type> >::type>) [with T = T; MessageT = game::msg::GameStateMsg_<std::allocator<void> >; AllocatorT = std::allocator<void>][m[K’
[4.281s]   251 |   [01;36m[Kpublish[m[K(std::unique_ptr<T, ROSMessageTypeDeleter> msg)
[4.281s]       |   [01;36m[K^~~~~~~[m[K
[4.283s] [01m[K/opt/ros/humble/include/rclcpp/rclcpp/publisher.hpp:251:3:[m[K [01;36m[Knote: [m[K  template argument deduction/substitution failed:
[4.283s] [01m[K/home/g209/workspace/src/game/src/controller_publisher.cpp:60:55:[m[K [01;36m[Knote: [m[K  ‘[01m[Kstd::shared_ptr<game::msg::GameStateMsg_<std::allocator<void> > >[m[K’ is not derived from ‘[01m[Kstd::unique_ptr<T, std::default_delete<game::msg::GameStateMsg_<std::allocator<void> > > >[m[K’
[4.284s]    60 |                         [01;36m[Kgame_state_publisher_->publish(game_state_msg)[m[K;
[4.284s]       |                         [01;36m[K~~~~~~~~~~~~~~~~~~~~~~~~~~~~~~^~~~~~~~~~~~~~~~[m[K
[4.284s] In file included from [01m[K/opt/ros/humble/include/rclcpp/rclcpp/topic_statistics/subscription_topic_statistics.hpp:31[m[K,
[4.284s]                  from [01m[K/opt/ros/humble/include/rclcpp/rclcpp/subscription.hpp:50[m[K,
[4.284s]                  from [01m[K/opt/ros/humble/include/rclcpp/rclcpp/any_executable.hpp:25[m[K,
[4.284s]                  from [01m[K/opt/ros/humble/include/rclcpp/rclcpp/memory_strategy.hpp:25[m[K,
[4.284s]                  from [01m[K/opt/ros/humble/include/rclcpp/rclcpp/memory_strategies.hpp:18[m[K,
[4.284s]                  from [01m[K/opt/ros/humble/include/rclcpp/rclcpp/executor_options.hpp:20[m[K,
[4.284s]                  from [01m[K/opt/ros/humble/include/rclcpp/rclcpp/executor.hpp:37[m[K,
[4.284s]                  from [01m[K/opt/ros/humble/include/rclcpp/rclcpp/executors/multi_threaded_executor.hpp:25[m[K,
[4.284s]                  from [01m[K/opt/ros/humble/include/rclcpp/rclcpp/executors.hpp:21[m[K,
[4.284s]                  from [01m[K/opt/ros/humble/include/rclcpp/rclcpp/rclcpp.hpp:155[m[K,
[4.284s]                  from [01m[K/home/g209/workspace/src/game/src/controller_publisher.cpp:4[m[K:
[4.284s] [01m[K/opt/ros/humble/include/rclcpp/rclcpp/publisher.hpp:292:3:[m[K [01;36m[Knote: [m[Kcandidate: ‘[01m[Ktemplate<class T> std::enable_if_t<(rosidl_generator_traits::is_message<T>::value && std::is_same<T, typename rclcpp::TypeAdapter<MessageT>::ros_message_type>::value)> rclcpp::Publisher<MessageT, AllocatorT>::publish(const T&) [with T = T; MessageT = game::msg::GameStateMsg_<std::allocator<void> >; AllocatorT = std::allocator<void>][m[K’
[4.284s]   292 |   [01;36m[Kpublish[m[K(const T & msg)
[4.284s]       |   [01;36m[K^~~~~~~[m[K
[4.284s] [01m[K/opt/ros/humble/include/rclcpp/rclcpp/publisher.hpp:292:3:[m[K [01;36m[Knote: [m[K  template argument deduction/substitution failed:
[4.284s] In file included from [01m[K/usr/include/c++/11/bits/move.h:57[m[K,
[4.284s]                  from [01m[K/usr/include/c++/11/bits/stl_pair.h:59[m[K,
[4.284s]                  from [01m[K/usr/include/c++/11/bits/stl_algobase.h:64[m[K,
[4.284s]                  from [01m[K/usr/include/c++/11/bits/char_traits.h:39[m[K,
[4.284s]                  from [01m[K/usr/include/c++/11/string:40[m[K,
[4.284s]                  from [01m[K/home/g209/workspace/src/game/src/controller_publisher.cpp:1[m[K:
[4.284s] /usr/include/c++/11/type_traits: In substitution of ‘[01m[Ktemplate<bool _Cond, class _Tp> using enable_if_t = typename std::enable_if::type [with bool _Cond = false; _Tp = void][m[K’:
[4.284s] [01m[K/opt/ros/humble/include/rclcpp/rclcpp/publisher.hpp:292:3:[m[K   required by substitution of ‘[01m[Ktemplate<class T> std::enable_if_t<(rosidl_generator_traits::is_message<T>::value && std::is_same<T, game::msg::GameStateMsg_<std::allocator<void> > >::value), void> rclcpp::Publisher<game::msg::GameStateMsg_<std::allocator<void> > >::publish<T>(const T&) [with T = std::shared_ptr<game::msg::GameStateMsg_<std::allocator<void> > >][m[K’
[4.284s] [01m[K/home/g209/workspace/src/game/src/controller_publisher.cpp:60:34:[m[K   required from here
[4.284s] [01m[K/usr/include/c++/11/type_traits:2579:11:[m[K [01;31m[Kerror: [m[Kno type named ‘[01m[Ktype[m[K’ in ‘[01m[Kstruct std::enable_if<false, void>[m[K’
[4.284s]  2579 |     using [01;31m[Kenable_if_t[m[K = typename enable_if<_Cond, _Tp>::type;
[4.285s]       |           [01;31m[K^~~~~~~~~~~[m[K
[4.285s] In file included from [01m[K/opt/ros/humble/include/rclcpp/rclcpp/topic_statistics/subscription_topic_statistics.hpp:31[m[K,
[4.285s]                  from [01m[K/opt/ros/humble/include/rclcpp/rclcpp/subscription.hpp:50[m[K,
[4.285s]                  from [01m[K/opt/ros/humble/include/rclcpp/rclcpp/any_executable.hpp:25[m[K,
[4.285s]                  from [01m[K/opt/ros/humble/include/rclcpp/rclcpp/memory_strategy.hpp:25[m[K,
[4.285s]                  from [01m[K/opt/ros/humble/include/rclcpp/rclcpp/memory_strategies.hpp:18[m[K,
[4.285s]                  from [01m[K/opt/ros/humble/include/rclcpp/rclcpp/executor_options.hpp:20[m[K,
[4.285s]                  from [01m[K/opt/ros/humble/include/rclcpp/rclcpp/executor.hpp:37[m[K,
[4.285s]                  from [01m[K/opt/ros/humble/include/rclcpp/rclcpp/executors/multi_threaded_executor.hpp:25[m[K,
[4.285s]                  from [01m[K/opt/ros/humble/include/rclcpp/rclcpp/executors.hpp:21[m[K,
[4.285s]                  from [01m[K/opt/ros/humble/include/rclcpp/rclcpp/rclcpp.hpp:155[m[K,
[4.285s]                  from [01m[K/home/g209/workspace/src/game/src/controller_publisher.cpp:4[m[K:
[4.285s] [01m[K/opt/ros/humble/include/rclcpp/rclcpp/publisher.hpp:322:3:[m[K [01;36m[Knote: [m[Kcandidate: ‘[01m[Ktemplate<class T> std::enable_if_t<(typename rclcpp::TypeAdapter<MessageT>::is_specialized::value && std::is_same<T, typename rclcpp::TypeAdapter<MessageT>::custom_type>::value)> rclcpp::Publisher<MessageT, AllocatorT>::publish(std::unique_ptr<T, typename std::conditional<std::is_same<typename std::allocator_traits<typename std::allocator_traits<_Allocator>::rebind_traits<typename rclcpp::TypeAdapter<MessageT, void, void>::custom_type>::allocator_type>::rebind_alloc<typename rclcpp::TypeAdapter<MessageT, void, void>::custom_type>, std::allocator<typename rclcpp::TypeAdapter<MessageT>::custom_type> >::value, std::default_delete<typename rclcpp::TypeAdapter<MessageT>::custom_type>, rclcpp::allocator::AllocatorDeleter<typename std::allocator_traits<_Allocator>::rebind_traits<typename rclcpp::TypeAdapter<MessageT, void, void>::custom_type>::allocator_type> >::type>) [with T = T; MessageT = game::msg::GameStateMsg_<std::allocator<void> >; AllocatorT = std::allocator<void>][m[K’
[4.285s]   322 |   [01;36m[Kpublish[m[K(std::unique_ptr<T, PublishedTypeDeleter> msg)
[4.285s]       |   [01;36m[K^~~~~~~[m[K
[4.285s] [01m[K/opt/ros/humble/include/rclcpp/rclcpp/publisher.hpp:322:3:[m[K [01;36m[Knote: [m[K  template argument deduction/substitution failed:
[4.285s] [01m[K/home/g209/workspace/src/game/src/controller_publisher.cpp:60:55:[m[K [01;36m[Knote: [m[K  ‘[01m[Kstd::shared_ptr<game::msg::GameStateMsg_<std::allocator<void> > >[m[K’ is not derived from ‘[01m[Kstd::unique_ptr<T, std::default_delete<game::msg::GameStateMsg_<std::allocator<void> > > >[m[K’
[4.285s]    60 |                         [01;36m[Kgame_state_publisher_->publish(game_state_msg)[m[K;
[4.285s]       |                         [01;36m[K~~~~~~~~~~~~~~~~~~~~~~~~~~~~~~^~~~~~~~~~~~~~~~[m[K
[4.286s] In file included from [01m[K/opt/ros/humble/include/rclcpp/rclcpp/topic_statistics/subscription_topic_statistics.hpp:31[m[K,
[4.286s]                  from [01m[K/opt/ros/humble/include/rclcpp/rclcpp/subscription.hpp:50[m[K,
[4.286s]                  from [01m[K/opt/ros/humble/include/rclcpp/rclcpp/any_executable.hpp:25[m[K,
[4.286s]                  from [01m[K/opt/ros/humble/include/rclcpp/rclcpp/memory_strategy.hpp:25[m[K,
[4.286s]                  from [01m[K/opt/ros/humble/include/rclcpp/rclcpp/memory_strategies.hpp:18[m[K,
[4.286s]                  from [01m[K/opt/ros/humble/include/rclcpp/rclcpp/executor_options.hpp:20[m[K,
[4.286s]                  from [01m[K/opt/ros/humble/include/rclcpp/rclcpp/executor.hpp:37[m[K,
[4.286s]                  from [01m[K/opt/ros/humble/include/rclcpp/rclcpp/executors/multi_threaded_executor.hpp:25[m[K,
[4.286s]                  from [01m[K/opt/ros/humble/include/rclcpp/rclcpp/executors.hpp:21[m[K,
[4.286s]                  from [01m[K/opt/ros/humble/include/rclcpp/rclcpp/rclcpp.hpp:155[m[K,
[4.286s]                  from [01m[K/home/g209/workspace/src/game/src/controller_publisher.cpp:4[m[K:
[4.286s] [01m[K/opt/ros/humble/include/rclcpp/rclcpp/publisher.hpp:364:3:[m[K [01;36m[Knote: [m[Kcandidate: ‘[01m[Ktemplate<class T> std::enable_if_t<(typename rclcpp::TypeAdapter<MessageT>::is_specialized::value && std::is_same<T, typename rclcpp::TypeAdapter<MessageT>::custom_type>::value)> rclcpp::Publisher<MessageT, AllocatorT>::publish(const T&) [with T = T; MessageT = game::msg::GameStateMsg_<std::allocator<void> >; AllocatorT = std::allocator<void>][m[K’
[4.286s]   364 |   [01;36m[Kpublish[m[K(const T & msg)
[4.286s]       |   [01;36m[K^~~~~~~[m[K
[4.286s] [01m[K/opt/ros/humble/include/rclcpp/rclcpp/publisher.hpp:364:3:[m[K [01;36m[Knote: [m[K  template argument deduction/substitution failed:
[4.286s] [01m[K/opt/ros/humble/include/rclcpp/rclcpp/publisher.hpp:383:3:[m[K [01;36m[Knote: [m[Kcandidate: ‘[01m[Kvoid rclcpp::Publisher<MessageT, AllocatorT>::publish(const rcl_serialized_message_t&) [with MessageT = game::msg::GameStateMsg_<std::allocator<void> >; AllocatorT = std::allocator<void>; rcl_serialized_message_t = rcutils_uint8_array_s][m[K’
[4.286s]   383 |   [01;36m[Kpublish[m[K(const rcl_serialized_message_t & serialized_msg)
[4.286s]       |   [01;36m[K^~~~~~~[m[K
[4.286s] [01m[K/opt/ros/humble/include/rclcpp/rclcpp/publisher.hpp:383:44:[m[K [01;36m[Knote: [m[K  no known conversion for argument 1 from ‘[01m[Kconst SharedPtr[m[K’ {aka ‘[01m[Kconst std::shared_ptr<game::msg::GameStateMsg_<std::allocator<void> > >[m[K’} to ‘[01m[Kconst rcl_serialized_message_t&[m[K’ {aka ‘[01m[Kconst rcutils_uint8_array_s&[m[K’}
[4.286s]   383 |   publish([01;36m[Kconst rcl_serialized_message_t & serialized_msg[m[K)
[4.287s]       |           [01;36m[K~~~~~~~~~~~~~~~~~~~~~~~~~~~~~~~~~^~~~~~~~~~~~~~[m[K
[4.287s] [01m[K/opt/ros/humble/include/rclcpp/rclcpp/publisher.hpp:389:3:[m[K [01;36m[Knote: [m[Kcandidate: ‘[01m[Kvoid rclcpp::Publisher<MessageT, AllocatorT>::publish(const rclcpp::SerializedMessage&) [with MessageT = game::msg::GameStateMsg_<std::allocator<void> >; AllocatorT = std::allocator<void>][m[K’
[4.287s]   389 |   [01;36m[Kpublish[m[K(const SerializedMessage & serialized_msg)
[4.287s]       |   [01;36m[K^~~~~~~[m[K
[4.287s] [01m[K/opt/ros/humble/include/rclcpp/rclcpp/publisher.hpp:389:37:[m[K [01;36m[Knote: [m[K  no known conversion for argument 1 from ‘[01m[Kconst SharedPtr[m[K’ {aka ‘[01m[Kconst std::shared_ptr<game::msg::GameStateMsg_<std::allocator<void> > >[m[K’} to ‘[01m[Kconst rclcpp::SerializedMessage&[m[K’
[4.287s]   389 |   publish([01;36m[Kconst SerializedMessage & serialized_msg[m[K)
[4.287s]       |           [01;36m[K~~~~~~~~~~~~~~~~~~~~~~~~~~^~~~~~~~~~~~~~[m[K
[4.287s] [01m[K/opt/ros/humble/include/rclcpp/rclcpp/publisher.hpp:403:3:[m[K [01;36m[Knote: [m[Kcandidate: ‘[01m[Kvoid rclcpp::Publisher<MessageT, AllocatorT>::publish(rclcpp::LoanedMessage<typename rclcpp::TypeAdapter<MessageT>::ros_message_type, AllocatorT>&&) [with MessageT = game::msg::GameStateMsg_<std::allocator<void> >; AllocatorT = std::allocator<void>; typename rclcpp::TypeAdapter<MessageT>::ros_message_type = game::msg::GameStateMsg_<std::allocator<void> >][m[K’
[4.287s]   403 |   [01;36m[Kpublish[m[K(rclcpp::LoanedMessage<ROSMessageType, AllocatorT> && loaned_msg)
[4.287s]       |   [01;36m[K^~~~~~~[m[K
[4.287s] [01m[K/opt/ros/humble/include/rclcpp/rclcpp/publisher.hpp:403:64:[m[K [01;36m[Knote: [m[K  no known conversion for argument 1 from ‘[01m[Kconst SharedPtr[m[K’ {aka ‘[01m[Kconst std::shared_ptr<game::msg::GameStateMsg_<std::allocator<void> > >[m[K’} to ‘[01m[Krclcpp::LoanedMessage<game::msg::GameStateMsg_<std::allocator<void> >, std::allocator<void> >&&[m[K’
[4.287s]   403 |   publish([01;36m[Krclcpp::LoanedMessage<ROSMessageType, AllocatorT> && loaned_msg[m[K)
[4.287s]       |           [01;36m[K~~~~~~~~~~~~~~~~~~~~~~~~~~~~~~~~~~~~~~~~~~~~~~~~~~~~~^~~~~~~~~~[m[K
[4.347s] [35m[1mConsolidate compiler generated dependencies of target game__rosidl_typesupport_fastrtps_c__pyext[0m
[4.667s] [ 84%] Built target game__rosidl_typesupport_fastrtps_c__pyext
[4.708s] [35m[1mConsolidate compiler generated dependencies of target game__rosidl_typesupport_introspection_c__pyext[0m
[4.737s] [ 90%] Built target game__rosidl_typesupport_introspection_c__pyext
[5.112s] [35m[1mConsolidate compiler generated dependencies of target game__rosidl_typesupport_c__pyext[0m
[5.287s] [ 96%] Built target game__rosidl_typesupport_c__pyext
[6.517s] gmake[2]: *** [CMakeFiles/controller_publisher.dir/build.make:76: CMakeFiles/controller_publisher.dir/src/controller_publisher.cpp.o] Fehler 1
[6.517s] gmake[1]: *** [CMakeFiles/Makefile2:593: CMakeFiles/controller_publisher.dir/all] Fehler 2
[6.517s] gmake: *** [Makefile:146: all] Fehler 2
[6.520s] Invoked command in '/home/g209/workspace/build/game' returned '2': CMAKE_PREFIX_PATH=${CMAKE_PREFIX_PATH}:/opt/ros/humble /usr/bin/cmake --build /home/g209/workspace/build/game -- -j2 -l2
