[0.041s] Invoking command in '/home/g209/ros2_ws/build/custom_msgs': CMAKE_PREFIX_PATH=/opt/ros/humble /usr/bin/cmake --build /home/g209/ros2_ws/build/custom_msgs -- -j2 -l2
[0.131s] -- Found ament_cmake: 1.3.5 (/opt/ros/humble/share/ament_cmake/cmake)
[0.431s] -- Found rosidl_default_generators: 1.2.0 (/opt/ros/humble/share/rosidl_default_generators/cmake)
[0.444s] -- Using all available rosidl_typesupport_c: rosidl_typesupport_fastrtps_c;rosidl_typesupport_introspection_c
[0.444s] -- Found rosidl_adapter: 3.1.5 (/opt/ros/humble/share/rosidl_adapter/cmake)
[0.496s] -- Using all available rosidl_typesupport_cpp: rosidl_typesupport_fastrtps_cpp;rosidl_typesupport_introspection_cpp
[0.781s] -- Found ament_cmake_ros: 0.10.0 (/opt/ros/humble/share/ament_cmake_ros/cmake)
[0.929s] -- Using all available rosidl_typesupport_c: rosidl_typesupport_fastrtps_c;rosidl_typesupport_introspection_c
[1.156s] -- Using all available rosidl_typesupport_cpp: rosidl_typesupport_fastrtps_cpp;rosidl_typesupport_introspection_cpp
[1.180s] -- Found python_cmake_module: 0.10.0 (/opt/ros/humble/share/python_cmake_module/cmake)
[1.201s] -- Using PYTHON_EXECUTABLE: /usr/bin/python3
[1.202s] -- Using PYTHON_INCLUDE_DIRS: /usr/include/python3.10
[1.202s] -- Using PYTHON_LIBRARIES: /usr/lib/x86_64-linux-gnu/libpython3.10.so
[1.220s] -- Found ament_lint_auto: 0.12.8 (/opt/ros/humble/share/ament_lint_auto/cmake)
[1.237s] -- Added test 'cppcheck' to perform static code analysis on C / C++ code
[1.238s] -- Configured cppcheck include dirs: 
[1.238s] -- Configured cppcheck exclude dirs and/or files: 
[1.238s] -- Added test 'lint_cmake' to check CMake code style
[1.250s] -- Added test 'uncrustify' to check C / C++ code style
[1.250s] -- Configured uncrustify additional arguments: 
[1.250s] -- Added test 'xmllint' to check XML markup files
[1.251s] -- Configuring done
[1.327s] -- Generating done
[1.334s] -- Build files have been written to: /home/g209/ros2_ws/build/custom_msgs
[1.375s] [35m[1mConsolidate compiler generated dependencies of target custom_msgs__rosidl_generator_c[0m
[1.390s] [  3%] Built target custom_msgs__cpp
[1.394s] [  6%] [32m[1mLinking C shared library libcustom_msgs__rosidl_generator_c.so[0m
[1.424s] [  6%] Built target ament_cmake_python_copy_custom_msgs
[1.453s] [35m[1mConsolidate compiler generated dependencies of target custom_msgs__rosidl_typesupport_fastrtps_cpp[0m
[1.455s] [  9%] [32m[1mLinking CXX shared library libcustom_msgs__rosidl_typesupport_fastrtps_cpp.so[0m
[1.476s] [ 16%] Built target custom_msgs__rosidl_generator_c
[1.491s] [35m[1mConsolidate compiler generated dependencies of target custom_msgs__rosidl_typesupport_introspection_cpp[0m
[1.509s] [ 19%] [32m[1mLinking CXX shared library libcustom_msgs__rosidl_typesupport_introspection_cpp.so[0m
[1.536s] [ 25%] Built target custom_msgs__rosidl_typesupport_fastrtps_cpp
[1.563s] [35m[1mConsolidate compiler generated dependencies of target custom_msgs__rosidl_typesupport_cpp[0m
[1.594s] [ 29%] [32m[1mLinking CXX shared library libcustom_msgs__rosidl_typesupport_cpp.so[0m
[1.601s] [ 35%] Built target custom_msgs__rosidl_typesupport_introspection_cpp
[1.630s] [35m[1mConsolidate compiler generated dependencies of target custom_msgs__rosidl_typesupport_fastrtps_c[0m
[1.644s] [ 38%] [32m[1mLinking CXX shared library libcustom_msgs__rosidl_typesupport_fastrtps_c.so[0m
[1.685s] [ 45%] Built target custom_msgs__rosidl_typesupport_cpp
[1.731s] [35m[1mConsolidate compiler generated dependencies of target custom_msgs__rosidl_typesupport_introspection_c[0m
[1.761s] [ 48%] [32m[1mLinking C shared library libcustom_msgs__rosidl_typesupport_introspection_c.so[0m
[1.790s] [ 54%] Built target custom_msgs__rosidl_typesupport_fastrtps_c
[1.826s] [ 61%] Built target custom_msgs__rosidl_typesupport_introspection_c
[1.866s] [35m[1mConsolidate compiler generated dependencies of target custom_msgs__rosidl_typesupport_c[0m
[1.928s] [ 64%] [32m[1mLinking CXX shared library libcustom_msgs__rosidl_typesupport_c.so[0m
[1.979s] [ 70%] Built target custom_msgs__rosidl_typesupport_c
[2.040s] [ 70%] Built target custom_msgs
[2.164s] [ 74%] Built target custom_msgs__py
[2.175s] running egg_info
[2.177s] writing custom_msgs.egg-info/PKG-INFO
[2.178s] writing dependency_links to custom_msgs.egg-info/dependency_links.txt
[2.179s] writing top-level names to custom_msgs.egg-info/top_level.txt
[2.182s] reading manifest file 'custom_msgs.egg-info/SOURCES.txt'
[2.185s] writing manifest file 'custom_msgs.egg-info/SOURCES.txt'
[2.218s] [35m[1mConsolidate compiler generated dependencies of target custom_msgs__rosidl_generator_py[0m
[2.266s] [ 77%] [32m[1mLinking C shared library rosidl_generator_py/custom_msgs/libcustom_msgs__rosidl_generator_py.so[0m
[2.269s] [ 77%] Built target ament_cmake_python_build_custom_msgs_egg
[2.343s] [ 80%] Built target custom_msgs__rosidl_generator_py
[2.373s] [35m[1mConsolidate compiler generated dependencies of target custom_msgs__rosidl_typesupport_introspection_c__pyext[0m
[2.373s] [35m[1mConsolidate compiler generated dependencies of target custom_msgs__rosidl_typesupport_fastrtps_c__pyext[0m
[2.393s] [ 83%] [32m[1mLinking C shared library rosidl_generator_py/custom_msgs/custom_msgs_s__rosidl_typesupport_fastrtps_c.cpython-310-x86_64-linux-gnu.so[0m
[2.422s] [ 87%] [32m[1mLinking C shared library rosidl_generator_py/custom_msgs/custom_msgs_s__rosidl_typesupport_introspection_c.cpython-310-x86_64-linux-gnu.so[0m
[2.481s] [ 90%] Built target custom_msgs__rosidl_typesupport_fastrtps_c__pyext
[2.493s] [35m[1mConsolidate compiler generated dependencies of target custom_msgs__rosidl_typesupport_c__pyext[0m
[2.514s] [ 93%] Built target custom_msgs__rosidl_typesupport_introspection_c__pyext
[2.557s] [ 96%] [32m[1mLinking C shared library rosidl_generator_py/custom_msgs/custom_msgs_s__rosidl_typesupport_c.cpython-310-x86_64-linux-gnu.so[0m
[2.622s] [100%] Built target custom_msgs__rosidl_typesupport_c__pyext
[2.649s] Invoked command in '/home/g209/ros2_ws/build/custom_msgs' returned '0': CMAKE_PREFIX_PATH=/opt/ros/humble /usr/bin/cmake --build /home/g209/ros2_ws/build/custom_msgs -- -j2 -l2
[2.864s] Invoking command in '/home/g209/ros2_ws/build/custom_msgs': CMAKE_PREFIX_PATH=/opt/ros/humble /usr/bin/cmake --install /home/g209/ros2_ws/build/custom_msgs
[2.872s] -- Install configuration: ""
[2.873s] -- Installing: /home/g209/ros2_ws/install/custom_msgs/share/ament_index/resource_index/rosidl_interfaces/custom_msgs
[2.873s] -- Up-to-date: /home/g209/ros2_ws/install/custom_msgs/include/custom_msgs/custom_msgs
[2.873s] -- Up-to-date: /home/g209/ros2_ws/install/custom_msgs/include/custom_msgs/custom_msgs/srv
[2.873s] -- Up-to-date: /home/g209/ros2_ws/install/custom_msgs/include/custom_msgs/custom_msgs/srv/player_move.h
[2.873s] -- Up-to-date: /home/g209/ros2_ws/install/custom_msgs/include/custom_msgs/custom_msgs/srv/detail
[2.873s] -- Up-to-date: /home/g209/ros2_ws/install/custom_msgs/include/custom_msgs/custom_msgs/srv/detail/player_move__functions.h
[2.874s] -- Up-to-date: /home/g209/ros2_ws/install/custom_msgs/include/custom_msgs/custom_msgs/srv/detail/player_move__functions.c
[2.874s] -- Up-to-date: /home/g209/ros2_ws/install/custom_msgs/include/custom_msgs/custom_msgs/srv/detail/player_move__struct.h
[2.874s] -- Up-to-date: /home/g209/ros2_ws/install/custom_msgs/include/custom_msgs/custom_msgs/srv/detail/player_move__type_support.h
[2.874s] -- Up-to-date: /home/g209/ros2_ws/install/custom_msgs/include/custom_msgs/custom_msgs/msg
[2.874s] -- Up-to-date: /home/g209/ros2_ws/install/custom_msgs/include/custom_msgs/custom_msgs/msg/detail
[2.874s] -- Up-to-date: /home/g209/ros2_ws/install/custom_msgs/include/custom_msgs/custom_msgs/msg/detail/game_state_msg__struct.h
[2.874s] -- Up-to-date: /home/g209/ros2_ws/install/custom_msgs/include/custom_msgs/custom_msgs/msg/detail/game_state_msg__functions.c
[2.874s] -- Up-to-date: /home/g209/ros2_ws/install/custom_msgs/include/custom_msgs/custom_msgs/msg/detail/game_state_msg__functions.h
[2.874s] -- Up-to-date: /home/g209/ros2_ws/install/custom_msgs/include/custom_msgs/custom_msgs/msg/detail/game_state_msg__type_support.h
[2.874s] -- Up-to-date: /home/g209/ros2_ws/install/custom_msgs/include/custom_msgs/custom_msgs/msg/rosidl_generator_c__visibility_control.h
[2.875s] -- Up-to-date: /home/g209/ros2_ws/install/custom_msgs/include/custom_msgs/custom_msgs/msg/game_state_msg.h
[2.875s] -- Up-to-date: /home/g209/ros2_ws/install/custom_msgs/share/custom_msgs/environment/library_path.sh
[2.875s] -- Installing: /home/g209/ros2_ws/install/custom_msgs/share/custom_msgs/environment/library_path.dsv
[2.875s] -- Installing: /home/g209/ros2_ws/install/custom_msgs/lib/libcustom_msgs__rosidl_generator_c.so
[2.876s] -- Set runtime path of "/home/g209/ros2_ws/install/custom_msgs/lib/libcustom_msgs__rosidl_generator_c.so" to ""
[2.876s] -- Up-to-date: /home/g209/ros2_ws/install/custom_msgs/include/custom_msgs/custom_msgs
[2.876s] -- Up-to-date: /home/g209/ros2_ws/install/custom_msgs/include/custom_msgs/custom_msgs/srv
[2.876s] -- Up-to-date: /home/g209/ros2_ws/install/custom_msgs/include/custom_msgs/custom_msgs/srv/detail
[2.876s] -- Up-to-date: /home/g209/ros2_ws/install/custom_msgs/include/custom_msgs/custom_msgs/srv/detail/player_move__rosidl_typesupport_fastrtps_c.h
[2.876s] -- Up-to-date: /home/g209/ros2_ws/install/custom_msgs/include/custom_msgs/custom_msgs/msg
[2.876s] -- Up-to-date: /home/g209/ros2_ws/install/custom_msgs/include/custom_msgs/custom_msgs/msg/detail
[2.876s] -- Up-to-date: /home/g209/ros2_ws/install/custom_msgs/include/custom_msgs/custom_msgs/msg/detail/game_state_msg__rosidl_typesupport_fastrtps_c.h
[2.876s] -- Up-to-date: /home/g209/ros2_ws/install/custom_msgs/include/custom_msgs/custom_msgs/msg/rosidl_typesupport_fastrtps_c__visibility_control.h
[2.877s] -- Installing: /home/g209/ros2_ws/install/custom_msgs/lib/libcustom_msgs__rosidl_typesupport_fastrtps_c.so
[2.877s] -- Set runtime path of "/home/g209/ros2_ws/install/custom_msgs/lib/libcustom_msgs__rosidl_typesupport_fastrtps_c.so" to ""
[2.877s] -- Up-to-date: /home/g209/ros2_ws/install/custom_msgs/include/custom_msgs/custom_msgs
[2.877s] -- Up-to-date: /home/g209/ros2_ws/install/custom_msgs/include/custom_msgs/custom_msgs/srv
[2.877s] -- Up-to-date: /home/g209/ros2_ws/install/custom_msgs/include/custom_msgs/custom_msgs/srv/detail
[2.877s] -- Up-to-date: /home/g209/ros2_ws/install/custom_msgs/include/custom_msgs/custom_msgs/srv/detail/player_move__rosidl_typesupport_introspection_c.h
[2.877s] -- Up-to-date: /home/g209/ros2_ws/install/custom_msgs/include/custom_msgs/custom_msgs/srv/detail/player_move__type_support.c
[2.877s] -- Up-to-date: /home/g209/ros2_ws/install/custom_msgs/include/custom_msgs/custom_msgs/msg
[2.878s] -- Up-to-date: /home/g209/ros2_ws/install/custom_msgs/include/custom_msgs/custom_msgs/msg/detail
[2.878s] -- Up-to-date: /home/g209/ros2_ws/install/custom_msgs/include/custom_msgs/custom_msgs/msg/detail/game_state_msg__type_support.c
[2.878s] -- Up-to-date: /home/g209/ros2_ws/install/custom_msgs/include/custom_msgs/custom_msgs/msg/detail/game_state_msg__rosidl_typesupport_introspection_c.h
[2.878s] -- Up-to-date: /home/g209/ros2_ws/install/custom_msgs/include/custom_msgs/custom_msgs/msg/rosidl_typesupport_introspection_c__visibility_control.h
[2.878s] -- Installing: /home/g209/ros2_ws/install/custom_msgs/lib/libcustom_msgs__rosidl_typesupport_introspection_c.so
[2.878s] -- Set runtime path of "/home/g209/ros2_ws/install/custom_msgs/lib/libcustom_msgs__rosidl_typesupport_introspection_c.so" to ""
[2.878s] -- Installing: /home/g209/ros2_ws/install/custom_msgs/lib/libcustom_msgs__rosidl_typesupport_c.so
[2.879s] -- Set runtime path of "/home/g209/ros2_ws/install/custom_msgs/lib/libcustom_msgs__rosidl_typesupport_c.so" to ""
[2.879s] -- Up-to-date: /home/g209/ros2_ws/install/custom_msgs/include/custom_msgs/custom_msgs
[2.879s] -- Up-to-date: /home/g209/ros2_ws/install/custom_msgs/include/custom_msgs/custom_msgs/srv
[2.879s] -- Up-to-date: /home/g209/ros2_ws/install/custom_msgs/include/custom_msgs/custom_msgs/srv/detail
[2.879s] -- Up-to-date: /home/g209/ros2_ws/install/custom_msgs/include/custom_msgs/custom_msgs/srv/detail/player_move__struct.hpp
[2.879s] -- Up-to-date: /home/g209/ros2_ws/install/custom_msgs/include/custom_msgs/custom_msgs/srv/detail/player_move__traits.hpp
[2.879s] -- Up-to-date: /home/g209/ros2_ws/install/custom_msgs/include/custom_msgs/custom_msgs/srv/detail/player_move__builder.hpp
[2.879s] -- Up-to-date: /home/g209/ros2_ws/install/custom_msgs/include/custom_msgs/custom_msgs/srv/player_move.hpp
[2.879s] -- Up-to-date: /home/g209/ros2_ws/install/custom_msgs/include/custom_msgs/custom_msgs/msg
[2.879s] -- Up-to-date: /home/g209/ros2_ws/install/custom_msgs/include/custom_msgs/custom_msgs/msg/detail
[2.880s] -- Up-to-date: /home/g209/ros2_ws/install/custom_msgs/include/custom_msgs/custom_msgs/msg/detail/game_state_msg__traits.hpp
[2.880s] -- Up-to-date: /home/g209/ros2_ws/install/custom_msgs/include/custom_msgs/custom_msgs/msg/detail/game_state_msg__builder.hpp
[2.880s] -- Up-to-date: /home/g209/ros2_ws/install/custom_msgs/include/custom_msgs/custom_msgs/msg/detail/game_state_msg__struct.hpp
[2.880s] -- Up-to-date: /home/g209/ros2_ws/install/custom_msgs/include/custom_msgs/custom_msgs/msg/game_state_msg.hpp
[2.880s] -- Up-to-date: /home/g209/ros2_ws/install/custom_msgs/include/custom_msgs/custom_msgs
[2.880s] -- Up-to-date: /home/g209/ros2_ws/install/custom_msgs/include/custom_msgs/custom_msgs/srv
[2.880s] -- Up-to-date: /home/g209/ros2_ws/install/custom_msgs/include/custom_msgs/custom_msgs/srv/detail
[2.880s] -- Up-to-date: /home/g209/ros2_ws/install/custom_msgs/include/custom_msgs/custom_msgs/srv/detail/dds_fastrtps
[2.880s] -- Up-to-date: /home/g209/ros2_ws/install/custom_msgs/include/custom_msgs/custom_msgs/srv/detail/player_move__rosidl_typesupport_fastrtps_cpp.hpp
[2.880s] -- Up-to-date: /home/g209/ros2_ws/install/custom_msgs/include/custom_msgs/custom_msgs/msg
[2.880s] -- Up-to-date: /home/g209/ros2_ws/install/custom_msgs/include/custom_msgs/custom_msgs/msg/detail
[2.880s] -- Up-to-date: /home/g209/ros2_ws/install/custom_msgs/include/custom_msgs/custom_msgs/msg/detail/game_state_msg__rosidl_typesupport_fastrtps_cpp.hpp
[2.881s] -- Up-to-date: /home/g209/ros2_ws/install/custom_msgs/include/custom_msgs/custom_msgs/msg/detail/dds_fastrtps
[2.881s] -- Up-to-date: /home/g209/ros2_ws/install/custom_msgs/include/custom_msgs/custom_msgs/msg/rosidl_typesupport_fastrtps_cpp__visibility_control.h
[2.881s] -- Installing: /home/g209/ros2_ws/install/custom_msgs/lib/libcustom_msgs__rosidl_typesupport_fastrtps_cpp.so
[2.881s] -- Set runtime path of "/home/g209/ros2_ws/install/custom_msgs/lib/libcustom_msgs__rosidl_typesupport_fastrtps_cpp.so" to ""
[2.881s] -- Up-to-date: /home/g209/ros2_ws/install/custom_msgs/include/custom_msgs/custom_msgs
[2.881s] -- Up-to-date: /home/g209/ros2_ws/install/custom_msgs/include/custom_msgs/custom_msgs/srv
[2.881s] -- Up-to-date: /home/g209/ros2_ws/install/custom_msgs/include/custom_msgs/custom_msgs/srv/detail
[2.882s] -- Up-to-date: /home/g209/ros2_ws/install/custom_msgs/include/custom_msgs/custom_msgs/srv/detail/player_move__type_support.cpp
[2.882s] -- Up-to-date: /home/g209/ros2_ws/install/custom_msgs/include/custom_msgs/custom_msgs/srv/detail/player_move__rosidl_typesupport_introspection_cpp.hpp
[2.882s] -- Up-to-date: /home/g209/ros2_ws/install/custom_msgs/include/custom_msgs/custom_msgs/msg
[2.882s] -- Up-to-date: /home/g209/ros2_ws/install/custom_msgs/include/custom_msgs/custom_msgs/msg/detail
[2.882s] -- Up-to-date: /home/g209/ros2_ws/install/custom_msgs/include/custom_msgs/custom_msgs/msg/detail/game_state_msg__type_support.cpp
[2.882s] -- Up-to-date: /home/g209/ros2_ws/install/custom_msgs/include/custom_msgs/custom_msgs/msg/detail/game_state_msg__rosidl_typesupport_introspection_cpp.hpp
[2.882s] -- Installing: /home/g209/ros2_ws/install/custom_msgs/lib/libcustom_msgs__rosidl_typesupport_introspection_cpp.so
[2.882s] -- Set runtime path of "/home/g209/ros2_ws/install/custom_msgs/lib/libcustom_msgs__rosidl_typesupport_introspection_cpp.so" to ""
[2.883s] -- Installing: /home/g209/ros2_ws/install/custom_msgs/lib/libcustom_msgs__rosidl_typesupport_cpp.so
[2.883s] -- Set runtime path of "/home/g209/ros2_ws/install/custom_msgs/lib/libcustom_msgs__rosidl_typesupport_cpp.so" to ""
[2.883s] -- Up-to-date: /home/g209/ros2_ws/install/custom_msgs/share/custom_msgs/environment/pythonpath.sh
[2.883s] -- Installing: /home/g209/ros2_ws/install/custom_msgs/share/custom_msgs/environment/pythonpath.dsv
[2.883s] -- Up-to-date: /home/g209/ros2_ws/install/custom_msgs/local/lib/python3.10/dist-packages/custom_msgs-0.0.0-py3.10.egg-info
[2.883s] -- Installing: /home/g209/ros2_ws/install/custom_msgs/local/lib/python3.10/dist-packages/custom_msgs-0.0.0-py3.10.egg-info/SOURCES.txt
[2.884s] -- Installing: /home/g209/ros2_ws/install/custom_msgs/local/lib/python3.10/dist-packages/custom_msgs-0.0.0-py3.10.egg-info/PKG-INFO
[2.884s] -- Installing: /home/g209/ros2_ws/install/custom_msgs/local/lib/python3.10/dist-packages/custom_msgs-0.0.0-py3.10.egg-info/top_level.txt
[2.884s] -- Installing: /home/g209/ros2_ws/install/custom_msgs/local/lib/python3.10/dist-packages/custom_msgs-0.0.0-py3.10.egg-info/dependency_links.txt
[2.884s] -- Up-to-date: /home/g209/ros2_ws/install/custom_msgs/local/lib/python3.10/dist-packages/custom_msgs
[2.884s] -- Up-to-date: /home/g209/ros2_ws/install/custom_msgs/local/lib/python3.10/dist-packages/custom_msgs/srv
[2.884s] -- Up-to-date: /home/g209/ros2_ws/install/custom_msgs/local/lib/python3.10/dist-packages/custom_msgs/srv/__init__.py
[2.885s] -- Up-to-date: /home/g209/ros2_ws/install/custom_msgs/local/lib/python3.10/dist-packages/custom_msgs/srv/_player_move_s.c
[2.885s] -- Up-to-date: /home/g209/ros2_ws/install/custom_msgs/local/lib/python3.10/dist-packages/custom_msgs/srv/_player_move.py
[2.885s] -- Installing: /home/g209/ros2_ws/install/custom_msgs/local/lib/python3.10/dist-packages/custom_msgs/custom_msgs_s__rosidl_typesupport_fastrtps_c.cpython-310-x86_64-linux-gnu.so
[2.885s] -- Up-to-date: /home/g209/ros2_ws/install/custom_msgs/local/lib/python3.10/dist-packages/custom_msgs/_custom_msgs_s.ep.rosidl_typesupport_c.c
[2.885s] -- Up-to-date: /home/g209/ros2_ws/install/custom_msgs/local/lib/python3.10/dist-packages/custom_msgs/msg
[2.885s] -- Up-to-date: /home/g209/ros2_ws/install/custom_msgs/local/lib/python3.10/dist-packages/custom_msgs/msg/__init__.py
[2.885s] -- Up-to-date: /home/g209/ros2_ws/install/custom_msgs/local/lib/python3.10/dist-packages/custom_msgs/msg/_game_state_msg.py
[2.885s] -- Up-to-date: /home/g209/ros2_ws/install/custom_msgs/local/lib/python3.10/dist-packages/custom_msgs/msg/_game_state_msg_s.c
[2.886s] -- Installing: /home/g209/ros2_ws/install/custom_msgs/local/lib/python3.10/dist-packages/custom_msgs/__init__.py
[2.886s] -- Up-to-date: /home/g209/ros2_ws/install/custom_msgs/local/lib/python3.10/dist-packages/custom_msgs/_custom_msgs_s.ep.rosidl_typesupport_introspection_c.c
[2.886s] -- Up-to-date: /home/g209/ros2_ws/install/custom_msgs/local/lib/python3.10/dist-packages/custom_msgs/_custom_msgs_s.ep.rosidl_typesupport_fastrtps_c.c
[2.886s] -- Installing: /home/g209/ros2_ws/install/custom_msgs/local/lib/python3.10/dist-packages/custom_msgs/custom_msgs_s__rosidl_typesupport_c.cpython-310-x86_64-linux-gnu.so
[2.886s] -- Installing: /home/g209/ros2_ws/install/custom_msgs/local/lib/python3.10/dist-packages/custom_msgs/custom_msgs_s__rosidl_typesupport_introspection_c.cpython-310-x86_64-linux-gnu.so
[2.886s] -- Installing: /home/g209/ros2_ws/install/custom_msgs/local/lib/python3.10/dist-packages/custom_msgs/libcustom_msgs__rosidl_generator_py.so
[2.926s] Listing '/home/g209/ros2_ws/install/custom_msgs/local/lib/python3.10/dist-packages/custom_msgs'...
[2.926s] Compiling '/home/g209/ros2_ws/install/custom_msgs/local/lib/python3.10/dist-packages/custom_msgs/__init__.py'...
[2.927s] Listing '/home/g209/ros2_ws/install/custom_msgs/local/lib/python3.10/dist-packages/custom_msgs/msg'...
[2.927s] Listing '/home/g209/ros2_ws/install/custom_msgs/local/lib/python3.10/dist-packages/custom_msgs/srv'...
[2.933s] -- Installing: /home/g209/ros2_ws/install/custom_msgs/local/lib/python3.10/dist-packages/custom_msgs/custom_msgs_s__rosidl_typesupport_fastrtps_c.cpython-310-x86_64-linux-gnu.so
[2.936s] -- Set runtime path of "/home/g209/ros2_ws/install/custom_msgs/local/lib/python3.10/dist-packages/custom_msgs/custom_msgs_s__rosidl_typesupport_fastrtps_c.cpython-310-x86_64-linux-gnu.so" to ""
[2.936s] -- Installing: /home/g209/ros2_ws/install/custom_msgs/local/lib/python3.10/dist-packages/custom_msgs/custom_msgs_s__rosidl_typesupport_introspection_c.cpython-310-x86_64-linux-gnu.so
[2.937s] -- Set runtime path of "/home/g209/ros2_ws/install/custom_msgs/local/lib/python3.10/dist-packages/custom_msgs/custom_msgs_s__rosidl_typesupport_introspection_c.cpython-310-x86_64-linux-gnu.so" to ""
[2.937s] -- Installing: /home/g209/ros2_ws/install/custom_msgs/local/lib/python3.10/dist-packages/custom_msgs/custom_msgs_s__rosidl_typesupport_c.cpython-310-x86_64-linux-gnu.so
[2.938s] -- Set runtime path of "/home/g209/ros2_ws/install/custom_msgs/local/lib/python3.10/dist-packages/custom_msgs/custom_msgs_s__rosidl_typesupport_c.cpython-310-x86_64-linux-gnu.so" to ""
[2.938s] -- Installing: /home/g209/ros2_ws/install/custom_msgs/lib/libcustom_msgs__rosidl_generator_py.so
[2.939s] -- Set runtime path of "/home/g209/ros2_ws/install/custom_msgs/lib/libcustom_msgs__rosidl_generator_py.so" to ""
[2.940s] -- Up-to-date: /home/g209/ros2_ws/install/custom_msgs/share/custom_msgs/msg/GameStateMsg.idl
[2.940s] -- Up-to-date: /home/g209/ros2_ws/install/custom_msgs/share/custom_msgs/msg/GameStateMsg.msg
[2.940s] -- Up-to-date: /home/g209/ros2_ws/install/custom_msgs/share/ament_index/resource_index/package_run_dependencies/custom_msgs
[2.941s] -- Up-to-date: /home/g209/ros2_ws/install/custom_msgs/share/ament_index/resource_index/parent_prefix_path/custom_msgs
[2.942s] -- Up-to-date: /home/g209/ros2_ws/install/custom_msgs/share/custom_msgs/environment/ament_prefix_path.sh
[2.942s] -- Installing: /home/g209/ros2_ws/install/custom_msgs/share/custom_msgs/environment/ament_prefix_path.dsv
[2.942s] -- Up-to-date: /home/g209/ros2_ws/install/custom_msgs/share/custom_msgs/environment/path.sh
[2.942s] -- Installing: /home/g209/ros2_ws/install/custom_msgs/share/custom_msgs/environment/path.dsv
[2.942s] -- Up-to-date: /home/g209/ros2_ws/install/custom_msgs/share/custom_msgs/local_setup.bash
[2.943s] -- Up-to-date: /home/g209/ros2_ws/install/custom_msgs/share/custom_msgs/local_setup.sh
[2.943s] -- Up-to-date: /home/g209/ros2_ws/install/custom_msgs/share/custom_msgs/local_setup.zsh
[2.943s] -- Installing: /home/g209/ros2_ws/install/custom_msgs/share/custom_msgs/local_setup.dsv
[2.943s] -- Installing: /home/g209/ros2_ws/install/custom_msgs/share/custom_msgs/package.dsv
[2.943s] -- Up-to-date: /home/g209/ros2_ws/install/custom_msgs/share/ament_index/resource_index/packages/custom_msgs
[2.943s] -- Up-to-date: /home/g209/ros2_ws/install/custom_msgs/share/custom_msgs/cmake/export_custom_msgs__rosidl_generator_cExport.cmake
[2.943s] -- Up-to-date: /home/g209/ros2_ws/install/custom_msgs/share/custom_msgs/cmake/export_custom_msgs__rosidl_generator_cExport-noconfig.cmake
[2.944s] -- Up-to-date: /home/g209/ros2_ws/install/custom_msgs/share/custom_msgs/cmake/export_custom_msgs__rosidl_typesupport_fastrtps_cExport.cmake
[2.944s] -- Up-to-date: /home/g209/ros2_ws/install/custom_msgs/share/custom_msgs/cmake/export_custom_msgs__rosidl_typesupport_fastrtps_cExport-noconfig.cmake
[2.944s] -- Up-to-date: /home/g209/ros2_ws/install/custom_msgs/share/custom_msgs/cmake/custom_msgs__rosidl_typesupport_introspection_cExport.cmake
[2.944s] -- Up-to-date: /home/g209/ros2_ws/install/custom_msgs/share/custom_msgs/cmake/custom_msgs__rosidl_typesupport_introspection_cExport-noconfig.cmake
[2.944s] -- Up-to-date: /home/g209/ros2_ws/install/custom_msgs/share/custom_msgs/cmake/custom_msgs__rosidl_typesupport_cExport.cmake
[2.944s] -- Up-to-date: /home/g209/ros2_ws/install/custom_msgs/share/custom_msgs/cmake/custom_msgs__rosidl_typesupport_cExport-noconfig.cmake
[2.945s] -- Up-to-date: /home/g209/ros2_ws/install/custom_msgs/share/custom_msgs/cmake/export_custom_msgs__rosidl_generator_cppExport.cmake
[2.945s] -- Up-to-date: /home/g209/ros2_ws/install/custom_msgs/share/custom_msgs/cmake/export_custom_msgs__rosidl_typesupport_fastrtps_cppExport.cmake
[2.945s] -- Up-to-date: /home/g209/ros2_ws/install/custom_msgs/share/custom_msgs/cmake/export_custom_msgs__rosidl_typesupport_fastrtps_cppExport-noconfig.cmake
[2.945s] -- Up-to-date: /home/g209/ros2_ws/install/custom_msgs/share/custom_msgs/cmake/custom_msgs__rosidl_typesupport_introspection_cppExport.cmake
[2.945s] -- Up-to-date: /home/g209/ros2_ws/install/custom_msgs/share/custom_msgs/cmake/custom_msgs__rosidl_typesupport_introspection_cppExport-noconfig.cmake
[2.946s] -- Up-to-date: /home/g209/ros2_ws/install/custom_msgs/share/custom_msgs/cmake/custom_msgs__rosidl_typesupport_cppExport.cmake
[2.946s] -- Up-to-date: /home/g209/ros2_ws/install/custom_msgs/share/custom_msgs/cmake/custom_msgs__rosidl_typesupport_cppExport-noconfig.cmake
[2.946s] -- Up-to-date: /home/g209/ros2_ws/install/custom_msgs/share/custom_msgs/cmake/export_custom_msgs__rosidl_generator_pyExport.cmake
[2.946s] -- Up-to-date: /home/g209/ros2_ws/install/custom_msgs/share/custom_msgs/cmake/export_custom_msgs__rosidl_generator_pyExport-noconfig.cmake
[2.946s] -- Installing: /home/g209/ros2_ws/install/custom_msgs/share/custom_msgs/cmake/rosidl_cmake-extras.cmake
[2.946s] -- Up-to-date: /home/g209/ros2_ws/install/custom_msgs/share/custom_msgs/cmake/ament_cmake_export_include_directories-extras.cmake
[2.946s] -- Up-to-date: /home/g209/ros2_ws/install/custom_msgs/share/custom_msgs/cmake/ament_cmake_export_libraries-extras.cmake
[2.947s] -- Up-to-date: /home/g209/ros2_ws/install/custom_msgs/share/custom_msgs/cmake/ament_cmake_export_targets-extras.cmake
[2.947s] -- Up-to-date: /home/g209/ros2_ws/install/custom_msgs/share/custom_msgs/cmake/rosidl_cmake_export_typesupport_targets-extras.cmake
[2.947s] -- Up-to-date: /home/g209/ros2_ws/install/custom_msgs/share/custom_msgs/cmake/ament_cmake_export_dependencies-extras.cmake
[2.947s] -- Up-to-date: /home/g209/ros2_ws/install/custom_msgs/share/custom_msgs/cmake/rosidl_cmake_export_typesupport_libraries-extras.cmake
[2.948s] -- Up-to-date: /home/g209/ros2_ws/install/custom_msgs/share/custom_msgs/cmake/custom_msgsConfig.cmake
[2.948s] -- Up-to-date: /home/g209/ros2_ws/install/custom_msgs/share/custom_msgs/cmake/custom_msgsConfig-version.cmake
[2.948s] -- Up-to-date: /home/g209/ros2_ws/install/custom_msgs/share/custom_msgs/package.xml
[2.959s] Invoked command in '/home/g209/ros2_ws/build/custom_msgs' returned '0': CMAKE_PREFIX_PATH=/opt/ros/humble /usr/bin/cmake --install /home/g209/ros2_ws/build/custom_msgs
