[0.046s] Invoking command in '/home/g209/workspace/build/game': CMAKE_PREFIX_PATH=${CMAKE_PREFIX_PATH}:/opt/ros/humble /usr/bin/cmake --build /home/g209/workspace/build/game -- -j2 -l2
[0.172s] [  9%] Built target game__rosidl_generator_c
[0.201s] [ 12%] Built target game__cpp
[0.264s] [ 21%] Built target game__rosidl_typesupport_cpp
[0.284s] [ 21%] Built target ament_cmake_python_copy_game
[0.305s] [ 30%] Built target game__rosidl_typesupport_fastrtps_c
[0.327s] [ 39%] Built target game__rosidl_typesupport_introspection_c
[0.358s] [ 48%] Built target game__rosidl_typesupport_c
[0.371s] [ 57%] Built target game__rosidl_typesupport_fastrtps_cpp
[0.417s] [ 66%] Built target game__rosidl_typesupport_introspection_cpp
[0.554s] running egg_info
[0.555s] writing game.egg-info/PKG-INFO
[0.555s] writing dependency_links to game.egg-info/dependency_links.txt
[0.555s] writing top-level names to game.egg-info/top_level.txt
[0.561s] reading manifest file 'game.egg-info/SOURCES.txt'
[0.561s] writing manifest file 'game.egg-info/SOURCES.txt'
[0.614s] [ 66%] Built target ament_cmake_python_build_game_egg
[0.653s] [ 69%] [32mBuilding CXX object CMakeFiles/controller_publisher.dir/src/controller_publisher.cpp.o[0m
[0.686s] [ 69%] Built target game
[0.733s] [ 72%] Built target game__py
[0.793s] [ 78%] Built target game__rosidl_generator_py
[0.835s] [ 84%] Built target game__rosidl_typesupport_fastrtps_c__pyext
[0.908s] [ 90%] Built target game__rosidl_typesupport_introspection_c__pyext
[0.948s] [ 96%] Built target game__rosidl_typesupport_c__pyext
[4.465s] [100%] [32m[1mLinking CXX executable controller_publisher[0m
[4.704s] [100%] Built target controller_publisher
[4.736s] Invoked command in '/home/g209/workspace/build/game' returned '0': CMAKE_PREFIX_PATH=${CMAKE_PREFIX_PATH}:/opt/ros/humble /usr/bin/cmake --build /home/g209/workspace/build/game -- -j2 -l2
[5.055s] Invoking command in '/home/g209/workspace/build/game': CMAKE_PREFIX_PATH=${CMAKE_PREFIX_PATH}:/opt/ros/humble /usr/bin/cmake --install /home/g209/workspace/build/game
[5.062s] -- Install configuration: ""
[5.063s] -- Up-to-date: /home/g209/workspace/install/game/share/ament_index/resource_index/rosidl_interfaces/game
[5.063s] -- Up-to-date: /home/g209/workspace/install/game/include/game/game
[5.064s] -- Up-to-date: /home/g209/workspace/install/game/include/game/game/msg
[5.064s] -- Up-to-date: /home/g209/workspace/install/game/include/game/game/msg/detail
[5.064s] -- Up-to-date: /home/g209/workspace/install/game/include/game/game/msg/detail/game_state_msg__struct.h
[5.065s] -- Up-to-date: /home/g209/workspace/install/game/include/game/game/msg/detail/game_state_msg__functions.c
[5.065s] -- Up-to-date: /home/g209/workspace/install/game/include/game/game/msg/detail/game_state_msg__functions.h
[5.065s] -- Up-to-date: /home/g209/workspace/install/game/include/game/game/msg/detail/game_state_msg__type_support.h
[5.066s] -- Up-to-date: /home/g209/workspace/install/game/include/game/game/msg/rosidl_generator_c__visibility_control.h
[5.066s] -- Up-to-date: /home/g209/workspace/install/game/include/game/game/msg/game_state_msg.h
[5.066s] -- Up-to-date: /home/g209/workspace/install/game/share/game/environment/library_path.sh
[5.066s] -- Up-to-date: /home/g209/workspace/install/game/share/game/environment/library_path.dsv
[5.067s] -- Up-to-date: /home/g209/workspace/install/game/lib/libgame__rosidl_generator_c.so
[5.067s] -- Up-to-date: /home/g209/workspace/install/game/include/game/game
[5.067s] -- Up-to-date: /home/g209/workspace/install/game/include/game/game/msg
[5.068s] -- Up-to-date: /home/g209/workspace/install/game/include/game/game/msg/detail
[5.068s] -- Up-to-date: /home/g209/workspace/install/game/include/game/game/msg/detail/game_state_msg__rosidl_typesupport_fastrtps_c.h
[5.069s] -- Up-to-date: /home/g209/workspace/install/game/include/game/game/msg/rosidl_typesupport_fastrtps_c__visibility_control.h
[5.069s] -- Up-to-date: /home/g209/workspace/install/game/lib/libgame__rosidl_typesupport_fastrtps_c.so
[5.069s] -- Up-to-date: /home/g209/workspace/install/game/include/game/game
[5.070s] -- Up-to-date: /home/g209/workspace/install/game/include/game/game/msg
[5.070s] -- Up-to-date: /home/g209/workspace/install/game/include/game/game/msg/detail
[5.071s] -- Up-to-date: /home/g209/workspace/install/game/include/game/game/msg/detail/game_state_msg__type_support.c
[5.071s] -- Up-to-date: /home/g209/workspace/install/game/include/game/game/msg/detail/game_state_msg__rosidl_typesupport_introspection_c.h
[5.071s] -- Up-to-date: /home/g209/workspace/install/game/include/game/game/msg/rosidl_typesupport_introspection_c__visibility_control.h
[5.072s] -- Up-to-date: /home/g209/workspace/install/game/lib/libgame__rosidl_typesupport_introspection_c.so
[5.075s] -- Up-to-date: /home/g209/workspace/install/game/lib/libgame__rosidl_typesupport_c.so
[5.080s] -- Up-to-date: /home/g209/workspace/install/game/include/game/game
[5.080s] -- Up-to-date: /home/g209/workspace/install/game/include/game/game/msg
[5.080s] -- Up-to-date: /home/g209/workspace/install/game/include/game/game/msg/detail
[5.080s] -- Up-to-date: /home/g209/workspace/install/game/include/game/game/msg/detail/game_state_msg__traits.hpp
[5.080s] -- Up-to-date: /home/g209/workspace/install/game/include/game/game/msg/detail/game_state_msg__builder.hpp
[5.081s] -- Up-to-date: /home/g209/workspace/install/game/include/game/game/msg/detail/game_state_msg__struct.hpp
[5.081s] -- Up-to-date: /home/g209/workspace/install/game/include/game/game/msg/game_state_msg.hpp
[5.081s] -- Up-to-date: /home/g209/workspace/install/game/include/game/game
[5.081s] -- Up-to-date: /home/g209/workspace/install/game/include/game/game/msg
[5.081s] -- Up-to-date: /home/g209/workspace/install/game/include/game/game/msg/detail
[5.081s] -- Up-to-date: /home/g209/workspace/install/game/include/game/game/msg/detail/game_state_msg__rosidl_typesupport_fastrtps_cpp.hpp
[5.081s] -- Up-to-date: /home/g209/workspace/install/game/include/game/game/msg/detail/dds_fastrtps
[5.081s] -- Up-to-date: /home/g209/workspace/install/game/include/game/game/msg/rosidl_typesupport_fastrtps_cpp__visibility_control.h
[5.081s] -- Up-to-date: /home/g209/workspace/install/game/lib/libgame__rosidl_typesupport_fastrtps_cpp.so
[5.081s] -- Up-to-date: /home/g209/workspace/install/game/include/game/game
[5.081s] -- Up-to-date: /home/g209/workspace/install/game/include/game/game/msg
[5.081s] -- Up-to-date: /home/g209/workspace/install/game/include/game/game/msg/detail
[5.081s] -- Up-to-date: /home/g209/workspace/install/game/include/game/game/msg/detail/game_state_msg__type_support.cpp
[5.081s] -- Up-to-date: /home/g209/workspace/install/game/include/game/game/msg/detail/game_state_msg__rosidl_typesupport_introspection_cpp.hpp
[5.081s] -- Up-to-date: /home/g209/workspace/install/game/lib/libgame__rosidl_typesupport_introspection_cpp.so
[5.081s] -- Up-to-date: /home/g209/workspace/install/game/lib/libgame__rosidl_typesupport_cpp.so
[5.081s] -- Up-to-date: /home/g209/workspace/install/game/share/game/environment/pythonpath.sh
[5.081s] -- Up-to-date: /home/g209/workspace/install/game/share/game/environment/pythonpath.dsv
[5.081s] -- Up-to-date: /home/g209/workspace/install/game/local/lib/python3.10/dist-packages/game-0.0.0-py3.10.egg-info
[5.081s] -- Installing: /home/g209/workspace/install/game/local/lib/python3.10/dist-packages/game-0.0.0-py3.10.egg-info/SOURCES.txt
[5.081s] -- Installing: /home/g209/workspace/install/game/local/lib/python3.10/dist-packages/game-0.0.0-py3.10.egg-info/PKG-INFO
[5.081s] -- Installing: /home/g209/workspace/install/game/local/lib/python3.10/dist-packages/game-0.0.0-py3.10.egg-info/top_level.txt
[5.081s] -- Installing: /home/g209/workspace/install/game/local/lib/python3.10/dist-packages/game-0.0.0-py3.10.egg-info/dependency_links.txt
[5.081s] -- Up-to-date: /home/g209/workspace/install/game/local/lib/python3.10/dist-packages/game
[5.081s] -- Up-to-date: /home/g209/workspace/install/game/local/lib/python3.10/dist-packages/game/_game_s.ep.rosidl_typesupport_introspection_c.c
[5.081s] -- Up-to-date: /home/g209/workspace/install/game/local/lib/python3.10/dist-packages/game/msg
[5.081s] -- Up-to-date: /home/g209/workspace/install/game/local/lib/python3.10/dist-packages/game/msg/__init__.py
[5.081s] -- Up-to-date: /home/g209/workspace/install/game/local/lib/python3.10/dist-packages/game/msg/_game_state_msg.py
[5.081s] -- Up-to-date: /home/g209/workspace/install/game/local/lib/python3.10/dist-packages/game/msg/_game_state_msg_s.c
[5.081s] -- Up-to-date: /home/g209/workspace/install/game/local/lib/python3.10/dist-packages/game/game_s__rosidl_typesupport_introspection_c.cpython-310-x86_64-linux-gnu.so
[5.081s] -- Up-to-date: /home/g209/workspace/install/game/local/lib/python3.10/dist-packages/game/_game_s.ep.rosidl_typesupport_c.c
[5.081s] -- Up-to-date: /home/g209/workspace/install/game/local/lib/python3.10/dist-packages/game/__init__.py
[5.081s] -- Up-to-date: /home/g209/workspace/install/game/local/lib/python3.10/dist-packages/game/game_s__rosidl_typesupport_fastrtps_c.cpython-310-x86_64-linux-gnu.so
[5.081s] -- Up-to-date: /home/g209/workspace/install/game/local/lib/python3.10/dist-packages/game/libgame__rosidl_generator_py.so
[5.082s] -- Up-to-date: /home/g209/workspace/install/game/local/lib/python3.10/dist-packages/game/game_s__rosidl_typesupport_c.cpython-310-x86_64-linux-gnu.so
[5.082s] -- Up-to-date: /home/g209/workspace/install/game/local/lib/python3.10/dist-packages/game/_game_s.ep.rosidl_typesupport_fastrtps_c.c
[5.115s] Listing '/home/g209/workspace/install/game/local/lib/python3.10/dist-packages/game'...
[5.115s] Listing '/home/g209/workspace/install/game/local/lib/python3.10/dist-packages/game/msg'...
[5.128s] -- Up-to-date: /home/g209/workspace/install/game/local/lib/python3.10/dist-packages/game/game_s__rosidl_typesupport_fastrtps_c.cpython-310-x86_64-linux-gnu.so
[5.129s] -- Up-to-date: /home/g209/workspace/install/game/local/lib/python3.10/dist-packages/game/game_s__rosidl_typesupport_introspection_c.cpython-310-x86_64-linux-gnu.so
[5.129s] -- Up-to-date: /home/g209/workspace/install/game/local/lib/python3.10/dist-packages/game/game_s__rosidl_typesupport_c.cpython-310-x86_64-linux-gnu.so
[5.129s] -- Up-to-date: /home/g209/workspace/install/game/lib/libgame__rosidl_generator_py.so
[5.129s] -- Up-to-date: /home/g209/workspace/install/game/share/game/msg/GameStateMsg.idl
[5.130s] -- Up-to-date: /home/g209/workspace/install/game/share/game/msg/GameStateMsg.msg
[5.130s] -- Installing: /home/g209/workspace/install/game/lib/game/controller_publisher
[5.131s] -- Set runtime path of "/home/g209/workspace/install/game/lib/game/controller_publisher" to ""
[5.131s] -- Up-to-date: /home/g209/workspace/install/game/share/ament_index/resource_index/package_run_dependencies/game
[5.131s] -- Up-to-date: /home/g209/workspace/install/game/share/ament_index/resource_index/parent_prefix_path/game
[5.132s] -- Up-to-date: /home/g209/workspace/install/game/share/game/environment/ament_prefix_path.sh
[5.132s] -- Up-to-date: /home/g209/workspace/install/game/share/game/environment/ament_prefix_path.dsv
[5.132s] -- Up-to-date: /home/g209/workspace/install/game/share/game/environment/path.sh
[5.132s] -- Up-to-date: /home/g209/workspace/install/game/share/game/environment/path.dsv
[5.132s] -- Up-to-date: /home/g209/workspace/install/game/share/game/local_setup.bash
[5.132s] -- Up-to-date: /home/g209/workspace/install/game/share/game/local_setup.sh
[5.132s] -- Up-to-date: /home/g209/workspace/install/game/share/game/local_setup.zsh
[5.132s] -- Up-to-date: /home/g209/workspace/install/game/share/game/local_setup.dsv
[5.133s] -- Installing: /home/g209/workspace/install/game/share/game/package.dsv
[5.133s] -- Up-to-date: /home/g209/workspace/install/game/share/ament_index/resource_index/packages/game
[5.133s] -- Up-to-date: /home/g209/workspace/install/game/share/game/cmake/export_game__rosidl_generator_cExport.cmake
[5.133s] -- Up-to-date: /home/g209/workspace/install/game/share/game/cmake/export_game__rosidl_generator_cExport-noconfig.cmake
[5.133s] -- Up-to-date: /home/g209/workspace/install/game/share/game/cmake/export_game__rosidl_typesupport_fastrtps_cExport.cmake
[5.133s] -- Up-to-date: /home/g209/workspace/install/game/share/game/cmake/export_game__rosidl_typesupport_fastrtps_cExport-noconfig.cmake
[5.134s] -- Up-to-date: /home/g209/workspace/install/game/share/game/cmake/game__rosidl_typesupport_introspection_cExport.cmake
[5.134s] -- Up-to-date: /home/g209/workspace/install/game/share/game/cmake/game__rosidl_typesupport_introspection_cExport-noconfig.cmake
[5.134s] -- Up-to-date: /home/g209/workspace/install/game/share/game/cmake/game__rosidl_typesupport_cExport.cmake
[5.134s] -- Up-to-date: /home/g209/workspace/install/game/share/game/cmake/game__rosidl_typesupport_cExport-noconfig.cmake
[5.134s] -- Up-to-date: /home/g209/workspace/install/game/share/game/cmake/export_game__rosidl_generator_cppExport.cmake
[5.134s] -- Up-to-date: /home/g209/workspace/install/game/share/game/cmake/export_game__rosidl_typesupport_fastrtps_cppExport.cmake
[5.135s] -- Up-to-date: /home/g209/workspace/install/game/share/game/cmake/export_game__rosidl_typesupport_fastrtps_cppExport-noconfig.cmake
[5.135s] -- Up-to-date: /home/g209/workspace/install/game/share/game/cmake/game__rosidl_typesupport_introspection_cppExport.cmake
[5.135s] -- Up-to-date: /home/g209/workspace/install/game/share/game/cmake/game__rosidl_typesupport_introspection_cppExport-noconfig.cmake
[5.135s] -- Up-to-date: /home/g209/workspace/install/game/share/game/cmake/game__rosidl_typesupport_cppExport.cmake
[5.135s] -- Up-to-date: /home/g209/workspace/install/game/share/game/cmake/game__rosidl_typesupport_cppExport-noconfig.cmake
[5.151s] -- Up-to-date: /home/g209/workspace/install/game/share/game/cmake/export_game__rosidl_generator_pyExport.cmake
[5.151s] -- Up-to-date: /home/g209/workspace/install/game/share/game/cmake/export_game__rosidl_generator_pyExport-noconfig.cmake
[5.151s] -- Up-to-date: /home/g209/workspace/install/game/share/game/cmake/rosidl_cmake-extras.cmake
[5.151s] -- Up-to-date: /home/g209/workspace/install/game/share/game/cmake/ament_cmake_export_include_directories-extras.cmake
[5.151s] -- Up-to-date: /home/g209/workspace/install/game/share/game/cmake/ament_cmake_export_libraries-extras.cmake
[5.151s] -- Up-to-date: /home/g209/workspace/install/game/share/game/cmake/ament_cmake_export_targets-extras.cmake
[5.151s] -- Up-to-date: /home/g209/workspace/install/game/share/game/cmake/rosidl_cmake_export_typesupport_targets-extras.cmake
[5.151s] -- Up-to-date: /home/g209/workspace/install/game/share/game/cmake/ament_cmake_export_dependencies-extras.cmake
[5.151s] -- Up-to-date: /home/g209/workspace/install/game/share/game/cmake/rosidl_cmake_export_typesupport_libraries-extras.cmake
[5.151s] -- Up-to-date: /home/g209/workspace/install/game/share/game/cmake/gameConfig.cmake
[5.151s] -- Up-to-date: /home/g209/workspace/install/game/share/game/cmake/gameConfig-version.cmake
[5.151s] -- Up-to-date: /home/g209/workspace/install/game/share/game/package.xml
[5.151s] Invoked command in '/home/g209/workspace/build/game' returned '0': CMAKE_PREFIX_PATH=${CMAKE_PREFIX_PATH}:/opt/ros/humble /usr/bin/cmake --install /home/g209/workspace/build/game
