[0.509s] DEBUG:colcon:Command line arguments: ['/usr/bin/colcon', 'build']
[0.510s] DEBUG:colcon:Parsed command line arguments: Namespace(log_base=None, log_level=None, verb_name='build', build_base='build', install_base='install', merge_install=False, symlink_install=False, test_result_base=None, continue_on_error=False, executor='parallel', parallel_workers=2, event_handlers=None, ignore_user_meta=False, metas=['./colcon.meta'], base_paths=['.'], packages_ignore=None, packages_ignore_regex=None, paths=None, packages_up_to=None, packages_up_to_regex=None, packages_above=None, packages_above_and_dependencies=None, packages_above_depth=None, packages_select_by_dep=None, packages_skip_by_dep=None, packages_skip_up_to=None, packages_select_build_failed=False, packages_skip_build_finished=False, packages_select_test_failures=False, packages_skip_test_passed=False, packages_select=None, packages_skip=None, packages_select_regex=None, packages_skip_regex=None, packages_start=None, packages_end=None, allow_overriding=[], cmake_args=None, cmake_target=None, cmake_target_skip_unavailable=False, cmake_clean_cache=False, cmake_clean_first=False, cmake_force_configure=False, ament_cmake_args=None, catkin_cmake_args=None, catkin_skip_building_tests=False, verb_parser=<colcon_defaults.argument_parser.defaults.DefaultArgumentsDecorator object at 0x7f585229d6c0>, verb_extension=<colcon_core.verb.build.BuildVerb object at 0x7f585228eb90>, main=<bound method BuildVerb.main of <colcon_core.verb.build.BuildVerb object at 0x7f585228eb90>>)
[0.537s] Level 1:colcon.colcon_core.package_discovery:discover_packages(colcon_meta) check parameters
[0.537s] Level 1:colcon.colcon_core.package_discovery:discover_packages(recursive) check parameters
[0.537s] Level 1:colcon.colcon_core.package_discovery:discover_packages(ignore) check parameters
[0.537s] Level 1:colcon.colcon_core.package_discovery:discover_packages(path) check parameters
[0.537s] Level 1:colcon.colcon_core.package_discovery:discover_packages(colcon_meta) discover
[0.538s] Level 1:colcon.colcon_core.package_discovery:discover_packages(recursive) discover
[0.538s] INFO:colcon.colcon_core.package_discovery:Crawling recursively for packages in '/home/g209/workspace'
[0.538s] Level 1:colcon.colcon_core.package_identification:_identify(.) by extensions ['ignore', 'ignore_ament_install']
[0.538s] Level 1:colcon.colcon_core.package_identification:_identify(.) by extension 'ignore'
[0.538s] Level 1:colcon.colcon_core.package_identification:_identify(.) by extension 'ignore_ament_install'
[0.538s] Level 1:colcon.colcon_core.package_identification:_identify(.) by extensions ['colcon_pkg']
[0.538s] Level 1:colcon.colcon_core.package_identification:_identify(.) by extension 'colcon_pkg'
[0.538s] Level 1:colcon.colcon_core.package_identification:_identify(.) by extensions ['colcon_meta']
[0.538s] Level 1:colcon.colcon_core.package_identification:_identify(.) by extension 'colcon_meta'
[0.538s] Level 1:colcon.colcon_core.package_identification:_identify(.) by extensions ['ros']
[0.538s] Level 1:colcon.colcon_core.package_identification:_identify(.) by extension 'ros'
[0.546s] Level 1:colcon.colcon_core.package_identification:_identify(.) by extensions ['cmake', 'python']
[0.546s] Level 1:colcon.colcon_core.package_identification:_identify(.) by extension 'cmake'
[0.546s] Level 1:colcon.colcon_core.package_identification:_identify(.) by extension 'python'
[0.546s] Level 1:colcon.colcon_core.package_identification:_identify(.) by extensions ['python_setup_py']
[0.547s] Level 1:colcon.colcon_core.package_identification:_identify(.) by extension 'python_setup_py'
[0.547s] Level 1:colcon.colcon_core.package_identification:_identify(build) by extensions ['ignore', 'ignore_ament_install']
[0.547s] Level 1:colcon.colcon_core.package_identification:_identify(build) by extension 'ignore'
[0.547s] Level 1:colcon.colcon_core.package_identification:_identify(build) ignored
[0.547s] Level 1:colcon.colcon_core.package_identification:_identify(install) by extensions ['ignore', 'ignore_ament_install']
[0.547s] Level 1:colcon.colcon_core.package_identification:_identify(install) by extension 'ignore'
[0.547s] Level 1:colcon.colcon_core.package_identification:_identify(install) ignored
[0.547s] Level 1:colcon.colcon_core.package_identification:_identify(log) by extensions ['ignore', 'ignore_ament_install']
[0.547s] Level 1:colcon.colcon_core.package_identification:_identify(log) by extension 'ignore'
[0.547s] Level 1:colcon.colcon_core.package_identification:_identify(log) ignored
[0.548s] Level 1:colcon.colcon_core.package_identification:_identify(src) by extensions ['ignore', 'ignore_ament_install']
[0.548s] Level 1:colcon.colcon_core.package_identification:_identify(src) by extension 'ignore'
[0.548s] Level 1:colcon.colcon_core.package_identification:_identify(src) by extension 'ignore_ament_install'
[0.548s] Level 1:colcon.colcon_core.package_identification:_identify(src) by extensions ['colcon_pkg']
[0.548s] Level 1:colcon.colcon_core.package_identification:_identify(src) by extension 'colcon_pkg'
[0.548s] Level 1:colcon.colcon_core.package_identification:_identify(src) by extensions ['colcon_meta']
[0.548s] Level 1:colcon.colcon_core.package_identification:_identify(src) by extension 'colcon_meta'
[0.548s] Level 1:colcon.colcon_core.package_identification:_identify(src) by extensions ['ros']
[0.548s] Level 1:colcon.colcon_core.package_identification:_identify(src) by extension 'ros'
[0.548s] Level 1:colcon.colcon_core.package_identification:_identify(src) by extensions ['cmake', 'python']
[0.548s] Level 1:colcon.colcon_core.package_identification:_identify(src) by extension 'cmake'
[0.548s] Level 1:colcon.colcon_core.package_identification:_identify(src) by extension 'python'
[0.548s] Level 1:colcon.colcon_core.package_identification:_identify(src) by extensions ['python_setup_py']
[0.548s] Level 1:colcon.colcon_core.package_identification:_identify(src) by extension 'python_setup_py'
[0.548s] Level 1:colcon.colcon_core.package_identification:_identify(src/game) by extensions ['ignore', 'ignore_ament_install']
[0.549s] Level 1:colcon.colcon_core.package_identification:_identify(src/game) by extension 'ignore'
[0.549s] Level 1:colcon.colcon_core.package_identification:_identify(src/game) by extension 'ignore_ament_install'
[0.549s] Level 1:colcon.colcon_core.package_identification:_identify(src/game) by extensions ['colcon_pkg']
[0.549s] Level 1:colcon.colcon_core.package_identification:_identify(src/game) by extension 'colcon_pkg'
[0.549s] Level 1:colcon.colcon_core.package_identification:_identify(src/game) by extensions ['colcon_meta']
[0.549s] Level 1:colcon.colcon_core.package_identification:_identify(src/game) by extension 'colcon_meta'
[0.549s] Level 1:colcon.colcon_core.package_identification:_identify(src/game) by extensions ['ros']
[0.549s] Level 1:colcon.colcon_core.package_identification:_identify(src/game) by extension 'ros'
[0.551s] DEBUG:colcon.colcon_core.package_identification:Package 'src/game' with type 'ros.ament_cmake' and name 'game'
[0.551s] Level 1:colcon.colcon_core.package_discovery:discover_packages(recursive) using defaults
[0.551s] Level 1:colcon.colcon_core.package_discovery:discover_packages(ignore) discover
[0.551s] Level 1:colcon.colcon_core.package_discovery:discover_packages(ignore) using defaults
[0.551s] Level 1:colcon.colcon_core.package_discovery:discover_packages(path) discover
[0.551s] Level 1:colcon.colcon_core.package_discovery:discover_packages(path) using defaults
[0.597s] Level 1:colcon.colcon_core.package_discovery:discover_packages(prefix_path) check parameters
[0.597s] Level 1:colcon.colcon_core.package_discovery:discover_packages(prefix_path) discover
[0.611s] DEBUG:colcon.colcon_installed_package_information.package_discovery:Found 1 installed packages in /home/g209/workspace/install
[0.618s] DEBUG:colcon.colcon_installed_package_information.package_discovery:Found 282 installed packages in /opt/ros/humble
[0.619s] Level 1:colcon.colcon_core.package_discovery:discover_packages(prefix_path) using defaults
[0.667s] Level 5:colcon.colcon_core.verb:set package 'game' build argument 'cmake_args' from command line to 'None'
[0.667s] Level 5:colcon.colcon_core.verb:set package 'game' build argument 'cmake_target' from command line to 'None'
[0.667s] Level 5:colcon.colcon_core.verb:set package 'game' build argument 'cmake_target_skip_unavailable' from command line to 'False'
[0.667s] Level 5:colcon.colcon_core.verb:set package 'game' build argument 'cmake_clean_cache' from command line to 'False'
[0.667s] Level 5:colcon.colcon_core.verb:set package 'game' build argument 'cmake_clean_first' from command line to 'False'
[0.668s] Level 5:colcon.colcon_core.verb:set package 'game' build argument 'cmake_force_configure' from command line to 'False'
[0.668s] Level 5:colcon.colcon_core.verb:set package 'game' build argument 'ament_cmake_args' from command line to 'None'
[0.668s] Level 5:colcon.colcon_core.verb:set package 'game' build argument 'catkin_cmake_args' from command line to 'None'
[0.668s] Level 5:colcon.colcon_core.verb:set package 'game' build argument 'catkin_skip_building_tests' from command line to 'False'
[0.668s] DEBUG:colcon.colcon_core.verb:Building package 'game' with the following arguments: {'ament_cmake_args': None, 'build_base': '/home/g209/workspace/build/game', 'catkin_cmake_args': None, 'catkin_skip_building_tests': False, 'cmake_args': None, 'cmake_clean_cache': False, 'cmake_clean_first': False, 'cmake_force_configure': False, 'cmake_target': None, 'cmake_target_skip_unavailable': False, 'install_base': '/home/g209/workspace/install/game', 'merge_install': False, 'path': '/home/g209/workspace/src/game', 'symlink_install': False, 'test_result_base': None}
[0.675s] INFO:colcon.colcon_core.executor:Executing jobs using 'parallel' executor
[0.685s] DEBUG:colcon.colcon_parallel_executor.executor.parallel:run_until_complete
[0.685s] INFO:colcon.colcon_ros.task.ament_cmake.build:Building ROS package in '/home/g209/workspace/src/game' with build type 'ament_cmake'
[0.685s] INFO:colcon.colcon_cmake.task.cmake.build:Building CMake package in '/home/g209/workspace/src/game'
[0.698s] INFO:colcon.colcon_core.plugin_system:Skipping extension 'colcon_core.shell.bat': Not used on non-Windows systems
[0.698s] INFO:colcon.colcon_core.shell:Skip shell extension 'powershell' for command environment: Not usable outside of PowerShell
[0.698s] DEBUG:colcon.colcon_core.shell:Skip shell extension 'dsv' for command environment
[0.771s] DEBUG:colcon.colcon_core.event_handler.log_command:Invoking command in '/home/g209/workspace/build/game': CMAKE_PREFIX_PATH=${CMAKE_PREFIX_PATH}:/opt/ros/humble /usr/bin/cmake --build /home/g209/workspace/build/game -- -j2 -l2
[5.723s] DEBUG:colcon.colcon_core.event_handler.log_command:Invoked command in '/home/g209/workspace/build/game' returned '2': CMAKE_PREFIX_PATH=${CMAKE_PREFIX_PATH}:/opt/ros/humble /usr/bin/cmake --build /home/g209/workspace/build/game -- -j2 -l2
[6.109s] Level 1:colcon.colcon_core.environment:create_environment_scripts_only(game)
[6.125s] Level 1:colcon.colcon_core.environment:checking '/home/g209/workspace/install/game' for CMake module files
[6.126s] Level 1:colcon.colcon_core.environment:checking '/home/g209/workspace/install/game' for CMake config files
[6.126s] Level 1:colcon.colcon_core.shell:create_environment_hook('game', 'cmake_prefix_path')
[6.137s] INFO:colcon.colcon_core.shell:Creating environment hook '/home/g209/workspace/install/game/share/game/hook/cmake_prefix_path.ps1'
[6.138s] INFO:colcon.colcon_core.shell:Creating environment descriptor '/home/g209/workspace/install/game/share/game/hook/cmake_prefix_path.dsv'
[6.138s] INFO:colcon.colcon_core.shell:Creating environment hook '/home/g209/workspace/install/game/share/game/hook/cmake_prefix_path.sh'
[6.139s] Level 1:colcon.colcon_core.environment:checking '/home/g209/workspace/install/game/lib'
[6.139s] Level 1:colcon.colcon_core.shell:create_environment_hook('game', 'ld_library_path_lib')
[6.158s] INFO:colcon.colcon_core.shell:Creating environment hook '/home/g209/workspace/install/game/share/game/hook/ld_library_path_lib.ps1'
[6.158s] INFO:colcon.colcon_core.shell:Creating environment descriptor '/home/g209/workspace/install/game/share/game/hook/ld_library_path_lib.dsv'
[6.159s] INFO:colcon.colcon_core.shell:Creating environment hook '/home/g209/workspace/install/game/share/game/hook/ld_library_path_lib.sh'
[6.160s] Level 1:colcon.colcon_core.environment:checking '/home/g209/workspace/install/game/bin'
[6.161s] Level 1:colcon.colcon_core.environment:checking '/home/g209/workspace/install/game/lib/pkgconfig/game.pc'
[6.162s] Level 1:colcon.colcon_core.environment:checking '/home/g209/workspace/install/game/lib/python3.10/site-packages'
[6.162s] Level 1:colcon.colcon_core.environment:checking '/home/g209/workspace/install/game/bin'
[6.170s] INFO:colcon.colcon_core.shell:Creating package script '/home/g209/workspace/install/game/share/game/package.ps1'
[6.171s] INFO:colcon.colcon_core.shell:Creating package descriptor '/home/g209/workspace/install/game/share/game/package.dsv'
[6.172s] INFO:colcon.colcon_core.shell:Creating package script '/home/g209/workspace/install/game/share/game/package.sh'
[6.176s] INFO:colcon.colcon_core.shell:Creating package script '/home/g209/workspace/install/game/share/game/package.bash'
[6.197s] INFO:colcon.colcon_core.shell:Creating package script '/home/g209/workspace/install/game/share/game/package.zsh'
[6.198s] Level 1:colcon.colcon_core.environment:create_file_with_runtime_dependencies(/home/g209/workspace/install/game/share/colcon-core/packages/game)
[6.200s] DEBUG:colcon.colcon_parallel_executor.executor.parallel:closing loop
[6.200s] DEBUG:colcon.colcon_parallel_executor.executor.parallel:loop closed
[6.200s] DEBUG:colcon.colcon_parallel_executor.executor.parallel:run_until_complete finished with '2'
[6.201s] DEBUG:colcon.colcon_core.event_reactor:joining thread
[6.220s] INFO:colcon.colcon_core.plugin_system:Skipping extension 'colcon_notification.desktop_notification.terminal_notifier': Not used on non-Darwin systems
[6.260s] INFO:colcon.colcon_core.plugin_system:Skipping extension 'colcon_notification.desktop_notification.win32': Not used on non-Windows systems
[6.260s] INFO:colcon.colcon_notification.desktop_notification:Sending desktop notification using 'notify2'
[6.292s] DEBUG:colcon.colcon_core.event_reactor:joined thread
[6.302s] INFO:colcon.colcon_core.shell:Creating prefix script '/home/g209/workspace/install/local_setup.ps1'
[6.323s] INFO:colcon.colcon_core.shell:Creating prefix util module '/home/g209/workspace/install/_local_setup_util_ps1.py'
[6.324s] INFO:colcon.colcon_core.shell:Creating prefix chain script '/home/g209/workspace/install/setup.ps1'
[6.333s] INFO:colcon.colcon_core.shell:Creating prefix script '/home/g209/workspace/install/local_setup.sh'
[6.334s] INFO:colcon.colcon_core.shell:Creating prefix util module '/home/g209/workspace/install/_local_setup_util_sh.py'
[6.335s] INFO:colcon.colcon_core.shell:Creating prefix chain script '/home/g209/workspace/install/setup.sh'
[6.347s] INFO:colcon.colcon_core.shell:Creating prefix script '/home/g209/workspace/install/local_setup.bash'
[6.348s] INFO:colcon.colcon_core.shell:Creating prefix chain script '/home/g209/workspace/install/setup.bash'
[6.365s] INFO:colcon.colcon_core.shell:Creating prefix script '/home/g209/workspace/install/local_setup.zsh'
[6.378s] INFO:colcon.colcon_core.shell:Creating prefix chain script '/home/g209/workspace/install/setup.zsh'
