[0.100s] Invoking command in '/home/g209/workspace/build/game': CMAKE_PREFIX_PATH=${CMAKE_PREFIX_PATH}:/opt/ros/humble /usr/bin/cmake --build /home/g209/workspace/build/game -- -j2 -l2
[0.194s] [  3%] Built target game__cpp
[0.198s] [ 12%] Built target game__rosidl_generator_c
[0.254s] [ 21%] Built target game__rosidl_typesupport_cpp
[0.271s] [ 21%] Built target ament_cmake_python_copy_game
[0.300s] [ 30%] Built target game__rosidl_typesupport_introspection_c
[0.312s] [ 39%] Built target game__rosidl_typesupport_fastrtps_c
[0.365s] [ 48%] Built target game__rosidl_typesupport_c
[0.375s] [ 57%] Built target game__rosidl_typesupport_fastrtps_cpp
[0.480s] [ 66%] Built target game__rosidl_typesupport_introspection_cpp
[0.564s] [35m[1mConsolidate compiler generated dependencies of target controller_publisher[0m
[0.729s] running egg_info
[0.738s] writing game.egg-info/PKG-INFO
[0.741s] writing dependency_links to game.egg-info/dependency_links.txt
[0.742s] writing top-level names to game.egg-info/top_level.txt
[0.746s] reading manifest file 'game.egg-info/SOURCES.txt'
[0.747s] writing manifest file 'game.egg-info/SOURCES.txt'
[0.789s] [ 66%] Built target ament_cmake_python_build_game_egg
[0.801s] [ 69%] [32mBuilding CXX object CMakeFiles/controller_publisher.dir/src/controller_publisher.cpp.o[0m
[0.848s] [ 69%] Built target game
[0.998s] [ 72%] Built target game__py
[1.367s] [ 78%] Built target game__rosidl_generator_py
[1.507s] [ 84%] Built target game__rosidl_typesupport_fastrtps_c__pyext
[2.028s] [ 90%] Built target game__rosidl_typesupport_introspection_c__pyext
[2.937s] [ 96%] Built target game__rosidl_typesupport_c__pyext
[2.996s] [01m[K/home/g209/workspace/src/game/src/controller_publisher.cpp:[m[K In function ‘[01m[Kint main(int, char**)[m[K’:
[2.996s] [01m[K/home/g209/workspace/src/game/src/controller_publisher.cpp:136:14:[m[K [01;31m[Kerror: [m[K‘[01m[Kclass std::shared_ptr<rclcpp::Node>[m[K’ has no member named ‘[01m[KhandlePlayerMove[m[K’
[2.996s]   136 |         node.[01;31m[KhandlePlayerMove[m[K();
[2.996s]       |              [01;31m[K^~~~~~~~~~~~~~~~[m[K
[4.648s] gmake[2]: *** [CMakeFiles/controller_publisher.dir/build.make:76: CMakeFiles/controller_publisher.dir/src/controller_publisher.cpp.o] Fehler 1
[4.654s] gmake[1]: *** [CMakeFiles/Makefile2:593: CMakeFiles/controller_publisher.dir/all] Fehler 2
[4.654s] gmake: *** [Makefile:146: all] Fehler 2
[4.662s] Invoked command in '/home/g209/workspace/build/game' returned '2': CMAKE_PREFIX_PATH=${CMAKE_PREFIX_PATH}:/opt/ros/humble /usr/bin/cmake --build /home/g209/workspace/build/game -- -j2 -l2
