[0.587s] DEBUG:colcon:Command line arguments: ['/usr/bin/colcon', 'build', '--packages-up-to', 'snakes_and_ladders']
[0.587s] DEBUG:colcon:Parsed command line arguments: Namespace(log_base=None, log_level=None, verb_name='build', build_base='build', install_base='install', merge_install=False, symlink_install=False, test_result_base=None, continue_on_error=False, executor='parallel', parallel_workers=2, event_handlers=None, ignore_user_meta=False, metas=['./colcon.meta'], base_paths=['.'], packages_ignore=None, packages_ignore_regex=None, paths=None, packages_up_to=['snakes_and_ladders'], packages_up_to_regex=None, packages_above=None, packages_above_and_dependencies=None, packages_above_depth=None, packages_select_by_dep=None, packages_skip_by_dep=None, packages_skip_up_to=None, packages_select_build_failed=False, packages_skip_build_finished=False, packages_select_test_failures=False, packages_skip_test_passed=False, packages_select=None, packages_skip=None, packages_select_regex=None, packages_skip_regex=None, packages_start=None, packages_end=None, allow_overriding=[], cmake_args=None, cmake_target=None, cmake_target_skip_unavailable=False, cmake_clean_cache=False, cmake_clean_first=False, cmake_force_configure=False, ament_cmake_args=None, catkin_cmake_args=None, catkin_skip_building_tests=False, verb_parser=<colcon_defaults.argument_parser.defaults.DefaultArgumentsDecorator object at 0x7fae8544dbd0>, verb_extension=<colcon_core.verb.build.BuildVerb object at 0x7fae85483e20>, main=<bound method BuildVerb.main of <colcon_core.verb.build.BuildVerb object at 0x7fae85483e20>>)
[0.617s] Level 1:colcon.colcon_core.package_discovery:discover_packages(colcon_meta) check parameters
[0.618s] Level 1:colcon.colcon_core.package_discovery:discover_packages(recursive) check parameters
[0.618s] Level 1:colcon.colcon_core.package_discovery:discover_packages(ignore) check parameters
[0.618s] Level 1:colcon.colcon_core.package_discovery:discover_packages(path) check parameters
[0.618s] Level 1:colcon.colcon_core.package_discovery:discover_packages(colcon_meta) discover
[0.618s] Level 1:colcon.colcon_core.package_discovery:discover_packages(recursive) discover
[0.618s] INFO:colcon.colcon_core.package_discovery:Crawling recursively for packages in '/home/g209/Spicy-Snakes-and-Ladders'
[0.618s] Level 1:colcon.colcon_core.package_identification:_identify(.) by extensions ['ignore', 'ignore_ament_install']
[0.618s] Level 1:colcon.colcon_core.package_identification:_identify(.) by extension 'ignore'
[0.618s] Level 1:colcon.colcon_core.package_identification:_identify(.) by extension 'ignore_ament_install'
[0.618s] Level 1:colcon.colcon_core.package_identification:_identify(.) by extensions ['colcon_pkg']
[0.618s] Level 1:colcon.colcon_core.package_identification:_identify(.) by extension 'colcon_pkg'
[0.618s] Level 1:colcon.colcon_core.package_identification:_identify(.) by extensions ['colcon_meta']
[0.618s] Level 1:colcon.colcon_core.package_identification:_identify(.) by extension 'colcon_meta'
[0.618s] Level 1:colcon.colcon_core.package_identification:_identify(.) by extensions ['ros']
[0.618s] Level 1:colcon.colcon_core.package_identification:_identify(.) by extension 'ros'
[0.626s] Level 1:colcon.colcon_core.package_identification:_identify(.) by extensions ['cmake', 'python']
[0.627s] Level 1:colcon.colcon_core.package_identification:_identify(.) by extension 'cmake'
[0.627s] Level 1:colcon.colcon_core.package_identification:_identify(.) by extension 'python'
[0.627s] Level 1:colcon.colcon_core.package_identification:_identify(.) by extensions ['python_setup_py']
[0.627s] Level 1:colcon.colcon_core.package_identification:_identify(.) by extension 'python_setup_py'
[0.627s] Level 1:colcon.colcon_core.package_identification:_identify(C++) by extensions ['ignore', 'ignore_ament_install']
[0.627s] Level 1:colcon.colcon_core.package_identification:_identify(C++) by extension 'ignore'
[0.627s] Level 1:colcon.colcon_core.package_identification:_identify(C++) by extension 'ignore_ament_install'
[0.627s] Level 1:colcon.colcon_core.package_identification:_identify(C++) by extensions ['colcon_pkg']
[0.627s] Level 1:colcon.colcon_core.package_identification:_identify(C++) by extension 'colcon_pkg'
[0.627s] Level 1:colcon.colcon_core.package_identification:_identify(C++) by extensions ['colcon_meta']
[0.627s] Level 1:colcon.colcon_core.package_identification:_identify(C++) by extension 'colcon_meta'
[0.627s] Level 1:colcon.colcon_core.package_identification:_identify(C++) by extensions ['ros']
[0.627s] Level 1:colcon.colcon_core.package_identification:_identify(C++) by extension 'ros'
[0.627s] Level 1:colcon.colcon_core.package_identification:_identify(C++) by extensions ['cmake', 'python']
[0.627s] Level 1:colcon.colcon_core.package_identification:_identify(C++) by extension 'cmake'
[0.627s] Level 1:colcon.colcon_core.package_identification:_identify(C++) by extension 'python'
[0.627s] Level 1:colcon.colcon_core.package_identification:_identify(C++) by extensions ['python_setup_py']
[0.627s] Level 1:colcon.colcon_core.package_identification:_identify(C++) by extension 'python_setup_py'
[0.627s] Level 1:colcon.colcon_core.package_identification:_identify(C++/build) by extensions ['ignore', 'ignore_ament_install']
[0.627s] Level 1:colcon.colcon_core.package_identification:_identify(C++/build) by extension 'ignore'
[0.627s] Level 1:colcon.colcon_core.package_identification:_identify(C++/build) ignored
[0.628s] Level 1:colcon.colcon_core.package_identification:_identify(C++/install) by extensions ['ignore', 'ignore_ament_install']
[0.628s] Level 1:colcon.colcon_core.package_identification:_identify(C++/install) by extension 'ignore'
[0.628s] Level 1:colcon.colcon_core.package_identification:_identify(C++/install) ignored
[0.628s] Level 1:colcon.colcon_core.package_identification:_identify(C++/log) by extensions ['ignore', 'ignore_ament_install']
[0.628s] Level 1:colcon.colcon_core.package_identification:_identify(C++/log) by extension 'ignore'
[0.628s] Level 1:colcon.colcon_core.package_identification:_identify(C++/log) ignored
[0.628s] Level 1:colcon.colcon_core.package_identification:_identify(build) by extensions ['ignore', 'ignore_ament_install']
[0.628s] Level 1:colcon.colcon_core.package_identification:_identify(build) by extension 'ignore'
[0.628s] Level 1:colcon.colcon_core.package_identification:_identify(build) ignored
[0.628s] Level 1:colcon.colcon_core.package_identification:_identify(install) by extensions ['ignore', 'ignore_ament_install']
[0.628s] Level 1:colcon.colcon_core.package_identification:_identify(install) by extension 'ignore'
[0.628s] Level 1:colcon.colcon_core.package_identification:_identify(install) ignored
[0.628s] Level 1:colcon.colcon_core.package_identification:_identify(log) by extensions ['ignore', 'ignore_ament_install']
[0.629s] Level 1:colcon.colcon_core.package_identification:_identify(log) by extension 'ignore'
[0.629s] Level 1:colcon.colcon_core.package_identification:_identify(log) ignored
[0.629s] Level 1:colcon.colcon_core.package_identification:_identify(snakes_and_ladders) by extensions ['ignore', 'ignore_ament_install']
[0.629s] Level 1:colcon.colcon_core.package_identification:_identify(snakes_and_ladders) by extension 'ignore'
[0.629s] Level 1:colcon.colcon_core.package_identification:_identify(snakes_and_ladders) by extension 'ignore_ament_install'
[0.629s] Level 1:colcon.colcon_core.package_identification:_identify(snakes_and_ladders) by extensions ['colcon_pkg']
[0.629s] Level 1:colcon.colcon_core.package_identification:_identify(snakes_and_ladders) by extension 'colcon_pkg'
[0.629s] Level 1:colcon.colcon_core.package_identification:_identify(snakes_and_ladders) by extensions ['colcon_meta']
[0.629s] Level 1:colcon.colcon_core.package_identification:_identify(snakes_and_ladders) by extension 'colcon_meta'
[0.629s] Level 1:colcon.colcon_core.package_identification:_identify(snakes_and_ladders) by extensions ['ros']
[0.629s] Level 1:colcon.colcon_core.package_identification:_identify(snakes_and_ladders) by extension 'ros'
[0.630s] DEBUG:colcon.colcon_core.package_identification:Package 'snakes_and_ladders' with type 'ros.ament_cmake' and name 'snakes_and_ladders'
[0.631s] Level 1:colcon.colcon_core.package_discovery:discover_packages(recursive) using defaults
[0.631s] Level 1:colcon.colcon_core.package_discovery:discover_packages(ignore) discover
[0.631s] Level 1:colcon.colcon_core.package_discovery:discover_packages(ignore) using defaults
[0.631s] Level 1:colcon.colcon_core.package_discovery:discover_packages(path) discover
[0.631s] Level 1:colcon.colcon_core.package_discovery:discover_packages(path) using defaults
[0.684s] Level 1:colcon.colcon_core.package_discovery:discover_packages(prefix_path) check parameters
[0.684s] Level 1:colcon.colcon_core.package_discovery:discover_packages(prefix_path) discover
[0.701s] DEBUG:colcon.colcon_installed_package_information.package_discovery:Found 1 installed packages in /home/g209/Spicy-Snakes-and-Ladders/install
[0.710s] DEBUG:colcon.colcon_installed_package_information.package_discovery:Found 282 installed packages in /opt/ros/humble
[0.711s] Level 1:colcon.colcon_core.package_discovery:discover_packages(prefix_path) using defaults
[0.767s] Level 5:colcon.colcon_core.verb:set package 'snakes_and_ladders' build argument 'cmake_args' from command line to 'None'
[0.767s] Level 5:colcon.colcon_core.verb:set package 'snakes_and_ladders' build argument 'cmake_target' from command line to 'None'
[0.767s] Level 5:colcon.colcon_core.verb:set package 'snakes_and_ladders' build argument 'cmake_target_skip_unavailable' from command line to 'False'
[0.767s] Level 5:colcon.colcon_core.verb:set package 'snakes_and_ladders' build argument 'cmake_clean_cache' from command line to 'False'
[0.767s] Level 5:colcon.colcon_core.verb:set package 'snakes_and_ladders' build argument 'cmake_clean_first' from command line to 'False'
[0.767s] Level 5:colcon.colcon_core.verb:set package 'snakes_and_ladders' build argument 'cmake_force_configure' from command line to 'False'
[0.767s] Level 5:colcon.colcon_core.verb:set package 'snakes_and_ladders' build argument 'ament_cmake_args' from command line to 'None'
[0.767s] Level 5:colcon.colcon_core.verb:set package 'snakes_and_ladders' build argument 'catkin_cmake_args' from command line to 'None'
[0.767s] Level 5:colcon.colcon_core.verb:set package 'snakes_and_ladders' build argument 'catkin_skip_building_tests' from command line to 'False'
[0.768s] DEBUG:colcon.colcon_core.verb:Building package 'snakes_and_ladders' with the following arguments: {'ament_cmake_args': None, 'build_base': '/home/g209/Spicy-Snakes-and-Ladders/build/snakes_and_ladders', 'catkin_cmake_args': None, 'catkin_skip_building_tests': False, 'cmake_args': None, 'cmake_clean_cache': False, 'cmake_clean_first': False, 'cmake_force_configure': False, 'cmake_target': None, 'cmake_target_skip_unavailable': False, 'install_base': '/home/g209/Spicy-Snakes-and-Ladders/install/snakes_and_ladders', 'merge_install': False, 'path': '/home/g209/Spicy-Snakes-and-Ladders/snakes_and_ladders', 'symlink_install': False, 'test_result_base': None}
[0.775s] INFO:colcon.colcon_core.executor:Executing jobs using 'parallel' executor
[0.784s] DEBUG:colcon.colcon_parallel_executor.executor.parallel:run_until_complete
[0.785s] INFO:colcon.colcon_ros.task.ament_cmake.build:Building ROS package in '/home/g209/Spicy-Snakes-and-Ladders/snakes_and_ladders' with build type 'ament_cmake'
[0.785s] INFO:colcon.colcon_cmake.task.cmake.build:Building CMake package in '/home/g209/Spicy-Snakes-and-Ladders/snakes_and_ladders'
[0.799s] INFO:colcon.colcon_core.plugin_system:Skipping extension 'colcon_core.shell.bat': Not used on non-Windows systems
[0.799s] INFO:colcon.colcon_core.shell:Skip shell extension 'powershell' for command environment: Not usable outside of PowerShell
[0.799s] DEBUG:colcon.colcon_core.shell:Skip shell extension 'dsv' for command environment
[0.867s] DEBUG:colcon.colcon_core.event_handler.log_command:Invoking command in '/home/g209/Spicy-Snakes-and-Ladders/build/snakes_and_ladders': CMAKE_PREFIX_PATH=${CMAKE_PREFIX_PATH}:/opt/ros/humble /usr/bin/cmake --build /home/g209/Spicy-Snakes-and-Ladders/build/snakes_and_ladders -- -j2 -l2
[1.369s] DEBUG:colcon.colcon_core.event_handler.log_command:Invoked command in '/home/g209/Spicy-Snakes-and-Ladders/build/snakes_and_ladders' returned '2': CMAKE_PREFIX_PATH=${CMAKE_PREFIX_PATH}:/opt/ros/humble /usr/bin/cmake --build /home/g209/Spicy-Snakes-and-Ladders/build/snakes_and_ladders -- -j2 -l2
[1.436s] Level 1:colcon.colcon_core.environment:create_environment_scripts_only(snakes_and_ladders)
[1.524s] Level 1:colcon.colcon_core.environment:checking '/home/g209/Spicy-Snakes-and-Ladders/install/snakes_and_ladders' for CMake module files
[1.524s] Level 1:colcon.colcon_core.environment:checking '/home/g209/Spicy-Snakes-and-Ladders/install/snakes_and_ladders' for CMake config files
[1.525s] Level 1:colcon.colcon_core.shell:create_environment_hook('snakes_and_ladders', 'cmake_prefix_path')
[1.534s] INFO:colcon.colcon_core.shell:Creating environment hook '/home/g209/Spicy-Snakes-and-Ladders/install/snakes_and_ladders/share/snakes_and_ladders/hook/cmake_prefix_path.ps1'
[1.536s] INFO:colcon.colcon_core.shell:Creating environment descriptor '/home/g209/Spicy-Snakes-and-Ladders/install/snakes_and_ladders/share/snakes_and_ladders/hook/cmake_prefix_path.dsv'
[1.538s] INFO:colcon.colcon_core.shell:Creating environment hook '/home/g209/Spicy-Snakes-and-Ladders/install/snakes_and_ladders/share/snakes_and_ladders/hook/cmake_prefix_path.sh'
[1.540s] Level 1:colcon.colcon_core.environment:checking '/home/g209/Spicy-Snakes-and-Ladders/install/snakes_and_ladders/bin'
[1.540s] Level 1:colcon.colcon_core.environment:checking '/home/g209/Spicy-Snakes-and-Ladders/install/snakes_and_ladders/lib/pkgconfig/snakes_and_ladders.pc'
[1.541s] Level 1:colcon.colcon_core.environment:checking '/home/g209/Spicy-Snakes-and-Ladders/install/snakes_and_ladders/lib/python3.10/site-packages'
[1.541s] Level 1:colcon.colcon_core.environment:checking '/home/g209/Spicy-Snakes-and-Ladders/install/snakes_and_ladders/bin'
[1.551s] INFO:colcon.colcon_core.shell:Creating package script '/home/g209/Spicy-Snakes-and-Ladders/install/snakes_and_ladders/share/snakes_and_ladders/package.ps1'
[1.553s] INFO:colcon.colcon_core.shell:Creating package descriptor '/home/g209/Spicy-Snakes-and-Ladders/install/snakes_and_ladders/share/snakes_and_ladders/package.dsv'
[1.555s] INFO:colcon.colcon_core.shell:Creating package script '/home/g209/Spicy-Snakes-and-Ladders/install/snakes_and_ladders/share/snakes_and_ladders/package.sh'
[1.556s] INFO:colcon.colcon_core.shell:Creating package script '/home/g209/Spicy-Snakes-and-Ladders/install/snakes_and_ladders/share/snakes_and_ladders/package.bash'
[1.557s] INFO:colcon.colcon_core.shell:Creating package script '/home/g209/Spicy-Snakes-and-Ladders/install/snakes_and_ladders/share/snakes_and_ladders/package.zsh'
[1.559s] Level 1:colcon.colcon_core.environment:create_file_with_runtime_dependencies(/home/g209/Spicy-Snakes-and-Ladders/install/snakes_and_ladders/share/colcon-core/packages/snakes_and_ladders)
[1.560s] DEBUG:colcon.colcon_parallel_executor.executor.parallel:closing loop
[1.561s] DEBUG:colcon.colcon_parallel_executor.executor.parallel:loop closed
[1.561s] DEBUG:colcon.colcon_parallel_executor.executor.parallel:run_until_complete finished with '2'
[1.561s] DEBUG:colcon.colcon_core.event_reactor:joining thread
[1.577s] INFO:colcon.colcon_core.plugin_system:Skipping extension 'colcon_notification.desktop_notification.terminal_notifier': Not used on non-Darwin systems
[1.578s] INFO:colcon.colcon_core.plugin_system:Skipping extension 'colcon_notification.desktop_notification.win32': Not used on non-Windows systems
[1.578s] INFO:colcon.colcon_notification.desktop_notification:Sending desktop notification using 'notify2'
[1.602s] DEBUG:colcon.colcon_core.event_reactor:joined thread
[1.610s] INFO:colcon.colcon_core.shell:Creating prefix script '/home/g209/Spicy-Snakes-and-Ladders/install/local_setup.ps1'
[1.623s] INFO:colcon.colcon_core.shell:Creating prefix util module '/home/g209/Spicy-Snakes-and-Ladders/install/_local_setup_util_ps1.py'
[1.627s] INFO:colcon.colcon_core.shell:Creating prefix chain script '/home/g209/Spicy-Snakes-and-Ladders/install/setup.ps1'
[1.642s] INFO:colcon.colcon_core.shell:Creating prefix script '/home/g209/Spicy-Snakes-and-Ladders/install/local_setup.sh'
[1.643s] INFO:colcon.colcon_core.shell:Creating prefix util module '/home/g209/Spicy-Snakes-and-Ladders/install/_local_setup_util_sh.py'
[1.644s] INFO:colcon.colcon_core.shell:Creating prefix chain script '/home/g209/Spicy-Snakes-and-Ladders/install/setup.sh'
[1.656s] INFO:colcon.colcon_core.shell:Creating prefix script '/home/g209/Spicy-Snakes-and-Ladders/install/local_setup.bash'
[1.657s] INFO:colcon.colcon_core.shell:Creating prefix chain script '/home/g209/Spicy-Snakes-and-Ladders/install/setup.bash'
[1.668s] INFO:colcon.colcon_core.shell:Creating prefix script '/home/g209/Spicy-Snakes-and-Ladders/install/local_setup.zsh'
[1.669s] INFO:colcon.colcon_core.shell:Creating prefix chain script '/home/g209/Spicy-Snakes-and-Ladders/install/setup.zsh'
