[0.062s] Invoking command in '/home/g209/workspace/build/game': CMAKE_PREFIX_PATH=${CMAKE_PREFIX_PATH}:/opt/ros/humble /usr/bin/cmake --build /home/g209/workspace/build/game -- -j2 -l2
[0.173s] [  3%] Built target game__cpp
[0.181s] [ 12%] Built target game__rosidl_generator_c
[0.269s] [ 21%] Built target game__rosidl_typesupport_cpp
[0.269s] [ 21%] Built target ament_cmake_python_copy_game
[0.319s] [ 30%] Built target game__rosidl_typesupport_fastrtps_c
[0.325s] [ 39%] Built target game__rosidl_typesupport_introspection_c
[0.379s] [ 48%] Built target game__rosidl_typesupport_fastrtps_cpp
[0.388s] [ 57%] Built target game__rosidl_typesupport_c
[0.409s] [ 66%] Built target game__rosidl_typesupport_introspection_cpp
[0.431s] [ 69%] [32mBuilding CXX object CMakeFiles/controller_publisher.dir/src/controller_publisher.cpp.o[0m
[0.648s] running egg_info
[0.649s] writing game.egg-info/PKG-INFO
[0.650s] writing dependency_links to game.egg-info/dependency_links.txt
[0.651s] writing top-level names to game.egg-info/top_level.txt
[0.659s] reading manifest file 'game.egg-info/SOURCES.txt'
[0.659s] writing manifest file 'game.egg-info/SOURCES.txt'
[0.688s] [ 69%] Built target ament_cmake_python_build_game_egg
[0.726s] [ 69%] Built target game
[0.783s] [ 72%] Built target game__py
[0.817s] [ 78%] Built target game__rosidl_generator_py
[0.884s] [ 84%] Built target game__rosidl_typesupport_fastrtps_c__pyext
[0.918s] [ 90%] Built target game__rosidl_typesupport_introspection_c__pyext
[0.932s] [35m[1mConsolidate compiler generated dependencies of target game__rosidl_typesupport_c__pyext[0m
[0.949s] [ 96%] Built target game__rosidl_typesupport_c__pyext
[2.254s] In file included from [01m[K/opt/ros/humble/include/rclcpp/rclcpp/logging.hpp:24[m[K,
[2.254s]                  from [01m[K/opt/ros/humble/include/rclcpp/rclcpp/client.hpp:40[m[K,
[2.254s]                  from [01m[K/opt/ros/humble/include/rclcpp/rclcpp/callback_group.hpp:24[m[K,
[2.254s]                  from [01m[K/opt/ros/humble/include/rclcpp/rclcpp/any_executable.hpp:20[m[K,
[2.254s]                  from [01m[K/opt/ros/humble/include/rclcpp/rclcpp/memory_strategy.hpp:25[m[K,
[2.254s]                  from [01m[K/opt/ros/humble/include/rclcpp/rclcpp/memory_strategies.hpp:18[m[K,
[2.254s]                  from [01m[K/opt/ros/humble/include/rclcpp/rclcpp/executor_options.hpp:20[m[K,
[2.254s]                  from [01m[K/opt/ros/humble/include/rclcpp/rclcpp/executor.hpp:37[m[K,
[2.254s]                  from [01m[K/opt/ros/humble/include/rclcpp/rclcpp/executors/multi_threaded_executor.hpp:25[m[K,
[2.255s]                  from [01m[K/opt/ros/humble/include/rclcpp/rclcpp/executors.hpp:21[m[K,
[2.255s]                  from [01m[K/opt/ros/humble/include/rclcpp/rclcpp/rclcpp.hpp:155[m[K,
[2.255s]                  from [01m[K/home/g209/workspace/src/game/src/controller_publisher.cpp:3[m[K:
[2.255s] [01m[K/home/g209/workspace/src/game/src/controller_publisher.cpp:[m[K In member function ‘[01m[Kvoid ControllerPublisher::checkForSnakeOrLadder(int)[m[K’:
[2.255s] [01m[K/home/g209/workspace/src/game/src/controller_publisher.cpp:53:73:[m[K [01;35m[Kwarning: [m[Kformat ‘[01m[K%d[m[K’ expects a matching ‘[01m[Kint[m[K’ argument [[01;35m[K]8;;https://gcc.gnu.org/onlinedocs/gcc/Warning-Options.html#index-Wformat=-Wformat=]8;;[m[K]
[2.255s]    53 |                                         RCLCPP_INFO(this->get_logger(), [01;35m[K"You landed on a ladder. Do you wish to take it? (y/n) %d"[m[K);
[2.255s]       |                                                                         [01;35m[K^~~~~~~~~~~~~~~~~~~~~~~~~~~~~~~~~~~~~~~~~~~~~~~~~~~~~~~~~~[m[K
[2.256s] [01m[K/home/g209/workspace/src/game/src/controller_publisher.cpp:53:129:[m[K [01;36m[Knote: [m[Kformat string is defined here
[2.256s]    53 |                                         RCLCPP_INFO(this->get_logger(), "You landed on a ladder. Do you wish to take it? (y/n) [01;36m[K%d[m[K");
[2.256s]       |                                                                                                                                [01;36m[K~^[m[K
[2.257s]       |                                                                                                                                 [01;36m[K|[m[K
[2.257s]       |                                                                                                                                 [01;36m[Kint[m[K
[3.560s] [100%] [32m[1mLinking CXX executable controller_publisher[0m
[3.831s] [100%] Built target controller_publisher
[3.880s] Invoked command in '/home/g209/workspace/build/game' returned '0': CMAKE_PREFIX_PATH=${CMAKE_PREFIX_PATH}:/opt/ros/humble /usr/bin/cmake --build /home/g209/workspace/build/game -- -j2 -l2
[4.082s] Invoking command in '/home/g209/workspace/build/game': CMAKE_PREFIX_PATH=${CMAKE_PREFIX_PATH}:/opt/ros/humble /usr/bin/cmake --install /home/g209/workspace/build/game
[4.097s] -- Install configuration: ""
[4.098s] -- Up-to-date: /home/g209/workspace/install/game/share/ament_index/resource_index/rosidl_interfaces/game
[4.098s] -- Up-to-date: /home/g209/workspace/install/game/include/game/game
[4.112s] -- Up-to-date: /home/g209/workspace/install/game/include/game/game/msg
[4.112s] -- Up-to-date: /home/g209/workspace/install/game/include/game/game/msg/detail
[4.116s] -- Up-to-date: /home/g209/workspace/install/game/include/game/game/msg/detail/game_state_msg__struct.h
[4.116s] -- Up-to-date: /home/g209/workspace/install/game/include/game/game/msg/detail/game_state_msg__functions.c
[4.116s] -- Up-to-date: /home/g209/workspace/install/game/include/game/game/msg/detail/game_state_msg__functions.h
[4.116s] -- Up-to-date: /home/g209/workspace/install/game/include/game/game/msg/detail/game_state_msg__type_support.h
[4.116s] -- Up-to-date: /home/g209/workspace/install/game/include/game/game/msg/rosidl_generator_c__visibility_control.h
[4.116s] -- Up-to-date: /home/g209/workspace/install/game/include/game/game/msg/game_state_msg.h
[4.116s] -- Up-to-date: /home/g209/workspace/install/game/share/game/environment/library_path.sh
[4.116s] -- Installing: /home/g209/workspace/install/game/share/game/environment/library_path.dsv
[4.117s] -- Up-to-date: /home/g209/workspace/install/game/lib/libgame__rosidl_generator_c.so
[4.117s] -- Up-to-date: /home/g209/workspace/install/game/include/game/game
[4.120s] -- Up-to-date: /home/g209/workspace/install/game/include/game/game/msg
[4.120s] -- Up-to-date: /home/g209/workspace/install/game/include/game/game/msg/detail
[4.120s] -- Up-to-date: /home/g209/workspace/install/game/include/game/game/msg/detail/game_state_msg__rosidl_typesupport_fastrtps_c.h
[4.120s] -- Up-to-date: /home/g209/workspace/install/game/include/game/game/msg/rosidl_typesupport_fastrtps_c__visibility_control.h
[4.120s] -- Up-to-date: /home/g209/workspace/install/game/lib/libgame__rosidl_typesupport_fastrtps_c.so
[4.120s] -- Up-to-date: /home/g209/workspace/install/game/include/game/game
[4.120s] -- Up-to-date: /home/g209/workspace/install/game/include/game/game/msg
[4.121s] -- Up-to-date: /home/g209/workspace/install/game/include/game/game/msg/detail
[4.121s] -- Up-to-date: /home/g209/workspace/install/game/include/game/game/msg/detail/game_state_msg__type_support.c
[4.121s] -- Up-to-date: /home/g209/workspace/install/game/include/game/game/msg/detail/game_state_msg__rosidl_typesupport_introspection_c.h
[4.121s] -- Up-to-date: /home/g209/workspace/install/game/include/game/game/msg/rosidl_typesupport_introspection_c__visibility_control.h
[4.121s] -- Up-to-date: /home/g209/workspace/install/game/lib/libgame__rosidl_typesupport_introspection_c.so
[4.122s] -- Up-to-date: /home/g209/workspace/install/game/lib/libgame__rosidl_typesupport_c.so
[4.122s] -- Up-to-date: /home/g209/workspace/install/game/include/game/game
[4.122s] -- Up-to-date: /home/g209/workspace/install/game/include/game/game/msg
[4.122s] -- Up-to-date: /home/g209/workspace/install/game/include/game/game/msg/detail
[4.124s] -- Up-to-date: /home/g209/workspace/install/game/include/game/game/msg/detail/game_state_msg__traits.hpp
[4.124s] -- Up-to-date: /home/g209/workspace/install/game/include/game/game/msg/detail/game_state_msg__builder.hpp
[4.124s] -- Up-to-date: /home/g209/workspace/install/game/include/game/game/msg/detail/game_state_msg__struct.hpp
[4.124s] -- Up-to-date: /home/g209/workspace/install/game/include/game/game/msg/game_state_msg.hpp
[4.124s] -- Up-to-date: /home/g209/workspace/install/game/include/game/game
[4.124s] -- Up-to-date: /home/g209/workspace/install/game/include/game/game/msg
[4.124s] -- Up-to-date: /home/g209/workspace/install/game/include/game/game/msg/detail
[4.125s] -- Up-to-date: /home/g209/workspace/install/game/include/game/game/msg/detail/game_state_msg__rosidl_typesupport_fastrtps_cpp.hpp
[4.126s] -- Up-to-date: /home/g209/workspace/install/game/include/game/game/msg/detail/dds_fastrtps
[4.126s] -- Up-to-date: /home/g209/workspace/install/game/include/game/game/msg/rosidl_typesupport_fastrtps_cpp__visibility_control.h
[4.126s] -- Up-to-date: /home/g209/workspace/install/game/lib/libgame__rosidl_typesupport_fastrtps_cpp.so
[4.126s] -- Up-to-date: /home/g209/workspace/install/game/include/game/game
[4.126s] -- Up-to-date: /home/g209/workspace/install/game/include/game/game/msg
[4.127s] -- Up-to-date: /home/g209/workspace/install/game/include/game/game/msg/detail
[4.127s] -- Up-to-date: /home/g209/workspace/install/game/include/game/game/msg/detail/game_state_msg__type_support.cpp
[4.127s] -- Up-to-date: /home/g209/workspace/install/game/include/game/game/msg/detail/game_state_msg__rosidl_typesupport_introspection_cpp.hpp
[4.127s] -- Up-to-date: /home/g209/workspace/install/game/lib/libgame__rosidl_typesupport_introspection_cpp.so
[4.127s] -- Up-to-date: /home/g209/workspace/install/game/lib/libgame__rosidl_typesupport_cpp.so
[4.128s] -- Up-to-date: /home/g209/workspace/install/game/share/game/environment/pythonpath.sh
[4.128s] -- Installing: /home/g209/workspace/install/game/share/game/environment/pythonpath.dsv
[4.128s] -- Up-to-date: /home/g209/workspace/install/game/local/lib/python3.10/dist-packages/game-0.0.0-py3.10.egg-info
[4.129s] -- Installing: /home/g209/workspace/install/game/local/lib/python3.10/dist-packages/game-0.0.0-py3.10.egg-info/SOURCES.txt
[4.129s] -- Installing: /home/g209/workspace/install/game/local/lib/python3.10/dist-packages/game-0.0.0-py3.10.egg-info/PKG-INFO
[4.129s] -- Installing: /home/g209/workspace/install/game/local/lib/python3.10/dist-packages/game-0.0.0-py3.10.egg-info/top_level.txt
[4.129s] -- Installing: /home/g209/workspace/install/game/local/lib/python3.10/dist-packages/game-0.0.0-py3.10.egg-info/dependency_links.txt
[4.141s] -- Up-to-date: /home/g209/workspace/install/game/local/lib/python3.10/dist-packages/game
[4.141s] -- Up-to-date: /home/g209/workspace/install/game/local/lib/python3.10/dist-packages/game/_game_s.ep.rosidl_typesupport_introspection_c.c
[4.141s] -- Up-to-date: /home/g209/workspace/install/game/local/lib/python3.10/dist-packages/game/msg
[4.141s] -- Up-to-date: /home/g209/workspace/install/game/local/lib/python3.10/dist-packages/game/msg/__init__.py
[4.141s] -- Up-to-date: /home/g209/workspace/install/game/local/lib/python3.10/dist-packages/game/msg/_game_state_msg.py
[4.141s] -- Up-to-date: /home/g209/workspace/install/game/local/lib/python3.10/dist-packages/game/msg/_game_state_msg_s.c
[4.141s] -- Up-to-date: /home/g209/workspace/install/game/local/lib/python3.10/dist-packages/game/game_s__rosidl_typesupport_introspection_c.cpython-310-x86_64-linux-gnu.so
[4.141s] -- Up-to-date: /home/g209/workspace/install/game/local/lib/python3.10/dist-packages/game/_game_s.ep.rosidl_typesupport_c.c
[4.141s] -- Installing: /home/g209/workspace/install/game/local/lib/python3.10/dist-packages/game/__init__.py
[4.141s] -- Up-to-date: /home/g209/workspace/install/game/local/lib/python3.10/dist-packages/game/game_s__rosidl_typesupport_fastrtps_c.cpython-310-x86_64-linux-gnu.so
[4.141s] -- Up-to-date: /home/g209/workspace/install/game/local/lib/python3.10/dist-packages/game/libgame__rosidl_generator_py.so
[4.142s] -- Up-to-date: /home/g209/workspace/install/game/local/lib/python3.10/dist-packages/game/game_s__rosidl_typesupport_c.cpython-310-x86_64-linux-gnu.so
[4.142s] -- Up-to-date: /home/g209/workspace/install/game/local/lib/python3.10/dist-packages/game/_game_s.ep.rosidl_typesupport_fastrtps_c.c
[4.175s] Listing '/home/g209/workspace/install/game/local/lib/python3.10/dist-packages/game'...
[4.176s] Compiling '/home/g209/workspace/install/game/local/lib/python3.10/dist-packages/game/__init__.py'...
[4.176s] Listing '/home/g209/workspace/install/game/local/lib/python3.10/dist-packages/game/msg'...
[4.192s] -- Up-to-date: /home/g209/workspace/install/game/local/lib/python3.10/dist-packages/game/game_s__rosidl_typesupport_fastrtps_c.cpython-310-x86_64-linux-gnu.so
[4.192s] -- Up-to-date: /home/g209/workspace/install/game/local/lib/python3.10/dist-packages/game/game_s__rosidl_typesupport_introspection_c.cpython-310-x86_64-linux-gnu.so
[4.192s] -- Up-to-date: /home/g209/workspace/install/game/local/lib/python3.10/dist-packages/game/game_s__rosidl_typesupport_c.cpython-310-x86_64-linux-gnu.so
[4.194s] -- Up-to-date: /home/g209/workspace/install/game/lib/libgame__rosidl_generator_py.so
[4.194s] -- Up-to-date: /home/g209/workspace/install/game/share/game/msg/GameStateMsg.idl
[4.194s] -- Up-to-date: /home/g209/workspace/install/game/share/game/msg/GameStateMsg.msg
[4.195s] -- Installing: /home/g209/workspace/install/game/lib/game/controller_publisher
[4.199s] -- Set runtime path of "/home/g209/workspace/install/game/lib/game/controller_publisher" to ""
[4.201s] -- Up-to-date: /home/g209/workspace/install/game/share/ament_index/resource_index/package_run_dependencies/game
[4.202s] -- Up-to-date: /home/g209/workspace/install/game/share/ament_index/resource_index/parent_prefix_path/game
[4.212s] -- Up-to-date: /home/g209/workspace/install/game/share/game/environment/ament_prefix_path.sh
[4.212s] -- Installing: /home/g209/workspace/install/game/share/game/environment/ament_prefix_path.dsv
[4.212s] -- Up-to-date: /home/g209/workspace/install/game/share/game/environment/path.sh
[4.212s] -- Installing: /home/g209/workspace/install/game/share/game/environment/path.dsv
[4.213s] -- Up-to-date: /home/g209/workspace/install/game/share/game/local_setup.bash
[4.213s] -- Up-to-date: /home/g209/workspace/install/game/share/game/local_setup.sh
[4.213s] -- Up-to-date: /home/g209/workspace/install/game/share/game/local_setup.zsh
[4.213s] -- Installing: /home/g209/workspace/install/game/share/game/local_setup.dsv
[4.213s] -- Installing: /home/g209/workspace/install/game/share/game/package.dsv
[4.213s] -- Up-to-date: /home/g209/workspace/install/game/share/ament_index/resource_index/packages/game
[4.213s] -- Up-to-date: /home/g209/workspace/install/game/share/game/cmake/export_game__rosidl_generator_cExport.cmake
[4.213s] -- Up-to-date: /home/g209/workspace/install/game/share/game/cmake/export_game__rosidl_generator_cExport-noconfig.cmake
[4.213s] -- Up-to-date: /home/g209/workspace/install/game/share/game/cmake/export_game__rosidl_typesupport_fastrtps_cExport.cmake
[4.213s] -- Up-to-date: /home/g209/workspace/install/game/share/game/cmake/export_game__rosidl_typesupport_fastrtps_cExport-noconfig.cmake
[4.213s] -- Up-to-date: /home/g209/workspace/install/game/share/game/cmake/game__rosidl_typesupport_introspection_cExport.cmake
[4.213s] -- Up-to-date: /home/g209/workspace/install/game/share/game/cmake/game__rosidl_typesupport_introspection_cExport-noconfig.cmake
[4.213s] -- Up-to-date: /home/g209/workspace/install/game/share/game/cmake/game__rosidl_typesupport_cExport.cmake
[4.213s] -- Up-to-date: /home/g209/workspace/install/game/share/game/cmake/game__rosidl_typesupport_cExport-noconfig.cmake
[4.213s] -- Up-to-date: /home/g209/workspace/install/game/share/game/cmake/export_game__rosidl_generator_cppExport.cmake
[4.213s] -- Up-to-date: /home/g209/workspace/install/game/share/game/cmake/export_game__rosidl_typesupport_fastrtps_cppExport.cmake
[4.213s] -- Up-to-date: /home/g209/workspace/install/game/share/game/cmake/export_game__rosidl_typesupport_fastrtps_cppExport-noconfig.cmake
[4.213s] -- Up-to-date: /home/g209/workspace/install/game/share/game/cmake/game__rosidl_typesupport_introspection_cppExport.cmake
[4.213s] -- Up-to-date: /home/g209/workspace/install/game/share/game/cmake/game__rosidl_typesupport_introspection_cppExport-noconfig.cmake
[4.213s] -- Up-to-date: /home/g209/workspace/install/game/share/game/cmake/game__rosidl_typesupport_cppExport.cmake
[4.214s] -- Up-to-date: /home/g209/workspace/install/game/share/game/cmake/game__rosidl_typesupport_cppExport-noconfig.cmake
[4.214s] -- Up-to-date: /home/g209/workspace/install/game/share/game/cmake/export_game__rosidl_generator_pyExport.cmake
[4.214s] -- Up-to-date: /home/g209/workspace/install/game/share/game/cmake/export_game__rosidl_generator_pyExport-noconfig.cmake
[4.214s] -- Up-to-date: /home/g209/workspace/install/game/share/game/cmake/rosidl_cmake-extras.cmake
[4.214s] -- Up-to-date: /home/g209/workspace/install/game/share/game/cmake/ament_cmake_export_include_directories-extras.cmake
[4.214s] -- Up-to-date: /home/g209/workspace/install/game/share/game/cmake/ament_cmake_export_libraries-extras.cmake
[4.214s] -- Up-to-date: /home/g209/workspace/install/game/share/game/cmake/ament_cmake_export_targets-extras.cmake
[4.214s] -- Up-to-date: /home/g209/workspace/install/game/share/game/cmake/rosidl_cmake_export_typesupport_targets-extras.cmake
[4.214s] -- Up-to-date: /home/g209/workspace/install/game/share/game/cmake/ament_cmake_export_dependencies-extras.cmake
[4.214s] -- Up-to-date: /home/g209/workspace/install/game/share/game/cmake/rosidl_cmake_export_typesupport_libraries-extras.cmake
[4.214s] -- Up-to-date: /home/g209/workspace/install/game/share/game/cmake/gameConfig.cmake
[4.214s] -- Up-to-date: /home/g209/workspace/install/game/share/game/cmake/gameConfig-version.cmake
[4.214s] -- Installing: /home/g209/workspace/install/game/share/game/package.xml
[4.263s] Invoked command in '/home/g209/workspace/build/game' returned '0': CMAKE_PREFIX_PATH=${CMAKE_PREFIX_PATH}:/opt/ros/humble /usr/bin/cmake --install /home/g209/workspace/build/game
