[0.074s] Invoking command in '/home/g209/ros2_ws/build/turtlesim': CMAKE_PREFIX_PATH=${CMAKE_PREFIX_PATH}:/opt/ros/humble /usr/bin/cmake --build /home/g209/ros2_ws/build/turtlesim -- -j2 -l2
[0.154s] [35m[1mConsolidate compiler generated dependencies of target turtlesim__rosidl_generator_c[0m
[0.182s] [  1%] Built target turtlesim__cpp
[0.219s] [ 11%] Built target turtlesim__rosidl_generator_c
[0.306s] [35m[1mConsolidate compiler generated dependencies of target turtlesim__rosidl_typesupport_cpp[0m
[0.312s] [ 11%] Built target ament_cmake_python_copy_turtlesim
[0.355s] [35m[1mConsolidate compiler generated dependencies of target turtlesim__rosidl_typesupport_fastrtps_c[0m
[0.367s] [ 21%] Built target turtlesim__rosidl_typesupport_cpp
[0.418s] [ 31%] Built target turtlesim__rosidl_typesupport_fastrtps_c
[0.420s] [35m[1mConsolidate compiler generated dependencies of target turtlesim__rosidl_typesupport_fastrtps_cpp[0m
[0.462s] [35m[1mConsolidate compiler generated dependencies of target turtlesim__rosidl_typesupport_introspection_c[0m
[0.489s] [ 41%] Built target turtlesim__rosidl_typesupport_fastrtps_cpp
[0.556s] [ 51%] Built target turtlesim__rosidl_typesupport_introspection_c
[0.573s] [35m[1mConsolidate compiler generated dependencies of target turtlesim__rosidl_typesupport_c[0m
[0.606s] [35m[1mConsolidate compiler generated dependencies of target turtlesim__rosidl_typesupport_introspection_cpp[0m
[0.807s] [ 61%] Built target turtlesim__rosidl_typesupport_c
[0.824s] [ 71%] Built target turtlesim__rosidl_typesupport_introspection_cpp
[0.893s] [35m[1mConsolidate compiler generated dependencies of target turtlesim_node[0m
[1.022s] [ 77%] Built target turtlesim_node
[1.146s] running egg_info
[1.148s] writing turtlesim.egg-info/PKG-INFO
[1.158s] writing dependency_links to turtlesim.egg-info/dependency_links.txt
[1.158s] writing top-level names to turtlesim.egg-info/top_level.txt
[1.198s] reading manifest file 'turtlesim.egg-info/SOURCES.txt'
[1.198s] writing manifest file 'turtlesim.egg-info/SOURCES.txt'
[1.214s] [35m[1mConsolidate compiler generated dependencies of target turtle_teleop_key[0m
[1.253s] [ 77%] Built target ament_cmake_python_build_turtlesim_egg
[1.268s] [ 79%] Built target turtle_teleop_key
[1.299s] [35m[1mConsolidate compiler generated dependencies of target draw_square[0m
[1.351s] [35m[1mConsolidate compiler generated dependencies of target mimic[0m
[1.385s] [ 81%] Built target draw_square
[1.451s] [ 83%] Built target mimic
[1.460s] [ 83%] Built target turtlesim
[1.562s] [ 84%] Built target turtlesim__py
[1.750s] [35m[1mConsolidate compiler generated dependencies of target turtlesim__rosidl_generator_py[0m
[1.988s] [ 93%] Built target turtlesim__rosidl_generator_py
[2.029s] [35m[1mConsolidate compiler generated dependencies of target turtlesim__rosidl_typesupport_fastrtps_c__pyext[0m
[2.066s] [ 95%] Built target turtlesim__rosidl_typesupport_fastrtps_c__pyext
[2.075s] [35m[1mConsolidate compiler generated dependencies of target turtlesim__rosidl_typesupport_introspection_c__pyext[0m
[2.171s] [35m[1mConsolidate compiler generated dependencies of target turtlesim__rosidl_typesupport_c__pyext[0m
[2.208s] [ 97%] Built target turtlesim__rosidl_typesupport_introspection_c__pyext
[2.228s] [100%] Built target turtlesim__rosidl_typesupport_c__pyext
[2.266s] Invoked command in '/home/g209/ros2_ws/build/turtlesim' returned '0': CMAKE_PREFIX_PATH=${CMAKE_PREFIX_PATH}:/opt/ros/humble /usr/bin/cmake --build /home/g209/ros2_ws/build/turtlesim -- -j2 -l2
[3.016s] Invoking command in '/home/g209/ros2_ws/build/turtlesim': CMAKE_PREFIX_PATH=${CMAKE_PREFIX_PATH}:/opt/ros/humble /usr/bin/cmake --install /home/g209/ros2_ws/build/turtlesim
[3.035s] -- Install configuration: ""
[3.036s] -- Installing: /home/g209/ros2_ws/install/turtlesim/share/ament_index/resource_index/rosidl_interfaces/turtlesim
[3.036s] -- Installing: /home/g209/ros2_ws/install/turtlesim/include/turtlesim/turtlesim
[3.036s] -- Installing: /home/g209/ros2_ws/install/turtlesim/include/turtlesim/turtlesim/srv
[3.036s] -- Installing: /home/g209/ros2_ws/install/turtlesim/include/turtlesim/turtlesim/srv/set_pen.h
[3.036s] -- Installing: /home/g209/ros2_ws/install/turtlesim/include/turtlesim/turtlesim/srv/detail
[3.036s] -- Installing: /home/g209/ros2_ws/install/turtlesim/include/turtlesim/turtlesim/srv/detail/set_pen__type_support.h
[3.036s] -- Installing: /home/g209/ros2_ws/install/turtlesim/include/turtlesim/turtlesim/srv/detail/kill__struct.h
[3.036s] -- Installing: /home/g209/ros2_ws/install/turtlesim/include/turtlesim/turtlesim/srv/detail/teleport_relative__functions.h
[3.036s] -- Installing: /home/g209/ros2_ws/install/turtlesim/include/turtlesim/turtlesim/srv/detail/teleport_relative__type_support.h
[3.036s] -- Installing: /home/g209/ros2_ws/install/turtlesim/include/turtlesim/turtlesim/srv/detail/teleport_relative__struct.h
[3.036s] -- Installing: /home/g209/ros2_ws/install/turtlesim/include/turtlesim/turtlesim/srv/detail/spawn__type_support.h
[3.036s] -- Installing: /home/g209/ros2_ws/install/turtlesim/include/turtlesim/turtlesim/srv/detail/kill__functions.c
[3.036s] -- Installing: /home/g209/ros2_ws/install/turtlesim/include/turtlesim/turtlesim/srv/detail/teleport_absolute__struct.h
[3.036s] -- Installing: /home/g209/ros2_ws/install/turtlesim/include/turtlesim/turtlesim/srv/detail/spawn__functions.h
[3.036s] -- Installing: /home/g209/ros2_ws/install/turtlesim/include/turtlesim/turtlesim/srv/detail/teleport_relative__functions.c
[3.036s] -- Installing: /home/g209/ros2_ws/install/turtlesim/include/turtlesim/turtlesim/srv/detail/kill__functions.h
[3.036s] -- Installing: /home/g209/ros2_ws/install/turtlesim/include/turtlesim/turtlesim/srv/detail/kill__type_support.h
[3.036s] -- Installing: /home/g209/ros2_ws/install/turtlesim/include/turtlesim/turtlesim/srv/detail/spawn__struct.h
[3.036s] -- Installing: /home/g209/ros2_ws/install/turtlesim/include/turtlesim/turtlesim/srv/detail/set_pen__struct.h
[3.036s] -- Installing: /home/g209/ros2_ws/install/turtlesim/include/turtlesim/turtlesim/srv/detail/teleport_absolute__functions.c
[3.036s] -- Installing: /home/g209/ros2_ws/install/turtlesim/include/turtlesim/turtlesim/srv/detail/teleport_absolute__functions.h
[3.036s] -- Installing: /home/g209/ros2_ws/install/turtlesim/include/turtlesim/turtlesim/srv/detail/set_pen__functions.h
[3.036s] -- Installing: /home/g209/ros2_ws/install/turtlesim/include/turtlesim/turtlesim/srv/detail/teleport_absolute__type_support.h
[3.036s] -- Installing: /home/g209/ros2_ws/install/turtlesim/include/turtlesim/turtlesim/srv/detail/spawn__functions.c
[3.039s] -- Installing: /home/g209/ros2_ws/install/turtlesim/include/turtlesim/turtlesim/srv/detail/set_pen__functions.c
[3.044s] -- Installing: /home/g209/ros2_ws/install/turtlesim/include/turtlesim/turtlesim/srv/teleport_relative.h
[3.044s] -- Installing: /home/g209/ros2_ws/install/turtlesim/include/turtlesim/turtlesim/srv/kill.h
[3.044s] -- Installing: /home/g209/ros2_ws/install/turtlesim/include/turtlesim/turtlesim/srv/teleport_absolute.h
[3.046s] -- Installing: /home/g209/ros2_ws/install/turtlesim/include/turtlesim/turtlesim/srv/spawn.h
[3.046s] -- Installing: /home/g209/ros2_ws/install/turtlesim/include/turtlesim/turtlesim/msg
[3.046s] -- Installing: /home/g209/ros2_ws/install/turtlesim/include/turtlesim/turtlesim/msg/detail
[3.046s] -- Installing: /home/g209/ros2_ws/install/turtlesim/include/turtlesim/turtlesim/msg/detail/pose__type_support.h
[3.047s] -- Installing: /home/g209/ros2_ws/install/turtlesim/include/turtlesim/turtlesim/msg/detail/pose__functions.c
[3.047s] -- Installing: /home/g209/ros2_ws/install/turtlesim/include/turtlesim/turtlesim/msg/detail/color__struct.h
[3.047s] -- Installing: /home/g209/ros2_ws/install/turtlesim/include/turtlesim/turtlesim/msg/detail/color__functions.h
[3.047s] -- Installing: /home/g209/ros2_ws/install/turtlesim/include/turtlesim/turtlesim/msg/detail/pose__struct.h
[3.047s] -- Installing: /home/g209/ros2_ws/install/turtlesim/include/turtlesim/turtlesim/msg/detail/color__type_support.h
[3.047s] -- Installing: /home/g209/ros2_ws/install/turtlesim/include/turtlesim/turtlesim/msg/detail/color__functions.c
[3.047s] -- Installing: /home/g209/ros2_ws/install/turtlesim/include/turtlesim/turtlesim/msg/detail/pose__functions.h
[3.047s] -- Installing: /home/g209/ros2_ws/install/turtlesim/include/turtlesim/turtlesim/msg/color.h
[3.071s] -- Installing: /home/g209/ros2_ws/install/turtlesim/include/turtlesim/turtlesim/msg/rosidl_generator_c__visibility_control.h
[3.071s] -- Installing: /home/g209/ros2_ws/install/turtlesim/include/turtlesim/turtlesim/msg/pose.h
[3.071s] -- Installing: /home/g209/ros2_ws/install/turtlesim/include/turtlesim/turtlesim/action
[3.071s] -- Installing: /home/g209/ros2_ws/install/turtlesim/include/turtlesim/turtlesim/action/detail
[3.071s] -- Installing: /home/g209/ros2_ws/install/turtlesim/include/turtlesim/turtlesim/action/detail/rotate_absolute__type_support.h
[3.071s] -- Installing: /home/g209/ros2_ws/install/turtlesim/include/turtlesim/turtlesim/action/detail/rotate_absolute__struct.h
[3.071s] -- Installing: /home/g209/ros2_ws/install/turtlesim/include/turtlesim/turtlesim/action/detail/rotate_absolute__functions.h
[3.071s] -- Installing: /home/g209/ros2_ws/install/turtlesim/include/turtlesim/turtlesim/action/detail/rotate_absolute__functions.c
[3.071s] -- Installing: /home/g209/ros2_ws/install/turtlesim/include/turtlesim/turtlesim/action/rotate_absolute.h
[3.071s] -- Installing: /home/g209/ros2_ws/install/turtlesim/share/turtlesim/environment/library_path.sh
[3.072s] -- Installing: /home/g209/ros2_ws/install/turtlesim/share/turtlesim/environment/library_path.dsv
[3.072s] -- Installing: /home/g209/ros2_ws/install/turtlesim/lib/libturtlesim__rosidl_generator_c.so
[3.072s] -- Set runtime path of "/home/g209/ros2_ws/install/turtlesim/lib/libturtlesim__rosidl_generator_c.so" to ""
[3.072s] -- Up-to-date: /home/g209/ros2_ws/install/turtlesim/include/turtlesim/turtlesim
[3.072s] -- Up-to-date: /home/g209/ros2_ws/install/turtlesim/include/turtlesim/turtlesim/srv
[3.072s] -- Up-to-date: /home/g209/ros2_ws/install/turtlesim/include/turtlesim/turtlesim/srv/detail
[3.072s] -- Installing: /home/g209/ros2_ws/install/turtlesim/include/turtlesim/turtlesim/srv/detail/teleport_absolute__rosidl_typesupport_fastrtps_c.h
[3.072s] -- Installing: /home/g209/ros2_ws/install/turtlesim/include/turtlesim/turtlesim/srv/detail/kill__rosidl_typesupport_fastrtps_c.h
[3.072s] -- Installing: /home/g209/ros2_ws/install/turtlesim/include/turtlesim/turtlesim/srv/detail/spawn__rosidl_typesupport_fastrtps_c.h
[3.072s] -- Installing: /home/g209/ros2_ws/install/turtlesim/include/turtlesim/turtlesim/srv/detail/set_pen__rosidl_typesupport_fastrtps_c.h
[3.072s] -- Installing: /home/g209/ros2_ws/install/turtlesim/include/turtlesim/turtlesim/srv/detail/teleport_relative__rosidl_typesupport_fastrtps_c.h
[3.072s] -- Up-to-date: /home/g209/ros2_ws/install/turtlesim/include/turtlesim/turtlesim/msg
[3.072s] -- Up-to-date: /home/g209/ros2_ws/install/turtlesim/include/turtlesim/turtlesim/msg/detail
[3.072s] -- Installing: /home/g209/ros2_ws/install/turtlesim/include/turtlesim/turtlesim/msg/detail/color__rosidl_typesupport_fastrtps_c.h
[3.072s] -- Installing: /home/g209/ros2_ws/install/turtlesim/include/turtlesim/turtlesim/msg/detail/pose__rosidl_typesupport_fastrtps_c.h
[3.072s] -- Installing: /home/g209/ros2_ws/install/turtlesim/include/turtlesim/turtlesim/msg/rosidl_typesupport_fastrtps_c__visibility_control.h
[3.072s] -- Up-to-date: /home/g209/ros2_ws/install/turtlesim/include/turtlesim/turtlesim/action
[3.072s] -- Up-to-date: /home/g209/ros2_ws/install/turtlesim/include/turtlesim/turtlesim/action/detail
[3.072s] -- Installing: /home/g209/ros2_ws/install/turtlesim/include/turtlesim/turtlesim/action/detail/rotate_absolute__rosidl_typesupport_fastrtps_c.h
[3.072s] -- Installing: /home/g209/ros2_ws/install/turtlesim/lib/libturtlesim__rosidl_typesupport_fastrtps_c.so
[3.072s] -- Set runtime path of "/home/g209/ros2_ws/install/turtlesim/lib/libturtlesim__rosidl_typesupport_fastrtps_c.so" to ""
[3.072s] -- Up-to-date: /home/g209/ros2_ws/install/turtlesim/include/turtlesim/turtlesim
[3.072s] -- Up-to-date: /home/g209/ros2_ws/install/turtlesim/include/turtlesim/turtlesim/srv
[3.072s] -- Installing: /home/g209/ros2_ws/install/turtlesim/include/turtlesim/turtlesim/srv/kill.hpp
[3.073s] -- Installing: /home/g209/ros2_ws/install/turtlesim/include/turtlesim/turtlesim/srv/spawn.hpp
[3.073s] -- Up-to-date: /home/g209/ros2_ws/install/turtlesim/include/turtlesim/turtlesim/srv/detail
[3.073s] -- Installing: /home/g209/ros2_ws/install/turtlesim/include/turtlesim/turtlesim/srv/detail/set_pen__struct.hpp
[3.073s] -- Installing: /home/g209/ros2_ws/install/turtlesim/include/turtlesim/turtlesim/srv/detail/kill__builder.hpp
[3.073s] -- Installing: /home/g209/ros2_ws/install/turtlesim/include/turtlesim/turtlesim/srv/detail/teleport_relative__struct.hpp
[3.073s] -- Installing: /home/g209/ros2_ws/install/turtlesim/include/turtlesim/turtlesim/srv/detail/spawn__struct.hpp
[3.073s] -- Installing: /home/g209/ros2_ws/install/turtlesim/include/turtlesim/turtlesim/srv/detail/teleport_absolute__traits.hpp
[3.073s] -- Installing: /home/g209/ros2_ws/install/turtlesim/include/turtlesim/turtlesim/srv/detail/set_pen__builder.hpp
[3.073s] -- Installing: /home/g209/ros2_ws/install/turtlesim/include/turtlesim/turtlesim/srv/detail/teleport_absolute__struct.hpp
[3.073s] -- Installing: /home/g209/ros2_ws/install/turtlesim/include/turtlesim/turtlesim/srv/detail/spawn__traits.hpp
[3.073s] -- Installing: /home/g209/ros2_ws/install/turtlesim/include/turtlesim/turtlesim/srv/detail/kill__struct.hpp
[3.073s] -- Installing: /home/g209/ros2_ws/install/turtlesim/include/turtlesim/turtlesim/srv/detail/teleport_relative__builder.hpp
[3.082s] -- Installing: /home/g209/ros2_ws/install/turtlesim/include/turtlesim/turtlesim/srv/detail/teleport_absolute__builder.hpp
[3.082s] -- Installing: /home/g209/ros2_ws/install/turtlesim/include/turtlesim/turtlesim/srv/detail/set_pen__traits.hpp
[3.082s] -- Installing: /home/g209/ros2_ws/install/turtlesim/include/turtlesim/turtlesim/srv/detail/kill__traits.hpp
[3.082s] -- Installing: /home/g209/ros2_ws/install/turtlesim/include/turtlesim/turtlesim/srv/detail/spawn__builder.hpp
[3.082s] -- Installing: /home/g209/ros2_ws/install/turtlesim/include/turtlesim/turtlesim/srv/detail/teleport_relative__traits.hpp
[3.082s] -- Installing: /home/g209/ros2_ws/install/turtlesim/include/turtlesim/turtlesim/srv/teleport_relative.hpp
[3.082s] -- Installing: /home/g209/ros2_ws/install/turtlesim/include/turtlesim/turtlesim/srv/set_pen.hpp
[3.082s] -- Installing: /home/g209/ros2_ws/install/turtlesim/include/turtlesim/turtlesim/srv/teleport_absolute.hpp
[3.083s] -- Up-to-date: /home/g209/ros2_ws/install/turtlesim/include/turtlesim/turtlesim/msg
[3.083s] -- Up-to-date: /home/g209/ros2_ws/install/turtlesim/include/turtlesim/turtlesim/msg/detail
[3.083s] -- Installing: /home/g209/ros2_ws/install/turtlesim/include/turtlesim/turtlesim/msg/detail/color__struct.hpp
[3.083s] -- Installing: /home/g209/ros2_ws/install/turtlesim/include/turtlesim/turtlesim/msg/detail/color__traits.hpp
[3.083s] -- Installing: /home/g209/ros2_ws/install/turtlesim/include/turtlesim/turtlesim/msg/detail/pose__builder.hpp
[3.084s] -- Installing: /home/g209/ros2_ws/install/turtlesim/include/turtlesim/turtlesim/msg/detail/pose__traits.hpp
[3.084s] -- Installing: /home/g209/ros2_ws/install/turtlesim/include/turtlesim/turtlesim/msg/detail/pose__struct.hpp
[3.084s] -- Installing: /home/g209/ros2_ws/install/turtlesim/include/turtlesim/turtlesim/msg/detail/color__builder.hpp
[3.084s] -- Installing: /home/g209/ros2_ws/install/turtlesim/include/turtlesim/turtlesim/msg/pose.hpp
[3.084s] -- Installing: /home/g209/ros2_ws/install/turtlesim/include/turtlesim/turtlesim/msg/color.hpp
[3.084s] -- Up-to-date: /home/g209/ros2_ws/install/turtlesim/include/turtlesim/turtlesim/action
[3.084s] -- Up-to-date: /home/g209/ros2_ws/install/turtlesim/include/turtlesim/turtlesim/action/detail
[3.084s] -- Installing: /home/g209/ros2_ws/install/turtlesim/include/turtlesim/turtlesim/action/detail/rotate_absolute__struct.hpp
[3.084s] -- Installing: /home/g209/ros2_ws/install/turtlesim/include/turtlesim/turtlesim/action/detail/rotate_absolute__builder.hpp
[3.084s] -- Installing: /home/g209/ros2_ws/install/turtlesim/include/turtlesim/turtlesim/action/detail/rotate_absolute__traits.hpp
[3.084s] -- Installing: /home/g209/ros2_ws/install/turtlesim/include/turtlesim/turtlesim/action/rotate_absolute.hpp
[3.084s] -- Up-to-date: /home/g209/ros2_ws/install/turtlesim/include/turtlesim/turtlesim
[3.084s] -- Up-to-date: /home/g209/ros2_ws/install/turtlesim/include/turtlesim/turtlesim/srv
[3.084s] -- Up-to-date: /home/g209/ros2_ws/install/turtlesim/include/turtlesim/turtlesim/srv/detail
[3.084s] -- Installing: /home/g209/ros2_ws/install/turtlesim/include/turtlesim/turtlesim/srv/detail/teleport_absolute__rosidl_typesupport_fastrtps_cpp.hpp
[3.084s] -- Installing: /home/g209/ros2_ws/install/turtlesim/include/turtlesim/turtlesim/srv/detail/set_pen__rosidl_typesupport_fastrtps_cpp.hpp
[3.084s] -- Installing: /home/g209/ros2_ws/install/turtlesim/include/turtlesim/turtlesim/srv/detail/kill__rosidl_typesupport_fastrtps_cpp.hpp
[3.084s] -- Installing: /home/g209/ros2_ws/install/turtlesim/include/turtlesim/turtlesim/srv/detail/teleport_relative__rosidl_typesupport_fastrtps_cpp.hpp
[3.084s] -- Installing: /home/g209/ros2_ws/install/turtlesim/include/turtlesim/turtlesim/srv/detail/spawn__rosidl_typesupport_fastrtps_cpp.hpp
[3.084s] -- Installing: /home/g209/ros2_ws/install/turtlesim/include/turtlesim/turtlesim/srv/detail/dds_fastrtps
[3.084s] -- Up-to-date: /home/g209/ros2_ws/install/turtlesim/include/turtlesim/turtlesim/msg
[3.084s] -- Up-to-date: /home/g209/ros2_ws/install/turtlesim/include/turtlesim/turtlesim/msg/detail
[3.084s] -- Installing: /home/g209/ros2_ws/install/turtlesim/include/turtlesim/turtlesim/msg/detail/color__rosidl_typesupport_fastrtps_cpp.hpp
[3.084s] -- Installing: /home/g209/ros2_ws/install/turtlesim/include/turtlesim/turtlesim/msg/detail/pose__rosidl_typesupport_fastrtps_cpp.hpp
[3.084s] -- Installing: /home/g209/ros2_ws/install/turtlesim/include/turtlesim/turtlesim/msg/detail/dds_fastrtps
[3.084s] -- Installing: /home/g209/ros2_ws/install/turtlesim/include/turtlesim/turtlesim/msg/rosidl_typesupport_fastrtps_cpp__visibility_control.h
[3.084s] -- Up-to-date: /home/g209/ros2_ws/install/turtlesim/include/turtlesim/turtlesim/action
[3.084s] -- Up-to-date: /home/g209/ros2_ws/install/turtlesim/include/turtlesim/turtlesim/action/detail
[3.084s] -- Installing: /home/g209/ros2_ws/install/turtlesim/include/turtlesim/turtlesim/action/detail/rotate_absolute__rosidl_typesupport_fastrtps_cpp.hpp
[3.084s] -- Installing: /home/g209/ros2_ws/install/turtlesim/include/turtlesim/turtlesim/action/detail/dds_fastrtps
[3.084s] -- Installing: /home/g209/ros2_ws/install/turtlesim/lib/libturtlesim__rosidl_typesupport_fastrtps_cpp.so
[3.084s] -- Set runtime path of "/home/g209/ros2_ws/install/turtlesim/lib/libturtlesim__rosidl_typesupport_fastrtps_cpp.so" to ""
[3.085s] -- Up-to-date: /home/g209/ros2_ws/install/turtlesim/include/turtlesim/turtlesim
[3.085s] -- Up-to-date: /home/g209/ros2_ws/install/turtlesim/include/turtlesim/turtlesim/srv
[3.085s] -- Up-to-date: /home/g209/ros2_ws/install/turtlesim/include/turtlesim/turtlesim/srv/detail
[3.085s] -- Installing: /home/g209/ros2_ws/install/turtlesim/include/turtlesim/turtlesim/srv/detail/set_pen__type_support.c
[3.085s] -- Installing: /home/g209/ros2_ws/install/turtlesim/include/turtlesim/turtlesim/srv/detail/set_pen__rosidl_typesupport_introspection_c.h
[3.085s] -- Installing: /home/g209/ros2_ws/install/turtlesim/include/turtlesim/turtlesim/srv/detail/teleport_relative__rosidl_typesupport_introspection_c.h
[3.085s] -- Installing: /home/g209/ros2_ws/install/turtlesim/include/turtlesim/turtlesim/srv/detail/teleport_relative__type_support.c
[3.085s] -- Installing: /home/g209/ros2_ws/install/turtlesim/include/turtlesim/turtlesim/srv/detail/spawn__rosidl_typesupport_introspection_c.h
[3.085s] -- Installing: /home/g209/ros2_ws/install/turtlesim/include/turtlesim/turtlesim/srv/detail/kill__rosidl_typesupport_introspection_c.h
[3.085s] -- Installing: /home/g209/ros2_ws/install/turtlesim/include/turtlesim/turtlesim/srv/detail/spawn__type_support.c
[3.085s] -- Installing: /home/g209/ros2_ws/install/turtlesim/include/turtlesim/turtlesim/srv/detail/kill__type_support.c
[3.085s] -- Installing: /home/g209/ros2_ws/install/turtlesim/include/turtlesim/turtlesim/srv/detail/teleport_absolute__type_support.c
[3.085s] -- Installing: /home/g209/ros2_ws/install/turtlesim/include/turtlesim/turtlesim/srv/detail/teleport_absolute__rosidl_typesupport_introspection_c.h
[3.085s] -- Up-to-date: /home/g209/ros2_ws/install/turtlesim/include/turtlesim/turtlesim/msg
[3.085s] -- Up-to-date: /home/g209/ros2_ws/install/turtlesim/include/turtlesim/turtlesim/msg/detail
[3.085s] -- Installing: /home/g209/ros2_ws/install/turtlesim/include/turtlesim/turtlesim/msg/detail/color__type_support.c
[3.085s] -- Installing: /home/g209/ros2_ws/install/turtlesim/include/turtlesim/turtlesim/msg/detail/color__rosidl_typesupport_introspection_c.h
[3.085s] -- Installing: /home/g209/ros2_ws/install/turtlesim/include/turtlesim/turtlesim/msg/detail/pose__rosidl_typesupport_introspection_c.h
[3.085s] -- Installing: /home/g209/ros2_ws/install/turtlesim/include/turtlesim/turtlesim/msg/detail/pose__type_support.c
[3.085s] -- Installing: /home/g209/ros2_ws/install/turtlesim/include/turtlesim/turtlesim/msg/rosidl_typesupport_introspection_c__visibility_control.h
[3.085s] -- Up-to-date: /home/g209/ros2_ws/install/turtlesim/include/turtlesim/turtlesim/action
[3.085s] -- Up-to-date: /home/g209/ros2_ws/install/turtlesim/include/turtlesim/turtlesim/action/detail
[3.085s] -- Installing: /home/g209/ros2_ws/install/turtlesim/include/turtlesim/turtlesim/action/detail/rotate_absolute__type_support.c
[3.085s] -- Installing: /home/g209/ros2_ws/install/turtlesim/include/turtlesim/turtlesim/action/detail/rotate_absolute__rosidl_typesupport_introspection_c.h
[3.085s] -- Installing: /home/g209/ros2_ws/install/turtlesim/lib/libturtlesim__rosidl_typesupport_introspection_c.so
[3.085s] -- Set runtime path of "/home/g209/ros2_ws/install/turtlesim/lib/libturtlesim__rosidl_typesupport_introspection_c.so" to ""
[3.085s] -- Installing: /home/g209/ros2_ws/install/turtlesim/lib/libturtlesim__rosidl_typesupport_c.so
[3.085s] -- Set runtime path of "/home/g209/ros2_ws/install/turtlesim/lib/libturtlesim__rosidl_typesupport_c.so" to ""
[3.085s] -- Up-to-date: /home/g209/ros2_ws/install/turtlesim/include/turtlesim/turtlesim
[3.085s] -- Up-to-date: /home/g209/ros2_ws/install/turtlesim/include/turtlesim/turtlesim/srv
[3.085s] -- Up-to-date: /home/g209/ros2_ws/install/turtlesim/include/turtlesim/turtlesim/srv/detail
[3.085s] -- Installing: /home/g209/ros2_ws/install/turtlesim/include/turtlesim/turtlesim/srv/detail/set_pen__rosidl_typesupport_introspection_cpp.hpp
[3.085s] -- Installing: /home/g209/ros2_ws/install/turtlesim/include/turtlesim/turtlesim/srv/detail/spawn__rosidl_typesupport_introspection_cpp.hpp
[3.085s] -- Installing: /home/g209/ros2_ws/install/turtlesim/include/turtlesim/turtlesim/srv/detail/teleport_relative__type_support.cpp
[3.085s] -- Installing: /home/g209/ros2_ws/install/turtlesim/include/turtlesim/turtlesim/srv/detail/teleport_absolute__rosidl_typesupport_introspection_cpp.hpp
[3.086s] -- Installing: /home/g209/ros2_ws/install/turtlesim/include/turtlesim/turtlesim/srv/detail/kill__rosidl_typesupport_introspection_cpp.hpp
[3.086s] -- Installing: /home/g209/ros2_ws/install/turtlesim/include/turtlesim/turtlesim/srv/detail/kill__type_support.cpp
[3.086s] -- Installing: /home/g209/ros2_ws/install/turtlesim/include/turtlesim/turtlesim/srv/detail/spawn__type_support.cpp
[3.086s] -- Installing: /home/g209/ros2_ws/install/turtlesim/include/turtlesim/turtlesim/srv/detail/set_pen__type_support.cpp
[3.086s] -- Installing: /home/g209/ros2_ws/install/turtlesim/include/turtlesim/turtlesim/srv/detail/teleport_absolute__type_support.cpp
[3.086s] -- Installing: /home/g209/ros2_ws/install/turtlesim/include/turtlesim/turtlesim/srv/detail/teleport_relative__rosidl_typesupport_introspection_cpp.hpp
[3.086s] -- Up-to-date: /home/g209/ros2_ws/install/turtlesim/include/turtlesim/turtlesim/msg
[3.086s] -- Up-to-date: /home/g209/ros2_ws/install/turtlesim/include/turtlesim/turtlesim/msg/detail
[3.086s] -- Installing: /home/g209/ros2_ws/install/turtlesim/include/turtlesim/turtlesim/msg/detail/pose__rosidl_typesupport_introspection_cpp.hpp
[3.086s] -- Installing: /home/g209/ros2_ws/install/turtlesim/include/turtlesim/turtlesim/msg/detail/pose__type_support.cpp
[3.086s] -- Installing: /home/g209/ros2_ws/install/turtlesim/include/turtlesim/turtlesim/msg/detail/color__type_support.cpp
[3.086s] -- Installing: /home/g209/ros2_ws/install/turtlesim/include/turtlesim/turtlesim/msg/detail/color__rosidl_typesupport_introspection_cpp.hpp
[3.086s] -- Up-to-date: /home/g209/ros2_ws/install/turtlesim/include/turtlesim/turtlesim/action
[3.086s] -- Up-to-date: /home/g209/ros2_ws/install/turtlesim/include/turtlesim/turtlesim/action/detail
[3.086s] -- Installing: /home/g209/ros2_ws/install/turtlesim/include/turtlesim/turtlesim/action/detail/rotate_absolute__rosidl_typesupport_introspection_cpp.hpp
[3.086s] -- Installing: /home/g209/ros2_ws/install/turtlesim/include/turtlesim/turtlesim/action/detail/rotate_absolute__type_support.cpp
[3.086s] -- Installing: /home/g209/ros2_ws/install/turtlesim/lib/libturtlesim__rosidl_typesupport_introspection_cpp.so
[3.086s] -- Set runtime path of "/home/g209/ros2_ws/install/turtlesim/lib/libturtlesim__rosidl_typesupport_introspection_cpp.so" to ""
[3.086s] -- Installing: /home/g209/ros2_ws/install/turtlesim/lib/libturtlesim__rosidl_typesupport_cpp.so
[3.086s] -- Set runtime path of "/home/g209/ros2_ws/install/turtlesim/lib/libturtlesim__rosidl_typesupport_cpp.so" to ""
[3.086s] -- Installing: /home/g209/ros2_ws/install/turtlesim/share/turtlesim/environment/pythonpath.sh
[3.086s] -- Installing: /home/g209/ros2_ws/install/turtlesim/share/turtlesim/environment/pythonpath.dsv
[3.086s] -- Installing: /home/g209/ros2_ws/install/turtlesim/local/lib/python3.10/dist-packages/turtlesim-1.4.2-py3.10.egg-info
[3.086s] -- Installing: /home/g209/ros2_ws/install/turtlesim/local/lib/python3.10/dist-packages/turtlesim-1.4.2-py3.10.egg-info/SOURCES.txt
[3.086s] -- Installing: /home/g209/ros2_ws/install/turtlesim/local/lib/python3.10/dist-packages/turtlesim-1.4.2-py3.10.egg-info/PKG-INFO
[3.086s] -- Installing: /home/g209/ros2_ws/install/turtlesim/local/lib/python3.10/dist-packages/turtlesim-1.4.2-py3.10.egg-info/top_level.txt
[3.086s] -- Installing: /home/g209/ros2_ws/install/turtlesim/local/lib/python3.10/dist-packages/turtlesim-1.4.2-py3.10.egg-info/dependency_links.txt
[3.086s] -- Installing: /home/g209/ros2_ws/install/turtlesim/local/lib/python3.10/dist-packages/turtlesim
[3.086s] -- Installing: /home/g209/ros2_ws/install/turtlesim/local/lib/python3.10/dist-packages/turtlesim/srv
[3.086s] -- Installing: /home/g209/ros2_ws/install/turtlesim/local/lib/python3.10/dist-packages/turtlesim/srv/_teleport_relative_s.c
[3.086s] -- Installing: /home/g209/ros2_ws/install/turtlesim/local/lib/python3.10/dist-packages/turtlesim/srv/_teleport_absolute.py
[3.086s] -- Installing: /home/g209/ros2_ws/install/turtlesim/local/lib/python3.10/dist-packages/turtlesim/srv/_spawn_s.c
[3.086s] -- Installing: /home/g209/ros2_ws/install/turtlesim/local/lib/python3.10/dist-packages/turtlesim/srv/_spawn.py
[3.086s] -- Installing: /home/g209/ros2_ws/install/turtlesim/local/lib/python3.10/dist-packages/turtlesim/srv/_teleport_relative.py
[3.087s] -- Installing: /home/g209/ros2_ws/install/turtlesim/local/lib/python3.10/dist-packages/turtlesim/srv/_kill.py
[3.087s] -- Installing: /home/g209/ros2_ws/install/turtlesim/local/lib/python3.10/dist-packages/turtlesim/srv/__init__.py
[3.087s] -- Installing: /home/g209/ros2_ws/install/turtlesim/local/lib/python3.10/dist-packages/turtlesim/srv/_kill_s.c
[3.087s] -- Installing: /home/g209/ros2_ws/install/turtlesim/local/lib/python3.10/dist-packages/turtlesim/srv/_set_pen.py
[3.087s] -- Installing: /home/g209/ros2_ws/install/turtlesim/local/lib/python3.10/dist-packages/turtlesim/srv/_set_pen_s.c
[3.087s] -- Installing: /home/g209/ros2_ws/install/turtlesim/local/lib/python3.10/dist-packages/turtlesim/srv/_teleport_absolute_s.c
[3.087s] -- Installing: /home/g209/ros2_ws/install/turtlesim/local/lib/python3.10/dist-packages/turtlesim/turtlesim_s__rosidl_typesupport_introspection_c.cpython-310-x86_64-linux-gnu.so
[3.087s] -- Installing: /home/g209/ros2_ws/install/turtlesim/local/lib/python3.10/dist-packages/turtlesim/_turtlesim_s.ep.rosidl_typesupport_fastrtps_c.c
[3.087s] -- Installing: /home/g209/ros2_ws/install/turtlesim/local/lib/python3.10/dist-packages/turtlesim/_turtlesim_s.ep.rosidl_typesupport_c.c
[3.087s] -- Installing: /home/g209/ros2_ws/install/turtlesim/local/lib/python3.10/dist-packages/turtlesim/msg
[3.087s] -- Installing: /home/g209/ros2_ws/install/turtlesim/local/lib/python3.10/dist-packages/turtlesim/msg/__init__.py
[3.087s] -- Installing: /home/g209/ros2_ws/install/turtlesim/local/lib/python3.10/dist-packages/turtlesim/msg/_pose_s.c
[3.087s] -- Installing: /home/g209/ros2_ws/install/turtlesim/local/lib/python3.10/dist-packages/turtlesim/msg/_color.py
[3.087s] -- Installing: /home/g209/ros2_ws/install/turtlesim/local/lib/python3.10/dist-packages/turtlesim/msg/_color_s.c
[3.087s] -- Installing: /home/g209/ros2_ws/install/turtlesim/local/lib/python3.10/dist-packages/turtlesim/msg/_pose.py
[3.087s] -- Installing: /home/g209/ros2_ws/install/turtlesim/local/lib/python3.10/dist-packages/turtlesim/__init__.py
[3.087s] -- Installing: /home/g209/ros2_ws/install/turtlesim/local/lib/python3.10/dist-packages/turtlesim/turtlesim_s__rosidl_typesupport_fastrtps_c.cpython-310-x86_64-linux-gnu.so
[3.087s] -- Installing: /home/g209/ros2_ws/install/turtlesim/local/lib/python3.10/dist-packages/turtlesim/action
[3.087s] -- Installing: /home/g209/ros2_ws/install/turtlesim/local/lib/python3.10/dist-packages/turtlesim/action/_rotate_absolute.py
[3.087s] -- Installing: /home/g209/ros2_ws/install/turtlesim/local/lib/python3.10/dist-packages/turtlesim/action/__init__.py
[3.087s] -- Installing: /home/g209/ros2_ws/install/turtlesim/local/lib/python3.10/dist-packages/turtlesim/action/_rotate_absolute_s.c
[3.087s] -- Installing: /home/g209/ros2_ws/install/turtlesim/local/lib/python3.10/dist-packages/turtlesim/libturtlesim__rosidl_generator_py.so
[3.087s] -- Installing: /home/g209/ros2_ws/install/turtlesim/local/lib/python3.10/dist-packages/turtlesim/_turtlesim_s.ep.rosidl_typesupport_introspection_c.c
[3.087s] -- Installing: /home/g209/ros2_ws/install/turtlesim/local/lib/python3.10/dist-packages/turtlesim/turtlesim_s__rosidl_typesupport_c.cpython-310-x86_64-linux-gnu.so
[3.198s] Listing '/home/g209/ros2_ws/install/turtlesim/local/lib/python3.10/dist-packages/turtlesim'...
[3.198s] Compiling '/home/g209/ros2_ws/install/turtlesim/local/lib/python3.10/dist-packages/turtlesim/__init__.py'...
[3.198s] Listing '/home/g209/ros2_ws/install/turtlesim/local/lib/python3.10/dist-packages/turtlesim/action'...
[3.198s] Compiling '/home/g209/ros2_ws/install/turtlesim/local/lib/python3.10/dist-packages/turtlesim/action/__init__.py'...
[3.198s] Compiling '/home/g209/ros2_ws/install/turtlesim/local/lib/python3.10/dist-packages/turtlesim/action/_rotate_absolute.py'...
[3.198s] Listing '/home/g209/ros2_ws/install/turtlesim/local/lib/python3.10/dist-packages/turtlesim/msg'...
[3.198s] Compiling '/home/g209/ros2_ws/install/turtlesim/local/lib/python3.10/dist-packages/turtlesim/msg/__init__.py'...
[3.198s] Compiling '/home/g209/ros2_ws/install/turtlesim/local/lib/python3.10/dist-packages/turtlesim/msg/_color.py'...
[3.198s] Compiling '/home/g209/ros2_ws/install/turtlesim/local/lib/python3.10/dist-packages/turtlesim/msg/_pose.py'...
[3.198s] Listing '/home/g209/ros2_ws/install/turtlesim/local/lib/python3.10/dist-packages/turtlesim/srv'...
[3.198s] Compiling '/home/g209/ros2_ws/install/turtlesim/local/lib/python3.10/dist-packages/turtlesim/srv/__init__.py'...
[3.198s] Compiling '/home/g209/ros2_ws/install/turtlesim/local/lib/python3.10/dist-packages/turtlesim/srv/_kill.py'...
[3.198s] Compiling '/home/g209/ros2_ws/install/turtlesim/local/lib/python3.10/dist-packages/turtlesim/srv/_set_pen.py'...
[3.198s] Compiling '/home/g209/ros2_ws/install/turtlesim/local/lib/python3.10/dist-packages/turtlesim/srv/_spawn.py'...
[3.198s] Compiling '/home/g209/ros2_ws/install/turtlesim/local/lib/python3.10/dist-packages/turtlesim/srv/_teleport_absolute.py'...
[3.198s] Compiling '/home/g209/ros2_ws/install/turtlesim/local/lib/python3.10/dist-packages/turtlesim/srv/_teleport_relative.py'...
[3.198s] -- Installing: /home/g209/ros2_ws/install/turtlesim/local/lib/python3.10/dist-packages/turtlesim/turtlesim_s__rosidl_typesupport_fastrtps_c.cpython-310-x86_64-linux-gnu.so
[3.198s] -- Set runtime path of "/home/g209/ros2_ws/install/turtlesim/local/lib/python3.10/dist-packages/turtlesim/turtlesim_s__rosidl_typesupport_fastrtps_c.cpython-310-x86_64-linux-gnu.so" to ""
[3.198s] -- Installing: /home/g209/ros2_ws/install/turtlesim/local/lib/python3.10/dist-packages/turtlesim/turtlesim_s__rosidl_typesupport_introspection_c.cpython-310-x86_64-linux-gnu.so
[3.203s] -- Set runtime path of "/home/g209/ros2_ws/install/turtlesim/local/lib/python3.10/dist-packages/turtlesim/turtlesim_s__rosidl_typesupport_introspection_c.cpython-310-x86_64-linux-gnu.so" to ""
[3.203s] -- Installing: /home/g209/ros2_ws/install/turtlesim/local/lib/python3.10/dist-packages/turtlesim/turtlesim_s__rosidl_typesupport_c.cpython-310-x86_64-linux-gnu.so
[3.203s] -- Set runtime path of "/home/g209/ros2_ws/install/turtlesim/local/lib/python3.10/dist-packages/turtlesim/turtlesim_s__rosidl_typesupport_c.cpython-310-x86_64-linux-gnu.so" to ""
[3.203s] -- Installing: /home/g209/ros2_ws/install/turtlesim/lib/libturtlesim__rosidl_generator_py.so
[3.203s] -- Set runtime path of "/home/g209/ros2_ws/install/turtlesim/lib/libturtlesim__rosidl_generator_py.so" to ""
[3.203s] -- Installing: /home/g209/ros2_ws/install/turtlesim/share/turtlesim/action/RotateAbsolute.idl
[3.203s] -- Installing: /home/g209/ros2_ws/install/turtlesim/share/turtlesim/msg/Color.idl
[3.203s] -- Installing: /home/g209/ros2_ws/install/turtlesim/share/turtlesim/msg/Pose.idl
[3.203s] -- Installing: /home/g209/ros2_ws/install/turtlesim/share/turtlesim/srv/Kill.idl
[3.203s] -- Installing: /home/g209/ros2_ws/install/turtlesim/share/turtlesim/srv/SetPen.idl
[3.203s] -- Installing: /home/g209/ros2_ws/install/turtlesim/share/turtlesim/srv/Spawn.idl
[3.203s] -- Installing: /home/g209/ros2_ws/install/turtlesim/share/turtlesim/srv/TeleportAbsolute.idl
[3.203s] -- Installing: /home/g209/ros2_ws/install/turtlesim/share/turtlesim/srv/TeleportRelative.idl
[3.203s] -- Installing: /home/g209/ros2_ws/install/turtlesim/share/turtlesim/action/RotateAbsolute.action
[3.203s] -- Installing: /home/g209/ros2_ws/install/turtlesim/share/turtlesim/msg/Color.msg
[3.203s] -- Installing: /home/g209/ros2_ws/install/turtlesim/share/turtlesim/msg/Pose.msg
[3.203s] -- Installing: /home/g209/ros2_ws/install/turtlesim/share/turtlesim/srv/Kill.srv
[3.203s] -- Installing: /home/g209/ros2_ws/install/turtlesim/share/turtlesim/srv/Kill_Request.msg
[3.203s] -- Installing: /home/g209/ros2_ws/install/turtlesim/share/turtlesim/srv/Kill_Response.msg
[3.203s] -- Installing: /home/g209/ros2_ws/install/turtlesim/share/turtlesim/srv/SetPen.srv
[3.203s] -- Installing: /home/g209/ros2_ws/install/turtlesim/share/turtlesim/srv/SetPen_Request.msg
[3.203s] -- Installing: /home/g209/ros2_ws/install/turtlesim/share/turtlesim/srv/SetPen_Response.msg
[3.203s] -- Installing: /home/g209/ros2_ws/install/turtlesim/share/turtlesim/srv/Spawn.srv
[3.203s] -- Installing: /home/g209/ros2_ws/install/turtlesim/share/turtlesim/srv/Spawn_Request.msg
[3.203s] -- Installing: /home/g209/ros2_ws/install/turtlesim/share/turtlesim/srv/Spawn_Response.msg
[3.203s] -- Installing: /home/g209/ros2_ws/install/turtlesim/share/turtlesim/srv/TeleportAbsolute.srv
[3.203s] -- Installing: /home/g209/ros2_ws/install/turtlesim/share/turtlesim/srv/TeleportAbsolute_Request.msg
[3.203s] -- Installing: /home/g209/ros2_ws/install/turtlesim/share/turtlesim/srv/TeleportAbsolute_Response.msg
[3.204s] -- Installing: /home/g209/ros2_ws/install/turtlesim/share/turtlesim/srv/TeleportRelative.srv
[3.204s] -- Installing: /home/g209/ros2_ws/install/turtlesim/share/turtlesim/srv/TeleportRelative_Request.msg
[3.204s] -- Installing: /home/g209/ros2_ws/install/turtlesim/share/turtlesim/srv/TeleportRelative_Response.msg
[3.204s] -- Installing: /home/g209/ros2_ws/install/turtlesim/lib/turtlesim/turtlesim_node
[3.204s] -- Set runtime path of "/home/g209/ros2_ws/install/turtlesim/lib/turtlesim/turtlesim_node" to ""
[3.204s] -- Installing: /home/g209/ros2_ws/install/turtlesim/lib/turtlesim/turtle_teleop_key
[3.204s] -- Set runtime path of "/home/g209/ros2_ws/install/turtlesim/lib/turtlesim/turtle_teleop_key" to ""
[3.204s] -- Installing: /home/g209/ros2_ws/install/turtlesim/lib/turtlesim/draw_square
[3.204s] -- Set runtime path of "/home/g209/ros2_ws/install/turtlesim/lib/turtlesim/draw_square" to ""
[3.204s] -- Installing: /home/g209/ros2_ws/install/turtlesim/lib/turtlesim/mimic
[3.204s] -- Set runtime path of "/home/g209/ros2_ws/install/turtlesim/lib/turtlesim/mimic" to ""
[3.204s] -- Installing: /home/g209/ros2_ws/install/turtlesim/share/turtlesim/images
[3.204s] -- Installing: /home/g209/ros2_ws/install/turtlesim/share/turtlesim/images/crystal.png
[3.210s] -- Installing: /home/g209/ros2_ws/install/turtlesim/share/turtlesim/images/dashing.png
[3.214s] -- Installing: /home/g209/ros2_ws/install/turtlesim/share/turtlesim/images/bouncy.png
[3.232s] -- Installing: /home/g209/ros2_ws/install/turtlesim/share/turtlesim/images/foxy.png
[3.233s] -- Installing: /home/g209/ros2_ws/install/turtlesim/share/turtlesim/images/humble.png
[3.239s] -- Installing: /home/g209/ros2_ws/install/turtlesim/share/turtlesim/images/ardent.png
[3.240s] -- Installing: /home/g209/ros2_ws/install/turtlesim/share/turtlesim/images/eloquent.png
[3.241s] -- Installing: /home/g209/ros2_ws/install/turtlesim/share/turtlesim/images/galactic.png
[3.245s] -- Installing: /home/g209/ros2_ws/install/turtlesim/share/turtlesim/images/rolling.png
[3.251s] -- Installing: /home/g209/ros2_ws/install/turtlesim/share/turtlesim/launch
[3.251s] -- Installing: /home/g209/ros2_ws/install/turtlesim/share/turtlesim/launch/multisim.launch.py
[3.253s] -- Installing: /home/g209/ros2_ws/install/turtlesim/share/ament_index/resource_index/package_run_dependencies/turtlesim
[3.253s] -- Installing: /home/g209/ros2_ws/install/turtlesim/share/ament_index/resource_index/parent_prefix_path/turtlesim
[3.253s] -- Installing: /home/g209/ros2_ws/install/turtlesim/share/turtlesim/environment/ament_prefix_path.sh
[3.254s] -- Installing: /home/g209/ros2_ws/install/turtlesim/share/turtlesim/environment/ament_prefix_path.dsv
[3.254s] -- Installing: /home/g209/ros2_ws/install/turtlesim/share/turtlesim/environment/path.sh
[3.254s] -- Installing: /home/g209/ros2_ws/install/turtlesim/share/turtlesim/environment/path.dsv
[3.255s] -- Installing: /home/g209/ros2_ws/install/turtlesim/share/turtlesim/local_setup.bash
[3.255s] -- Installing: /home/g209/ros2_ws/install/turtlesim/share/turtlesim/local_setup.sh
[3.255s] -- Installing: /home/g209/ros2_ws/install/turtlesim/share/turtlesim/local_setup.zsh
[3.256s] -- Installing: /home/g209/ros2_ws/install/turtlesim/share/turtlesim/local_setup.dsv
[3.256s] -- Installing: /home/g209/ros2_ws/install/turtlesim/share/turtlesim/package.dsv
[3.256s] -- Installing: /home/g209/ros2_ws/install/turtlesim/share/ament_index/resource_index/packages/turtlesim
[3.257s] -- Installing: /home/g209/ros2_ws/install/turtlesim/share/turtlesim/cmake/export_turtlesim__rosidl_generator_cExport.cmake
[3.257s] -- Installing: /home/g209/ros2_ws/install/turtlesim/share/turtlesim/cmake/export_turtlesim__rosidl_generator_cExport-noconfig.cmake
[3.257s] -- Installing: /home/g209/ros2_ws/install/turtlesim/share/turtlesim/cmake/export_turtlesim__rosidl_typesupport_fastrtps_cExport.cmake
[3.258s] -- Installing: /home/g209/ros2_ws/install/turtlesim/share/turtlesim/cmake/export_turtlesim__rosidl_typesupport_fastrtps_cExport-noconfig.cmake
[3.258s] -- Installing: /home/g209/ros2_ws/install/turtlesim/share/turtlesim/cmake/export_turtlesim__rosidl_generator_cppExport.cmake
[3.259s] -- Installing: /home/g209/ros2_ws/install/turtlesim/share/turtlesim/cmake/export_turtlesim__rosidl_typesupport_fastrtps_cppExport.cmake
[3.260s] -- Installing: /home/g209/ros2_ws/install/turtlesim/share/turtlesim/cmake/export_turtlesim__rosidl_typesupport_fastrtps_cppExport-noconfig.cmake
[3.260s] -- Installing: /home/g209/ros2_ws/install/turtlesim/share/turtlesim/cmake/turtlesim__rosidl_typesupport_introspection_cExport.cmake
[3.261s] -- Installing: /home/g209/ros2_ws/install/turtlesim/share/turtlesim/cmake/turtlesim__rosidl_typesupport_introspection_cExport-noconfig.cmake
[3.261s] -- Installing: /home/g209/ros2_ws/install/turtlesim/share/turtlesim/cmake/turtlesim__rosidl_typesupport_cExport.cmake
[3.261s] -- Installing: /home/g209/ros2_ws/install/turtlesim/share/turtlesim/cmake/turtlesim__rosidl_typesupport_cExport-noconfig.cmake
[3.262s] -- Installing: /home/g209/ros2_ws/install/turtlesim/share/turtlesim/cmake/turtlesim__rosidl_typesupport_introspection_cppExport.cmake
[3.263s] -- Installing: /home/g209/ros2_ws/install/turtlesim/share/turtlesim/cmake/turtlesim__rosidl_typesupport_introspection_cppExport-noconfig.cmake
[3.263s] -- Installing: /home/g209/ros2_ws/install/turtlesim/share/turtlesim/cmake/turtlesim__rosidl_typesupport_cppExport.cmake
[3.263s] -- Installing: /home/g209/ros2_ws/install/turtlesim/share/turtlesim/cmake/turtlesim__rosidl_typesupport_cppExport-noconfig.cmake
[3.264s] -- Installing: /home/g209/ros2_ws/install/turtlesim/share/turtlesim/cmake/export_turtlesim__rosidl_generator_pyExport.cmake
[3.264s] -- Installing: /home/g209/ros2_ws/install/turtlesim/share/turtlesim/cmake/export_turtlesim__rosidl_generator_pyExport-noconfig.cmake
[3.264s] -- Installing: /home/g209/ros2_ws/install/turtlesim/share/turtlesim/cmake/rosidl_cmake-extras.cmake
[3.264s] -- Installing: /home/g209/ros2_ws/install/turtlesim/share/turtlesim/cmake/ament_cmake_export_dependencies-extras.cmake
[3.265s] -- Installing: /home/g209/ros2_ws/install/turtlesim/share/turtlesim/cmake/ament_cmake_export_include_directories-extras.cmake
[3.265s] -- Installing: /home/g209/ros2_ws/install/turtlesim/share/turtlesim/cmake/ament_cmake_export_libraries-extras.cmake
[3.265s] -- Installing: /home/g209/ros2_ws/install/turtlesim/share/turtlesim/cmake/ament_cmake_export_targets-extras.cmake
[3.266s] -- Installing: /home/g209/ros2_ws/install/turtlesim/share/turtlesim/cmake/rosidl_cmake_export_typesupport_targets-extras.cmake
[3.266s] -- Installing: /home/g209/ros2_ws/install/turtlesim/share/turtlesim/cmake/rosidl_cmake_export_typesupport_libraries-extras.cmake
[3.266s] -- Installing: /home/g209/ros2_ws/install/turtlesim/share/turtlesim/cmake/turtlesimConfig.cmake
[3.267s] -- Installing: /home/g209/ros2_ws/install/turtlesim/share/turtlesim/cmake/turtlesimConfig-version.cmake
[3.267s] -- Installing: /home/g209/ros2_ws/install/turtlesim/share/turtlesim/package.xml
[3.277s] Invoked command in '/home/g209/ros2_ws/build/turtlesim' returned '0': CMAKE_PREFIX_PATH=${CMAKE_PREFIX_PATH}:/opt/ros/humble /usr/bin/cmake --install /home/g209/ros2_ws/build/turtlesim
