[0.056s] Invoking command in '/home/g209/workspace/build/game': CMAKE_PREFIX_PATH=/opt/ros/humble /usr/bin/cmake --build /home/g209/workspace/build/game -- -j2 -l2
[0.294s] [  3%] Built target game__cpp
[0.296s] [ 12%] Built target game__rosidl_generator_c
[0.347s] [ 21%] Built target game__rosidl_typesupport_cpp
[0.383s] [ 21%] Built target ament_cmake_python_copy_game
[0.426s] [ 30%] Built target game__rosidl_typesupport_fastrtps_c
[0.442s] [ 39%] Built target game__rosidl_typesupport_introspection_c
[0.485s] [ 48%] Built target game__rosidl_typesupport_c
[0.507s] [ 57%] Built target game__rosidl_typesupport_fastrtps_cpp
[0.555s] [ 66%] Built target game__rosidl_typesupport_introspection_cpp
[0.636s] [35m[1mConsolidate compiler generated dependencies of target controller_publisher[0m
[0.741s] [ 72%] Built target controller_publisher
[0.801s] [ 72%] Built target game
[0.879s] [ 75%] Built target game__py
[0.897s] running egg_info
[0.897s] writing game.egg-info/PKG-INFO
[0.897s] writing dependency_links to game.egg-info/dependency_links.txt
[0.897s] writing top-level names to game.egg-info/top_level.txt
[0.909s] reading manifest file 'game.egg-info/SOURCES.txt'
[0.936s] writing manifest file 'game.egg-info/SOURCES.txt'
[0.960s] [ 75%] Built target ament_cmake_python_build_game_egg
[0.963s] [ 81%] Built target game__rosidl_generator_py
[1.116s] [ 87%] Built target game__rosidl_typesupport_fastrtps_c__pyext
[1.118s] [ 93%] Built target game__rosidl_typesupport_introspection_c__pyext
[1.199s] [100%] Built target game__rosidl_typesupport_c__pyext
[1.251s] Invoked command in '/home/g209/workspace/build/game' returned '0': CMAKE_PREFIX_PATH=/opt/ros/humble /usr/bin/cmake --build /home/g209/workspace/build/game -- -j2 -l2
[1.474s] Invoking command in '/home/g209/workspace/build/game': CMAKE_PREFIX_PATH=/opt/ros/humble /usr/bin/cmake --install /home/g209/workspace/build/game
[1.487s] -- Install configuration: ""
[1.488s] -- Up-to-date: /home/g209/workspace/install/game/share/ament_index/resource_index/rosidl_interfaces/game
[1.488s] -- Up-to-date: /home/g209/workspace/install/game/include/game/game
[1.489s] -- Up-to-date: /home/g209/workspace/install/game/include/game/game/msg
[1.489s] -- Up-to-date: /home/g209/workspace/install/game/include/game/game/msg/detail
[1.489s] -- Up-to-date: /home/g209/workspace/install/game/include/game/game/msg/detail/game_state_msg__struct.h
[1.489s] -- Up-to-date: /home/g209/workspace/install/game/include/game/game/msg/detail/game_state_msg__functions.c
[1.489s] -- Up-to-date: /home/g209/workspace/install/game/include/game/game/msg/detail/game_state_msg__functions.h
[1.489s] -- Up-to-date: /home/g209/workspace/install/game/include/game/game/msg/detail/game_state_msg__type_support.h
[1.489s] -- Up-to-date: /home/g209/workspace/install/game/include/game/game/msg/rosidl_generator_c__visibility_control.h
[1.489s] -- Up-to-date: /home/g209/workspace/install/game/include/game/game/msg/game_state_msg.h
[1.489s] -- Up-to-date: /home/g209/workspace/install/game/share/game/environment/library_path.sh
[1.490s] -- Up-to-date: /home/g209/workspace/install/game/share/game/environment/library_path.dsv
[1.495s] -- Up-to-date: /home/g209/workspace/install/game/lib/libgame__rosidl_generator_c.so
[1.496s] -- Up-to-date: /home/g209/workspace/install/game/include/game/game
[1.496s] -- Up-to-date: /home/g209/workspace/install/game/include/game/game/msg
[1.496s] -- Up-to-date: /home/g209/workspace/install/game/include/game/game/msg/detail
[1.496s] -- Up-to-date: /home/g209/workspace/install/game/include/game/game/msg/detail/game_state_msg__rosidl_typesupport_fastrtps_c.h
[1.496s] -- Up-to-date: /home/g209/workspace/install/game/include/game/game/msg/rosidl_typesupport_fastrtps_c__visibility_control.h
[1.496s] -- Up-to-date: /home/g209/workspace/install/game/lib/libgame__rosidl_typesupport_fastrtps_c.so
[1.496s] -- Up-to-date: /home/g209/workspace/install/game/include/game/game
[1.496s] -- Up-to-date: /home/g209/workspace/install/game/include/game/game/msg
[1.496s] -- Up-to-date: /home/g209/workspace/install/game/include/game/game/msg/detail
[1.497s] -- Up-to-date: /home/g209/workspace/install/game/include/game/game/msg/detail/game_state_msg__type_support.c
[1.497s] -- Up-to-date: /home/g209/workspace/install/game/include/game/game/msg/detail/game_state_msg__rosidl_typesupport_introspection_c.h
[1.497s] -- Up-to-date: /home/g209/workspace/install/game/include/game/game/msg/rosidl_typesupport_introspection_c__visibility_control.h
[1.497s] -- Up-to-date: /home/g209/workspace/install/game/lib/libgame__rosidl_typesupport_introspection_c.so
[1.503s] -- Up-to-date: /home/g209/workspace/install/game/lib/libgame__rosidl_typesupport_c.so
[1.503s] -- Up-to-date: /home/g209/workspace/install/game/include/game/game
[1.504s] -- Up-to-date: /home/g209/workspace/install/game/include/game/game/msg
[1.504s] -- Up-to-date: /home/g209/workspace/install/game/include/game/game/msg/detail
[1.504s] -- Up-to-date: /home/g209/workspace/install/game/include/game/game/msg/detail/game_state_msg__traits.hpp
[1.504s] -- Up-to-date: /home/g209/workspace/install/game/include/game/game/msg/detail/game_state_msg__builder.hpp
[1.504s] -- Up-to-date: /home/g209/workspace/install/game/include/game/game/msg/detail/game_state_msg__struct.hpp
[1.504s] -- Up-to-date: /home/g209/workspace/install/game/include/game/game/msg/game_state_msg.hpp
[1.504s] -- Up-to-date: /home/g209/workspace/install/game/include/game/game
[1.504s] -- Up-to-date: /home/g209/workspace/install/game/include/game/game/msg
[1.504s] -- Up-to-date: /home/g209/workspace/install/game/include/game/game/msg/detail
[1.504s] -- Up-to-date: /home/g209/workspace/install/game/include/game/game/msg/detail/game_state_msg__rosidl_typesupport_fastrtps_cpp.hpp
[1.504s] -- Up-to-date: /home/g209/workspace/install/game/include/game/game/msg/detail/dds_fastrtps
[1.504s] -- Up-to-date: /home/g209/workspace/install/game/include/game/game/msg/rosidl_typesupport_fastrtps_cpp__visibility_control.h
[1.504s] -- Up-to-date: /home/g209/workspace/install/game/lib/libgame__rosidl_typesupport_fastrtps_cpp.so
[1.504s] -- Up-to-date: /home/g209/workspace/install/game/include/game/game
[1.504s] -- Up-to-date: /home/g209/workspace/install/game/include/game/game/msg
[1.504s] -- Up-to-date: /home/g209/workspace/install/game/include/game/game/msg/detail
[1.504s] -- Up-to-date: /home/g209/workspace/install/game/include/game/game/msg/detail/game_state_msg__type_support.cpp
[1.504s] -- Up-to-date: /home/g209/workspace/install/game/include/game/game/msg/detail/game_state_msg__rosidl_typesupport_introspection_cpp.hpp
[1.504s] -- Up-to-date: /home/g209/workspace/install/game/lib/libgame__rosidl_typesupport_introspection_cpp.so
[1.504s] -- Up-to-date: /home/g209/workspace/install/game/lib/libgame__rosidl_typesupport_cpp.so
[1.504s] -- Up-to-date: /home/g209/workspace/install/game/share/game/environment/pythonpath.sh
[1.504s] -- Up-to-date: /home/g209/workspace/install/game/share/game/environment/pythonpath.dsv
[1.504s] -- Up-to-date: /home/g209/workspace/install/game/local/lib/python3.10/dist-packages/game-0.0.0-py3.10.egg-info
[1.504s] -- Installing: /home/g209/workspace/install/game/local/lib/python3.10/dist-packages/game-0.0.0-py3.10.egg-info/SOURCES.txt
[1.504s] -- Installing: /home/g209/workspace/install/game/local/lib/python3.10/dist-packages/game-0.0.0-py3.10.egg-info/PKG-INFO
[1.504s] -- Installing: /home/g209/workspace/install/game/local/lib/python3.10/dist-packages/game-0.0.0-py3.10.egg-info/top_level.txt
[1.504s] -- Installing: /home/g209/workspace/install/game/local/lib/python3.10/dist-packages/game-0.0.0-py3.10.egg-info/dependency_links.txt
[1.504s] -- Up-to-date: /home/g209/workspace/install/game/local/lib/python3.10/dist-packages/game
[1.504s] -- Up-to-date: /home/g209/workspace/install/game/local/lib/python3.10/dist-packages/game/_game_s.ep.rosidl_typesupport_introspection_c.c
[1.504s] -- Up-to-date: /home/g209/workspace/install/game/local/lib/python3.10/dist-packages/game/msg
[1.504s] -- Up-to-date: /home/g209/workspace/install/game/local/lib/python3.10/dist-packages/game/msg/__init__.py
[1.504s] -- Up-to-date: /home/g209/workspace/install/game/local/lib/python3.10/dist-packages/game/msg/_game_state_msg.py
[1.504s] -- Up-to-date: /home/g209/workspace/install/game/local/lib/python3.10/dist-packages/game/msg/_game_state_msg_s.c
[1.505s] -- Up-to-date: /home/g209/workspace/install/game/local/lib/python3.10/dist-packages/game/game_s__rosidl_typesupport_introspection_c.cpython-310-x86_64-linux-gnu.so
[1.505s] -- Up-to-date: /home/g209/workspace/install/game/local/lib/python3.10/dist-packages/game/_game_s.ep.rosidl_typesupport_c.c
[1.505s] -- Up-to-date: /home/g209/workspace/install/game/local/lib/python3.10/dist-packages/game/__init__.py
[1.505s] -- Up-to-date: /home/g209/workspace/install/game/local/lib/python3.10/dist-packages/game/game_s__rosidl_typesupport_fastrtps_c.cpython-310-x86_64-linux-gnu.so
[1.505s] -- Up-to-date: /home/g209/workspace/install/game/local/lib/python3.10/dist-packages/game/libgame__rosidl_generator_py.so
[1.505s] -- Up-to-date: /home/g209/workspace/install/game/local/lib/python3.10/dist-packages/game/game_s__rosidl_typesupport_c.cpython-310-x86_64-linux-gnu.so
[1.505s] -- Up-to-date: /home/g209/workspace/install/game/local/lib/python3.10/dist-packages/game/_game_s.ep.rosidl_typesupport_fastrtps_c.c
[1.577s] Listing '/home/g209/workspace/install/game/local/lib/python3.10/dist-packages/game'...
[1.577s] Listing '/home/g209/workspace/install/game/local/lib/python3.10/dist-packages/game/msg'...
[1.581s] -- Up-to-date: /home/g209/workspace/install/game/local/lib/python3.10/dist-packages/game/game_s__rosidl_typesupport_fastrtps_c.cpython-310-x86_64-linux-gnu.so
[1.582s] -- Up-to-date: /home/g209/workspace/install/game/local/lib/python3.10/dist-packages/game/game_s__rosidl_typesupport_introspection_c.cpython-310-x86_64-linux-gnu.so
[1.583s] -- Up-to-date: /home/g209/workspace/install/game/local/lib/python3.10/dist-packages/game/game_s__rosidl_typesupport_c.cpython-310-x86_64-linux-gnu.so
[1.585s] -- Up-to-date: /home/g209/workspace/install/game/lib/libgame__rosidl_generator_py.so
[1.585s] -- Up-to-date: /home/g209/workspace/install/game/share/game/msg/GameStateMsg.idl
[1.585s] -- Up-to-date: /home/g209/workspace/install/game/share/game/msg/GameStateMsg.msg
[1.586s] -- Up-to-date: /home/g209/workspace/install/game/lib/game/controller_publisher
[1.586s] -- Up-to-date: /home/g209/workspace/install/game/share/ament_index/resource_index/package_run_dependencies/game
[1.586s] -- Up-to-date: /home/g209/workspace/install/game/share/ament_index/resource_index/parent_prefix_path/game
[1.586s] -- Up-to-date: /home/g209/workspace/install/game/share/game/environment/ament_prefix_path.sh
[1.586s] -- Up-to-date: /home/g209/workspace/install/game/share/game/environment/ament_prefix_path.dsv
[1.586s] -- Up-to-date: /home/g209/workspace/install/game/share/game/environment/path.sh
[1.587s] -- Up-to-date: /home/g209/workspace/install/game/share/game/environment/path.dsv
[1.587s] -- Up-to-date: /home/g209/workspace/install/game/share/game/local_setup.bash
[1.587s] -- Up-to-date: /home/g209/workspace/install/game/share/game/local_setup.sh
[1.587s] -- Up-to-date: /home/g209/workspace/install/game/share/game/local_setup.zsh
[1.587s] -- Up-to-date: /home/g209/workspace/install/game/share/game/local_setup.dsv
[1.587s] -- Installing: /home/g209/workspace/install/game/share/game/package.dsv
[1.587s] -- Up-to-date: /home/g209/workspace/install/game/share/ament_index/resource_index/packages/game
[1.588s] -- Up-to-date: /home/g209/workspace/install/game/share/game/cmake/export_game__rosidl_generator_cExport.cmake
[1.588s] -- Up-to-date: /home/g209/workspace/install/game/share/game/cmake/export_game__rosidl_generator_cExport-noconfig.cmake
[1.588s] -- Up-to-date: /home/g209/workspace/install/game/share/game/cmake/export_game__rosidl_typesupport_fastrtps_cExport.cmake
[1.589s] -- Up-to-date: /home/g209/workspace/install/game/share/game/cmake/export_game__rosidl_typesupport_fastrtps_cExport-noconfig.cmake
[1.590s] -- Up-to-date: /home/g209/workspace/install/game/share/game/cmake/game__rosidl_typesupport_introspection_cExport.cmake
[1.590s] -- Up-to-date: /home/g209/workspace/install/game/share/game/cmake/game__rosidl_typesupport_introspection_cExport-noconfig.cmake
[1.590s] -- Up-to-date: /home/g209/workspace/install/game/share/game/cmake/game__rosidl_typesupport_cExport.cmake
[1.591s] -- Up-to-date: /home/g209/workspace/install/game/share/game/cmake/game__rosidl_typesupport_cExport-noconfig.cmake
[1.591s] -- Up-to-date: /home/g209/workspace/install/game/share/game/cmake/export_game__rosidl_generator_cppExport.cmake
[1.592s] -- Up-to-date: /home/g209/workspace/install/game/share/game/cmake/export_game__rosidl_typesupport_fastrtps_cppExport.cmake
[1.592s] -- Up-to-date: /home/g209/workspace/install/game/share/game/cmake/export_game__rosidl_typesupport_fastrtps_cppExport-noconfig.cmake
[1.593s] -- Up-to-date: /home/g209/workspace/install/game/share/game/cmake/game__rosidl_typesupport_introspection_cppExport.cmake
[1.593s] -- Up-to-date: /home/g209/workspace/install/game/share/game/cmake/game__rosidl_typesupport_introspection_cppExport-noconfig.cmake
[1.594s] -- Up-to-date: /home/g209/workspace/install/game/share/game/cmake/game__rosidl_typesupport_cppExport.cmake
[1.594s] -- Up-to-date: /home/g209/workspace/install/game/share/game/cmake/game__rosidl_typesupport_cppExport-noconfig.cmake
[1.595s] -- Up-to-date: /home/g209/workspace/install/game/share/game/cmake/export_game__rosidl_generator_pyExport.cmake
[1.595s] -- Up-to-date: /home/g209/workspace/install/game/share/game/cmake/export_game__rosidl_generator_pyExport-noconfig.cmake
[1.595s] -- Up-to-date: /home/g209/workspace/install/game/share/game/cmake/rosidl_cmake-extras.cmake
[1.595s] -- Up-to-date: /home/g209/workspace/install/game/share/game/cmake/ament_cmake_export_include_directories-extras.cmake
[1.595s] -- Up-to-date: /home/g209/workspace/install/game/share/game/cmake/ament_cmake_export_libraries-extras.cmake
[1.595s] -- Up-to-date: /home/g209/workspace/install/game/share/game/cmake/ament_cmake_export_targets-extras.cmake
[1.595s] -- Up-to-date: /home/g209/workspace/install/game/share/game/cmake/rosidl_cmake_export_typesupport_targets-extras.cmake
[1.595s] -- Up-to-date: /home/g209/workspace/install/game/share/game/cmake/ament_cmake_export_dependencies-extras.cmake
[1.595s] -- Up-to-date: /home/g209/workspace/install/game/share/game/cmake/rosidl_cmake_export_typesupport_libraries-extras.cmake
[1.595s] -- Up-to-date: /home/g209/workspace/install/game/share/game/cmake/gameConfig.cmake
[1.595s] -- Up-to-date: /home/g209/workspace/install/game/share/game/cmake/gameConfig-version.cmake
[1.596s] -- Up-to-date: /home/g209/workspace/install/game/share/game/package.xml
[1.621s] Invoked command in '/home/g209/workspace/build/game' returned '0': CMAKE_PREFIX_PATH=/opt/ros/humble /usr/bin/cmake --install /home/g209/workspace/build/game
