[0.082s] Invoking command in '/home/g209/workspace/build/game': CMAKE_PREFIX_PATH=${CMAKE_PREFIX_PATH}:/opt/ros/humble /usr/bin/cmake --build /home/g209/workspace/build/game -- -j2 -l2
[0.115s] -- Found ament_cmake: 1.3.5 (/opt/ros/humble/share/ament_cmake/cmake)
[0.299s] -- Found rosidl_default_generators: 1.2.0 (/opt/ros/humble/share/rosidl_default_generators/cmake)
[0.300s] -- Using all available rosidl_typesupport_c: rosidl_typesupport_fastrtps_c;rosidl_typesupport_introspection_c
[0.303s] -- Found rosidl_adapter: 3.1.5 (/opt/ros/humble/share/rosidl_adapter/cmake)
[0.323s] -- Using all available rosidl_typesupport_cpp: rosidl_typesupport_fastrtps_cpp;rosidl_typesupport_introspection_cpp
[0.344s] -- Found rclcpp: 16.0.6 (/opt/ros/humble/share/rclcpp/cmake)
[0.438s] -- Found rmw_implementation_cmake: 6.1.1 (/opt/ros/humble/share/rmw_implementation_cmake/cmake)
[0.443s] -- Found rmw_fastrtps_cpp: 6.2.4 (/opt/ros/humble/share/rmw_fastrtps_cpp/cmake)
[0.590s] -- Using RMW implementation 'rmw_fastrtps_cpp' as default
[0.907s] [31mCMake Error at /opt/ros/humble/share/rosidl_adapter/cmake/rosidl_adapt_interfaces.cmake:59 (message):
[0.907s]   execute_process(/usr/bin/python3.10 -m rosidl_adapter --package-name game
[0.908s]   --arguments-file
[0.908s]   /home/g209/workspace/build/game/rosidl_adapter__arguments__game.json
[0.908s]   --output-dir /home/g209/workspace/build/game/rosidl_adapter/game
[0.908s]   --output-file /home/g209/workspace/build/game/rosidl_adapter/game.idls)
[0.908s]   returned error code 1:
[0.908s] 
[0.908s]   Error processing 'int32 FirstPlayerID' of 'game/GameStateMsg':
[0.908s]   ''FirstPlayerID' is an invalid field name.  It should have the pattern
[0.908s]   '^(?!.*__)(?!.*_$)[a-z][a-z0-9_]*$''
[0.908s] 
[0.908s]   Traceback (most recent call last):
[0.908s] 
[0.908s]     File "/usr/lib/python3.10/runpy.py", line 196, in _run_module_as_main
[0.908s]       return _run_code(code, main_globals, None,
[0.908s]     File "/usr/lib/python3.10/runpy.py", line 86, in _run_code
[0.908s]       exec(code, run_globals)
[0.908s]     File "/opt/ros/humble/local/lib/python3.10/dist-packages/rosidl_adapter/__main__.py", line 19, in <module>
[0.908s]       sys.exit(main())
[0.909s]     File "/opt/ros/humble/local/lib/python3.10/dist-packages/rosidl_adapter/main.py", line 53, in main
[0.909s]       abs_idl_file = convert_to_idl(
[0.909s]     File "/opt/ros/humble/local/lib/python3.10/dist-packages/rosidl_adapter/__init__.py", line 19, in convert_to_idl
[0.909s]       return convert_msg_to_idl(
[0.909s]     File "/opt/ros/humble/local/lib/python3.10/dist-packages/rosidl_adapter/msg/__init__.py", line 28, in convert_msg_to_idl
[0.909s]       msg = parse_message_string(package_name, input_file.stem, content)
[0.909s]     File "/opt/ros/humble/local/lib/python3.10/dist-packages/rosidl_adapter/parser.py", line 519, in parse_message_string
[0.909s]       fields.append(Field(
[0.909s]     File "/opt/ros/humble/local/lib/python3.10/dist-packages/rosidl_adapter/parser.py", line 354, in __init__
[0.909s]       raise NameError(
[0.909s] 
[0.909s]   NameError: 'FirstPlayerID' is an invalid field name.  It should have the
[0.909s]   pattern '^(?!.*__)(?!.*_$)[a-z][a-z0-9_]*$'
[0.909s] 
[0.909s] Call Stack (most recent call first):
[0.909s]   /opt/ros/humble/share/rosidl_cmake/cmake/rosidl_generate_interfaces.cmake:130 (rosidl_adapt_interfaces)
[0.909s]   CMakeLists.txt:16 (rosidl_generate_interfaces)
[0.909s] 
[0.909s] [0m
[0.916s] -- Configuring incomplete, errors occurred!
[0.916s] See also "/home/g209/workspace/build/game/CMakeFiles/CMakeOutput.log".
[0.917s] gmake: *** [Makefile:788: cmake_check_build_system] Fehler 1
[0.921s] Invoked command in '/home/g209/workspace/build/game' returned '2': CMAKE_PREFIX_PATH=${CMAKE_PREFIX_PATH}:/opt/ros/humble /usr/bin/cmake --build /home/g209/workspace/build/game -- -j2 -l2
