[  3%] Built target game__cpp
[ 12%] Built target game__rosidl_generator_c
[ 12%] Built target ament_cmake_python_copy_game
[ 21%] Built target game__rosidl_typesupport_cpp
[ 30%] Built target game__rosidl_typesupport_fastrtps_c
[ 39%] Built target game__rosidl_typesupport_introspection_c
[ 48%] Built target game__rosidl_typesupport_c
[ 57%] Built target game__rosidl_typesupport_fastrtps_cpp
[ 66%] Built target game__rosidl_typesupport_introspection_cpp
[35m[1mConsolidate compiler generated dependencies of target controller_publisher[0m
[ 69%] [32mBuilding CXX object CMakeFiles/controller_publisher.dir/src/controller_publisher.cpp.o[0m
running egg_info
writing game.egg-info/PKG-INFO
writing dependency_links to game.egg-info/dependency_links.txt
writing top-level names to game.egg-info/top_level.txt
reading manifest file 'game.egg-info/SOURCES.txt'
writing manifest file 'game.egg-info/SOURCES.txt'
[ 69%] Built target ament_cmake_python_build_game_egg
[ 69%] Built target game
[ 72%] Built target game__py
[ 78%] Built target game__rosidl_generator_py
[ 84%] Built target game__rosidl_typesupport_fastrtps_c__pyext
[ 90%] Built target game__rosidl_typesupport_introspection_c__pyext
[ 96%] Built target game__rosidl_typesupport_c__pyext
[01m[K/home/g209/workspace/src/game/src/controller_publisher.cpp:[m[K In member function ‘[01m[Kvoid ControllerPublisher::handlePlayerMove(game::msg::GameStateMsg_<std::allocator<void> >::SharedPtr)[m[K’:
[01m[K/home/g209/workspace/src/game/src/controller_publisher.cpp:61:37:[m[K [01;31m[Kerror: [m[Kbase operand of ‘[01m[K->[m[K’ has non-pointer type ‘[01m[Kgame::msg::GameStateMsg[m[K’ {aka ‘[01m[Kgame::msg::GameStateMsg_<std::allocator<void> >[m[K’}
   61 |                         player_state[01;31m[K->[m[Kfirst_player_id = game_state_msg->first_player_id;
      |                                     [01;31m[K^~[m[K
[01m[K/home/g209/workspace/src/game/src/controller_publisher.cpp:62:37:[m[K [01;31m[Kerror: [m[Kbase operand of ‘[01m[K->[m[K’ has non-pointer type ‘[01m[Kgame::msg::GameStateMsg[m[K’ {aka ‘[01m[Kgame::msg::GameStateMsg_<std::allocator<void> >[m[K’}
   62 |                         player_state[01;31m[K->[m[Kdice_result = game_state_msg->dice_result;
      |                                     [01;31m[K^~[m[K
[01m[K/home/g209/workspace/src/game/src/controller_publisher.cpp:63:37:[m[K [01;31m[Kerror: [m[Kbase operand of ‘[01m[K->[m[K’ has non-pointer type ‘[01m[Kgame::msg::GameStateMsg[m[K’ {aka ‘[01m[Kgame::msg::GameStateMsg_<std::allocator<void> >[m[K’}
   63 |                         player_state[01;31m[K->[m[Kgame_message = game_state_msg->game_message;
      |                                     [01;31m[K^~[m[K
gmake[2]: *** [CMakeFiles/controller_publisher.dir/build.make:76: CMakeFiles/controller_publisher.dir/src/controller_publisher.cpp.o] Fehler 1
gmake[1]: *** [CMakeFiles/Makefile2:593: CMakeFiles/controller_publisher.dir/all] Fehler 2
gmake: *** [Makefile:146: all] Fehler 2
