[0.083s] Invoking command in '/home/g209/workspace/build/game': CMAKE_PREFIX_PATH=${CMAKE_PREFIX_PATH}:/opt/ros/humble /usr/bin/cmake --build /home/g209/workspace/build/game -- -j2 -l2
[0.221s] [  3%] Built target game__cpp
[0.224s] [ 12%] Built target game__rosidl_generator_c
[0.296s] [ 12%] Built target ament_cmake_python_copy_game
[0.353s] [ 21%] Built target game__rosidl_typesupport_cpp
[0.368s] [ 30%] Built target game__rosidl_typesupport_fastrtps_c
[0.435s] [ 39%] Built target game__rosidl_typesupport_introspection_c
[0.435s] [ 48%] Built target game__rosidl_typesupport_c
[0.496s] [ 57%] Built target game__rosidl_typesupport_fastrtps_cpp
[0.498s] [ 66%] Built target game__rosidl_typesupport_introspection_cpp
[0.518s] [35m[1mConsolidate compiler generated dependencies of target controller_publisher[0m
[0.580s] [ 69%] [32mBuilding CXX object CMakeFiles/controller_publisher.dir/src/controller_publisher.cpp.o[0m
[0.755s] running egg_info
[0.756s] writing game.egg-info/PKG-INFO
[0.756s] writing dependency_links to game.egg-info/dependency_links.txt
[0.761s] writing top-level names to game.egg-info/top_level.txt
[0.764s] reading manifest file 'game.egg-info/SOURCES.txt'
[0.765s] writing manifest file 'game.egg-info/SOURCES.txt'
[0.796s] [ 69%] Built target ament_cmake_python_build_game_egg
[0.827s] [ 69%] Built target game
[0.886s] [ 72%] Built target game__py
[0.925s] [ 78%] Built target game__rosidl_generator_py
[0.957s] [ 84%] Built target game__rosidl_typesupport_fastrtps_c__pyext
[0.992s] [ 90%] Built target game__rosidl_typesupport_introspection_c__pyext
[1.033s] [ 96%] Built target game__rosidl_typesupport_c__pyext
[2.904s] [01m[K/home/g209/workspace/src/game/src/controller_publisher.cpp:[m[K In member function ‘[01m[Kvoid ControllerPublisher::handlePlayerMove(game::msg::GameStateMsg_<std::allocator<void> >::SharedPtr)[m[K’:
[2.904s] [01m[K/home/g209/workspace/src/game/src/controller_publisher.cpp:61:37:[m[K [01;31m[Kerror: [m[Kbase operand of ‘[01m[K->[m[K’ has non-pointer type ‘[01m[Kgame::msg::GameStateMsg[m[K’ {aka ‘[01m[Kgame::msg::GameStateMsg_<std::allocator<void> >[m[K’}
[2.904s]    61 |                         player_state[01;31m[K->[m[Kfirst_player_id = game_state_msg->first_player_id;
[2.904s]       |                                     [01;31m[K^~[m[K
[2.904s] [01m[K/home/g209/workspace/src/game/src/controller_publisher.cpp:62:37:[m[K [01;31m[Kerror: [m[Kbase operand of ‘[01m[K->[m[K’ has non-pointer type ‘[01m[Kgame::msg::GameStateMsg[m[K’ {aka ‘[01m[Kgame::msg::GameStateMsg_<std::allocator<void> >[m[K’}
[2.904s]    62 |                         player_state[01;31m[K->[m[Kdice_result = game_state_msg->dice_result;
[2.904s]       |                                     [01;31m[K^~[m[K
[2.904s] [01m[K/home/g209/workspace/src/game/src/controller_publisher.cpp:63:37:[m[K [01;31m[Kerror: [m[Kbase operand of ‘[01m[K->[m[K’ has non-pointer type ‘[01m[Kgame::msg::GameStateMsg[m[K’ {aka ‘[01m[Kgame::msg::GameStateMsg_<std::allocator<void> >[m[K’}
[2.905s]    63 |                         player_state[01;31m[K->[m[Kgame_message = game_state_msg->game_message;
[2.905s]       |                                     [01;31m[K^~[m[K
[5.329s] gmake[2]: *** [CMakeFiles/controller_publisher.dir/build.make:76: CMakeFiles/controller_publisher.dir/src/controller_publisher.cpp.o] Fehler 1
[5.330s] gmake[1]: *** [CMakeFiles/Makefile2:593: CMakeFiles/controller_publisher.dir/all] Fehler 2
[5.335s] gmake: *** [Makefile:146: all] Fehler 2
[5.345s] Invoked command in '/home/g209/workspace/build/game' returned '2': CMAKE_PREFIX_PATH=${CMAKE_PREFIX_PATH}:/opt/ros/humble /usr/bin/cmake --build /home/g209/workspace/build/game -- -j2 -l2
