[1.543s] DEBUG:colcon:Command line arguments: ['/usr/bin/colcon', 'build', '--packages-select', 'game']
[1.543s] DEBUG:colcon:Parsed command line arguments: Namespace(log_base=None, log_level=None, verb_name='build', build_base='build', install_base='install', merge_install=False, symlink_install=False, test_result_base=None, continue_on_error=False, executor='parallel', parallel_workers=2, event_handlers=None, ignore_user_meta=False, metas=['./colcon.meta'], base_paths=['.'], packages_ignore=None, packages_ignore_regex=None, paths=None, packages_up_to=None, packages_up_to_regex=None, packages_above=None, packages_above_and_dependencies=None, packages_above_depth=None, packages_select_by_dep=None, packages_skip_by_dep=None, packages_skip_up_to=None, packages_select_build_failed=False, packages_skip_build_finished=False, packages_select_test_failures=False, packages_skip_test_passed=False, packages_select=['game'], packages_skip=None, packages_select_regex=None, packages_skip_regex=None, packages_start=None, packages_end=None, allow_overriding=[], cmake_args=None, cmake_target=None, cmake_target_skip_unavailable=False, cmake_clean_cache=False, cmake_clean_first=False, cmake_force_configure=False, ament_cmake_args=None, catkin_cmake_args=None, catkin_skip_building_tests=False, verb_parser=<colcon_defaults.argument_parser.defaults.DefaultArgumentsDecorator object at 0x7ff659d6c370>, verb_extension=<colcon_core.verb.build.BuildVerb object at 0x7ff659da3e80>, main=<bound method BuildVerb.main of <colcon_core.verb.build.BuildVerb object at 0x7ff659da3e80>>)
[1.661s] Level 1:colcon.colcon_core.package_discovery:discover_packages(colcon_meta) check parameters
[1.661s] Level 1:colcon.colcon_core.package_discovery:discover_packages(recursive) check parameters
[1.661s] Level 1:colcon.colcon_core.package_discovery:discover_packages(ignore) check parameters
[1.661s] Level 1:colcon.colcon_core.package_discovery:discover_packages(path) check parameters
[1.661s] Level 1:colcon.colcon_core.package_discovery:discover_packages(colcon_meta) discover
[1.661s] Level 1:colcon.colcon_core.package_discovery:discover_packages(recursive) discover
[1.661s] INFO:colcon.colcon_core.package_discovery:Crawling recursively for packages in '/home/g209/ros2_ws/src/game'
[1.661s] Level 1:colcon.colcon_core.package_identification:_identify(.) by extensions ['ignore', 'ignore_ament_install']
[1.661s] Level 1:colcon.colcon_core.package_identification:_identify(.) by extension 'ignore'
[1.661s] Level 1:colcon.colcon_core.package_identification:_identify(.) by extension 'ignore_ament_install'
[1.661s] Level 1:colcon.colcon_core.package_identification:_identify(.) by extensions ['colcon_pkg']
[1.661s] Level 1:colcon.colcon_core.package_identification:_identify(.) by extension 'colcon_pkg'
[1.661s] Level 1:colcon.colcon_core.package_identification:_identify(.) by extensions ['colcon_meta']
[1.661s] Level 1:colcon.colcon_core.package_identification:_identify(.) by extension 'colcon_meta'
[1.661s] Level 1:colcon.colcon_core.package_identification:_identify(.) by extensions ['ros']
[1.661s] Level 1:colcon.colcon_core.package_identification:_identify(.) by extension 'ros'
[1.684s] DEBUG:colcon.colcon_core.package_identification:Package '.' with type 'ros.ament_cmake' and name 'game'
[1.684s] Level 1:colcon.colcon_core.package_discovery:discover_packages(recursive) using defaults
[1.684s] Level 1:colcon.colcon_core.package_discovery:discover_packages(ignore) discover
[1.684s] Level 1:colcon.colcon_core.package_discovery:discover_packages(ignore) using defaults
[1.684s] Level 1:colcon.colcon_core.package_discovery:discover_packages(path) discover
[1.684s] Level 1:colcon.colcon_core.package_discovery:discover_packages(path) using defaults
[1.781s] Level 1:colcon.colcon_core.package_discovery:discover_packages(prefix_path) check parameters
[1.781s] Level 1:colcon.colcon_core.package_discovery:discover_packages(prefix_path) discover
[1.802s] DEBUG:colcon.colcon_installed_package_information.package_discovery:Found 282 installed packages in /opt/ros/humble
[1.803s] Level 1:colcon.colcon_core.package_discovery:discover_packages(prefix_path) using defaults
[1.856s] Level 5:colcon.colcon_core.verb:set package 'game' build argument 'cmake_args' from command line to 'None'
[1.856s] Level 5:colcon.colcon_core.verb:set package 'game' build argument 'cmake_target' from command line to 'None'
[1.856s] Level 5:colcon.colcon_core.verb:set package 'game' build argument 'cmake_target_skip_unavailable' from command line to 'False'
[1.856s] Level 5:colcon.colcon_core.verb:set package 'game' build argument 'cmake_clean_cache' from command line to 'False'
[1.856s] Level 5:colcon.colcon_core.verb:set package 'game' build argument 'cmake_clean_first' from command line to 'False'
[1.856s] Level 5:colcon.colcon_core.verb:set package 'game' build argument 'cmake_force_configure' from command line to 'False'
[1.856s] Level 5:colcon.colcon_core.verb:set package 'game' build argument 'ament_cmake_args' from command line to 'None'
[1.856s] Level 5:colcon.colcon_core.verb:set package 'game' build argument 'catkin_cmake_args' from command line to 'None'
[1.856s] Level 5:colcon.colcon_core.verb:set package 'game' build argument 'catkin_skip_building_tests' from command line to 'False'
[1.856s] DEBUG:colcon.colcon_core.verb:Building package 'game' with the following arguments: {'ament_cmake_args': None, 'build_base': '/home/g209/ros2_ws/src/game/build/game', 'catkin_cmake_args': None, 'catkin_skip_building_tests': False, 'cmake_args': None, 'cmake_clean_cache': False, 'cmake_clean_first': False, 'cmake_force_configure': False, 'cmake_target': None, 'cmake_target_skip_unavailable': False, 'install_base': '/home/g209/ros2_ws/src/game/install/game', 'merge_install': False, 'path': '/home/g209/ros2_ws/src/game', 'symlink_install': False, 'test_result_base': None}
[1.863s] INFO:colcon.colcon_core.executor:Executing jobs using 'parallel' executor
[1.871s] DEBUG:colcon.colcon_parallel_executor.executor.parallel:run_until_complete
[1.872s] INFO:colcon.colcon_ros.task.ament_cmake.build:Building ROS package in '/home/g209/ros2_ws/src/game' with build type 'ament_cmake'
[1.872s] INFO:colcon.colcon_cmake.task.cmake.build:Building CMake package in '/home/g209/ros2_ws/src/game'
[1.895s] INFO:colcon.colcon_core.plugin_system:Skipping extension 'colcon_core.shell.bat': Not used on non-Windows systems
[1.895s] INFO:colcon.colcon_core.shell:Skip shell extension 'powershell' for command environment: Not usable outside of PowerShell
[1.895s] DEBUG:colcon.colcon_core.shell:Skip shell extension 'dsv' for command environment
[1.925s] DEBUG:colcon.colcon_core.event_handler.log_command:Invoking command in '/home/g209/ros2_ws/src/game/build/game': CMAKE_PREFIX_PATH=/opt/ros/humble /usr/bin/cmake /home/g209/ros2_ws/src/game -DCMAKE_INSTALL_PREFIX=/home/g209/ros2_ws/src/game/install/game
[4.489s] DEBUG:colcon.colcon_core.event_handler.log_command:Invoked command in '/home/g209/ros2_ws/src/game/build/game' returned '0': CMAKE_PREFIX_PATH=/opt/ros/humble /usr/bin/cmake /home/g209/ros2_ws/src/game -DCMAKE_INSTALL_PREFIX=/home/g209/ros2_ws/src/game/install/game
[4.492s] DEBUG:colcon.colcon_core.event_handler.log_command:Invoking command in '/home/g209/ros2_ws/src/game/build/game': CMAKE_PREFIX_PATH=/opt/ros/humble /usr/bin/cmake --build /home/g209/ros2_ws/src/game/build/game -- -j2 -l2
[5.605s] DEBUG:colcon.colcon_core.event_handler.log_command:Invoked command in '/home/g209/ros2_ws/src/game/build/game' returned '2': CMAKE_PREFIX_PATH=/opt/ros/humble /usr/bin/cmake --build /home/g209/ros2_ws/src/game/build/game -- -j2 -l2
[5.729s] Level 1:colcon.colcon_core.environment:create_environment_scripts_only(game)
[5.766s] Level 1:colcon.colcon_core.environment:checking '/home/g209/ros2_ws/src/game/install/game' for CMake module files
[5.766s] Level 1:colcon.colcon_core.environment:checking '/home/g209/ros2_ws/src/game/install/game' for CMake config files
[5.767s] Level 1:colcon.colcon_core.environment:checking '/home/g209/ros2_ws/src/game/install/game/bin'
[5.767s] Level 1:colcon.colcon_core.environment:checking '/home/g209/ros2_ws/src/game/install/game/lib/pkgconfig/game.pc'
[5.767s] Level 1:colcon.colcon_core.environment:checking '/home/g209/ros2_ws/src/game/install/game/lib/python3.10/site-packages'
[5.767s] Level 1:colcon.colcon_core.environment:checking '/home/g209/ros2_ws/src/game/install/game/bin'
[5.775s] INFO:colcon.colcon_core.shell:Creating package script '/home/g209/ros2_ws/src/game/install/game/share/game/package.ps1'
[5.776s] INFO:colcon.colcon_core.shell:Creating package descriptor '/home/g209/ros2_ws/src/game/install/game/share/game/package.dsv'
[5.777s] INFO:colcon.colcon_core.shell:Creating package script '/home/g209/ros2_ws/src/game/install/game/share/game/package.sh'
[5.778s] INFO:colcon.colcon_core.shell:Creating package script '/home/g209/ros2_ws/src/game/install/game/share/game/package.bash'
[5.779s] INFO:colcon.colcon_core.shell:Creating package script '/home/g209/ros2_ws/src/game/install/game/share/game/package.zsh'
[5.780s] Level 1:colcon.colcon_core.environment:create_file_with_runtime_dependencies(/home/g209/ros2_ws/src/game/install/game/share/colcon-core/packages/game)
[5.781s] DEBUG:colcon.colcon_parallel_executor.executor.parallel:closing loop
[5.781s] DEBUG:colcon.colcon_parallel_executor.executor.parallel:loop closed
[5.781s] DEBUG:colcon.colcon_parallel_executor.executor.parallel:run_until_complete finished with '2'
[5.781s] DEBUG:colcon.colcon_core.event_reactor:joining thread
[5.801s] INFO:colcon.colcon_core.plugin_system:Skipping extension 'colcon_notification.desktop_notification.terminal_notifier': Not used on non-Darwin systems
[5.802s] INFO:colcon.colcon_core.plugin_system:Skipping extension 'colcon_notification.desktop_notification.win32': Not used on non-Windows systems
[5.802s] INFO:colcon.colcon_notification.desktop_notification:Sending desktop notification using 'notify2'
[5.820s] DEBUG:colcon.colcon_core.event_reactor:joined thread
[5.828s] INFO:colcon.colcon_core.shell:Creating prefix script '/home/g209/ros2_ws/src/game/install/local_setup.ps1'
[5.830s] INFO:colcon.colcon_core.shell:Creating prefix util module '/home/g209/ros2_ws/src/game/install/_local_setup_util_ps1.py'
[5.843s] INFO:colcon.colcon_core.shell:Creating prefix chain script '/home/g209/ros2_ws/src/game/install/setup.ps1'
[5.864s] INFO:colcon.colcon_core.shell:Creating prefix script '/home/g209/ros2_ws/src/game/install/local_setup.sh'
[5.866s] INFO:colcon.colcon_core.shell:Creating prefix util module '/home/g209/ros2_ws/src/game/install/_local_setup_util_sh.py'
[5.866s] INFO:colcon.colcon_core.shell:Creating prefix chain script '/home/g209/ros2_ws/src/game/install/setup.sh'
[5.876s] INFO:colcon.colcon_core.shell:Creating prefix script '/home/g209/ros2_ws/src/game/install/local_setup.bash'
[5.880s] INFO:colcon.colcon_core.shell:Creating prefix chain script '/home/g209/ros2_ws/src/game/install/setup.bash'
[5.897s] INFO:colcon.colcon_core.shell:Creating prefix script '/home/g209/ros2_ws/src/game/install/local_setup.zsh'
[5.898s] INFO:colcon.colcon_core.shell:Creating prefix chain script '/home/g209/ros2_ws/src/game/install/setup.zsh'
