[0.074s] Invoking command in '/home/g209/workspace/build/game': CMAKE_PREFIX_PATH=${CMAKE_PREFIX_PATH}:/opt/ros/humble /usr/bin/cmake --build /home/g209/workspace/build/game -- -j2 -l2
[0.170s] [  6%] Built target game__cpp
[0.174s] [ 12%] Built target game__rosidl_generator_c
[0.219s] [ 21%] Built target game__rosidl_typesupport_cpp
[0.239s] [ 21%] Built target ament_cmake_python_copy_game
[0.266s] [ 30%] Built target game__rosidl_typesupport_fastrtps_c
[0.311s] [ 39%] Built target game__rosidl_typesupport_introspection_c
[0.327s] [ 48%] Built target game__rosidl_typesupport_c
[0.351s] [ 57%] Built target game__rosidl_typesupport_fastrtps_cpp
[0.401s] [ 66%] Built target game__rosidl_typesupport_introspection_cpp
[0.447s] [35m[1mConsolidate compiler generated dependencies of target controller_publisher[0m
[0.582s] running egg_info
[0.583s] writing game.egg-info/PKG-INFO
[0.585s] writing dependency_links to game.egg-info/dependency_links.txt
[0.585s] writing top-level names to game.egg-info/top_level.txt
[0.597s] reading manifest file 'game.egg-info/SOURCES.txt'
[0.597s] writing manifest file 'game.egg-info/SOURCES.txt'
[0.637s] [ 69%] [32mBuilding CXX object CMakeFiles/controller_publisher.dir/src/controller_publisher.cpp.o[0m
[0.656s] [ 69%] Built target ament_cmake_python_build_game_egg
[0.746s] [ 69%] Built target game
[2.096s] [ 72%] Built target game__py
[2.373s] [01m[K/home/g209/workspace/src/game/src/controller_publisher.cpp:[m[K In member function ‘[01m[Kvoid ControllerPublisher::handlePlayerMove(game::msg::GameStateMsg_<std::allocator<void> >::SharedPtr)[m[K’:
[2.373s] [01m[K/home/g209/workspace/src/game/src/controller_publisher.cpp:41:64:[m[K [01;31m[Kerror: [m[K‘[01m[Kconst SharedPtr[m[K’ {aka ‘[01m[Kconst class std::shared_ptr<game::msg::GameStateMsg_<std::allocator<void> > >[m[K’} has no member named ‘[01m[Kfirst_player_id[m[K’
[2.373s]    41 |                                                 game_state_msg.[01;31m[Kfirst_player_id[m[K = player1;
[2.373s]       |                                                                [01;31m[K^~~~~~~~~~~~~~~[m[K
[2.406s] [01m[K/home/g209/workspace/src/game/src/controller_publisher.cpp:46:64:[m[K [01;31m[Kerror: [m[K‘[01m[Kconst SharedPtr[m[K’ {aka ‘[01m[Kconst class std::shared_ptr<game::msg::GameStateMsg_<std::allocator<void> > >[m[K’} has no member named ‘[01m[Kfirst_player_id[m[K’
[2.406s]    46 |                                                 game_state_msg.[01;31m[Kfirst_player_id[m[K = player2;
[2.406s]       |                                                                [01;31m[K^~~~~~~~~~~~~~~[m[K
[2.406s] [01m[K/home/g209/workspace/src/game/src/controller_publisher.cpp:49:48:[m[K [01;31m[Kerror: [m[K‘[01m[Kconst SharedPtr[m[K’ {aka ‘[01m[Kconst class std::shared_ptr<game::msg::GameStateMsg_<std::allocator<void> > >[m[K’} has no member named ‘[01m[Kdice_result[m[K’
[2.406s]    49 |                                 game_state_msg.[01;31m[Kdice_result[m[K = rollDice();
[2.406s]       |                                                [01;31m[K^~~~~~~~~~~[m[K
[2.406s] [01m[K/home/g209/workspace/src/game/src/controller_publisher.cpp:56:48:[m[K [01;31m[Kerror: [m[K‘[01m[Kconst SharedPtr[m[K’ {aka ‘[01m[Kconst class std::shared_ptr<game::msg::GameStateMsg_<std::allocator<void> > >[m[K’} has no member named ‘[01m[Kdice_result[m[K’
[2.406s]    56 |                                 game_state_msg.[01;31m[Kdice_result[m[K = 0; // Game already won
[2.406s]       |                                                [01;31m[K^~~~~~~~~~~[m[K
[2.406s] [01m[K/home/g209/workspace/src/game/src/controller_publisher.cpp:57:48:[m[K [01;31m[Kerror: [m[K‘[01m[Kconst SharedPtr[m[K’ {aka ‘[01m[Kconst class std::shared_ptr<game::msg::GameStateMsg_<std::allocator<void> > >[m[K’} has no member named ‘[01m[Kgame_message[m[K’
[2.406s]    57 |                                 game_state_msg.[01;31m[Kgame_message[m[K =  "Player " + std::to_string(game_state_msg.first_player_id)  + "won the game";
[2.406s]       |                                                [01;31m[K^~~~~~~~~~~~[m[K
[2.406s] [01m[K/home/g209/workspace/src/game/src/controller_publisher.cpp:57:106:[m[K [01;31m[Kerror: [m[K‘[01m[Kconst SharedPtr[m[K’ {aka ‘[01m[Kconst class std::shared_ptr<game::msg::GameStateMsg_<std::allocator<void> > >[m[K’} has no member named ‘[01m[Kfirst_player_id[m[K’
[2.406s]    57 |                                 game_state_msg.game_message =  "Player " + std::to_string(game_state_msg.[01;31m[Kfirst_player_id[m[K)  + "won the game";
[2.406s]       |                                                                                                          [01;31m[K^~~~~~~~~~~~~~~[m[K
[2.407s] [01m[K/home/g209/workspace/src/game/src/controller_publisher.cpp:60:55:[m[K [01;31m[Kerror: [m[Kno matching function for call to ‘[01m[Krclcpp::Publisher<game::msg::GameStateMsg_<std::allocator<void> > >::publish(const SharedPtr&)[m[K’
[2.407s]    60 |                         [01;31m[Kgame_state_publisher_->publish(game_state_msg)[m[K;
[2.407s]       |                         [01;31m[K~~~~~~~~~~~~~~~~~~~~~~~~~~~~~~^~~~~~~~~~~~~~~~[m[K
[2.407s] In file included from [01m[K/opt/ros/humble/include/rclcpp/rclcpp/topic_statistics/subscription_topic_statistics.hpp:31[m[K,
[2.407s]                  from [01m[K/opt/ros/humble/include/rclcpp/rclcpp/subscription.hpp:50[m[K,
[2.407s]                  from [01m[K/opt/ros/humble/include/rclcpp/rclcpp/any_executable.hpp:25[m[K,
[2.407s]                  from [01m[K/opt/ros/humble/include/rclcpp/rclcpp/memory_strategy.hpp:25[m[K,
[2.407s]                  from [01m[K/opt/ros/humble/include/rclcpp/rclcpp/memory_strategies.hpp:18[m[K,
[2.407s]                  from [01m[K/opt/ros/humble/include/rclcpp/rclcpp/executor_options.hpp:20[m[K,
[2.407s]                  from [01m[K/opt/ros/humble/include/rclcpp/rclcpp/executor.hpp:37[m[K,
[2.407s]                  from [01m[K/opt/ros/humble/include/rclcpp/rclcpp/executors/multi_threaded_executor.hpp:25[m[K,
[2.407s]                  from [01m[K/opt/ros/humble/include/rclcpp/rclcpp/executors.hpp:21[m[K,
[2.407s]                  from [01m[K/opt/ros/humble/include/rclcpp/rclcpp/rclcpp.hpp:155[m[K,
[2.407s]                  from [01m[K/home/g209/workspace/src/game/src/controller_publisher.cpp:4[m[K:
[2.407s] [01m[K/opt/ros/humble/include/rclcpp/rclcpp/publisher.hpp:251:3:[m[K [01;36m[Knote: [m[Kcandidate: ‘[01m[Ktemplate<class T> std::enable_if_t<(rosidl_generator_traits::is_message<T>::value && std::is_same<T, typename rclcpp::TypeAdapter<MessageT>::ros_message_type>::value)> rclcpp::Publisher<MessageT, AllocatorT>::publish(std::unique_ptr<T, typename std::conditional<std::is_same<typename std::allocator_traits<typename std::allocator_traits<_Allocator>::rebind_traits<typename rclcpp::TypeAdapter<MessageT, void, void>::ros_message_type>::allocator_type>::rebind_alloc<typename rclcpp::TypeAdapter<MessageT, void, void>::ros_message_type>, std::allocator<typename rclcpp::TypeAdapter<MessageT>::ros_message_type> >::value, std::default_delete<typename rclcpp::TypeAdapter<MessageT>::ros_message_type>, rclcpp::allocator::AllocatorDeleter<typename std::allocator_traits<_Allocator>::rebind_traits<typename rclcpp::TypeAdapter<MessageT, void, void>::ros_message_type>::allocator_type> >::type>) [with T = T; MessageT = game::msg::GameStateMsg_<std::allocator<void> >; AllocatorT = std::allocator<void>][m[K’
[2.407s]   251 |   [01;36m[Kpublish[m[K(std::unique_ptr<T, ROSMessageTypeDeleter> msg)
[2.407s]       |   [01;36m[K^~~~~~~[m[K
[2.407s] [01m[K/opt/ros/humble/include/rclcpp/rclcpp/publisher.hpp:251:3:[m[K [01;36m[Knote: [m[K  template argument deduction/substitution failed:
[2.407s] [01m[K/home/g209/workspace/src/game/src/controller_publisher.cpp:60:55:[m[K [01;36m[Knote: [m[K  ‘[01m[Kstd::shared_ptr<game::msg::GameStateMsg_<std::allocator<void> > >[m[K’ is not derived from ‘[01m[Kstd::unique_ptr<T, std::default_delete<game::msg::GameStateMsg_<std::allocator<void> > > >[m[K’
[2.407s]    60 |                         [01;36m[Kgame_state_publisher_->publish(game_state_msg)[m[K;
[2.408s]       |                         [01;36m[K~~~~~~~~~~~~~~~~~~~~~~~~~~~~~~^~~~~~~~~~~~~~~~[m[K
[2.408s] In file included from [01m[K/opt/ros/humble/include/rclcpp/rclcpp/topic_statistics/subscription_topic_statistics.hpp:31[m[K,
[2.408s]                  from [01m[K/opt/ros/humble/include/rclcpp/rclcpp/subscription.hpp:50[m[K,
[2.408s]                  from [01m[K/opt/ros/humble/include/rclcpp/rclcpp/any_executable.hpp:25[m[K,
[2.408s]                  from [01m[K/opt/ros/humble/include/rclcpp/rclcpp/memory_strategy.hpp:25[m[K,
[2.409s]                  from [01m[K/opt/ros/humble/include/rclcpp/rclcpp/memory_strategies.hpp:18[m[K,
[2.409s]                  from [01m[K/opt/ros/humble/include/rclcpp/rclcpp/executor_options.hpp:20[m[K,
[2.409s]                  from [01m[K/opt/ros/humble/include/rclcpp/rclcpp/executor.hpp:37[m[K,
[2.409s]                  from [01m[K/opt/ros/humble/include/rclcpp/rclcpp/executors/multi_threaded_executor.hpp:25[m[K,
[2.409s]                  from [01m[K/opt/ros/humble/include/rclcpp/rclcpp/executors.hpp:21[m[K,
[2.409s]                  from [01m[K/opt/ros/humble/include/rclcpp/rclcpp/rclcpp.hpp:155[m[K,
[2.409s]                  from [01m[K/home/g209/workspace/src/game/src/controller_publisher.cpp:4[m[K:
[2.409s] [01m[K/opt/ros/humble/include/rclcpp/rclcpp/publisher.hpp:292:3:[m[K [01;36m[Knote: [m[Kcandidate: ‘[01m[Ktemplate<class T> std::enable_if_t<(rosidl_generator_traits::is_message<T>::value && std::is_same<T, typename rclcpp::TypeAdapter<MessageT>::ros_message_type>::value)> rclcpp::Publisher<MessageT, AllocatorT>::publish(const T&) [with T = T; MessageT = game::msg::GameStateMsg_<std::allocator<void> >; AllocatorT = std::allocator<void>][m[K’
[2.409s]   292 |   [01;36m[Kpublish[m[K(const T & msg)
[2.409s]       |   [01;36m[K^~~~~~~[m[K
[2.409s] [01m[K/opt/ros/humble/include/rclcpp/rclcpp/publisher.hpp:292:3:[m[K [01;36m[Knote: [m[K  template argument deduction/substitution failed:
[2.409s] In file included from [01m[K/usr/include/c++/11/bits/move.h:57[m[K,
[2.409s]                  from [01m[K/usr/include/c++/11/bits/stl_pair.h:59[m[K,
[2.409s]                  from [01m[K/usr/include/c++/11/bits/stl_algobase.h:64[m[K,
[2.409s]                  from [01m[K/usr/include/c++/11/bits/char_traits.h:39[m[K,
[2.409s]                  from [01m[K/usr/include/c++/11/string:40[m[K,
[2.409s]                  from [01m[K/home/g209/workspace/src/game/src/controller_publisher.cpp:1[m[K:
[2.409s] /usr/include/c++/11/type_traits: In substitution of ‘[01m[Ktemplate<bool _Cond, class _Tp> using enable_if_t = typename std::enable_if::type [with bool _Cond = false; _Tp = void][m[K’:
[2.409s] [01m[K/opt/ros/humble/include/rclcpp/rclcpp/publisher.hpp:292:3:[m[K   required by substitution of ‘[01m[Ktemplate<class T> std::enable_if_t<(rosidl_generator_traits::is_message<T>::value && std::is_same<T, game::msg::GameStateMsg_<std::allocator<void> > >::value), void> rclcpp::Publisher<game::msg::GameStateMsg_<std::allocator<void> > >::publish<T>(const T&) [with T = std::shared_ptr<game::msg::GameStateMsg_<std::allocator<void> > >][m[K’
[2.409s] [01m[K/home/g209/workspace/src/game/src/controller_publisher.cpp:60:34:[m[K   required from here
[2.409s] [01m[K/usr/include/c++/11/type_traits:2579:11:[m[K [01;31m[Kerror: [m[Kno type named ‘[01m[Ktype[m[K’ in ‘[01m[Kstruct std::enable_if<false, void>[m[K’
[2.409s]  2579 |     using [01;31m[Kenable_if_t[m[K = typename enable_if<_Cond, _Tp>::type;
[2.409s]       |           [01;31m[K^~~~~~~~~~~[m[K
[2.409s] In file included from [01m[K/opt/ros/humble/include/rclcpp/rclcpp/topic_statistics/subscription_topic_statistics.hpp:31[m[K,
[2.409s]                  from [01m[K/opt/ros/humble/include/rclcpp/rclcpp/subscription.hpp:50[m[K,
[2.409s]                  from [01m[K/opt/ros/humble/include/rclcpp/rclcpp/any_executable.hpp:25[m[K,
[2.409s]                  from [01m[K/opt/ros/humble/include/rclcpp/rclcpp/memory_strategy.hpp:25[m[K,
[2.409s]                  from [01m[K/opt/ros/humble/include/rclcpp/rclcpp/memory_strategies.hpp:18[m[K,
[2.409s]                  from [01m[K/opt/ros/humble/include/rclcpp/rclcpp/executor_options.hpp:20[m[K,
[2.409s]                  from [01m[K/opt/ros/humble/include/rclcpp/rclcpp/executor.hpp:37[m[K,
[2.409s]                  from [01m[K/opt/ros/humble/include/rclcpp/rclcpp/executors/multi_threaded_executor.hpp:25[m[K,
[2.410s]                  from [01m[K/opt/ros/humble/include/rclcpp/rclcpp/executors.hpp:21[m[K,
[2.410s]                  from [01m[K/opt/ros/humble/include/rclcpp/rclcpp/rclcpp.hpp:155[m[K,
[2.410s]                  from [01m[K/home/g209/workspace/src/game/src/controller_publisher.cpp:4[m[K:
[2.410s] [01m[K/opt/ros/humble/include/rclcpp/rclcpp/publisher.hpp:322:3:[m[K [01;36m[Knote: [m[Kcandidate: ‘[01m[Ktemplate<class T> std::enable_if_t<(typename rclcpp::TypeAdapter<MessageT>::is_specialized::value && std::is_same<T, typename rclcpp::TypeAdapter<MessageT>::custom_type>::value)> rclcpp::Publisher<MessageT, AllocatorT>::publish(std::unique_ptr<T, typename std::conditional<std::is_same<typename std::allocator_traits<typename std::allocator_traits<_Allocator>::rebind_traits<typename rclcpp::TypeAdapter<MessageT, void, void>::custom_type>::allocator_type>::rebind_alloc<typename rclcpp::TypeAdapter<MessageT, void, void>::custom_type>, std::allocator<typename rclcpp::TypeAdapter<MessageT>::custom_type> >::value, std::default_delete<typename rclcpp::TypeAdapter<MessageT>::custom_type>, rclcpp::allocator::AllocatorDeleter<typename std::allocator_traits<_Allocator>::rebind_traits<typename rclcpp::TypeAdapter<MessageT, void, void>::custom_type>::allocator_type> >::type>) [with T = T; MessageT = game::msg::GameStateMsg_<std::allocator<void> >; AllocatorT = std::allocator<void>][m[K’
[2.410s]   322 |   [01;36m[Kpublish[m[K(std::unique_ptr<T, PublishedTypeDeleter> msg)
[2.410s]       |   [01;36m[K^~~~~~~[m[K
[2.410s] [01m[K/opt/ros/humble/include/rclcpp/rclcpp/publisher.hpp:322:3:[m[K [01;36m[Knote: [m[K  template argument deduction/substitution failed:
[2.410s] [01m[K/home/g209/workspace/src/game/src/controller_publisher.cpp:60:55:[m[K [01;36m[Knote: [m[K  ‘[01m[Kstd::shared_ptr<game::msg::GameStateMsg_<std::allocator<void> > >[m[K’ is not derived from ‘[01m[Kstd::unique_ptr<T, std::default_delete<game::msg::GameStateMsg_<std::allocator<void> > > >[m[K’
[2.410s]    60 |                         [01;36m[Kgame_state_publisher_->publish(game_state_msg)[m[K;
[2.410s]       |                         [01;36m[K~~~~~~~~~~~~~~~~~~~~~~~~~~~~~~^~~~~~~~~~~~~~~~[m[K
[2.410s] In file included from [01m[K/opt/ros/humble/include/rclcpp/rclcpp/topic_statistics/subscription_topic_statistics.hpp:31[m[K,
[2.410s]                  from [01m[K/opt/ros/humble/include/rclcpp/rclcpp/subscription.hpp:50[m[K,
[2.410s]                  from [01m[K/opt/ros/humble/include/rclcpp/rclcpp/any_executable.hpp:25[m[K,
[2.410s]                  from [01m[K/opt/ros/humble/include/rclcpp/rclcpp/memory_strategy.hpp:25[m[K,
[2.410s]                  from [01m[K/opt/ros/humble/include/rclcpp/rclcpp/memory_strategies.hpp:18[m[K,
[2.410s]                  from [01m[K/opt/ros/humble/include/rclcpp/rclcpp/executor_options.hpp:20[m[K,
[2.410s]                  from [01m[K/opt/ros/humble/include/rclcpp/rclcpp/executor.hpp:37[m[K,
[2.410s]                  from [01m[K/opt/ros/humble/include/rclcpp/rclcpp/executors/multi_threaded_executor.hpp:25[m[K,
[2.410s]                  from [01m[K/opt/ros/humble/include/rclcpp/rclcpp/executors.hpp:21[m[K,
[2.410s]                  from [01m[K/opt/ros/humble/include/rclcpp/rclcpp/rclcpp.hpp:155[m[K,
[2.410s]                  from [01m[K/home/g209/workspace/src/game/src/controller_publisher.cpp:4[m[K:
[2.410s] [01m[K/opt/ros/humble/include/rclcpp/rclcpp/publisher.hpp:364:3:[m[K [01;36m[Knote: [m[Kcandidate: ‘[01m[Ktemplate<class T> std::enable_if_t<(typename rclcpp::TypeAdapter<MessageT>::is_specialized::value && std::is_same<T, typename rclcpp::TypeAdapter<MessageT>::custom_type>::value)> rclcpp::Publisher<MessageT, AllocatorT>::publish(const T&) [with T = T; MessageT = game::msg::GameStateMsg_<std::allocator<void> >; AllocatorT = std::allocator<void>][m[K’
[2.410s]   364 |   [01;36m[Kpublish[m[K(const T & msg)
[2.410s]       |   [01;36m[K^~~~~~~[m[K
[2.410s] [01m[K/opt/ros/humble/include/rclcpp/rclcpp/publisher.hpp:364:3:[m[K [01;36m[Knote: [m[K  template argument deduction/substitution failed:
[2.410s] [01m[K/opt/ros/humble/include/rclcpp/rclcpp/publisher.hpp:383:3:[m[K [01;36m[Knote: [m[Kcandidate: ‘[01m[Kvoid rclcpp::Publisher<MessageT, AllocatorT>::publish(const rcl_serialized_message_t&) [with MessageT = game::msg::GameStateMsg_<std::allocator<void> >; AllocatorT = std::allocator<void>; rcl_serialized_message_t = rcutils_uint8_array_s][m[K’
[2.410s]   383 |   [01;36m[Kpublish[m[K(const rcl_serialized_message_t & serialized_msg)
[2.410s]       |   [01;36m[K^~~~~~~[m[K
[2.410s] [01m[K/opt/ros/humble/include/rclcpp/rclcpp/publisher.hpp:383:44:[m[K [01;36m[Knote: [m[K  no known conversion for argument 1 from ‘[01m[Kconst SharedPtr[m[K’ {aka ‘[01m[Kconst std::shared_ptr<game::msg::GameStateMsg_<std::allocator<void> > >[m[K’} to ‘[01m[Kconst rcl_serialized_message_t&[m[K’ {aka ‘[01m[Kconst rcutils_uint8_array_s&[m[K’}
[2.410s]   383 |   publish([01;36m[Kconst rcl_serialized_message_t & serialized_msg[m[K)
[2.410s]       |           [01;36m[K~~~~~~~~~~~~~~~~~~~~~~~~~~~~~~~~~^~~~~~~~~~~~~~[m[K
[2.410s] [01m[K/opt/ros/humble/include/rclcpp/rclcpp/publisher.hpp:389:3:[m[K [01;36m[Knote: [m[Kcandidate: ‘[01m[Kvoid rclcpp::Publisher<MessageT, AllocatorT>::publish(const rclcpp::SerializedMessage&) [with MessageT = game::msg::GameStateMsg_<std::allocator<void> >; AllocatorT = std::allocator<void>][m[K’
[2.411s]   389 |   [01;36m[Kpublish[m[K(const SerializedMessage & serialized_msg)
[2.411s]       |   [01;36m[K^~~~~~~[m[K
[2.421s] [01m[K/opt/ros/humble/include/rclcpp/rclcpp/publisher.hpp:389:37:[m[K [01;36m[Knote: [m[K  no known conversion for argument 1 from ‘[01m[Kconst SharedPtr[m[K’ {aka ‘[01m[Kconst std::shared_ptr<game::msg::GameStateMsg_<std::allocator<void> > >[m[K’} to ‘[01m[Kconst rclcpp::SerializedMessage&[m[K’
[2.421s]   389 |   publish([01;36m[Kconst SerializedMessage & serialized_msg[m[K)
[2.421s]       |           [01;36m[K~~~~~~~~~~~~~~~~~~~~~~~~~~^~~~~~~~~~~~~~[m[K
[2.421s] [01m[K/opt/ros/humble/include/rclcpp/rclcpp/publisher.hpp:403:3:[m[K [01;36m[Knote: [m[Kcandidate: ‘[01m[Kvoid rclcpp::Publisher<MessageT, AllocatorT>::publish(rclcpp::LoanedMessage<typename rclcpp::TypeAdapter<MessageT>::ros_message_type, AllocatorT>&&) [with MessageT = game::msg::GameStateMsg_<std::allocator<void> >; AllocatorT = std::allocator<void>; typename rclcpp::TypeAdapter<MessageT>::ros_message_type = game::msg::GameStateMsg_<std::allocator<void> >][m[K’
[2.421s]   403 |   [01;36m[Kpublish[m[K(rclcpp::LoanedMessage<ROSMessageType, AllocatorT> && loaned_msg)
[2.421s]       |   [01;36m[K^~~~~~~[m[K
[2.421s] [01m[K/opt/ros/humble/include/rclcpp/rclcpp/publisher.hpp:403:64:[m[K [01;36m[Knote: [m[K  no known conversion for argument 1 from ‘[01m[Kconst SharedPtr[m[K’ {aka ‘[01m[Kconst std::shared_ptr<game::msg::GameStateMsg_<std::allocator<void> > >[m[K’} to ‘[01m[Krclcpp::LoanedMessage<game::msg::GameStateMsg_<std::allocator<void> >, std::allocator<void> >&&[m[K’
[2.421s]   403 |   publish([01;36m[Krclcpp::LoanedMessage<ROSMessageType, AllocatorT> && loaned_msg[m[K)
[2.421s]       |           [01;36m[K~~~~~~~~~~~~~~~~~~~~~~~~~~~~~~~~~~~~~~~~~~~~~~~~~~~~~^~~~~~~~~~[m[K
[2.422s] [ 78%] Built target game__rosidl_generator_py
[2.695s] [ 84%] Built target game__rosidl_typesupport_fastrtps_c__pyext
[2.737s] [ 90%] Built target game__rosidl_typesupport_introspection_c__pyext
[2.797s] [ 96%] Built target game__rosidl_typesupport_c__pyext
[4.476s] gmake[2]: *** [CMakeFiles/controller_publisher.dir/build.make:76: CMakeFiles/controller_publisher.dir/src/controller_publisher.cpp.o] Fehler 1
[4.477s] gmake[1]: *** [CMakeFiles/Makefile2:593: CMakeFiles/controller_publisher.dir/all] Fehler 2
[4.502s] gmake: *** [Makefile:146: all] Fehler 2
[4.515s] Invoked command in '/home/g209/workspace/build/game' returned '2': CMAKE_PREFIX_PATH=${CMAKE_PREFIX_PATH}:/opt/ros/humble /usr/bin/cmake --build /home/g209/workspace/build/game -- -j2 -l2
