[0.065s] Invoking command in '/home/g209/ros2_ws/build/custom_msgs': CMAKE_PREFIX_PATH=/opt/ros/humble /usr/bin/cmake --build /home/g209/ros2_ws/build/custom_msgs -- -j2 -l2
[0.136s] [  2%] Built target custom_msgs__cpp
[0.155s] [ 12%] Built target custom_msgs__rosidl_generator_c
[0.210s] [ 12%] Built target ament_cmake_python_copy_custom_msgs
[0.213s] [ 23%] Built target custom_msgs__rosidl_typesupport_cpp
[0.259s] [ 33%] Built target custom_msgs__rosidl_typesupport_fastrtps_c
[0.259s] [ 43%] Built target custom_msgs__rosidl_typesupport_introspection_c
[0.277s] [ 53%] Built target custom_msgs__rosidl_typesupport_c
[0.304s] [ 71%] Built target custom_msgs__rosidl_typesupport_introspection_cpp
[0.304s] [ 74%] Built target custom_msgs__rosidl_typesupport_fastrtps_cpp
[0.328s] [ 74%] Built target custom_msgs
[0.378s] [ 76%] Built target custom_msgs__py
[0.525s] [ 84%] Built target custom_msgs__rosidl_generator_py
[0.538s] running egg_info
[0.538s] writing custom_msgs.egg-info/PKG-INFO
[0.541s] writing dependency_links to custom_msgs.egg-info/dependency_links.txt
[0.541s] writing top-level names to custom_msgs.egg-info/top_level.txt
[0.541s] reading manifest file 'custom_msgs.egg-info/SOURCES.txt'
[0.543s] writing manifest file 'custom_msgs.egg-info/SOURCES.txt'
[0.574s] [ 89%] Built target custom_msgs__rosidl_typesupport_fastrtps_c__pyext
[0.604s] [ 94%] Built target custom_msgs__rosidl_typesupport_introspection_c__pyext
[0.646s] [ 94%] Built target ament_cmake_python_build_custom_msgs_egg
[0.679s] [100%] Built target custom_msgs__rosidl_typesupport_c__pyext
[0.718s] Invoked command in '/home/g209/ros2_ws/build/custom_msgs' returned '0': CMAKE_PREFIX_PATH=/opt/ros/humble /usr/bin/cmake --build /home/g209/ros2_ws/build/custom_msgs -- -j2 -l2
[0.903s] Invoking command in '/home/g209/ros2_ws/build/custom_msgs': CMAKE_PREFIX_PATH=/opt/ros/humble /usr/bin/cmake --install /home/g209/ros2_ws/build/custom_msgs
[0.913s] -- Install configuration: ""
[0.913s] -- Up-to-date: /home/g209/ros2_ws/install/custom_msgs/share/ament_index/resource_index/rosidl_interfaces/custom_msgs
[0.913s] -- Up-to-date: /home/g209/ros2_ws/install/custom_msgs/include/custom_msgs/custom_msgs
[0.914s] -- Up-to-date: /home/g209/ros2_ws/install/custom_msgs/include/custom_msgs/custom_msgs/srv
[0.914s] -- Up-to-date: /home/g209/ros2_ws/install/custom_msgs/include/custom_msgs/custom_msgs/srv/player_move.h
[0.914s] -- Up-to-date: /home/g209/ros2_ws/install/custom_msgs/include/custom_msgs/custom_msgs/srv/detail
[0.914s] -- Up-to-date: /home/g209/ros2_ws/install/custom_msgs/include/custom_msgs/custom_msgs/srv/detail/player_move__functions.h
[0.914s] -- Up-to-date: /home/g209/ros2_ws/install/custom_msgs/include/custom_msgs/custom_msgs/srv/detail/player_move__functions.c
[0.914s] -- Up-to-date: /home/g209/ros2_ws/install/custom_msgs/include/custom_msgs/custom_msgs/srv/detail/player_move__struct.h
[0.914s] -- Up-to-date: /home/g209/ros2_ws/install/custom_msgs/include/custom_msgs/custom_msgs/srv/detail/player_move__type_support.h
[0.914s] -- Up-to-date: /home/g209/ros2_ws/install/custom_msgs/include/custom_msgs/custom_msgs/msg
[0.914s] -- Up-to-date: /home/g209/ros2_ws/install/custom_msgs/include/custom_msgs/custom_msgs/msg/detail
[0.914s] -- Up-to-date: /home/g209/ros2_ws/install/custom_msgs/include/custom_msgs/custom_msgs/msg/detail/game_state_msg__struct.h
[0.915s] -- Up-to-date: /home/g209/ros2_ws/install/custom_msgs/include/custom_msgs/custom_msgs/msg/detail/game_state_msg__functions.c
[0.915s] -- Up-to-date: /home/g209/ros2_ws/install/custom_msgs/include/custom_msgs/custom_msgs/msg/detail/game_state_msg__functions.h
[0.915s] -- Up-to-date: /home/g209/ros2_ws/install/custom_msgs/include/custom_msgs/custom_msgs/msg/detail/game_state_msg__type_support.h
[0.915s] -- Up-to-date: /home/g209/ros2_ws/install/custom_msgs/include/custom_msgs/custom_msgs/msg/rosidl_generator_c__visibility_control.h
[0.915s] -- Up-to-date: /home/g209/ros2_ws/install/custom_msgs/include/custom_msgs/custom_msgs/msg/game_state_msg.h
[0.915s] -- Up-to-date: /home/g209/ros2_ws/install/custom_msgs/share/custom_msgs/environment/library_path.sh
[0.915s] -- Up-to-date: /home/g209/ros2_ws/install/custom_msgs/share/custom_msgs/environment/library_path.dsv
[0.916s] -- Up-to-date: /home/g209/ros2_ws/install/custom_msgs/lib/libcustom_msgs__rosidl_generator_c.so
[0.917s] -- Up-to-date: /home/g209/ros2_ws/install/custom_msgs/include/custom_msgs/custom_msgs
[0.917s] -- Up-to-date: /home/g209/ros2_ws/install/custom_msgs/include/custom_msgs/custom_msgs/srv
[0.917s] -- Up-to-date: /home/g209/ros2_ws/install/custom_msgs/include/custom_msgs/custom_msgs/srv/detail
[0.917s] -- Up-to-date: /home/g209/ros2_ws/install/custom_msgs/include/custom_msgs/custom_msgs/srv/detail/player_move__rosidl_typesupport_fastrtps_c.h
[0.917s] -- Up-to-date: /home/g209/ros2_ws/install/custom_msgs/include/custom_msgs/custom_msgs/msg
[0.917s] -- Up-to-date: /home/g209/ros2_ws/install/custom_msgs/include/custom_msgs/custom_msgs/msg/detail
[0.918s] -- Up-to-date: /home/g209/ros2_ws/install/custom_msgs/include/custom_msgs/custom_msgs/msg/detail/game_state_msg__rosidl_typesupport_fastrtps_c.h
[0.918s] -- Up-to-date: /home/g209/ros2_ws/install/custom_msgs/include/custom_msgs/custom_msgs/msg/rosidl_typesupport_fastrtps_c__visibility_control.h
[0.918s] -- Up-to-date: /home/g209/ros2_ws/install/custom_msgs/lib/libcustom_msgs__rosidl_typesupport_fastrtps_c.so
[0.918s] -- Up-to-date: /home/g209/ros2_ws/install/custom_msgs/include/custom_msgs/custom_msgs
[0.918s] -- Up-to-date: /home/g209/ros2_ws/install/custom_msgs/include/custom_msgs/custom_msgs/srv
[0.918s] -- Up-to-date: /home/g209/ros2_ws/install/custom_msgs/include/custom_msgs/custom_msgs/srv/detail
[0.919s] -- Up-to-date: /home/g209/ros2_ws/install/custom_msgs/include/custom_msgs/custom_msgs/srv/detail/player_move__rosidl_typesupport_introspection_c.h
[0.919s] -- Up-to-date: /home/g209/ros2_ws/install/custom_msgs/include/custom_msgs/custom_msgs/srv/detail/player_move__type_support.c
[0.919s] -- Up-to-date: /home/g209/ros2_ws/install/custom_msgs/include/custom_msgs/custom_msgs/msg
[0.919s] -- Up-to-date: /home/g209/ros2_ws/install/custom_msgs/include/custom_msgs/custom_msgs/msg/detail
[0.919s] -- Up-to-date: /home/g209/ros2_ws/install/custom_msgs/include/custom_msgs/custom_msgs/msg/detail/game_state_msg__type_support.c
[0.919s] -- Up-to-date: /home/g209/ros2_ws/install/custom_msgs/include/custom_msgs/custom_msgs/msg/detail/game_state_msg__rosidl_typesupport_introspection_c.h
[0.919s] -- Up-to-date: /home/g209/ros2_ws/install/custom_msgs/include/custom_msgs/custom_msgs/msg/rosidl_typesupport_introspection_c__visibility_control.h
[0.920s] -- Up-to-date: /home/g209/ros2_ws/install/custom_msgs/lib/libcustom_msgs__rosidl_typesupport_introspection_c.so
[0.920s] -- Up-to-date: /home/g209/ros2_ws/install/custom_msgs/lib/libcustom_msgs__rosidl_typesupport_c.so
[0.920s] -- Up-to-date: /home/g209/ros2_ws/install/custom_msgs/include/custom_msgs/custom_msgs
[0.920s] -- Up-to-date: /home/g209/ros2_ws/install/custom_msgs/include/custom_msgs/custom_msgs/srv
[0.921s] -- Up-to-date: /home/g209/ros2_ws/install/custom_msgs/include/custom_msgs/custom_msgs/srv/detail
[0.921s] -- Up-to-date: /home/g209/ros2_ws/install/custom_msgs/include/custom_msgs/custom_msgs/srv/detail/player_move__struct.hpp
[0.921s] -- Up-to-date: /home/g209/ros2_ws/install/custom_msgs/include/custom_msgs/custom_msgs/srv/detail/player_move__traits.hpp
[0.921s] -- Up-to-date: /home/g209/ros2_ws/install/custom_msgs/include/custom_msgs/custom_msgs/srv/detail/player_move__builder.hpp
[0.921s] -- Up-to-date: /home/g209/ros2_ws/install/custom_msgs/include/custom_msgs/custom_msgs/srv/player_move.hpp
[0.921s] -- Up-to-date: /home/g209/ros2_ws/install/custom_msgs/include/custom_msgs/custom_msgs/msg
[0.922s] -- Up-to-date: /home/g209/ros2_ws/install/custom_msgs/include/custom_msgs/custom_msgs/msg/detail
[0.922s] -- Up-to-date: /home/g209/ros2_ws/install/custom_msgs/include/custom_msgs/custom_msgs/msg/detail/game_state_msg__traits.hpp
[0.922s] -- Up-to-date: /home/g209/ros2_ws/install/custom_msgs/include/custom_msgs/custom_msgs/msg/detail/game_state_msg__builder.hpp
[0.922s] -- Up-to-date: /home/g209/ros2_ws/install/custom_msgs/include/custom_msgs/custom_msgs/msg/detail/game_state_msg__struct.hpp
[0.922s] -- Up-to-date: /home/g209/ros2_ws/install/custom_msgs/include/custom_msgs/custom_msgs/msg/game_state_msg.hpp
[0.922s] -- Up-to-date: /home/g209/ros2_ws/install/custom_msgs/include/custom_msgs/custom_msgs
[0.922s] -- Up-to-date: /home/g209/ros2_ws/install/custom_msgs/include/custom_msgs/custom_msgs/srv
[0.922s] -- Up-to-date: /home/g209/ros2_ws/install/custom_msgs/include/custom_msgs/custom_msgs/srv/detail
[0.922s] -- Up-to-date: /home/g209/ros2_ws/install/custom_msgs/include/custom_msgs/custom_msgs/srv/detail/dds_fastrtps
[0.923s] -- Up-to-date: /home/g209/ros2_ws/install/custom_msgs/include/custom_msgs/custom_msgs/srv/detail/player_move__rosidl_typesupport_fastrtps_cpp.hpp
[0.923s] -- Up-to-date: /home/g209/ros2_ws/install/custom_msgs/include/custom_msgs/custom_msgs/msg
[0.923s] -- Up-to-date: /home/g209/ros2_ws/install/custom_msgs/include/custom_msgs/custom_msgs/msg/detail
[0.923s] -- Up-to-date: /home/g209/ros2_ws/install/custom_msgs/include/custom_msgs/custom_msgs/msg/detail/game_state_msg__rosidl_typesupport_fastrtps_cpp.hpp
[0.923s] -- Up-to-date: /home/g209/ros2_ws/install/custom_msgs/include/custom_msgs/custom_msgs/msg/detail/dds_fastrtps
[0.923s] -- Up-to-date: /home/g209/ros2_ws/install/custom_msgs/include/custom_msgs/custom_msgs/msg/rosidl_typesupport_fastrtps_cpp__visibility_control.h
[0.923s] -- Up-to-date: /home/g209/ros2_ws/install/custom_msgs/lib/libcustom_msgs__rosidl_typesupport_fastrtps_cpp.so
[0.924s] -- Up-to-date: /home/g209/ros2_ws/install/custom_msgs/include/custom_msgs/custom_msgs
[0.924s] -- Up-to-date: /home/g209/ros2_ws/install/custom_msgs/include/custom_msgs/custom_msgs/srv
[0.924s] -- Up-to-date: /home/g209/ros2_ws/install/custom_msgs/include/custom_msgs/custom_msgs/srv/detail
[0.924s] -- Up-to-date: /home/g209/ros2_ws/install/custom_msgs/include/custom_msgs/custom_msgs/srv/detail/player_move__type_support.cpp
[0.924s] -- Up-to-date: /home/g209/ros2_ws/install/custom_msgs/include/custom_msgs/custom_msgs/srv/detail/player_move__rosidl_typesupport_introspection_cpp.hpp
[0.924s] -- Up-to-date: /home/g209/ros2_ws/install/custom_msgs/include/custom_msgs/custom_msgs/msg
[0.924s] -- Up-to-date: /home/g209/ros2_ws/install/custom_msgs/include/custom_msgs/custom_msgs/msg/detail
[0.924s] -- Up-to-date: /home/g209/ros2_ws/install/custom_msgs/include/custom_msgs/custom_msgs/msg/detail/game_state_msg__type_support.cpp
[0.924s] -- Up-to-date: /home/g209/ros2_ws/install/custom_msgs/include/custom_msgs/custom_msgs/msg/detail/game_state_msg__rosidl_typesupport_introspection_cpp.hpp
[0.925s] -- Up-to-date: /home/g209/ros2_ws/install/custom_msgs/lib/libcustom_msgs__rosidl_typesupport_introspection_cpp.so
[0.926s] -- Up-to-date: /home/g209/ros2_ws/install/custom_msgs/lib/libcustom_msgs__rosidl_typesupport_cpp.so
[0.926s] -- Up-to-date: /home/g209/ros2_ws/install/custom_msgs/share/custom_msgs/environment/pythonpath.sh
[0.926s] -- Up-to-date: /home/g209/ros2_ws/install/custom_msgs/share/custom_msgs/environment/pythonpath.dsv
[0.926s] -- Up-to-date: /home/g209/ros2_ws/install/custom_msgs/local/lib/python3.10/dist-packages/custom_msgs-0.0.0-py3.10.egg-info
[0.926s] -- Installing: /home/g209/ros2_ws/install/custom_msgs/local/lib/python3.10/dist-packages/custom_msgs-0.0.0-py3.10.egg-info/SOURCES.txt
[0.927s] -- Installing: /home/g209/ros2_ws/install/custom_msgs/local/lib/python3.10/dist-packages/custom_msgs-0.0.0-py3.10.egg-info/PKG-INFO
[0.927s] -- Installing: /home/g209/ros2_ws/install/custom_msgs/local/lib/python3.10/dist-packages/custom_msgs-0.0.0-py3.10.egg-info/top_level.txt
[0.928s] -- Installing: /home/g209/ros2_ws/install/custom_msgs/local/lib/python3.10/dist-packages/custom_msgs-0.0.0-py3.10.egg-info/dependency_links.txt
[0.928s] -- Up-to-date: /home/g209/ros2_ws/install/custom_msgs/local/lib/python3.10/dist-packages/custom_msgs
[0.928s] -- Up-to-date: /home/g209/ros2_ws/install/custom_msgs/local/lib/python3.10/dist-packages/custom_msgs/srv
[0.929s] -- Up-to-date: /home/g209/ros2_ws/install/custom_msgs/local/lib/python3.10/dist-packages/custom_msgs/srv/__init__.py
[0.929s] -- Up-to-date: /home/g209/ros2_ws/install/custom_msgs/local/lib/python3.10/dist-packages/custom_msgs/srv/_player_move_s.c
[0.929s] -- Up-to-date: /home/g209/ros2_ws/install/custom_msgs/local/lib/python3.10/dist-packages/custom_msgs/srv/_player_move.py
[0.929s] -- Up-to-date: /home/g209/ros2_ws/install/custom_msgs/local/lib/python3.10/dist-packages/custom_msgs/custom_msgs_s__rosidl_typesupport_fastrtps_c.cpython-310-x86_64-linux-gnu.so
[0.929s] -- Up-to-date: /home/g209/ros2_ws/install/custom_msgs/local/lib/python3.10/dist-packages/custom_msgs/_custom_msgs_s.ep.rosidl_typesupport_c.c
[0.929s] -- Up-to-date: /home/g209/ros2_ws/install/custom_msgs/local/lib/python3.10/dist-packages/custom_msgs/msg
[0.929s] -- Up-to-date: /home/g209/ros2_ws/install/custom_msgs/local/lib/python3.10/dist-packages/custom_msgs/msg/__init__.py
[0.929s] -- Up-to-date: /home/g209/ros2_ws/install/custom_msgs/local/lib/python3.10/dist-packages/custom_msgs/msg/_game_state_msg.py
[0.929s] -- Up-to-date: /home/g209/ros2_ws/install/custom_msgs/local/lib/python3.10/dist-packages/custom_msgs/msg/_game_state_msg_s.c
[0.929s] -- Up-to-date: /home/g209/ros2_ws/install/custom_msgs/local/lib/python3.10/dist-packages/custom_msgs/__init__.py
[0.929s] -- Up-to-date: /home/g209/ros2_ws/install/custom_msgs/local/lib/python3.10/dist-packages/custom_msgs/_custom_msgs_s.ep.rosidl_typesupport_introspection_c.c
[0.930s] -- Up-to-date: /home/g209/ros2_ws/install/custom_msgs/local/lib/python3.10/dist-packages/custom_msgs/_custom_msgs_s.ep.rosidl_typesupport_fastrtps_c.c
[0.930s] -- Up-to-date: /home/g209/ros2_ws/install/custom_msgs/local/lib/python3.10/dist-packages/custom_msgs/custom_msgs_s__rosidl_typesupport_c.cpython-310-x86_64-linux-gnu.so
[0.930s] -- Up-to-date: /home/g209/ros2_ws/install/custom_msgs/local/lib/python3.10/dist-packages/custom_msgs/custom_msgs_s__rosidl_typesupport_introspection_c.cpython-310-x86_64-linux-gnu.so
[0.930s] -- Up-to-date: /home/g209/ros2_ws/install/custom_msgs/local/lib/python3.10/dist-packages/custom_msgs/libcustom_msgs__rosidl_generator_py.so
[0.982s] Listing '/home/g209/ros2_ws/install/custom_msgs/local/lib/python3.10/dist-packages/custom_msgs'...
[0.982s] Listing '/home/g209/ros2_ws/install/custom_msgs/local/lib/python3.10/dist-packages/custom_msgs/msg'...
[0.982s] Listing '/home/g209/ros2_ws/install/custom_msgs/local/lib/python3.10/dist-packages/custom_msgs/srv'...
[0.986s] -- Up-to-date: /home/g209/ros2_ws/install/custom_msgs/local/lib/python3.10/dist-packages/custom_msgs/custom_msgs_s__rosidl_typesupport_fastrtps_c.cpython-310-x86_64-linux-gnu.so
[0.986s] -- Up-to-date: /home/g209/ros2_ws/install/custom_msgs/local/lib/python3.10/dist-packages/custom_msgs/custom_msgs_s__rosidl_typesupport_introspection_c.cpython-310-x86_64-linux-gnu.so
[0.986s] -- Up-to-date: /home/g209/ros2_ws/install/custom_msgs/local/lib/python3.10/dist-packages/custom_msgs/custom_msgs_s__rosidl_typesupport_c.cpython-310-x86_64-linux-gnu.so
[0.986s] -- Up-to-date: /home/g209/ros2_ws/install/custom_msgs/lib/libcustom_msgs__rosidl_generator_py.so
[0.986s] -- Up-to-date: /home/g209/ros2_ws/install/custom_msgs/share/custom_msgs/msg/GameStateMsg.idl
[0.986s] -- Up-to-date: /home/g209/ros2_ws/install/custom_msgs/share/custom_msgs/srv/PlayerMove.idl
[0.986s] -- Up-to-date: /home/g209/ros2_ws/install/custom_msgs/share/custom_msgs/msg/GameStateMsg.msg
[0.986s] -- Up-to-date: /home/g209/ros2_ws/install/custom_msgs/share/custom_msgs/srv/PlayerMove.srv
[0.986s] -- Up-to-date: /home/g209/ros2_ws/install/custom_msgs/share/custom_msgs/srv/PlayerMove_Request.msg
[0.986s] -- Up-to-date: /home/g209/ros2_ws/install/custom_msgs/share/custom_msgs/srv/PlayerMove_Response.msg
[0.986s] -- Up-to-date: /home/g209/ros2_ws/install/custom_msgs/share/ament_index/resource_index/package_run_dependencies/custom_msgs
[0.986s] -- Up-to-date: /home/g209/ros2_ws/install/custom_msgs/share/ament_index/resource_index/parent_prefix_path/custom_msgs
[0.986s] -- Up-to-date: /home/g209/ros2_ws/install/custom_msgs/share/custom_msgs/environment/ament_prefix_path.sh
[0.986s] -- Up-to-date: /home/g209/ros2_ws/install/custom_msgs/share/custom_msgs/environment/ament_prefix_path.dsv
[0.986s] -- Up-to-date: /home/g209/ros2_ws/install/custom_msgs/share/custom_msgs/environment/path.sh
[0.986s] -- Up-to-date: /home/g209/ros2_ws/install/custom_msgs/share/custom_msgs/environment/path.dsv
[0.986s] -- Up-to-date: /home/g209/ros2_ws/install/custom_msgs/share/custom_msgs/local_setup.bash
[0.987s] -- Up-to-date: /home/g209/ros2_ws/install/custom_msgs/share/custom_msgs/local_setup.sh
[0.987s] -- Up-to-date: /home/g209/ros2_ws/install/custom_msgs/share/custom_msgs/local_setup.zsh
[0.987s] -- Up-to-date: /home/g209/ros2_ws/install/custom_msgs/share/custom_msgs/local_setup.dsv
[0.987s] -- Installing: /home/g209/ros2_ws/install/custom_msgs/share/custom_msgs/package.dsv
[0.991s] -- Up-to-date: /home/g209/ros2_ws/install/custom_msgs/share/ament_index/resource_index/packages/custom_msgs
[1.000s] -- Up-to-date: /home/g209/ros2_ws/install/custom_msgs/share/custom_msgs/cmake/export_custom_msgs__rosidl_generator_cExport.cmake
[1.000s] -- Up-to-date: /home/g209/ros2_ws/install/custom_msgs/share/custom_msgs/cmake/export_custom_msgs__rosidl_generator_cExport-noconfig.cmake
[1.000s] -- Up-to-date: /home/g209/ros2_ws/install/custom_msgs/share/custom_msgs/cmake/export_custom_msgs__rosidl_typesupport_fastrtps_cExport.cmake
[1.000s] -- Up-to-date: /home/g209/ros2_ws/install/custom_msgs/share/custom_msgs/cmake/export_custom_msgs__rosidl_typesupport_fastrtps_cExport-noconfig.cmake
[1.000s] -- Up-to-date: /home/g209/ros2_ws/install/custom_msgs/share/custom_msgs/cmake/custom_msgs__rosidl_typesupport_introspection_cExport.cmake
[1.000s] -- Up-to-date: /home/g209/ros2_ws/install/custom_msgs/share/custom_msgs/cmake/custom_msgs__rosidl_typesupport_introspection_cExport-noconfig.cmake
[1.000s] -- Up-to-date: /home/g209/ros2_ws/install/custom_msgs/share/custom_msgs/cmake/custom_msgs__rosidl_typesupport_cExport.cmake
[1.000s] -- Up-to-date: /home/g209/ros2_ws/install/custom_msgs/share/custom_msgs/cmake/custom_msgs__rosidl_typesupport_cExport-noconfig.cmake
[1.000s] -- Up-to-date: /home/g209/ros2_ws/install/custom_msgs/share/custom_msgs/cmake/export_custom_msgs__rosidl_generator_cppExport.cmake
[1.000s] -- Up-to-date: /home/g209/ros2_ws/install/custom_msgs/share/custom_msgs/cmake/export_custom_msgs__rosidl_typesupport_fastrtps_cppExport.cmake
[1.000s] -- Up-to-date: /home/g209/ros2_ws/install/custom_msgs/share/custom_msgs/cmake/export_custom_msgs__rosidl_typesupport_fastrtps_cppExport-noconfig.cmake
[1.000s] -- Up-to-date: /home/g209/ros2_ws/install/custom_msgs/share/custom_msgs/cmake/custom_msgs__rosidl_typesupport_introspection_cppExport.cmake
[1.000s] -- Up-to-date: /home/g209/ros2_ws/install/custom_msgs/share/custom_msgs/cmake/custom_msgs__rosidl_typesupport_introspection_cppExport-noconfig.cmake
[1.000s] -- Up-to-date: /home/g209/ros2_ws/install/custom_msgs/share/custom_msgs/cmake/custom_msgs__rosidl_typesupport_cppExport.cmake
[1.000s] -- Up-to-date: /home/g209/ros2_ws/install/custom_msgs/share/custom_msgs/cmake/custom_msgs__rosidl_typesupport_cppExport-noconfig.cmake
[1.001s] -- Up-to-date: /home/g209/ros2_ws/install/custom_msgs/share/custom_msgs/cmake/export_custom_msgs__rosidl_generator_pyExport.cmake
[1.001s] -- Up-to-date: /home/g209/ros2_ws/install/custom_msgs/share/custom_msgs/cmake/export_custom_msgs__rosidl_generator_pyExport-noconfig.cmake
[1.001s] -- Up-to-date: /home/g209/ros2_ws/install/custom_msgs/share/custom_msgs/cmake/rosidl_cmake-extras.cmake
[1.002s] -- Up-to-date: /home/g209/ros2_ws/install/custom_msgs/share/custom_msgs/cmake/ament_cmake_export_include_directories-extras.cmake
[1.002s] -- Up-to-date: /home/g209/ros2_ws/install/custom_msgs/share/custom_msgs/cmake/ament_cmake_export_libraries-extras.cmake
[1.002s] -- Up-to-date: /home/g209/ros2_ws/install/custom_msgs/share/custom_msgs/cmake/ament_cmake_export_targets-extras.cmake
[1.002s] -- Up-to-date: /home/g209/ros2_ws/install/custom_msgs/share/custom_msgs/cmake/rosidl_cmake_export_typesupport_targets-extras.cmake
[1.002s] -- Up-to-date: /home/g209/ros2_ws/install/custom_msgs/share/custom_msgs/cmake/ament_cmake_export_dependencies-extras.cmake
[1.002s] -- Up-to-date: /home/g209/ros2_ws/install/custom_msgs/share/custom_msgs/cmake/rosidl_cmake_export_typesupport_libraries-extras.cmake
[1.002s] -- Up-to-date: /home/g209/ros2_ws/install/custom_msgs/share/custom_msgs/cmake/custom_msgsConfig.cmake
[1.003s] -- Up-to-date: /home/g209/ros2_ws/install/custom_msgs/share/custom_msgs/cmake/custom_msgsConfig-version.cmake
[1.003s] -- Up-to-date: /home/g209/ros2_ws/install/custom_msgs/share/custom_msgs/package.xml
[1.030s] Invoked command in '/home/g209/ros2_ws/build/custom_msgs' returned '0': CMAKE_PREFIX_PATH=/opt/ros/humble /usr/bin/cmake --install /home/g209/ros2_ws/build/custom_msgs
