[0.585s] DEBUG:colcon:Command line arguments: ['/usr/bin/colcon', 'build', '--packages-select', 'game', 'custom_msgs']
[0.585s] DEBUG:colcon:Parsed command line arguments: Namespace(log_base=None, log_level=None, verb_name='build', build_base='build', install_base='install', merge_install=False, symlink_install=False, test_result_base=None, continue_on_error=False, executor='parallel', parallel_workers=2, event_handlers=None, ignore_user_meta=False, metas=['./colcon.meta'], base_paths=['.'], packages_ignore=None, packages_ignore_regex=None, paths=None, packages_up_to=None, packages_up_to_regex=None, packages_above=None, packages_above_and_dependencies=None, packages_above_depth=None, packages_select_by_dep=None, packages_skip_by_dep=None, packages_skip_up_to=None, packages_select_build_failed=False, packages_skip_build_finished=False, packages_select_test_failures=False, packages_skip_test_passed=False, packages_select=['game', 'custom_msgs'], packages_skip=None, packages_select_regex=None, packages_skip_regex=None, packages_start=None, packages_end=None, allow_overriding=[], cmake_args=None, cmake_target=None, cmake_target_skip_unavailable=False, cmake_clean_cache=False, cmake_clean_first=False, cmake_force_configure=False, ament_cmake_args=None, catkin_cmake_args=None, catkin_skip_building_tests=False, verb_parser=<colcon_defaults.argument_parser.defaults.DefaultArgumentsDecorator object at 0x7f7ad42a6200>, verb_extension=<colcon_core.verb.build.BuildVerb object at 0x7f7ad4297d00>, main=<bound method BuildVerb.main of <colcon_core.verb.build.BuildVerb object at 0x7f7ad4297d00>>)
[0.611s] Level 1:colcon.colcon_core.package_discovery:discover_packages(colcon_meta) check parameters
[0.611s] Level 1:colcon.colcon_core.package_discovery:discover_packages(recursive) check parameters
[0.611s] Level 1:colcon.colcon_core.package_discovery:discover_packages(ignore) check parameters
[0.611s] Level 1:colcon.colcon_core.package_discovery:discover_packages(path) check parameters
[0.612s] Level 1:colcon.colcon_core.package_discovery:discover_packages(colcon_meta) discover
[0.612s] Level 1:colcon.colcon_core.package_discovery:discover_packages(recursive) discover
[0.612s] INFO:colcon.colcon_core.package_discovery:Crawling recursively for packages in '/home/g209/ros2_ws'
[0.612s] Level 1:colcon.colcon_core.package_identification:_identify(.) by extensions ['ignore', 'ignore_ament_install']
[0.612s] Level 1:colcon.colcon_core.package_identification:_identify(.) by extension 'ignore'
[0.612s] Level 1:colcon.colcon_core.package_identification:_identify(.) by extension 'ignore_ament_install'
[0.612s] Level 1:colcon.colcon_core.package_identification:_identify(.) by extensions ['colcon_pkg']
[0.612s] Level 1:colcon.colcon_core.package_identification:_identify(.) by extension 'colcon_pkg'
[0.612s] Level 1:colcon.colcon_core.package_identification:_identify(.) by extensions ['colcon_meta']
[0.612s] Level 1:colcon.colcon_core.package_identification:_identify(.) by extension 'colcon_meta'
[0.612s] Level 1:colcon.colcon_core.package_identification:_identify(.) by extensions ['ros']
[0.612s] Level 1:colcon.colcon_core.package_identification:_identify(.) by extension 'ros'
[0.620s] Level 1:colcon.colcon_core.package_identification:_identify(.) by extensions ['cmake', 'python']
[0.620s] Level 1:colcon.colcon_core.package_identification:_identify(.) by extension 'cmake'
[0.620s] Level 1:colcon.colcon_core.package_identification:_identify(.) by extension 'python'
[0.620s] Level 1:colcon.colcon_core.package_identification:_identify(.) by extensions ['python_setup_py']
[0.620s] Level 1:colcon.colcon_core.package_identification:_identify(.) by extension 'python_setup_py'
[0.620s] Level 1:colcon.colcon_core.package_identification:_identify(build) by extensions ['ignore', 'ignore_ament_install']
[0.621s] Level 1:colcon.colcon_core.package_identification:_identify(build) by extension 'ignore'
[0.621s] Level 1:colcon.colcon_core.package_identification:_identify(build) ignored
[0.621s] Level 1:colcon.colcon_core.package_identification:_identify(install) by extensions ['ignore', 'ignore_ament_install']
[0.621s] Level 1:colcon.colcon_core.package_identification:_identify(install) by extension 'ignore'
[0.621s] Level 1:colcon.colcon_core.package_identification:_identify(install) ignored
[0.621s] Level 1:colcon.colcon_core.package_identification:_identify(log) by extensions ['ignore', 'ignore_ament_install']
[0.621s] Level 1:colcon.colcon_core.package_identification:_identify(log) by extension 'ignore'
[0.621s] Level 1:colcon.colcon_core.package_identification:_identify(log) ignored
[0.621s] Level 1:colcon.colcon_core.package_identification:_identify(src) by extensions ['ignore', 'ignore_ament_install']
[0.621s] Level 1:colcon.colcon_core.package_identification:_identify(src) by extension 'ignore'
[0.621s] Level 1:colcon.colcon_core.package_identification:_identify(src) by extension 'ignore_ament_install'
[0.621s] Level 1:colcon.colcon_core.package_identification:_identify(src) by extensions ['colcon_pkg']
[0.621s] Level 1:colcon.colcon_core.package_identification:_identify(src) by extension 'colcon_pkg'
[0.621s] Level 1:colcon.colcon_core.package_identification:_identify(src) by extensions ['colcon_meta']
[0.621s] Level 1:colcon.colcon_core.package_identification:_identify(src) by extension 'colcon_meta'
[0.621s] Level 1:colcon.colcon_core.package_identification:_identify(src) by extensions ['ros']
[0.621s] Level 1:colcon.colcon_core.package_identification:_identify(src) by extension 'ros'
[0.621s] Level 1:colcon.colcon_core.package_identification:_identify(src) by extensions ['cmake', 'python']
[0.621s] Level 1:colcon.colcon_core.package_identification:_identify(src) by extension 'cmake'
[0.621s] Level 1:colcon.colcon_core.package_identification:_identify(src) by extension 'python'
[0.621s] Level 1:colcon.colcon_core.package_identification:_identify(src) by extensions ['python_setup_py']
[0.621s] Level 1:colcon.colcon_core.package_identification:_identify(src) by extension 'python_setup_py'
[0.621s] Level 1:colcon.colcon_core.package_identification:_identify(src/custom_msgs) by extensions ['ignore', 'ignore_ament_install']
[0.622s] Level 1:colcon.colcon_core.package_identification:_identify(src/custom_msgs) by extension 'ignore'
[0.622s] Level 1:colcon.colcon_core.package_identification:_identify(src/custom_msgs) by extension 'ignore_ament_install'
[0.622s] Level 1:colcon.colcon_core.package_identification:_identify(src/custom_msgs) by extensions ['colcon_pkg']
[0.622s] Level 1:colcon.colcon_core.package_identification:_identify(src/custom_msgs) by extension 'colcon_pkg'
[0.622s] Level 1:colcon.colcon_core.package_identification:_identify(src/custom_msgs) by extensions ['colcon_meta']
[0.622s] Level 1:colcon.colcon_core.package_identification:_identify(src/custom_msgs) by extension 'colcon_meta'
[0.622s] Level 1:colcon.colcon_core.package_identification:_identify(src/custom_msgs) by extensions ['ros']
[0.622s] Level 1:colcon.colcon_core.package_identification:_identify(src/custom_msgs) by extension 'ros'
[0.624s] DEBUG:colcon.colcon_core.package_identification:Package 'src/custom_msgs' with type 'ros.ament_cmake' and name 'custom_msgs'
[0.624s] Level 1:colcon.colcon_core.package_identification:_identify(src/game) by extensions ['ignore', 'ignore_ament_install']
[0.624s] Level 1:colcon.colcon_core.package_identification:_identify(src/game) by extension 'ignore'
[0.624s] Level 1:colcon.colcon_core.package_identification:_identify(src/game) by extension 'ignore_ament_install'
[0.624s] Level 1:colcon.colcon_core.package_identification:_identify(src/game) by extensions ['colcon_pkg']
[0.624s] Level 1:colcon.colcon_core.package_identification:_identify(src/game) by extension 'colcon_pkg'
[0.624s] Level 1:colcon.colcon_core.package_identification:_identify(src/game) by extensions ['colcon_meta']
[0.624s] Level 1:colcon.colcon_core.package_identification:_identify(src/game) by extension 'colcon_meta'
[0.624s] Level 1:colcon.colcon_core.package_identification:_identify(src/game) by extensions ['ros']
[0.624s] Level 1:colcon.colcon_core.package_identification:_identify(src/game) by extension 'ros'
[0.624s] DEBUG:colcon.colcon_core.package_identification:Package 'src/game' with type 'ros.ament_cmake' and name 'game'
[0.625s] Level 1:colcon.colcon_core.package_identification:_identify(src/ros_tutorials) by extensions ['ignore', 'ignore_ament_install']
[0.625s] Level 1:colcon.colcon_core.package_identification:_identify(src/ros_tutorials) by extension 'ignore'
[0.625s] Level 1:colcon.colcon_core.package_identification:_identify(src/ros_tutorials) by extension 'ignore_ament_install'
[0.625s] Level 1:colcon.colcon_core.package_identification:_identify(src/ros_tutorials) by extensions ['colcon_pkg']
[0.625s] Level 1:colcon.colcon_core.package_identification:_identify(src/ros_tutorials) by extension 'colcon_pkg'
[0.625s] Level 1:colcon.colcon_core.package_identification:_identify(src/ros_tutorials) by extensions ['colcon_meta']
[0.625s] Level 1:colcon.colcon_core.package_identification:_identify(src/ros_tutorials) by extension 'colcon_meta'
[0.625s] Level 1:colcon.colcon_core.package_identification:_identify(src/ros_tutorials) by extensions ['ros']
[0.625s] Level 1:colcon.colcon_core.package_identification:_identify(src/ros_tutorials) by extension 'ros'
[0.625s] Level 1:colcon.colcon_core.package_identification:_identify(src/ros_tutorials) by extensions ['cmake', 'python']
[0.625s] Level 1:colcon.colcon_core.package_identification:_identify(src/ros_tutorials) by extension 'cmake'
[0.625s] Level 1:colcon.colcon_core.package_identification:_identify(src/ros_tutorials) by extension 'python'
[0.625s] Level 1:colcon.colcon_core.package_identification:_identify(src/ros_tutorials) by extensions ['python_setup_py']
[0.625s] Level 1:colcon.colcon_core.package_identification:_identify(src/ros_tutorials) by extension 'python_setup_py'
[0.625s] Level 1:colcon.colcon_core.package_identification:_identify(src/ros_tutorials/ros_tutorials) by extensions ['ignore', 'ignore_ament_install']
[0.625s] Level 1:colcon.colcon_core.package_identification:_identify(src/ros_tutorials/ros_tutorials) by extension 'ignore'
[0.625s] Level 1:colcon.colcon_core.package_identification:_identify(src/ros_tutorials/ros_tutorials) ignored
[0.625s] Level 1:colcon.colcon_core.package_identification:_identify(src/ros_tutorials/roscpp_tutorials) by extensions ['ignore', 'ignore_ament_install']
[0.625s] Level 1:colcon.colcon_core.package_identification:_identify(src/ros_tutorials/roscpp_tutorials) by extension 'ignore'
[0.626s] Level 1:colcon.colcon_core.package_identification:_identify(src/ros_tutorials/roscpp_tutorials) ignored
[0.626s] Level 1:colcon.colcon_core.package_identification:_identify(src/ros_tutorials/rospy_tutorials) by extensions ['ignore', 'ignore_ament_install']
[0.626s] Level 1:colcon.colcon_core.package_identification:_identify(src/ros_tutorials/rospy_tutorials) by extension 'ignore'
[0.626s] Level 1:colcon.colcon_core.package_identification:_identify(src/ros_tutorials/rospy_tutorials) ignored
[0.626s] Level 1:colcon.colcon_core.package_identification:_identify(src/ros_tutorials/turtlesim) by extensions ['ignore', 'ignore_ament_install']
[0.626s] Level 1:colcon.colcon_core.package_identification:_identify(src/ros_tutorials/turtlesim) by extension 'ignore'
[0.626s] Level 1:colcon.colcon_core.package_identification:_identify(src/ros_tutorials/turtlesim) by extension 'ignore_ament_install'
[0.626s] Level 1:colcon.colcon_core.package_identification:_identify(src/ros_tutorials/turtlesim) by extensions ['colcon_pkg']
[0.626s] Level 1:colcon.colcon_core.package_identification:_identify(src/ros_tutorials/turtlesim) by extension 'colcon_pkg'
[0.626s] Level 1:colcon.colcon_core.package_identification:_identify(src/ros_tutorials/turtlesim) by extensions ['colcon_meta']
[0.626s] Level 1:colcon.colcon_core.package_identification:_identify(src/ros_tutorials/turtlesim) by extension 'colcon_meta'
[0.626s] Level 1:colcon.colcon_core.package_identification:_identify(src/ros_tutorials/turtlesim) by extensions ['ros']
[0.626s] Level 1:colcon.colcon_core.package_identification:_identify(src/ros_tutorials/turtlesim) by extension 'ros'
[0.627s] DEBUG:colcon.colcon_core.package_identification:Package 'src/ros_tutorials/turtlesim' with type 'ros.ament_cmake' and name 'turtlesim'
[0.627s] Level 1:colcon.colcon_core.package_discovery:discover_packages(recursive) using defaults
[0.627s] Level 1:colcon.colcon_core.package_discovery:discover_packages(ignore) discover
[0.627s] Level 1:colcon.colcon_core.package_discovery:discover_packages(ignore) using defaults
[0.627s] Level 1:colcon.colcon_core.package_discovery:discover_packages(path) discover
[0.627s] Level 1:colcon.colcon_core.package_discovery:discover_packages(path) using defaults
[0.663s] INFO:colcon.colcon_core.package_selection:Skipping not selected package 'turtlesim' in 'src/ros_tutorials/turtlesim'
[0.686s] Level 1:colcon.colcon_core.package_discovery:discover_packages(prefix_path) check parameters
[0.686s] Level 1:colcon.colcon_core.package_discovery:discover_packages(prefix_path) discover
[0.704s] DEBUG:colcon.colcon_installed_package_information.package_discovery:Found 282 installed packages in /opt/ros/humble
[0.705s] Level 1:colcon.colcon_core.package_discovery:discover_packages(prefix_path) using defaults
[0.759s] Level 5:colcon.colcon_core.verb:set package 'custom_msgs' build argument 'cmake_args' from command line to 'None'
[0.759s] Level 5:colcon.colcon_core.verb:set package 'custom_msgs' build argument 'cmake_target' from command line to 'None'
[0.759s] Level 5:colcon.colcon_core.verb:set package 'custom_msgs' build argument 'cmake_target_skip_unavailable' from command line to 'False'
[0.759s] Level 5:colcon.colcon_core.verb:set package 'custom_msgs' build argument 'cmake_clean_cache' from command line to 'False'
[0.759s] Level 5:colcon.colcon_core.verb:set package 'custom_msgs' build argument 'cmake_clean_first' from command line to 'False'
[0.759s] Level 5:colcon.colcon_core.verb:set package 'custom_msgs' build argument 'cmake_force_configure' from command line to 'False'
[0.759s] Level 5:colcon.colcon_core.verb:set package 'custom_msgs' build argument 'ament_cmake_args' from command line to 'None'
[0.759s] Level 5:colcon.colcon_core.verb:set package 'custom_msgs' build argument 'catkin_cmake_args' from command line to 'None'
[0.759s] Level 5:colcon.colcon_core.verb:set package 'custom_msgs' build argument 'catkin_skip_building_tests' from command line to 'False'
[0.759s] DEBUG:colcon.colcon_core.verb:Building package 'custom_msgs' with the following arguments: {'ament_cmake_args': None, 'build_base': '/home/g209/ros2_ws/build/custom_msgs', 'catkin_cmake_args': None, 'catkin_skip_building_tests': False, 'cmake_args': None, 'cmake_clean_cache': False, 'cmake_clean_first': False, 'cmake_force_configure': False, 'cmake_target': None, 'cmake_target_skip_unavailable': False, 'install_base': '/home/g209/ros2_ws/install/custom_msgs', 'merge_install': False, 'path': '/home/g209/ros2_ws/src/custom_msgs', 'symlink_install': False, 'test_result_base': None}
[0.766s] Level 5:colcon.colcon_core.verb:set package 'game' build argument 'cmake_args' from command line to 'None'
[0.766s] Level 5:colcon.colcon_core.verb:set package 'game' build argument 'cmake_target' from command line to 'None'
[0.766s] Level 5:colcon.colcon_core.verb:set package 'game' build argument 'cmake_target_skip_unavailable' from command line to 'False'
[0.766s] Level 5:colcon.colcon_core.verb:set package 'game' build argument 'cmake_clean_cache' from command line to 'False'
[0.766s] Level 5:colcon.colcon_core.verb:set package 'game' build argument 'cmake_clean_first' from command line to 'False'
[0.767s] Level 5:colcon.colcon_core.verb:set package 'game' build argument 'cmake_force_configure' from command line to 'False'
[0.767s] Level 5:colcon.colcon_core.verb:set package 'game' build argument 'ament_cmake_args' from command line to 'None'
[0.767s] Level 5:colcon.colcon_core.verb:set package 'game' build argument 'catkin_cmake_args' from command line to 'None'
[0.767s] Level 5:colcon.colcon_core.verb:set package 'game' build argument 'catkin_skip_building_tests' from command line to 'False'
[0.767s] DEBUG:colcon.colcon_core.verb:Building package 'game' with the following arguments: {'ament_cmake_args': None, 'build_base': '/home/g209/ros2_ws/build/game', 'catkin_cmake_args': None, 'catkin_skip_building_tests': False, 'cmake_args': None, 'cmake_clean_cache': False, 'cmake_clean_first': False, 'cmake_force_configure': False, 'cmake_target': None, 'cmake_target_skip_unavailable': False, 'install_base': '/home/g209/ros2_ws/install/game', 'merge_install': False, 'path': '/home/g209/ros2_ws/src/game', 'symlink_install': False, 'test_result_base': None}
[0.774s] INFO:colcon.colcon_core.executor:Executing jobs using 'parallel' executor
[0.783s] DEBUG:colcon.colcon_parallel_executor.executor.parallel:run_until_complete
[0.784s] INFO:colcon.colcon_ros.task.ament_cmake.build:Building ROS package in '/home/g209/ros2_ws/src/custom_msgs' with build type 'ament_cmake'
[0.784s] INFO:colcon.colcon_cmake.task.cmake.build:Building CMake package in '/home/g209/ros2_ws/src/custom_msgs'
[0.793s] INFO:colcon.colcon_core.plugin_system:Skipping extension 'colcon_core.shell.bat': Not used on non-Windows systems
[0.793s] INFO:colcon.colcon_core.shell:Skip shell extension 'powershell' for command environment: Not usable outside of PowerShell
[0.793s] DEBUG:colcon.colcon_core.shell:Skip shell extension 'dsv' for command environment
[0.850s] DEBUG:colcon.colcon_core.event_handler.log_command:Invoking command in '/home/g209/ros2_ws/build/custom_msgs': CMAKE_PREFIX_PATH=/opt/ros/humble /usr/bin/cmake --build /home/g209/ros2_ws/build/custom_msgs -- -j2 -l2
[1.504s] DEBUG:colcon.colcon_core.event_handler.log_command:Invoked command in '/home/g209/ros2_ws/build/custom_msgs' returned '0': CMAKE_PREFIX_PATH=/opt/ros/humble /usr/bin/cmake --build /home/g209/ros2_ws/build/custom_msgs -- -j2 -l2
[1.688s] DEBUG:colcon.colcon_core.event_handler.log_command:Invoking command in '/home/g209/ros2_ws/build/custom_msgs': CMAKE_PREFIX_PATH=/opt/ros/humble /usr/bin/cmake --install /home/g209/ros2_ws/build/custom_msgs
[1.798s] Level 1:colcon.colcon_core.environment:create_environment_scripts_only(custom_msgs)
[1.815s] DEBUG:colcon.colcon_core.event_handler.log_command:Invoked command in '/home/g209/ros2_ws/build/custom_msgs' returned '0': CMAKE_PREFIX_PATH=/opt/ros/humble /usr/bin/cmake --install /home/g209/ros2_ws/build/custom_msgs
[1.819s] Level 1:colcon.colcon_core.environment:checking '/home/g209/ros2_ws/install/custom_msgs' for CMake module files
[1.820s] Level 1:colcon.colcon_core.environment:checking '/home/g209/ros2_ws/install/custom_msgs' for CMake config files
[1.820s] Level 1:colcon.colcon_core.shell:create_environment_hook('custom_msgs', 'cmake_prefix_path')
[1.828s] INFO:colcon.colcon_core.shell:Creating environment hook '/home/g209/ros2_ws/install/custom_msgs/share/custom_msgs/hook/cmake_prefix_path.ps1'
[1.832s] INFO:colcon.colcon_core.shell:Creating environment descriptor '/home/g209/ros2_ws/install/custom_msgs/share/custom_msgs/hook/cmake_prefix_path.dsv'
[1.837s] INFO:colcon.colcon_core.shell:Creating environment hook '/home/g209/ros2_ws/install/custom_msgs/share/custom_msgs/hook/cmake_prefix_path.sh'
[1.845s] Level 1:colcon.colcon_core.environment:checking '/home/g209/ros2_ws/install/custom_msgs/lib'
[1.845s] Level 1:colcon.colcon_core.shell:create_environment_hook('custom_msgs', 'ld_library_path_lib')
[1.867s] INFO:colcon.colcon_core.shell:Creating environment hook '/home/g209/ros2_ws/install/custom_msgs/share/custom_msgs/hook/ld_library_path_lib.ps1'
[1.885s] INFO:colcon.colcon_core.shell:Creating environment descriptor '/home/g209/ros2_ws/install/custom_msgs/share/custom_msgs/hook/ld_library_path_lib.dsv'
[1.902s] INFO:colcon.colcon_core.shell:Creating environment hook '/home/g209/ros2_ws/install/custom_msgs/share/custom_msgs/hook/ld_library_path_lib.sh'
[1.903s] Level 1:colcon.colcon_core.environment:checking '/home/g209/ros2_ws/install/custom_msgs/bin'
[1.903s] Level 1:colcon.colcon_core.environment:checking '/home/g209/ros2_ws/install/custom_msgs/lib/pkgconfig/custom_msgs.pc'
[1.904s] Level 1:colcon.colcon_core.environment:checking '/home/g209/ros2_ws/install/custom_msgs/lib/python3.10/site-packages'
[1.904s] Level 1:colcon.colcon_core.environment:checking '/home/g209/ros2_ws/install/custom_msgs/bin'
[1.912s] INFO:colcon.colcon_core.shell:Creating package script '/home/g209/ros2_ws/install/custom_msgs/share/custom_msgs/package.ps1'
[1.913s] INFO:colcon.colcon_core.shell:Creating package descriptor '/home/g209/ros2_ws/install/custom_msgs/share/custom_msgs/package.dsv'
[1.915s] INFO:colcon.colcon_core.shell:Creating package script '/home/g209/ros2_ws/install/custom_msgs/share/custom_msgs/package.sh'
[1.916s] INFO:colcon.colcon_core.shell:Creating package script '/home/g209/ros2_ws/install/custom_msgs/share/custom_msgs/package.bash'
[1.917s] INFO:colcon.colcon_core.shell:Creating package script '/home/g209/ros2_ws/install/custom_msgs/share/custom_msgs/package.zsh'
[1.918s] Level 1:colcon.colcon_core.environment:create_file_with_runtime_dependencies(/home/g209/ros2_ws/install/custom_msgs/share/colcon-core/packages/custom_msgs)
[2.189s] Level 1:colcon.colcon_core.environment:create_environment_scripts_only(custom_msgs)
[2.200s] Level 1:colcon.colcon_core.environment:checking '/home/g209/ros2_ws/install/custom_msgs' for CMake module files
[2.202s] Level 1:colcon.colcon_core.environment:checking '/home/g209/ros2_ws/install/custom_msgs' for CMake config files
[2.202s] Level 1:colcon.colcon_core.shell:create_environment_hook('custom_msgs', 'cmake_prefix_path')
[2.211s] INFO:colcon.colcon_core.shell:Creating environment hook '/home/g209/ros2_ws/install/custom_msgs/share/custom_msgs/hook/cmake_prefix_path.ps1'
[2.219s] INFO:colcon.colcon_core.shell:Creating environment descriptor '/home/g209/ros2_ws/install/custom_msgs/share/custom_msgs/hook/cmake_prefix_path.dsv'
[2.220s] INFO:colcon.colcon_core.shell:Creating environment hook '/home/g209/ros2_ws/install/custom_msgs/share/custom_msgs/hook/cmake_prefix_path.sh'
[2.221s] Level 1:colcon.colcon_core.environment:checking '/home/g209/ros2_ws/install/custom_msgs/lib'
[2.221s] Level 1:colcon.colcon_core.shell:create_environment_hook('custom_msgs', 'ld_library_path_lib')
[2.234s] INFO:colcon.colcon_core.shell:Creating environment hook '/home/g209/ros2_ws/install/custom_msgs/share/custom_msgs/hook/ld_library_path_lib.ps1'
[2.235s] INFO:colcon.colcon_core.shell:Creating environment descriptor '/home/g209/ros2_ws/install/custom_msgs/share/custom_msgs/hook/ld_library_path_lib.dsv'
[2.240s] INFO:colcon.colcon_core.shell:Creating environment hook '/home/g209/ros2_ws/install/custom_msgs/share/custom_msgs/hook/ld_library_path_lib.sh'
[2.241s] Level 1:colcon.colcon_core.environment:checking '/home/g209/ros2_ws/install/custom_msgs/bin'
[2.241s] Level 1:colcon.colcon_core.environment:checking '/home/g209/ros2_ws/install/custom_msgs/lib/pkgconfig/custom_msgs.pc'
[2.242s] Level 1:colcon.colcon_core.environment:checking '/home/g209/ros2_ws/install/custom_msgs/lib/python3.10/site-packages'
[2.242s] Level 1:colcon.colcon_core.environment:checking '/home/g209/ros2_ws/install/custom_msgs/bin'
[2.250s] INFO:colcon.colcon_core.shell:Creating package script '/home/g209/ros2_ws/install/custom_msgs/share/custom_msgs/package.ps1'
[2.251s] INFO:colcon.colcon_core.shell:Creating package descriptor '/home/g209/ros2_ws/install/custom_msgs/share/custom_msgs/package.dsv'
[2.252s] INFO:colcon.colcon_core.shell:Creating package script '/home/g209/ros2_ws/install/custom_msgs/share/custom_msgs/package.sh'
[2.252s] INFO:colcon.colcon_core.shell:Creating package script '/home/g209/ros2_ws/install/custom_msgs/share/custom_msgs/package.bash'
[2.265s] INFO:colcon.colcon_core.shell:Creating package script '/home/g209/ros2_ws/install/custom_msgs/share/custom_msgs/package.zsh'
[2.266s] Level 1:colcon.colcon_core.environment:create_file_with_runtime_dependencies(/home/g209/ros2_ws/install/custom_msgs/share/colcon-core/packages/custom_msgs)
[2.268s] INFO:colcon.colcon_ros.task.ament_cmake.build:Building ROS package in '/home/g209/ros2_ws/src/game' with build type 'ament_cmake'
[2.269s] INFO:colcon.colcon_cmake.task.cmake.build:Building CMake package in '/home/g209/ros2_ws/src/game'
[2.287s] INFO:colcon.colcon_core.shell:Skip shell extension 'powershell' for command environment: Not usable outside of PowerShell
[2.288s] DEBUG:colcon.colcon_core.shell:Skip shell extension 'dsv' for command environment
[2.362s] DEBUG:colcon.colcon_core.event_handler.log_command:Invoking command in '/home/g209/ros2_ws/build/game': AMENT_PREFIX_PATH=/home/g209/ros2_ws/install/custom_msgs:${AMENT_PREFIX_PATH} CMAKE_PREFIX_PATH=/home/g209/ros2_ws/install/custom_msgs:/opt/ros/humble LD_LIBRARY_PATH=/home/g209/ros2_ws/install/custom_msgs/lib:${LD_LIBRARY_PATH} PYTHONPATH=/home/g209/ros2_ws/install/custom_msgs/local/lib/python3.10/dist-packages:${PYTHONPATH} /usr/bin/cmake --build /home/g209/ros2_ws/build/game -- -j2 -l2
[8.203s] DEBUG:colcon.colcon_core.event_handler.log_command:Invoked command in '/home/g209/ros2_ws/build/game' returned '2': AMENT_PREFIX_PATH=/home/g209/ros2_ws/install/custom_msgs:${AMENT_PREFIX_PATH} CMAKE_PREFIX_PATH=/home/g209/ros2_ws/install/custom_msgs:/opt/ros/humble LD_LIBRARY_PATH=/home/g209/ros2_ws/install/custom_msgs/lib:${LD_LIBRARY_PATH} PYTHONPATH=/home/g209/ros2_ws/install/custom_msgs/local/lib/python3.10/dist-packages:${PYTHONPATH} /usr/bin/cmake --build /home/g209/ros2_ws/build/game -- -j2 -l2
[8.277s] Level 1:colcon.colcon_core.environment:create_environment_scripts_only(game)
[8.310s] Level 1:colcon.colcon_core.environment:checking '/home/g209/ros2_ws/install/game' for CMake module files
[8.312s] Level 1:colcon.colcon_core.environment:checking '/home/g209/ros2_ws/install/game' for CMake config files
[8.312s] Level 1:colcon.colcon_core.environment:checking '/home/g209/ros2_ws/install/game/bin'
[8.313s] Level 1:colcon.colcon_core.environment:checking '/home/g209/ros2_ws/install/game/lib/pkgconfig/game.pc'
[8.313s] Level 1:colcon.colcon_core.environment:checking '/home/g209/ros2_ws/install/game/lib/python3.10/site-packages'
[8.313s] Level 1:colcon.colcon_core.environment:checking '/home/g209/ros2_ws/install/game/bin'
[8.324s] INFO:colcon.colcon_core.shell:Creating package script '/home/g209/ros2_ws/install/game/share/game/package.ps1'
[8.325s] INFO:colcon.colcon_core.shell:Creating package descriptor '/home/g209/ros2_ws/install/game/share/game/package.dsv'
[8.326s] INFO:colcon.colcon_core.shell:Creating package script '/home/g209/ros2_ws/install/game/share/game/package.sh'
[8.342s] INFO:colcon.colcon_core.shell:Creating package script '/home/g209/ros2_ws/install/game/share/game/package.bash'
[8.343s] INFO:colcon.colcon_core.shell:Creating package script '/home/g209/ros2_ws/install/game/share/game/package.zsh'
[8.344s] Level 1:colcon.colcon_core.environment:create_file_with_runtime_dependencies(/home/g209/ros2_ws/install/game/share/colcon-core/packages/game)
[8.357s] DEBUG:colcon.colcon_parallel_executor.executor.parallel:closing loop
[8.364s] DEBUG:colcon.colcon_parallel_executor.executor.parallel:loop closed
[8.388s] DEBUG:colcon.colcon_parallel_executor.executor.parallel:run_until_complete finished with '2'
[8.388s] DEBUG:colcon.colcon_core.event_reactor:joining thread
[8.408s] INFO:colcon.colcon_core.plugin_system:Skipping extension 'colcon_notification.desktop_notification.terminal_notifier': Not used on non-Darwin systems
[8.408s] INFO:colcon.colcon_core.plugin_system:Skipping extension 'colcon_notification.desktop_notification.win32': Not used on non-Windows systems
[8.408s] INFO:colcon.colcon_notification.desktop_notification:Sending desktop notification using 'notify2'
[8.464s] DEBUG:colcon.colcon_core.event_reactor:joined thread
[8.472s] INFO:colcon.colcon_core.shell:Creating prefix script '/home/g209/ros2_ws/install/local_setup.ps1'
[8.478s] INFO:colcon.colcon_core.shell:Creating prefix util module '/home/g209/ros2_ws/install/_local_setup_util_ps1.py'
[8.483s] INFO:colcon.colcon_core.shell:Creating prefix chain script '/home/g209/ros2_ws/install/setup.ps1'
[8.502s] INFO:colcon.colcon_core.shell:Creating prefix script '/home/g209/ros2_ws/install/local_setup.sh'
[8.512s] INFO:colcon.colcon_core.shell:Creating prefix util module '/home/g209/ros2_ws/install/_local_setup_util_sh.py'
[8.513s] INFO:colcon.colcon_core.shell:Creating prefix chain script '/home/g209/ros2_ws/install/setup.sh'
[8.523s] INFO:colcon.colcon_core.shell:Creating prefix script '/home/g209/ros2_ws/install/local_setup.bash'
[8.524s] INFO:colcon.colcon_core.shell:Creating prefix chain script '/home/g209/ros2_ws/install/setup.bash'
[8.559s] INFO:colcon.colcon_core.shell:Creating prefix script '/home/g209/ros2_ws/install/local_setup.zsh'
[8.560s] INFO:colcon.colcon_core.shell:Creating prefix chain script '/home/g209/ros2_ws/install/setup.zsh'
