[0.062s] Invoking command in '/home/g209/workspace/build/game': CMAKE_PREFIX_PATH=${CMAKE_PREFIX_PATH}:/opt/ros/humble /usr/bin/cmake --build /home/g209/workspace/build/game -- -j2 -l2
[0.165s] [  3%] Built target game__cpp
[0.176s] [ 12%] Built target game__rosidl_generator_c
[0.219s] [ 21%] Built target game__rosidl_typesupport_cpp
[0.245s] [ 21%] Built target ament_cmake_python_copy_game
[0.295s] [ 30%] Built target game__rosidl_typesupport_fastrtps_c
[0.316s] [ 39%] Built target game__rosidl_typesupport_introspection_c
[0.360s] [ 48%] Built target game__rosidl_typesupport_c
[0.371s] [ 57%] Built target game__rosidl_typesupport_fastrtps_cpp
[0.388s] [ 66%] Built target game__rosidl_typesupport_introspection_cpp
[0.539s] [35m[1mConsolidate compiler generated dependencies of target controller_publisher[0m
[0.609s] [ 72%] Built target controller_publisher
[0.662s] running egg_info
[0.672s] writing game.egg-info/PKG-INFO
[0.673s] writing dependency_links to game.egg-info/dependency_links.txt
[0.676s] writing top-level names to game.egg-info/top_level.txt
[0.679s] reading manifest file 'game.egg-info/SOURCES.txt'
[0.680s] writing manifest file 'game.egg-info/SOURCES.txt'
[0.713s] [ 72%] Built target game
[0.721s] [ 72%] Built target ament_cmake_python_build_game_egg
[0.764s] [ 75%] Built target game__py
[0.797s] [ 81%] Built target game__rosidl_generator_py
[0.845s] [ 87%] Built target game__rosidl_typesupport_introspection_c__pyext
[0.868s] [ 93%] Built target game__rosidl_typesupport_fastrtps_c__pyext
[0.894s] [100%] Built target game__rosidl_typesupport_c__pyext
[0.906s] Invoked command in '/home/g209/workspace/build/game' returned '0': CMAKE_PREFIX_PATH=${CMAKE_PREFIX_PATH}:/opt/ros/humble /usr/bin/cmake --build /home/g209/workspace/build/game -- -j2 -l2
[1.166s] Invoking command in '/home/g209/workspace/build/game': CMAKE_PREFIX_PATH=${CMAKE_PREFIX_PATH}:/opt/ros/humble /usr/bin/cmake --install /home/g209/workspace/build/game
[1.178s] -- Install configuration: ""
[1.178s] -- Up-to-date: /home/g209/workspace/install/game/share/ament_index/resource_index/rosidl_interfaces/game
[1.181s] -- Up-to-date: /home/g209/workspace/install/game/include/game/game
[1.181s] -- Up-to-date: /home/g209/workspace/install/game/include/game/game/msg
[1.181s] -- Up-to-date: /home/g209/workspace/install/game/include/game/game/msg/detail
[1.182s] -- Up-to-date: /home/g209/workspace/install/game/include/game/game/msg/detail/game_state_msg__struct.h
[1.182s] -- Up-to-date: /home/g209/workspace/install/game/include/game/game/msg/detail/game_state_msg__functions.c
[1.182s] -- Up-to-date: /home/g209/workspace/install/game/include/game/game/msg/detail/game_state_msg__functions.h
[1.182s] -- Up-to-date: /home/g209/workspace/install/game/include/game/game/msg/detail/game_state_msg__type_support.h
[1.182s] -- Up-to-date: /home/g209/workspace/install/game/include/game/game/msg/rosidl_generator_c__visibility_control.h
[1.182s] -- Up-to-date: /home/g209/workspace/install/game/include/game/game/msg/game_state_msg.h
[1.182s] -- Up-to-date: /home/g209/workspace/install/game/share/game/environment/library_path.sh
[1.182s] -- Up-to-date: /home/g209/workspace/install/game/share/game/environment/library_path.dsv
[1.182s] -- Up-to-date: /home/g209/workspace/install/game/lib/libgame__rosidl_generator_c.so
[1.182s] -- Up-to-date: /home/g209/workspace/install/game/include/game/game
[1.183s] -- Up-to-date: /home/g209/workspace/install/game/include/game/game/msg
[1.183s] -- Up-to-date: /home/g209/workspace/install/game/include/game/game/msg/detail
[1.183s] -- Up-to-date: /home/g209/workspace/install/game/include/game/game/msg/detail/game_state_msg__rosidl_typesupport_fastrtps_c.h
[1.183s] -- Up-to-date: /home/g209/workspace/install/game/include/game/game/msg/rosidl_typesupport_fastrtps_c__visibility_control.h
[1.183s] -- Up-to-date: /home/g209/workspace/install/game/lib/libgame__rosidl_typesupport_fastrtps_c.so
[1.183s] -- Up-to-date: /home/g209/workspace/install/game/include/game/game
[1.183s] -- Up-to-date: /home/g209/workspace/install/game/include/game/game/msg
[1.183s] -- Up-to-date: /home/g209/workspace/install/game/include/game/game/msg/detail
[1.183s] -- Up-to-date: /home/g209/workspace/install/game/include/game/game/msg/detail/game_state_msg__type_support.c
[1.183s] -- Up-to-date: /home/g209/workspace/install/game/include/game/game/msg/detail/game_state_msg__rosidl_typesupport_introspection_c.h
[1.183s] -- Up-to-date: /home/g209/workspace/install/game/include/game/game/msg/rosidl_typesupport_introspection_c__visibility_control.h
[1.184s] -- Up-to-date: /home/g209/workspace/install/game/lib/libgame__rosidl_typesupport_introspection_c.so
[1.184s] -- Up-to-date: /home/g209/workspace/install/game/lib/libgame__rosidl_typesupport_c.so
[1.184s] -- Up-to-date: /home/g209/workspace/install/game/include/game/game
[1.184s] -- Up-to-date: /home/g209/workspace/install/game/include/game/game/msg
[1.184s] -- Up-to-date: /home/g209/workspace/install/game/include/game/game/msg/detail
[1.184s] -- Up-to-date: /home/g209/workspace/install/game/include/game/game/msg/detail/game_state_msg__traits.hpp
[1.185s] -- Up-to-date: /home/g209/workspace/install/game/include/game/game/msg/detail/game_state_msg__builder.hpp
[1.185s] -- Up-to-date: /home/g209/workspace/install/game/include/game/game/msg/detail/game_state_msg__struct.hpp
[1.185s] -- Up-to-date: /home/g209/workspace/install/game/include/game/game/msg/game_state_msg.hpp
[1.185s] -- Up-to-date: /home/g209/workspace/install/game/include/game/game
[1.185s] -- Up-to-date: /home/g209/workspace/install/game/include/game/game/msg
[1.185s] -- Up-to-date: /home/g209/workspace/install/game/include/game/game/msg/detail
[1.185s] -- Up-to-date: /home/g209/workspace/install/game/include/game/game/msg/detail/game_state_msg__rosidl_typesupport_fastrtps_cpp.hpp
[1.198s] -- Up-to-date: /home/g209/workspace/install/game/include/game/game/msg/detail/dds_fastrtps
[1.198s] -- Up-to-date: /home/g209/workspace/install/game/include/game/game/msg/rosidl_typesupport_fastrtps_cpp__visibility_control.h
[1.198s] -- Up-to-date: /home/g209/workspace/install/game/lib/libgame__rosidl_typesupport_fastrtps_cpp.so
[1.198s] -- Up-to-date: /home/g209/workspace/install/game/include/game/game
[1.198s] -- Up-to-date: /home/g209/workspace/install/game/include/game/game/msg
[1.198s] -- Up-to-date: /home/g209/workspace/install/game/include/game/game/msg/detail
[1.198s] -- Up-to-date: /home/g209/workspace/install/game/include/game/game/msg/detail/game_state_msg__type_support.cpp
[1.198s] -- Up-to-date: /home/g209/workspace/install/game/include/game/game/msg/detail/game_state_msg__rosidl_typesupport_introspection_cpp.hpp
[1.198s] -- Up-to-date: /home/g209/workspace/install/game/lib/libgame__rosidl_typesupport_introspection_cpp.so
[1.198s] -- Up-to-date: /home/g209/workspace/install/game/lib/libgame__rosidl_typesupport_cpp.so
[1.198s] -- Up-to-date: /home/g209/workspace/install/game/share/game/environment/pythonpath.sh
[1.198s] -- Up-to-date: /home/g209/workspace/install/game/share/game/environment/pythonpath.dsv
[1.198s] -- Up-to-date: /home/g209/workspace/install/game/local/lib/python3.10/dist-packages/game-0.0.0-py3.10.egg-info
[1.198s] -- Installing: /home/g209/workspace/install/game/local/lib/python3.10/dist-packages/game-0.0.0-py3.10.egg-info/SOURCES.txt
[1.198s] -- Installing: /home/g209/workspace/install/game/local/lib/python3.10/dist-packages/game-0.0.0-py3.10.egg-info/PKG-INFO
[1.198s] -- Installing: /home/g209/workspace/install/game/local/lib/python3.10/dist-packages/game-0.0.0-py3.10.egg-info/top_level.txt
[1.198s] -- Installing: /home/g209/workspace/install/game/local/lib/python3.10/dist-packages/game-0.0.0-py3.10.egg-info/dependency_links.txt
[1.198s] -- Up-to-date: /home/g209/workspace/install/game/local/lib/python3.10/dist-packages/game
[1.198s] -- Up-to-date: /home/g209/workspace/install/game/local/lib/python3.10/dist-packages/game/_game_s.ep.rosidl_typesupport_introspection_c.c
[1.198s] -- Up-to-date: /home/g209/workspace/install/game/local/lib/python3.10/dist-packages/game/msg
[1.198s] -- Up-to-date: /home/g209/workspace/install/game/local/lib/python3.10/dist-packages/game/msg/__init__.py
[1.198s] -- Up-to-date: /home/g209/workspace/install/game/local/lib/python3.10/dist-packages/game/msg/_game_state_msg.py
[1.198s] -- Up-to-date: /home/g209/workspace/install/game/local/lib/python3.10/dist-packages/game/msg/_game_state_msg_s.c
[1.199s] -- Up-to-date: /home/g209/workspace/install/game/local/lib/python3.10/dist-packages/game/game_s__rosidl_typesupport_introspection_c.cpython-310-x86_64-linux-gnu.so
[1.199s] -- Up-to-date: /home/g209/workspace/install/game/local/lib/python3.10/dist-packages/game/_game_s.ep.rosidl_typesupport_c.c
[1.199s] -- Up-to-date: /home/g209/workspace/install/game/local/lib/python3.10/dist-packages/game/__init__.py
[1.199s] -- Up-to-date: /home/g209/workspace/install/game/local/lib/python3.10/dist-packages/game/game_s__rosidl_typesupport_fastrtps_c.cpython-310-x86_64-linux-gnu.so
[1.199s] -- Up-to-date: /home/g209/workspace/install/game/local/lib/python3.10/dist-packages/game/libgame__rosidl_generator_py.so
[1.199s] -- Up-to-date: /home/g209/workspace/install/game/local/lib/python3.10/dist-packages/game/game_s__rosidl_typesupport_c.cpython-310-x86_64-linux-gnu.so
[1.199s] -- Up-to-date: /home/g209/workspace/install/game/local/lib/python3.10/dist-packages/game/_game_s.ep.rosidl_typesupport_fastrtps_c.c
[1.210s] Listing '/home/g209/workspace/install/game/local/lib/python3.10/dist-packages/game'...
[1.210s] Listing '/home/g209/workspace/install/game/local/lib/python3.10/dist-packages/game/msg'...
[1.213s] -- Up-to-date: /home/g209/workspace/install/game/local/lib/python3.10/dist-packages/game/game_s__rosidl_typesupport_fastrtps_c.cpython-310-x86_64-linux-gnu.so
[1.214s] -- Up-to-date: /home/g209/workspace/install/game/local/lib/python3.10/dist-packages/game/game_s__rosidl_typesupport_introspection_c.cpython-310-x86_64-linux-gnu.so
[1.214s] -- Up-to-date: /home/g209/workspace/install/game/local/lib/python3.10/dist-packages/game/game_s__rosidl_typesupport_c.cpython-310-x86_64-linux-gnu.so
[1.214s] -- Up-to-date: /home/g209/workspace/install/game/lib/libgame__rosidl_generator_py.so
[1.214s] -- Up-to-date: /home/g209/workspace/install/game/share/game/msg/GameStateMsg.idl
[1.214s] -- Up-to-date: /home/g209/workspace/install/game/share/game/msg/GameStateMsg.msg
[1.215s] -- Up-to-date: /home/g209/workspace/install/game/lib/game/controller_publisher
[1.215s] -- Up-to-date: /home/g209/workspace/install/game/share/ament_index/resource_index/package_run_dependencies/game
[1.216s] -- Up-to-date: /home/g209/workspace/install/game/share/ament_index/resource_index/parent_prefix_path/game
[1.216s] -- Up-to-date: /home/g209/workspace/install/game/share/game/environment/ament_prefix_path.sh
[1.216s] -- Up-to-date: /home/g209/workspace/install/game/share/game/environment/ament_prefix_path.dsv
[1.216s] -- Up-to-date: /home/g209/workspace/install/game/share/game/environment/path.sh
[1.216s] -- Up-to-date: /home/g209/workspace/install/game/share/game/environment/path.dsv
[1.216s] -- Up-to-date: /home/g209/workspace/install/game/share/game/local_setup.bash
[1.216s] -- Up-to-date: /home/g209/workspace/install/game/share/game/local_setup.sh
[1.216s] -- Up-to-date: /home/g209/workspace/install/game/share/game/local_setup.zsh
[1.216s] -- Up-to-date: /home/g209/workspace/install/game/share/game/local_setup.dsv
[1.216s] -- Installing: /home/g209/workspace/install/game/share/game/package.dsv
[1.217s] -- Up-to-date: /home/g209/workspace/install/game/share/ament_index/resource_index/packages/game
[1.217s] -- Up-to-date: /home/g209/workspace/install/game/share/game/cmake/export_game__rosidl_generator_cExport.cmake
[1.217s] -- Up-to-date: /home/g209/workspace/install/game/share/game/cmake/export_game__rosidl_generator_cExport-noconfig.cmake
[1.217s] -- Up-to-date: /home/g209/workspace/install/game/share/game/cmake/export_game__rosidl_typesupport_fastrtps_cExport.cmake
[1.217s] -- Up-to-date: /home/g209/workspace/install/game/share/game/cmake/export_game__rosidl_typesupport_fastrtps_cExport-noconfig.cmake
[1.217s] -- Up-to-date: /home/g209/workspace/install/game/share/game/cmake/game__rosidl_typesupport_introspection_cExport.cmake
[1.217s] -- Up-to-date: /home/g209/workspace/install/game/share/game/cmake/game__rosidl_typesupport_introspection_cExport-noconfig.cmake
[1.218s] -- Up-to-date: /home/g209/workspace/install/game/share/game/cmake/game__rosidl_typesupport_cExport.cmake
[1.218s] -- Up-to-date: /home/g209/workspace/install/game/share/game/cmake/game__rosidl_typesupport_cExport-noconfig.cmake
[1.218s] -- Up-to-date: /home/g209/workspace/install/game/share/game/cmake/export_game__rosidl_generator_cppExport.cmake
[1.218s] -- Up-to-date: /home/g209/workspace/install/game/share/game/cmake/export_game__rosidl_typesupport_fastrtps_cppExport.cmake
[1.218s] -- Up-to-date: /home/g209/workspace/install/game/share/game/cmake/export_game__rosidl_typesupport_fastrtps_cppExport-noconfig.cmake
[1.218s] -- Up-to-date: /home/g209/workspace/install/game/share/game/cmake/game__rosidl_typesupport_introspection_cppExport.cmake
[1.218s] -- Up-to-date: /home/g209/workspace/install/game/share/game/cmake/game__rosidl_typesupport_introspection_cppExport-noconfig.cmake
[1.218s] -- Up-to-date: /home/g209/workspace/install/game/share/game/cmake/game__rosidl_typesupport_cppExport.cmake
[1.218s] -- Up-to-date: /home/g209/workspace/install/game/share/game/cmake/game__rosidl_typesupport_cppExport-noconfig.cmake
[1.218s] -- Up-to-date: /home/g209/workspace/install/game/share/game/cmake/export_game__rosidl_generator_pyExport.cmake
[1.218s] -- Up-to-date: /home/g209/workspace/install/game/share/game/cmake/export_game__rosidl_generator_pyExport-noconfig.cmake
[1.218s] -- Up-to-date: /home/g209/workspace/install/game/share/game/cmake/rosidl_cmake-extras.cmake
[1.218s] -- Up-to-date: /home/g209/workspace/install/game/share/game/cmake/ament_cmake_export_include_directories-extras.cmake
[1.218s] -- Up-to-date: /home/g209/workspace/install/game/share/game/cmake/ament_cmake_export_libraries-extras.cmake
[1.218s] -- Up-to-date: /home/g209/workspace/install/game/share/game/cmake/ament_cmake_export_targets-extras.cmake
[1.218s] -- Up-to-date: /home/g209/workspace/install/game/share/game/cmake/rosidl_cmake_export_typesupport_targets-extras.cmake
[1.218s] -- Up-to-date: /home/g209/workspace/install/game/share/game/cmake/ament_cmake_export_dependencies-extras.cmake
[1.218s] -- Up-to-date: /home/g209/workspace/install/game/share/game/cmake/rosidl_cmake_export_typesupport_libraries-extras.cmake
[1.219s] -- Up-to-date: /home/g209/workspace/install/game/share/game/cmake/gameConfig.cmake
[1.219s] -- Up-to-date: /home/g209/workspace/install/game/share/game/cmake/gameConfig-version.cmake
[1.219s] -- Up-to-date: /home/g209/workspace/install/game/share/game/package.xml
[1.259s] Invoked command in '/home/g209/workspace/build/game' returned '0': CMAKE_PREFIX_PATH=${CMAKE_PREFIX_PATH}:/opt/ros/humble /usr/bin/cmake --install /home/g209/workspace/build/game
