-- Found ament_cmake: 1.3.5 (/opt/ros/humble/share/ament_cmake/cmake)
-- Found rosidl_default_generators: 1.2.0 (/opt/ros/humble/share/rosidl_default_generators/cmake)
-- Using all available rosidl_typesupport_c: rosidl_typesupport_fastrtps_c;rosidl_typesupport_introspection_c
-- Found rosidl_adapter: 3.1.5 (/opt/ros/humble/share/rosidl_adapter/cmake)
-- Using all available rosidl_typesupport_cpp: rosidl_typesupport_fastrtps_cpp;rosidl_typesupport_introspection_cpp
-- Found rclcpp: 16.0.6 (/opt/ros/humble/share/rclcpp/cmake)
-- Found rmw_implementation_cmake: 6.1.1 (/opt/ros/humble/share/rmw_implementation_cmake/cmake)
-- Found rmw_fastrtps_cpp: 6.2.4 (/opt/ros/humble/share/rmw_fastrtps_cpp/cmake)
-- Found OpenSSL: /usr/lib/x86_64-linux-gnu/libcrypto.so (found version "3.0.2")  
-- Found FastRTPS: /opt/ros/humble/include  
-- Using RMW implementation 'rmw_fastrtps_cpp' as default
-- Looking for pthread.h
-- Looking for pthread.h - found
-- Performing Test CMAKE_HAVE_LIBC_PTHREAD
-- Performing Test CMAKE_HAVE_LIBC_PTHREAD - Success
-- Found Threads: TRUE  
-- Found ament_cmake_ros: 0.10.0 (/opt/ros/humble/share/ament_cmake_ros/cmake)
-- Using all available rosidl_typesupport_c: rosidl_typesupport_fastrtps_c;rosidl_typesupport_introspection_c
-- Using all available rosidl_typesupport_cpp: rosidl_typesupport_fastrtps_cpp;rosidl_typesupport_introspection_cpp
-- Found PythonInterp: /usr/bin/python3 (found suitable version "3.10.12", minimum required is "3.6") 
-- Found python_cmake_module: 0.10.0 (/opt/ros/humble/share/python_cmake_module/cmake)
-- Found PythonLibs: /usr/lib/x86_64-linux-gnu/libpython3.10.so (found suitable version "3.10.12", minimum required is "3.5") 
-- Using PYTHON_EXECUTABLE: /usr/bin/python3
-- Using PYTHON_INCLUDE_DIRS: /usr/include/python3.10
-- Using PYTHON_LIBRARIES: /usr/lib/x86_64-linux-gnu/libpython3.10.so
-- Found PythonExtra: .so  
-- Found ament_lint_auto: 0.12.8 (/opt/ros/humble/share/ament_lint_auto/cmake)
-- Added test 'cppcheck' to perform static code analysis on C / C++ code
-- Configured cppcheck include dirs: 
-- Configured cppcheck exclude dirs and/or files: 
-- Added test 'lint_cmake' to check CMake code style
-- Added test 'uncrustify' to check C / C++ code style
-- Configured uncrustify additional arguments: 
-- Added test 'xmllint' to check XML markup files
-- Configuring done
-- Generating done
-- Build files have been written to: /home/g209/workspace/build/game
[  3%] [34m[1mGenerating C code for ROS interfaces[0m
[  6%] [34m[1mGenerating C++ code for ROS interfaces[0m
[  6%] Built target game__cpp
[  9%] [32mBuilding C object CMakeFiles/game__rosidl_generator_c.dir/rosidl_generator_c/game/msg/detail/game_state_msg__functions.c.o[0m
[  9%] Built target ament_cmake_python_copy_game
[ 12%] [34m[1mGenerating C++ type support dispatch for ROS interfaces[0m
[ 16%] [32m[1mLinking C shared library libgame__rosidl_generator_c.so[0m
[ 16%] Built target game__rosidl_generator_c
[ 19%] [34m[1mGenerating C++ type support for eProsima Fast-RTPS[0m
[ 22%] [32mBuilding CXX object CMakeFiles/game__rosidl_typesupport_cpp.dir/rosidl_typesupport_cpp/game/msg/game_state_msg__type_support.cpp.o[0m
[ 25%] [32mBuilding CXX object CMakeFiles/game__rosidl_typesupport_fastrtps_cpp.dir/rosidl_typesupport_fastrtps_cpp/game/msg/detail/dds_fastrtps/game_state_msg__type_support.cpp.o[0m
[ 29%] [32m[1mLinking CXX shared library libgame__rosidl_typesupport_cpp.so[0m
[ 32%] [32m[1mLinking CXX shared library libgame__rosidl_typesupport_fastrtps_cpp.so[0m
[ 32%] Built target game__rosidl_typesupport_cpp
[ 35%] [34m[1mGenerating C++ introspection for ROS interfaces[0m
[ 35%] Built target game__rosidl_typesupport_fastrtps_cpp
running egg_info
creating game.egg-info
writing game.egg-info/PKG-INFO
writing dependency_links to game.egg-info/dependency_links.txt
writing top-level names to game.egg-info/top_level.txt
writing manifest file 'game.egg-info/SOURCES.txt'
reading manifest file 'game.egg-info/SOURCES.txt'
writing manifest file 'game.egg-info/SOURCES.txt'
[ 35%] Built target ament_cmake_python_build_game_egg
[ 38%] [32mBuilding CXX object CMakeFiles/game__rosidl_typesupport_introspection_cpp.dir/rosidl_typesupport_introspection_cpp/game/msg/detail/game_state_msg__type_support.cpp.o[0m
[ 41%] [34m[1mGenerating C type support for eProsima Fast-RTPS[0m
[ 45%] [32mBuilding CXX object CMakeFiles/game__rosidl_typesupport_fastrtps_c.dir/rosidl_typesupport_fastrtps_c/game/msg/detail/game_state_msg__type_support_c.cpp.o[0m
[ 48%] [32m[1mLinking CXX shared library libgame__rosidl_typesupport_introspection_cpp.so[0m
[ 48%] Built target game__rosidl_typesupport_introspection_cpp
[ 51%] [34m[1mGenerating C introspection for ROS interfaces[0m
[ 54%] [32m[1mLinking CXX shared library libgame__rosidl_typesupport_fastrtps_c.so[0m
[ 54%] Built target game__rosidl_typesupport_fastrtps_c
[ 58%] [32mBuilding C object CMakeFiles/game__rosidl_typesupport_introspection_c.dir/rosidl_typesupport_introspection_c/game/msg/detail/game_state_msg__type_support.c.o[0m
[ 61%] [34m[1mGenerating C type support dispatch for ROS interfaces[0m
[ 64%] [32m[1mLinking C shared library libgame__rosidl_typesupport_introspection_c.so[0m
[ 64%] Built target game__rosidl_typesupport_introspection_c
[ 67%] [32mBuilding CXX object CMakeFiles/game__rosidl_typesupport_c.dir/rosidl_typesupport_c/game/msg/game_state_msg__type_support.cpp.o[0m
[ 70%] [32m[1mLinking CXX shared library libgame__rosidl_typesupport_c.so[0m
[ 70%] Built target game__rosidl_typesupport_c
[ 70%] Built target game
[ 74%] [34m[1mGenerating Python code for ROS interfaces[0m
[ 74%] Built target game__py
[ 77%] [32mBuilding C object CMakeFiles/game__rosidl_generator_py.dir/rosidl_generator_py/game/msg/_game_state_msg_s.c.o[0m
[ 80%] [32m[1mLinking C shared library rosidl_generator_py/game/libgame__rosidl_generator_py.so[0m
[ 80%] Built target game__rosidl_generator_py
[ 83%] [32mBuilding C object CMakeFiles/game__rosidl_typesupport_fastrtps_c__pyext.dir/rosidl_generator_py/game/_game_s.ep.rosidl_typesupport_fastrtps_c.c.o[0m
[ 87%] [32mBuilding C object CMakeFiles/game__rosidl_typesupport_introspection_c__pyext.dir/rosidl_generator_py/game/_game_s.ep.rosidl_typesupport_introspection_c.c.o[0m
[ 90%] [32m[1mLinking C shared library rosidl_generator_py/game/game_s__rosidl_typesupport_introspection_c.cpython-310-x86_64-linux-gnu.so[0m
[ 93%] [32m[1mLinking C shared library rosidl_generator_py/game/game_s__rosidl_typesupport_fastrtps_c.cpython-310-x86_64-linux-gnu.so[0m
[ 93%] Built target game__rosidl_typesupport_introspection_c__pyext
[ 93%] Built target game__rosidl_typesupport_fastrtps_c__pyext
[ 96%] [32mBuilding C object CMakeFiles/game__rosidl_typesupport_c__pyext.dir/rosidl_generator_py/game/_game_s.ep.rosidl_typesupport_c.c.o[0m
[100%] [32m[1mLinking C shared library rosidl_generator_py/game/game_s__rosidl_typesupport_c.cpython-310-x86_64-linux-gnu.so[0m
[100%] Built target game__rosidl_typesupport_c__pyext
-- Install configuration: ""
-- Installing: /home/g209/workspace/install/game/share/ament_index/resource_index/rosidl_interfaces/game
-- Installing: /home/g209/workspace/install/game/include/game/game
-- Installing: /home/g209/workspace/install/game/include/game/game/msg
-- Installing: /home/g209/workspace/install/game/include/game/game/msg/detail
-- Installing: /home/g209/workspace/install/game/include/game/game/msg/detail/game_state_msg__struct.h
-- Installing: /home/g209/workspace/install/game/include/game/game/msg/detail/game_state_msg__functions.c
-- Installing: /home/g209/workspace/install/game/include/game/game/msg/detail/game_state_msg__functions.h
-- Installing: /home/g209/workspace/install/game/include/game/game/msg/detail/game_state_msg__type_support.h
-- Installing: /home/g209/workspace/install/game/include/game/game/msg/rosidl_generator_c__visibility_control.h
-- Installing: /home/g209/workspace/install/game/include/game/game/msg/game_state_msg.h
-- Installing: /home/g209/workspace/install/game/share/game/environment/library_path.sh
-- Installing: /home/g209/workspace/install/game/share/game/environment/library_path.dsv
-- Installing: /home/g209/workspace/install/game/lib/libgame__rosidl_generator_c.so
-- Set runtime path of "/home/g209/workspace/install/game/lib/libgame__rosidl_generator_c.so" to ""
-- Up-to-date: /home/g209/workspace/install/game/include/game/game
-- Up-to-date: /home/g209/workspace/install/game/include/game/game/msg
-- Up-to-date: /home/g209/workspace/install/game/include/game/game/msg/detail
-- Installing: /home/g209/workspace/install/game/include/game/game/msg/detail/game_state_msg__rosidl_typesupport_fastrtps_c.h
-- Installing: /home/g209/workspace/install/game/include/game/game/msg/rosidl_typesupport_fastrtps_c__visibility_control.h
-- Installing: /home/g209/workspace/install/game/lib/libgame__rosidl_typesupport_fastrtps_c.so
-- Set runtime path of "/home/g209/workspace/install/game/lib/libgame__rosidl_typesupport_fastrtps_c.so" to ""
-- Up-to-date: /home/g209/workspace/install/game/include/game/game
-- Up-to-date: /home/g209/workspace/install/game/include/game/game/msg
-- Up-to-date: /home/g209/workspace/install/game/include/game/game/msg/detail
-- Installing: /home/g209/workspace/install/game/include/game/game/msg/detail/game_state_msg__type_support.c
-- Installing: /home/g209/workspace/install/game/include/game/game/msg/detail/game_state_msg__rosidl_typesupport_introspection_c.h
-- Installing: /home/g209/workspace/install/game/include/game/game/msg/rosidl_typesupport_introspection_c__visibility_control.h
-- Installing: /home/g209/workspace/install/game/lib/libgame__rosidl_typesupport_introspection_c.so
-- Set runtime path of "/home/g209/workspace/install/game/lib/libgame__rosidl_typesupport_introspection_c.so" to ""
-- Installing: /home/g209/workspace/install/game/lib/libgame__rosidl_typesupport_c.so
-- Set runtime path of "/home/g209/workspace/install/game/lib/libgame__rosidl_typesupport_c.so" to ""
-- Up-to-date: /home/g209/workspace/install/game/include/game/game
-- Up-to-date: /home/g209/workspace/install/game/include/game/game/msg
-- Up-to-date: /home/g209/workspace/install/game/include/game/game/msg/detail
-- Installing: /home/g209/workspace/install/game/include/game/game/msg/detail/game_state_msg__traits.hpp
-- Installing: /home/g209/workspace/install/game/include/game/game/msg/detail/game_state_msg__builder.hpp
-- Installing: /home/g209/workspace/install/game/include/game/game/msg/detail/game_state_msg__struct.hpp
-- Installing: /home/g209/workspace/install/game/include/game/game/msg/game_state_msg.hpp
-- Up-to-date: /home/g209/workspace/install/game/include/game/game
-- Up-to-date: /home/g209/workspace/install/game/include/game/game/msg
-- Up-to-date: /home/g209/workspace/install/game/include/game/game/msg/detail
-- Installing: /home/g209/workspace/install/game/include/game/game/msg/detail/game_state_msg__rosidl_typesupport_fastrtps_cpp.hpp
-- Installing: /home/g209/workspace/install/game/include/game/game/msg/detail/dds_fastrtps
-- Installing: /home/g209/workspace/install/game/include/game/game/msg/rosidl_typesupport_fastrtps_cpp__visibility_control.h
-- Installing: /home/g209/workspace/install/game/lib/libgame__rosidl_typesupport_fastrtps_cpp.so
-- Set runtime path of "/home/g209/workspace/install/game/lib/libgame__rosidl_typesupport_fastrtps_cpp.so" to ""
-- Up-to-date: /home/g209/workspace/install/game/include/game/game
-- Up-to-date: /home/g209/workspace/install/game/include/game/game/msg
-- Up-to-date: /home/g209/workspace/install/game/include/game/game/msg/detail
-- Installing: /home/g209/workspace/install/game/include/game/game/msg/detail/game_state_msg__type_support.cpp
-- Installing: /home/g209/workspace/install/game/include/game/game/msg/detail/game_state_msg__rosidl_typesupport_introspection_cpp.hpp
-- Installing: /home/g209/workspace/install/game/lib/libgame__rosidl_typesupport_introspection_cpp.so
-- Set runtime path of "/home/g209/workspace/install/game/lib/libgame__rosidl_typesupport_introspection_cpp.so" to ""
-- Installing: /home/g209/workspace/install/game/lib/libgame__rosidl_typesupport_cpp.so
-- Set runtime path of "/home/g209/workspace/install/game/lib/libgame__rosidl_typesupport_cpp.so" to ""
-- Installing: /home/g209/workspace/install/game/share/game/environment/pythonpath.sh
-- Installing: /home/g209/workspace/install/game/share/game/environment/pythonpath.dsv
-- Installing: /home/g209/workspace/install/game/local/lib/python3.10/dist-packages/game-0.0.0-py3.10.egg-info
-- Installing: /home/g209/workspace/install/game/local/lib/python3.10/dist-packages/game-0.0.0-py3.10.egg-info/SOURCES.txt
-- Installing: /home/g209/workspace/install/game/local/lib/python3.10/dist-packages/game-0.0.0-py3.10.egg-info/PKG-INFO
-- Installing: /home/g209/workspace/install/game/local/lib/python3.10/dist-packages/game-0.0.0-py3.10.egg-info/top_level.txt
-- Installing: /home/g209/workspace/install/game/local/lib/python3.10/dist-packages/game-0.0.0-py3.10.egg-info/dependency_links.txt
-- Installing: /home/g209/workspace/install/game/local/lib/python3.10/dist-packages/game
-- Installing: /home/g209/workspace/install/game/local/lib/python3.10/dist-packages/game/_game_s.ep.rosidl_typesupport_introspection_c.c
-- Installing: /home/g209/workspace/install/game/local/lib/python3.10/dist-packages/game/msg
-- Installing: /home/g209/workspace/install/game/local/lib/python3.10/dist-packages/game/msg/__init__.py
-- Installing: /home/g209/workspace/install/game/local/lib/python3.10/dist-packages/game/msg/_game_state_msg.py
-- Installing: /home/g209/workspace/install/game/local/lib/python3.10/dist-packages/game/msg/_game_state_msg_s.c
-- Installing: /home/g209/workspace/install/game/local/lib/python3.10/dist-packages/game/game_s__rosidl_typesupport_introspection_c.cpython-310-x86_64-linux-gnu.so
-- Installing: /home/g209/workspace/install/game/local/lib/python3.10/dist-packages/game/_game_s.ep.rosidl_typesupport_c.c
-- Installing: /home/g209/workspace/install/game/local/lib/python3.10/dist-packages/game/__init__.py
-- Installing: /home/g209/workspace/install/game/local/lib/python3.10/dist-packages/game/game_s__rosidl_typesupport_fastrtps_c.cpython-310-x86_64-linux-gnu.so
-- Installing: /home/g209/workspace/install/game/local/lib/python3.10/dist-packages/game/libgame__rosidl_generator_py.so
-- Installing: /home/g209/workspace/install/game/local/lib/python3.10/dist-packages/game/game_s__rosidl_typesupport_c.cpython-310-x86_64-linux-gnu.so
-- Installing: /home/g209/workspace/install/game/local/lib/python3.10/dist-packages/game/_game_s.ep.rosidl_typesupport_fastrtps_c.c
Listing '/home/g209/workspace/install/game/local/lib/python3.10/dist-packages/game'...
Compiling '/home/g209/workspace/install/game/local/lib/python3.10/dist-packages/game/__init__.py'...
Listing '/home/g209/workspace/install/game/local/lib/python3.10/dist-packages/game/msg'...
Compiling '/home/g209/workspace/install/game/local/lib/python3.10/dist-packages/game/msg/__init__.py'...
Compiling '/home/g209/workspace/install/game/local/lib/python3.10/dist-packages/game/msg/_game_state_msg.py'...
-- Installing: /home/g209/workspace/install/game/local/lib/python3.10/dist-packages/game/game_s__rosidl_typesupport_fastrtps_c.cpython-310-x86_64-linux-gnu.so
-- Set runtime path of "/home/g209/workspace/install/game/local/lib/python3.10/dist-packages/game/game_s__rosidl_typesupport_fastrtps_c.cpython-310-x86_64-linux-gnu.so" to ""
-- Installing: /home/g209/workspace/install/game/local/lib/python3.10/dist-packages/game/game_s__rosidl_typesupport_introspection_c.cpython-310-x86_64-linux-gnu.so
-- Set runtime path of "/home/g209/workspace/install/game/local/lib/python3.10/dist-packages/game/game_s__rosidl_typesupport_introspection_c.cpython-310-x86_64-linux-gnu.so" to ""
-- Installing: /home/g209/workspace/install/game/local/lib/python3.10/dist-packages/game/game_s__rosidl_typesupport_c.cpython-310-x86_64-linux-gnu.so
-- Set runtime path of "/home/g209/workspace/install/game/local/lib/python3.10/dist-packages/game/game_s__rosidl_typesupport_c.cpython-310-x86_64-linux-gnu.so" to ""
-- Installing: /home/g209/workspace/install/game/lib/libgame__rosidl_generator_py.so
-- Set runtime path of "/home/g209/workspace/install/game/lib/libgame__rosidl_generator_py.so" to ""
-- Installing: /home/g209/workspace/install/game/share/game/msg/GameStateMsg.idl
-- Installing: /home/g209/workspace/install/game/share/game/msg/GameStateMsg.msg
-- Installing: /home/g209/workspace/install/game/share/ament_index/resource_index/package_run_dependencies/game
-- Installing: /home/g209/workspace/install/game/share/ament_index/resource_index/parent_prefix_path/game
-- Up-to-date: /home/g209/workspace/install/game/share/game/environment/ament_prefix_path.sh
-- Installing: /home/g209/workspace/install/game/share/game/environment/ament_prefix_path.dsv
-- Up-to-date: /home/g209/workspace/install/game/share/game/environment/path.sh
-- Installing: /home/g209/workspace/install/game/share/game/environment/path.dsv
-- Up-to-date: /home/g209/workspace/install/game/share/game/local_setup.bash
-- Installing: /home/g209/workspace/install/game/share/game/local_setup.sh
-- Up-to-date: /home/g209/workspace/install/game/share/game/local_setup.zsh
-- Installing: /home/g209/workspace/install/game/share/game/local_setup.dsv
-- Installing: /home/g209/workspace/install/game/share/game/package.dsv
-- Up-to-date: /home/g209/workspace/install/game/share/ament_index/resource_index/packages/game
-- Installing: /home/g209/workspace/install/game/share/game/cmake/export_game__rosidl_generator_cExport.cmake
-- Installing: /home/g209/workspace/install/game/share/game/cmake/export_game__rosidl_generator_cExport-noconfig.cmake
-- Installing: /home/g209/workspace/install/game/share/game/cmake/export_game__rosidl_typesupport_fastrtps_cExport.cmake
-- Installing: /home/g209/workspace/install/game/share/game/cmake/export_game__rosidl_typesupport_fastrtps_cExport-noconfig.cmake
-- Installing: /home/g209/workspace/install/game/share/game/cmake/game__rosidl_typesupport_introspection_cExport.cmake
-- Installing: /home/g209/workspace/install/game/share/game/cmake/game__rosidl_typesupport_introspection_cExport-noconfig.cmake
-- Installing: /home/g209/workspace/install/game/share/game/cmake/game__rosidl_typesupport_cExport.cmake
-- Installing: /home/g209/workspace/install/game/share/game/cmake/game__rosidl_typesupport_cExport-noconfig.cmake
-- Installing: /home/g209/workspace/install/game/share/game/cmake/export_game__rosidl_generator_cppExport.cmake
-- Installing: /home/g209/workspace/install/game/share/game/cmake/export_game__rosidl_typesupport_fastrtps_cppExport.cmake
-- Installing: /home/g209/workspace/install/game/share/game/cmake/export_game__rosidl_typesupport_fastrtps_cppExport-noconfig.cmake
-- Installing: /home/g209/workspace/install/game/share/game/cmake/game__rosidl_typesupport_introspection_cppExport.cmake
-- Installing: /home/g209/workspace/install/game/share/game/cmake/game__rosidl_typesupport_introspection_cppExport-noconfig.cmake
-- Installing: /home/g209/workspace/install/game/share/game/cmake/game__rosidl_typesupport_cppExport.cmake
-- Installing: /home/g209/workspace/install/game/share/game/cmake/game__rosidl_typesupport_cppExport-noconfig.cmake
-- Installing: /home/g209/workspace/install/game/share/game/cmake/export_game__rosidl_generator_pyExport.cmake
-- Installing: /home/g209/workspace/install/game/share/game/cmake/export_game__rosidl_generator_pyExport-noconfig.cmake
-- Installing: /home/g209/workspace/install/game/share/game/cmake/rosidl_cmake-extras.cmake
-- Installing: /home/g209/workspace/install/game/share/game/cmake/ament_cmake_export_include_directories-extras.cmake
-- Installing: /home/g209/workspace/install/game/share/game/cmake/ament_cmake_export_libraries-extras.cmake
-- Installing: /home/g209/workspace/install/game/share/game/cmake/ament_cmake_export_targets-extras.cmake
-- Installing: /home/g209/workspace/install/game/share/game/cmake/rosidl_cmake_export_typesupport_targets-extras.cmake
-- Installing: /home/g209/workspace/install/game/share/game/cmake/ament_cmake_export_dependencies-extras.cmake
-- Installing: /home/g209/workspace/install/game/share/game/cmake/rosidl_cmake_export_typesupport_libraries-extras.cmake
-- Installing: /home/g209/workspace/install/game/share/game/cmake/gameConfig.cmake
-- Up-to-date: /home/g209/workspace/install/game/share/game/cmake/gameConfig-version.cmake
-- Installing: /home/g209/workspace/install/game/share/game/package.xml
