[0.078s] Invoking command in '/home/g209/workspace/build/game': CMAKE_PREFIX_PATH=${CMAKE_PREFIX_PATH}:/opt/ros/humble /usr/bin/cmake --build /home/g209/workspace/build/game -- -j2 -l2
[0.208s] -- Found ament_cmake: 1.3.5 (/opt/ros/humble/share/ament_cmake/cmake)
[0.458s] -- Found rosidl_default_generators: 1.2.0 (/opt/ros/humble/share/rosidl_default_generators/cmake)
[0.470s] -- Using all available rosidl_typesupport_c: rosidl_typesupport_fastrtps_c;rosidl_typesupport_introspection_c
[0.484s] -- Found rosidl_adapter: 3.1.5 (/opt/ros/humble/share/rosidl_adapter/cmake)
[0.575s] -- Using all available rosidl_typesupport_cpp: rosidl_typesupport_fastrtps_cpp;rosidl_typesupport_introspection_cpp
[0.655s] -- Found rclcpp: 16.0.6 (/opt/ros/humble/share/rclcpp/cmake)
[0.807s] -- Found rmw_implementation_cmake: 6.1.1 (/opt/ros/humble/share/rmw_implementation_cmake/cmake)
[0.813s] -- Found rmw_fastrtps_cpp: 6.2.4 (/opt/ros/humble/share/rmw_fastrtps_cpp/cmake)
[0.990s] -- Found OpenSSL: /usr/lib/x86_64-linux-gnu/libcrypto.so (found version "3.0.2")  
[1.018s] -- Found FastRTPS: /opt/ros/humble/include  
[1.061s] -- Using RMW implementation 'rmw_fastrtps_cpp' as default
[1.083s] -- Looking for pthread.h
[1.292s] -- Looking for pthread.h - found
[1.297s] -- Performing Test CMAKE_HAVE_LIBC_PTHREAD
[1.394s] -- Performing Test CMAKE_HAVE_LIBC_PTHREAD - Success
[1.396s] -- Found Threads: TRUE  
[1.901s] -- Found ament_cmake_ros: 0.10.0 (/opt/ros/humble/share/ament_cmake_ros/cmake)
[2.099s] -- Using all available rosidl_typesupport_c: rosidl_typesupport_fastrtps_c;rosidl_typesupport_introspection_c
[2.356s] -- Using all available rosidl_typesupport_cpp: rosidl_typesupport_fastrtps_cpp;rosidl_typesupport_introspection_cpp
[2.388s] -- Found PythonInterp: /usr/bin/python3 (found suitable version "3.10.12", minimum required is "3.6") 
[2.398s] -- Found python_cmake_module: 0.10.0 (/opt/ros/humble/share/python_cmake_module/cmake)
[2.437s] -- Found PythonLibs: /usr/lib/x86_64-linux-gnu/libpython3.10.so (found suitable version "3.10.12", minimum required is "3.5") 
[2.437s] -- Using PYTHON_EXECUTABLE: /usr/bin/python3
[2.437s] -- Using PYTHON_INCLUDE_DIRS: /usr/include/python3.10
[2.437s] -- Using PYTHON_LIBRARIES: /usr/lib/x86_64-linux-gnu/libpython3.10.so
[2.457s] -- Found PythonExtra: .so  
[2.499s] -- Found ament_lint_auto: 0.12.8 (/opt/ros/humble/share/ament_lint_auto/cmake)
[2.540s] -- Added test 'cppcheck' to perform static code analysis on C / C++ code
[2.541s] -- Configured cppcheck include dirs: 
[2.541s] -- Configured cppcheck exclude dirs and/or files: 
[2.542s] -- Added test 'lint_cmake' to check CMake code style
[2.544s] -- Added test 'uncrustify' to check C / C++ code style
[2.544s] -- Configured uncrustify additional arguments: 
[2.546s] -- Added test 'xmllint' to check XML markup files
[2.550s] -- Configuring done
[2.602s] -- Generating done
[2.606s] -- Build files have been written to: /home/g209/workspace/build/game
[2.635s] [  3%] [34m[1mGenerating C code for ROS interfaces[0m
[2.650s] [  6%] [34m[1mGenerating C++ code for ROS interfaces[0m
[2.982s] [  6%] Built target game__cpp
[3.021s] [  9%] [32mBuilding C object CMakeFiles/game__rosidl_generator_c.dir/rosidl_generator_c/game/msg/detail/game_state_msg__functions.c.o[0m
[3.041s] [  9%] Built target ament_cmake_python_copy_game
[3.071s] [ 12%] [34m[1mGenerating C++ type support dispatch for ROS interfaces[0m
[3.127s] [ 16%] [32m[1mLinking C shared library libgame__rosidl_generator_c.so[0m
[3.186s] [ 16%] Built target game__rosidl_generator_c
[3.222s] [ 19%] [34m[1mGenerating C++ type support for eProsima Fast-RTPS[0m
[3.309s] [ 22%] [32mBuilding CXX object CMakeFiles/game__rosidl_typesupport_cpp.dir/rosidl_typesupport_cpp/game/msg/game_state_msg__type_support.cpp.o[0m
[3.473s] [ 25%] [32mBuilding CXX object CMakeFiles/game__rosidl_typesupport_fastrtps_cpp.dir/rosidl_typesupport_fastrtps_cpp/game/msg/detail/dds_fastrtps/game_state_msg__type_support.cpp.o[0m
[3.899s] [ 29%] [32m[1mLinking CXX shared library libgame__rosidl_typesupport_cpp.so[0m
[3.957s] [ 32%] [32m[1mLinking CXX shared library libgame__rosidl_typesupport_fastrtps_cpp.so[0m
[3.977s] [ 32%] Built target game__rosidl_typesupport_cpp
[3.993s] [ 35%] [34m[1mGenerating C++ introspection for ROS interfaces[0m
[4.041s] [ 35%] Built target game__rosidl_typesupport_fastrtps_cpp
[4.348s] running egg_info
[4.348s] creating game.egg-info
[4.348s] writing game.egg-info/PKG-INFO
[4.348s] writing dependency_links to game.egg-info/dependency_links.txt
[4.348s] writing top-level names to game.egg-info/top_level.txt
[4.348s] writing manifest file 'game.egg-info/SOURCES.txt'
[4.350s] reading manifest file 'game.egg-info/SOURCES.txt'
[4.351s] writing manifest file 'game.egg-info/SOURCES.txt'
[4.406s] [ 35%] Built target ament_cmake_python_build_game_egg
[4.408s] [ 38%] [32mBuilding CXX object CMakeFiles/game__rosidl_typesupport_introspection_cpp.dir/rosidl_typesupport_introspection_cpp/game/msg/detail/game_state_msg__type_support.cpp.o[0m
[4.421s] [ 41%] [34m[1mGenerating C type support for eProsima Fast-RTPS[0m
[4.725s] [ 45%] [32mBuilding CXX object CMakeFiles/game__rosidl_typesupport_fastrtps_c.dir/rosidl_typesupport_fastrtps_c/game/msg/detail/game_state_msg__type_support_c.cpp.o[0m
[4.728s] [ 48%] [32m[1mLinking CXX shared library libgame__rosidl_typesupport_introspection_cpp.so[0m
[4.842s] [ 48%] Built target game__rosidl_typesupport_introspection_cpp
[4.853s] [ 51%] [34m[1mGenerating C introspection for ROS interfaces[0m
[5.055s] [ 54%] [32m[1mLinking CXX shared library libgame__rosidl_typesupport_fastrtps_c.so[0m
[5.158s] [ 54%] Built target game__rosidl_typesupport_fastrtps_c
[5.159s] [ 58%] [32mBuilding C object CMakeFiles/game__rosidl_typesupport_introspection_c.dir/rosidl_typesupport_introspection_c/game/msg/detail/game_state_msg__type_support.c.o[0m
[5.171s] [ 61%] [34m[1mGenerating C type support dispatch for ROS interfaces[0m
[5.214s] [ 64%] [32m[1mLinking C shared library libgame__rosidl_typesupport_introspection_c.so[0m
[5.271s] [ 64%] Built target game__rosidl_typesupport_introspection_c
[5.410s] [ 67%] [32mBuilding CXX object CMakeFiles/game__rosidl_typesupport_c.dir/rosidl_typesupport_c/game/msg/game_state_msg__type_support.cpp.o[0m
[5.448s] [ 70%] [32m[1mLinking CXX shared library libgame__rosidl_typesupport_c.so[0m
[5.483s] [ 70%] Built target game__rosidl_typesupport_c
[5.510s] [ 70%] Built target game
[5.540s] [ 74%] [34m[1mGenerating Python code for ROS interfaces[0m
[5.798s] [ 74%] Built target game__py
[5.818s] [ 77%] [32mBuilding C object CMakeFiles/game__rosidl_generator_py.dir/rosidl_generator_py/game/msg/_game_state_msg_s.c.o[0m
[5.909s] [ 80%] [32m[1mLinking C shared library rosidl_generator_py/game/libgame__rosidl_generator_py.so[0m
[5.959s] [ 80%] Built target game__rosidl_generator_py
[5.986s] [ 83%] [32mBuilding C object CMakeFiles/game__rosidl_typesupport_fastrtps_c__pyext.dir/rosidl_generator_py/game/_game_s.ep.rosidl_typesupport_fastrtps_c.c.o[0m
[5.987s] [ 87%] [32mBuilding C object CMakeFiles/game__rosidl_typesupport_introspection_c__pyext.dir/rosidl_generator_py/game/_game_s.ep.rosidl_typesupport_introspection_c.c.o[0m
[6.107s] [ 90%] [32m[1mLinking C shared library rosidl_generator_py/game/game_s__rosidl_typesupport_introspection_c.cpython-310-x86_64-linux-gnu.so[0m
[6.107s] [ 93%] [32m[1mLinking C shared library rosidl_generator_py/game/game_s__rosidl_typesupport_fastrtps_c.cpython-310-x86_64-linux-gnu.so[0m
[6.157s] [ 93%] Built target game__rosidl_typesupport_introspection_c__pyext
[6.158s] [ 93%] Built target game__rosidl_typesupport_fastrtps_c__pyext
[6.196s] [ 96%] [32mBuilding C object CMakeFiles/game__rosidl_typesupport_c__pyext.dir/rosidl_generator_py/game/_game_s.ep.rosidl_typesupport_c.c.o[0m
[6.280s] [100%] [32m[1mLinking C shared library rosidl_generator_py/game/game_s__rosidl_typesupport_c.cpython-310-x86_64-linux-gnu.so[0m
[6.318s] [100%] Built target game__rosidl_typesupport_c__pyext
[6.327s] Invoked command in '/home/g209/workspace/build/game' returned '0': CMAKE_PREFIX_PATH=${CMAKE_PREFIX_PATH}:/opt/ros/humble /usr/bin/cmake --build /home/g209/workspace/build/game -- -j2 -l2
[6.482s] Invoking command in '/home/g209/workspace/build/game': CMAKE_PREFIX_PATH=${CMAKE_PREFIX_PATH}:/opt/ros/humble /usr/bin/cmake --install /home/g209/workspace/build/game
[6.489s] -- Install configuration: ""
[6.490s] -- Installing: /home/g209/workspace/install/game/share/ament_index/resource_index/rosidl_interfaces/game
[6.490s] -- Installing: /home/g209/workspace/install/game/include/game/game
[6.491s] -- Installing: /home/g209/workspace/install/game/include/game/game/msg
[6.491s] -- Installing: /home/g209/workspace/install/game/include/game/game/msg/detail
[6.491s] -- Installing: /home/g209/workspace/install/game/include/game/game/msg/detail/game_state_msg__struct.h
[6.491s] -- Installing: /home/g209/workspace/install/game/include/game/game/msg/detail/game_state_msg__functions.c
[6.491s] -- Installing: /home/g209/workspace/install/game/include/game/game/msg/detail/game_state_msg__functions.h
[6.491s] -- Installing: /home/g209/workspace/install/game/include/game/game/msg/detail/game_state_msg__type_support.h
[6.492s] -- Installing: /home/g209/workspace/install/game/include/game/game/msg/rosidl_generator_c__visibility_control.h
[6.492s] -- Installing: /home/g209/workspace/install/game/include/game/game/msg/game_state_msg.h
[6.492s] -- Installing: /home/g209/workspace/install/game/share/game/environment/library_path.sh
[6.492s] -- Installing: /home/g209/workspace/install/game/share/game/environment/library_path.dsv
[6.493s] -- Installing: /home/g209/workspace/install/game/lib/libgame__rosidl_generator_c.so
[6.493s] -- Set runtime path of "/home/g209/workspace/install/game/lib/libgame__rosidl_generator_c.so" to ""
[6.493s] -- Up-to-date: /home/g209/workspace/install/game/include/game/game
[6.494s] -- Up-to-date: /home/g209/workspace/install/game/include/game/game/msg
[6.494s] -- Up-to-date: /home/g209/workspace/install/game/include/game/game/msg/detail
[6.494s] -- Installing: /home/g209/workspace/install/game/include/game/game/msg/detail/game_state_msg__rosidl_typesupport_fastrtps_c.h
[6.494s] -- Installing: /home/g209/workspace/install/game/include/game/game/msg/rosidl_typesupport_fastrtps_c__visibility_control.h
[6.494s] -- Installing: /home/g209/workspace/install/game/lib/libgame__rosidl_typesupport_fastrtps_c.so
[6.495s] -- Set runtime path of "/home/g209/workspace/install/game/lib/libgame__rosidl_typesupport_fastrtps_c.so" to ""
[6.495s] -- Up-to-date: /home/g209/workspace/install/game/include/game/game
[6.495s] -- Up-to-date: /home/g209/workspace/install/game/include/game/game/msg
[6.495s] -- Up-to-date: /home/g209/workspace/install/game/include/game/game/msg/detail
[6.496s] -- Installing: /home/g209/workspace/install/game/include/game/game/msg/detail/game_state_msg__type_support.c
[6.496s] -- Installing: /home/g209/workspace/install/game/include/game/game/msg/detail/game_state_msg__rosidl_typesupport_introspection_c.h
[6.497s] -- Installing: /home/g209/workspace/install/game/include/game/game/msg/rosidl_typesupport_introspection_c__visibility_control.h
[6.497s] -- Installing: /home/g209/workspace/install/game/lib/libgame__rosidl_typesupport_introspection_c.so
[6.497s] -- Set runtime path of "/home/g209/workspace/install/game/lib/libgame__rosidl_typesupport_introspection_c.so" to ""
[6.497s] -- Installing: /home/g209/workspace/install/game/lib/libgame__rosidl_typesupport_c.so
[6.498s] -- Set runtime path of "/home/g209/workspace/install/game/lib/libgame__rosidl_typesupport_c.so" to ""
[6.498s] -- Up-to-date: /home/g209/workspace/install/game/include/game/game
[6.498s] -- Up-to-date: /home/g209/workspace/install/game/include/game/game/msg
[6.498s] -- Up-to-date: /home/g209/workspace/install/game/include/game/game/msg/detail
[6.499s] -- Installing: /home/g209/workspace/install/game/include/game/game/msg/detail/game_state_msg__traits.hpp
[6.499s] -- Installing: /home/g209/workspace/install/game/include/game/game/msg/detail/game_state_msg__builder.hpp
[6.499s] -- Installing: /home/g209/workspace/install/game/include/game/game/msg/detail/game_state_msg__struct.hpp
[6.499s] -- Installing: /home/g209/workspace/install/game/include/game/game/msg/game_state_msg.hpp
[6.500s] -- Up-to-date: /home/g209/workspace/install/game/include/game/game
[6.500s] -- Up-to-date: /home/g209/workspace/install/game/include/game/game/msg
[6.500s] -- Up-to-date: /home/g209/workspace/install/game/include/game/game/msg/detail
[6.500s] -- Installing: /home/g209/workspace/install/game/include/game/game/msg/detail/game_state_msg__rosidl_typesupport_fastrtps_cpp.hpp
[6.500s] -- Installing: /home/g209/workspace/install/game/include/game/game/msg/detail/dds_fastrtps
[6.501s] -- Installing: /home/g209/workspace/install/game/include/game/game/msg/rosidl_typesupport_fastrtps_cpp__visibility_control.h
[6.501s] -- Installing: /home/g209/workspace/install/game/lib/libgame__rosidl_typesupport_fastrtps_cpp.so
[6.501s] -- Set runtime path of "/home/g209/workspace/install/game/lib/libgame__rosidl_typesupport_fastrtps_cpp.so" to ""
[6.501s] -- Up-to-date: /home/g209/workspace/install/game/include/game/game
[6.502s] -- Up-to-date: /home/g209/workspace/install/game/include/game/game/msg
[6.502s] -- Up-to-date: /home/g209/workspace/install/game/include/game/game/msg/detail
[6.502s] -- Installing: /home/g209/workspace/install/game/include/game/game/msg/detail/game_state_msg__type_support.cpp
[6.502s] -- Installing: /home/g209/workspace/install/game/include/game/game/msg/detail/game_state_msg__rosidl_typesupport_introspection_cpp.hpp
[6.502s] -- Installing: /home/g209/workspace/install/game/lib/libgame__rosidl_typesupport_introspection_cpp.so
[6.503s] -- Set runtime path of "/home/g209/workspace/install/game/lib/libgame__rosidl_typesupport_introspection_cpp.so" to ""
[6.503s] -- Installing: /home/g209/workspace/install/game/lib/libgame__rosidl_typesupport_cpp.so
[6.503s] -- Set runtime path of "/home/g209/workspace/install/game/lib/libgame__rosidl_typesupport_cpp.so" to ""
[6.503s] -- Installing: /home/g209/workspace/install/game/share/game/environment/pythonpath.sh
[6.504s] -- Installing: /home/g209/workspace/install/game/share/game/environment/pythonpath.dsv
[6.504s] -- Installing: /home/g209/workspace/install/game/local/lib/python3.10/dist-packages/game-0.0.0-py3.10.egg-info
[6.505s] -- Installing: /home/g209/workspace/install/game/local/lib/python3.10/dist-packages/game-0.0.0-py3.10.egg-info/SOURCES.txt
[6.505s] -- Installing: /home/g209/workspace/install/game/local/lib/python3.10/dist-packages/game-0.0.0-py3.10.egg-info/PKG-INFO
[6.505s] -- Installing: /home/g209/workspace/install/game/local/lib/python3.10/dist-packages/game-0.0.0-py3.10.egg-info/top_level.txt
[6.505s] -- Installing: /home/g209/workspace/install/game/local/lib/python3.10/dist-packages/game-0.0.0-py3.10.egg-info/dependency_links.txt
[6.506s] -- Installing: /home/g209/workspace/install/game/local/lib/python3.10/dist-packages/game
[6.506s] -- Installing: /home/g209/workspace/install/game/local/lib/python3.10/dist-packages/game/_game_s.ep.rosidl_typesupport_introspection_c.c
[6.506s] -- Installing: /home/g209/workspace/install/game/local/lib/python3.10/dist-packages/game/msg
[6.506s] -- Installing: /home/g209/workspace/install/game/local/lib/python3.10/dist-packages/game/msg/__init__.py
[6.507s] -- Installing: /home/g209/workspace/install/game/local/lib/python3.10/dist-packages/game/msg/_game_state_msg.py
[6.507s] -- Installing: /home/g209/workspace/install/game/local/lib/python3.10/dist-packages/game/msg/_game_state_msg_s.c
[6.507s] -- Installing: /home/g209/workspace/install/game/local/lib/python3.10/dist-packages/game/game_s__rosidl_typesupport_introspection_c.cpython-310-x86_64-linux-gnu.so
[6.507s] -- Installing: /home/g209/workspace/install/game/local/lib/python3.10/dist-packages/game/_game_s.ep.rosidl_typesupport_c.c
[6.508s] -- Installing: /home/g209/workspace/install/game/local/lib/python3.10/dist-packages/game/__init__.py
[6.508s] -- Installing: /home/g209/workspace/install/game/local/lib/python3.10/dist-packages/game/game_s__rosidl_typesupport_fastrtps_c.cpython-310-x86_64-linux-gnu.so
[6.508s] -- Installing: /home/g209/workspace/install/game/local/lib/python3.10/dist-packages/game/libgame__rosidl_generator_py.so
[6.509s] -- Installing: /home/g209/workspace/install/game/local/lib/python3.10/dist-packages/game/game_s__rosidl_typesupport_c.cpython-310-x86_64-linux-gnu.so
[6.509s] -- Installing: /home/g209/workspace/install/game/local/lib/python3.10/dist-packages/game/_game_s.ep.rosidl_typesupport_fastrtps_c.c
[6.575s] Listing '/home/g209/workspace/install/game/local/lib/python3.10/dist-packages/game'...
[6.575s] Compiling '/home/g209/workspace/install/game/local/lib/python3.10/dist-packages/game/__init__.py'...
[6.575s] Listing '/home/g209/workspace/install/game/local/lib/python3.10/dist-packages/game/msg'...
[6.575s] Compiling '/home/g209/workspace/install/game/local/lib/python3.10/dist-packages/game/msg/__init__.py'...
[6.575s] Compiling '/home/g209/workspace/install/game/local/lib/python3.10/dist-packages/game/msg/_game_state_msg.py'...
[6.581s] -- Installing: /home/g209/workspace/install/game/local/lib/python3.10/dist-packages/game/game_s__rosidl_typesupport_fastrtps_c.cpython-310-x86_64-linux-gnu.so
[6.582s] -- Set runtime path of "/home/g209/workspace/install/game/local/lib/python3.10/dist-packages/game/game_s__rosidl_typesupport_fastrtps_c.cpython-310-x86_64-linux-gnu.so" to ""
[6.582s] -- Installing: /home/g209/workspace/install/game/local/lib/python3.10/dist-packages/game/game_s__rosidl_typesupport_introspection_c.cpython-310-x86_64-linux-gnu.so
[6.583s] -- Set runtime path of "/home/g209/workspace/install/game/local/lib/python3.10/dist-packages/game/game_s__rosidl_typesupport_introspection_c.cpython-310-x86_64-linux-gnu.so" to ""
[6.583s] -- Installing: /home/g209/workspace/install/game/local/lib/python3.10/dist-packages/game/game_s__rosidl_typesupport_c.cpython-310-x86_64-linux-gnu.so
[6.583s] -- Set runtime path of "/home/g209/workspace/install/game/local/lib/python3.10/dist-packages/game/game_s__rosidl_typesupport_c.cpython-310-x86_64-linux-gnu.so" to ""
[6.584s] -- Installing: /home/g209/workspace/install/game/lib/libgame__rosidl_generator_py.so
[6.584s] -- Set runtime path of "/home/g209/workspace/install/game/lib/libgame__rosidl_generator_py.so" to ""
[6.585s] -- Installing: /home/g209/workspace/install/game/share/game/msg/GameStateMsg.idl
[6.585s] -- Installing: /home/g209/workspace/install/game/share/game/msg/GameStateMsg.msg
[6.585s] -- Installing: /home/g209/workspace/install/game/share/ament_index/resource_index/package_run_dependencies/game
[6.586s] -- Installing: /home/g209/workspace/install/game/share/ament_index/resource_index/parent_prefix_path/game
[6.587s] -- Up-to-date: /home/g209/workspace/install/game/share/game/environment/ament_prefix_path.sh
[6.587s] -- Installing: /home/g209/workspace/install/game/share/game/environment/ament_prefix_path.dsv
[6.587s] -- Up-to-date: /home/g209/workspace/install/game/share/game/environment/path.sh
[6.587s] -- Installing: /home/g209/workspace/install/game/share/game/environment/path.dsv
[6.588s] -- Up-to-date: /home/g209/workspace/install/game/share/game/local_setup.bash
[6.588s] -- Installing: /home/g209/workspace/install/game/share/game/local_setup.sh
[6.588s] -- Up-to-date: /home/g209/workspace/install/game/share/game/local_setup.zsh
[6.588s] -- Installing: /home/g209/workspace/install/game/share/game/local_setup.dsv
[6.589s] -- Installing: /home/g209/workspace/install/game/share/game/package.dsv
[6.590s] -- Up-to-date: /home/g209/workspace/install/game/share/ament_index/resource_index/packages/game
[6.590s] -- Installing: /home/g209/workspace/install/game/share/game/cmake/export_game__rosidl_generator_cExport.cmake
[6.591s] -- Installing: /home/g209/workspace/install/game/share/game/cmake/export_game__rosidl_generator_cExport-noconfig.cmake
[6.591s] -- Installing: /home/g209/workspace/install/game/share/game/cmake/export_game__rosidl_typesupport_fastrtps_cExport.cmake
[6.592s] -- Installing: /home/g209/workspace/install/game/share/game/cmake/export_game__rosidl_typesupport_fastrtps_cExport-noconfig.cmake
[6.592s] -- Installing: /home/g209/workspace/install/game/share/game/cmake/game__rosidl_typesupport_introspection_cExport.cmake
[6.593s] -- Installing: /home/g209/workspace/install/game/share/game/cmake/game__rosidl_typesupport_introspection_cExport-noconfig.cmake
[6.593s] -- Installing: /home/g209/workspace/install/game/share/game/cmake/game__rosidl_typesupport_cExport.cmake
[6.594s] -- Installing: /home/g209/workspace/install/game/share/game/cmake/game__rosidl_typesupport_cExport-noconfig.cmake
[6.594s] -- Installing: /home/g209/workspace/install/game/share/game/cmake/export_game__rosidl_generator_cppExport.cmake
[6.594s] -- Installing: /home/g209/workspace/install/game/share/game/cmake/export_game__rosidl_typesupport_fastrtps_cppExport.cmake
[6.595s] -- Installing: /home/g209/workspace/install/game/share/game/cmake/export_game__rosidl_typesupport_fastrtps_cppExport-noconfig.cmake
[6.595s] -- Installing: /home/g209/workspace/install/game/share/game/cmake/game__rosidl_typesupport_introspection_cppExport.cmake
[6.596s] -- Installing: /home/g209/workspace/install/game/share/game/cmake/game__rosidl_typesupport_introspection_cppExport-noconfig.cmake
[6.596s] -- Installing: /home/g209/workspace/install/game/share/game/cmake/game__rosidl_typesupport_cppExport.cmake
[6.596s] -- Installing: /home/g209/workspace/install/game/share/game/cmake/game__rosidl_typesupport_cppExport-noconfig.cmake
[6.597s] -- Installing: /home/g209/workspace/install/game/share/game/cmake/export_game__rosidl_generator_pyExport.cmake
[6.597s] -- Installing: /home/g209/workspace/install/game/share/game/cmake/export_game__rosidl_generator_pyExport-noconfig.cmake
[6.598s] -- Installing: /home/g209/workspace/install/game/share/game/cmake/rosidl_cmake-extras.cmake
[6.598s] -- Installing: /home/g209/workspace/install/game/share/game/cmake/ament_cmake_export_include_directories-extras.cmake
[6.598s] -- Installing: /home/g209/workspace/install/game/share/game/cmake/ament_cmake_export_libraries-extras.cmake
[6.599s] -- Installing: /home/g209/workspace/install/game/share/game/cmake/ament_cmake_export_targets-extras.cmake
[6.599s] -- Installing: /home/g209/workspace/install/game/share/game/cmake/rosidl_cmake_export_typesupport_targets-extras.cmake
[6.599s] -- Installing: /home/g209/workspace/install/game/share/game/cmake/ament_cmake_export_dependencies-extras.cmake
[6.600s] -- Installing: /home/g209/workspace/install/game/share/game/cmake/rosidl_cmake_export_typesupport_libraries-extras.cmake
[6.600s] -- Installing: /home/g209/workspace/install/game/share/game/cmake/gameConfig.cmake
[6.600s] -- Up-to-date: /home/g209/workspace/install/game/share/game/cmake/gameConfig-version.cmake
[6.601s] -- Installing: /home/g209/workspace/install/game/share/game/package.xml
[6.616s] Invoked command in '/home/g209/workspace/build/game' returned '0': CMAKE_PREFIX_PATH=${CMAKE_PREFIX_PATH}:/opt/ros/humble /usr/bin/cmake --install /home/g209/workspace/build/game
