[0.075s] Invoking command in '/home/g209/workspace/build/game': CMAKE_PREFIX_PATH=${CMAKE_PREFIX_PATH}:/opt/ros/humble /usr/bin/cmake --build /home/g209/workspace/build/game -- -j2 -l2
[0.128s] [  9%] Built target game__rosidl_generator_c
[0.174s] [ 12%] Built target game__cpp
[0.196s] [ 12%] Built target ament_cmake_python_copy_game
[0.214s] [ 21%] Built target game__rosidl_typesupport_cpp
[0.224s] [ 30%] Built target game__rosidl_typesupport_fastrtps_c
[0.267s] [ 39%] Built target game__rosidl_typesupport_c
[0.283s] [ 48%] Built target game__rosidl_typesupport_introspection_c
[0.290s] [ 57%] Built target game__rosidl_typesupport_fastrtps_cpp
[0.313s] [ 66%] Built target game__rosidl_typesupport_introspection_cpp
[0.327s] [35m[1mConsolidate compiler generated dependencies of target controller_publisher[0m
[0.352s] [ 69%] [32mBuilding CXX object CMakeFiles/controller_publisher.dir/src/controller_publisher.cpp.o[0m
[0.483s] running egg_info
[0.483s] writing game.egg-info/PKG-INFO
[0.495s] writing dependency_links to game.egg-info/dependency_links.txt
[0.497s] writing top-level names to game.egg-info/top_level.txt
[0.500s] reading manifest file 'game.egg-info/SOURCES.txt'
[0.501s] writing manifest file 'game.egg-info/SOURCES.txt'
[0.535s] [ 69%] Built target ament_cmake_python_build_game_egg
[0.658s] [ 69%] Built target game
[1.897s] [ 72%] Built target game__py
[1.963s] [ 78%] Built target game__rosidl_generator_py
[2.006s] [ 84%] Built target game__rosidl_typesupport_fastrtps_c__pyext
[2.073s] [ 90%] Built target game__rosidl_typesupport_introspection_c__pyext
[2.110s] [ 96%] Built target game__rosidl_typesupport_c__pyext
[2.364s] [01m[K/home/g209/workspace/src/game/src/controller_publisher.cpp:[m[K In member function ‘[01m[Kvoid ControllerPublisher::receivedData(const GameStateMsg&) const[m[K’:
[2.364s] [01m[K/home/g209/workspace/src/game/src/controller_publisher.cpp:118:62:[m[K [01;31m[Kerror: [m[Kassignment of member ‘[01m[Kgame::msg::GameStateMsg_<std::allocator<void> >::player_position[m[K’ in read-only object
[2.364s]   118 |                                 [01;31m[Kplayer_state.player_position = player.player_position[m[K;
[2.364s]       |                                 [01;31m[K~~~~~~~~~~~~~~~~~~~~~~~~~~~~~^~~~~~~~~~~~~~~~~~~~~~~~[m[K
[4.435s] gmake[2]: *** [CMakeFiles/controller_publisher.dir/build.make:76: CMakeFiles/controller_publisher.dir/src/controller_publisher.cpp.o] Fehler 1
[4.435s] gmake[1]: *** [CMakeFiles/Makefile2:593: CMakeFiles/controller_publisher.dir/all] Fehler 2
[4.440s] gmake: *** [Makefile:146: all] Fehler 2
[4.454s] Invoked command in '/home/g209/workspace/build/game' returned '2': CMAKE_PREFIX_PATH=${CMAKE_PREFIX_PATH}:/opt/ros/humble /usr/bin/cmake --build /home/g209/workspace/build/game -- -j2 -l2
